Removed Pin From Net: NetName=VCC Pin=C5-1
Removed Pin From Net: NetName=GND Pin=C5-2
Removed Pin From Net: NetName=VCC Pin=C6-1
Removed Pin From Net: NetName=GND Pin=C6-2
Removed Pin From Net: NetName=SEG-E Pin=DP3-1
Removed Pin From Net: NetName=SEG-D Pin=DP3-2
Removed Pin From Net: NetName=SEG-C Pin=DP3-3
Removed Pin From Net: NetName=SEG-P Pin=DP3-4
Removed Pin From Net: NetName=SEG-E Pin=DP3-5
Removed Pin From Net: NetName=SEG-D Pin=DP3-6
Removed Pin From Net: NetName=SEG-G Pin=DP3-7
Removed Pin From Net: NetName=SEG-C Pin=DP3-8
Removed Pin From Net: NetName=SEG-P Pin=DP3-9
Removed Pin From Net: NetName=SEG-B Pin=DP3-10
Removed Pin From Net: NetName=SEG-A Pin=DP3-11
Removed Pin From Net: NetName=SEG-F Pin=DP3-12
Removed Pin From Net: NetName=SEG-B Pin=DP3-15
Removed Pin From Net: NetName=SEG-A Pin=DP3-16
Removed Pin From Net: NetName=SEG-G Pin=DP3-17
Removed Pin From Net: NetName=SEG-F Pin=DP3-18
Removed Pin From Net: NetName=VCC Pin=R17-2
Removed Pin From Net: NetName=VCC Pin=R18-2
Removed Pin From Net: NetName=DRV5 Pin=R26-1
Removed Pin From Net: NetName=DRV6 Pin=R27-1
Removed Pin From Net: NetName=VCC Pin=T5-1
Removed Pin From Net: NetName=VCC Pin=T6-1
Removed Member From Class: ClassName=FEED_TIMER_DP_7 Member=C5
Removed Member From Class: ClassName=FEED_TIMER_DP_7 Member=C6
Removed Member From Class: ClassName=FEED_TIMER_DP_7 Member=DP3
Removed Member From Class: ClassName=FEED_TIMER_DP_7 Member=R17
Removed Member From Class: ClassName=FEED_TIMER_DP_7 Member=R18
Removed Member From Class: ClassName=FEED_TIMER_DP_7 Member=R20
Removed Member From Class: ClassName=FEED_TIMER_DP_7 Member=R21
Removed Member From Class: ClassName=FEED_TIMER_DP_7 Member=R26
Removed Member From Class: ClassName=FEED_TIMER_DP_7 Member=R27
Removed Member From Class: ClassName=FEED_TIMER_DP_7 Member=T5
Removed Member From Class: ClassName=FEED_TIMER_DP_7 Member=T6
