Removed Pin From Net: NetName=MOTOR Pin=R17-1
Removed Pin From Net: NetName=GND Pin=R18-1
Removed Pin From Net: NetName=MOTOR Pin=R18-2
Change Component Footprint: Designator=R18 Old Footprint=RES 300 CR25 New Footprint=RES_0805
Change Component Comment : Designator=Q1 Old Comment=IRF New Comment=IRF3205
Added Component: Designator=C8(CAP ELE RAD 11mm H)
Added Component: Designator=R18-Test(RES 300 CR25)
Added Component: Designator=R19-Test(RES 300 CR25)
Added Component: Designator=R20-Test(RES 300 CR25)
Added Component: Designator=R20(RES_0805)
Added Component: Designator=T5(TO-92)
Added Pin To Net: NetName=GND Pin=C8-2
Added Pin To Net: NetName=Net+6V_1 Pin=R18-2
Added Pin To Net: NetName=Net+6V_1 Pin=R18-Test-2
Added Pin To Net: NetName=MOTOR Pin=R19-Test-1
Added Pin To Net: NetName=VCC Pin=R19-Test-2
Added Pin To Net: NetName=GND Pin=R20-1
Added Pin To Net: NetName=MOTOR Pin=R20-Test-1
Added Pin To Net: NetName=GND Pin=T5-1
Change Net Name : Old Net Name=Net+6V_1 New Net Name=6V
Added Pin To Net: NetName=NetC8_1 Pin=C8-1
Added Pin To Net: NetName=NetC8_1 Pin=R18-1
Added Pin To Net: NetName=NetC8_1 Pin=R20-2
Added Pin To Net: NetName=NetC8_1 Pin=U1-28
Added Net: Name=NetC8_1
Added Pin To Net: NetName=NetR17_1 Pin=R17-1
Added Pin To Net: NetName=NetR17_1 Pin=R18-Test-1
Added Pin To Net: NetName=NetR17_1 Pin=T5-3
Added Net: Name=NetR17_1
Added Pin To Net: NetName=NetR20-Test_2 Pin=R20-Test-2
Added Pin To Net: NetName=NetR20-Test_2 Pin=T5-2
Added Net: Name=NetR20-Test_2
Added Member To Class: ClassName=FEED_TIMER_DP_7 Member=Component C8 Cap. Elet.
Added Member To Class: ClassName=FEED_TIMER_DP_7 Member=Component R18-Test Resistor Generic
Added Member To Class: ClassName=FEED_TIMER_DP_7 Member=Component R19-Test Resistor Generic
Added Member To Class: ClassName=FEED_TIMER_DP_7 Member=Component R20-Test Resistor Generic
Added Member To Class: ClassName=FEED_TIMER_DP_7 Member=Component R20 Resistor Generic
Added Member To Class: ClassName=FEED_TIMER_DP_7 Member=Component T5 Transistor
