Removed Pin From Net: NetName=GND Pin=SKD1-1
Removed Pin From Net: NetName=GND Pin=SKD1-2
Removed Pin From Net: NetName=KD Pin=SKD1-3
Removed Pin From Net: NetName=KD Pin=SKD1-4
Removed Pin From Net: NetName=GND Pin=SKE1-1
Removed Pin From Net: NetName=GND Pin=SKE1-2
Removed Pin From Net: NetName=KE Pin=SKE1-3
Removed Pin From Net: NetName=KE Pin=SKE1-4
Removed Pin From Net: NetName=GND Pin=SKU1-1
Removed Pin From Net: NetName=GND Pin=SKU1-2
Removed Pin From Net: NetName=KU Pin=SKU1-3
Removed Pin From Net: NetName=KU Pin=SKU1-4
Removed Member From Class: ClassName=FEED_TIMER_DP_7 Member=SKD1
Removed Member From Class: ClassName=FEED_TIMER_DP_7 Member=SKE1
Removed Member From Class: ClassName=FEED_TIMER_DP_7 Member=SKU1
Added Component: Designator=SKD(SW-PBST 4 Pins - SKHH 17 mm)
Added Component: Designator=SKE(SW-PBST 4 Pins - SKHH 17 mm)
Added Component: Designator=SKU(SW-PBST 4 Pins - SKHH 17 mm)
Added Pin To Net: NetName=GND Pin=SKD-1
Added Pin To Net: NetName=GND Pin=SKD-2
Added Pin To Net: NetName=KD Pin=SKD-3
Added Pin To Net: NetName=KD Pin=SKD-4
Added Pin To Net: NetName=GND Pin=SKE-1
Added Pin To Net: NetName=GND Pin=SKE-2
Added Pin To Net: NetName=KE Pin=SKE-3
Added Pin To Net: NetName=KE Pin=SKE-4
Added Pin To Net: NetName=GND Pin=SKU-1
Added Pin To Net: NetName=GND Pin=SKU-2
Added Pin To Net: NetName=KU Pin=SKU-3
Added Pin To Net: NetName=KU Pin=SKU-4
Added Member To Class: ClassName=FEED_TIMER_DP_7 Member=Component SKD SW-PBST 4 Pins
Added Member To Class: ClassName=FEED_TIMER_DP_7 Member=Component SKE SW-PBST 4 Pins
Added Member To Class: ClassName=FEED_TIMER_DP_7 Member=Component SKU SW-PBST 4 Pins
