Removed Pin From Net: NetName=RES-P Pin=U1-9
Removed Pin From Net: NetName=RES-C Pin=U1-10
Change Component Designator: OldDesignator=C? NewDesignator=C5
Added Component: Designator=C6(CAP CER DISK 3MM)
Added Component: Designator=C7(CAP CER DISK 3MM)
Added Component: Designator=X1(XTAL CILINDRIC DEITADO)
Added Pin To Net: NetName=GND Pin=C6-2
Added Pin To Net: NetName=GND Pin=C7-2
Added Pin To Net: NetName=RES-P Pin=U1-2
Added Pin To Net: NetName=RES-C Pin=U1-3
Added Pin To Net: NetName=XTAL1 Pin=C6-1
Added Pin To Net: NetName=XTAL1 Pin=U1-9
Added Pin To Net: NetName=XTAL1 Pin=X1-2
Added Net: Name=XTAL1
Added Pin To Net: NetName=XTAL2 Pin=C7-1
Added Pin To Net: NetName=XTAL2 Pin=U1-10
Added Pin To Net: NetName=XTAL2 Pin=X1-1
Added Net: Name=XTAL2
Added Member To Class: ClassName=FEED_TIMER_DP_7 Member=Component C6 Disco
Added Member To Class: ClassName=FEED_TIMER_DP_7 Member=Component C7 Disco
Added Member To Class: ClassName=FEED_TIMER_DP_7 Member=Component X1 XTAL
