C51 COMPILER V8.02   MAIN                                                                  05/28/2008 06:46:16 PAGE 1   


C51 COMPILER V8.02, COMPILATION OF MODULE MAIN
OBJECT MODULE PLACED IN main.OBJ
COMPILER INVOKED BY: C:\Keil\C51\BIN\C51.EXE main.c BROWSE DEBUG OBJECTEXTEND

line level    source

   1          #include<REG51.h>
   2          
   3          void Delay(unsigned int MS)
   4                  {
   5   1              unsigned int delay;
   6   1              for(delay=0;delay<MS;delay++);
   7   1              }
   8          
   9          main()
  10                  {
  11   1              bit HolldSwitchStatus;
  12   1              char Loop;
  13   1              P1_0 = 1;
  14   1              while(1)
  15   1                      {
  16   2                      HolldSwitchStatus = P1_0;
  17   2                      Delay(500);
  18   2                      if(HolldSwitchStatus != P1_0)
  19   2                              {
  20   3                              HolldSwitchStatus = P1_0;
  21   3                              Delay(5000);
  22   3                                      if(P1_0 == 0)
  23   3                                              {
  24   4                                              for(Loop=0;Loop<6;Loop++)
  25   4                                                      {
  26   5                                                      P0_0=~P0_0;
  27   5                                                      Delay(50000);
  28   5                                                      }
  29   4                                              }
  30   3                              }
  31   2                      }
  32   1              }


MODULE INFORMATION:   STATIC OVERLAYABLE
   CODE SIZE        =     81    ----
   CONSTANT SIZE    =   ----    ----
   XDATA SIZE       =   ----    ----
   PDATA SIZE       =   ----    ----
   DATA SIZE        =   ----    ----
   IDATA SIZE       =   ----    ----
   BIT SIZE         =   ----       1
END OF MODULE INFORMATION.


C51 COMPILATION COMPLETE.  0 WARNING(S),  0 ERROR(S)
