   1               		.file	"console.c"
   2               	__SREG__ = 0x3f
   3               	__SP_H__ = 0x3e
   4               	__SP_L__ = 0x3d
   5               	__CCP__  = 0x34
   6               	__tmp_reg__ = 0
   7               	__zero_reg__ = 1
  15               	.Ltext0:
  16               	.global	console_timer
  18               	console_timer:
  19               	.LFB14:
  20               	.LM1:
  21               	/* prologue: function */
  22               	/* frame size = 0 */
  23               	.LM2:
  24 0000 8091 0000 		lds r24,time
  25 0004 9091 0000 		lds r25,(time)+1
  26 0008 892B      		or r24,r25
  27 000a 01F0      		breq .L3
  28               	.LM3:
  29 000c 8091 0000 		lds r24,time
  30 0010 9091 0000 		lds r25,(time)+1
  31 0014 0197      		sbiw r24,1
  32 0016 9093 0000 		sts (time)+1,r25
  33 001a 8093 0000 		sts time,r24
  34               	.L3:
  35 001e 0895      		ret
  36               	.LFE14:
  39               	getline:
  40               	.LFB20:
  41               	.LM4:
  42               	.LVL0:
  43 0020 AF92      		push r10
  44 0022 BF92      		push r11
  45 0024 CF92      		push r12
  46 0026 DF92      		push r13
  47 0028 EF92      		push r14
  48 002a FF92      		push r15
  49 002c 1F93      		push r17
  50 002e CF93      		push r28
  51 0030 DF93      		push r29
  52               	/* prologue: function */
  53               	/* frame size = 0 */
  54 0032 7C01      		movw r14,r24
  55 0034 6B01      		movw r12,r22
  56               	.LM5:
  57 0036 FC01      		movw r30,r24
  58 0038 1082      		st Z,__zero_reg__
  59 003a C0E0      		ldi r28,lo8(0)
  60 003c D0E0      		ldi r29,hi8(0)
  61               	.LVL1:
  62               	.LM6:
  63 003e 8EE4      		ldi r24,lo8(3662)
  64 0040 A82E      		mov r10,r24
  65 0042 8EE0      		ldi r24,hi8(3662)
  66 0044 B82E      		mov r11,r24
  67               	.LVL2:
  68               	.LM7:
  69 0046 0894      		sec
  70 0048 C108      		sbc r12,__zero_reg__
  71 004a D108      		sbc r13,__zero_reg__
  72               	.LVL3:
  73               	.L22:
  74               	.LM8:
  75 004c B092 0000 		sts (time)+1,r11
  76 0050 A092 0000 		sts time,r10
  77 0054 00C0      		rjmp .L5
  78               	.L7:
  79               	.LM9:
  80 0056 0E94 0000 		call main_fly
  81               	.LVL4:
  82               	.L5:
  83               	.LM10:
  84 005a 8091 0000 		lds r24,time
  85 005e 9091 0000 		lds r25,(time)+1
  86 0062 892B      		or r24,r25
  87 0064 01F0      		breq .L6
  88 0066 8091 0000 		lds r24,console_vars+4
  89 006a 8130      		cpi r24,lo8(1)
  90 006c 01F0      		breq .L7
  91               	.L6:
  92               	.LM11:
  93 006e 8091 0000 		lds r24,console_vars+4
  94 0072 8130      		cpi r24,lo8(1)
  95 0074 01F4      		brne .L8
  96               	.LM12:
  97 0076 F701      		movw r30,r14
  98 0078 1082      		st Z,__zero_reg__
  99 007a 11E0      		ldi r17,lo8(1)
 100               	.LVL5:
 101 007c 00C0      		rjmp .L9
 102               	.LVL6:
 103               	.L8:
 104               	.LM13:
 105 007e 80E0      		ldi r24,lo8(console_vars)
 106 0080 90E0      		ldi r25,hi8(console_vars)
 107 0082 0E94 0000 		call fifo_read_char
 108               	.LVL7:
 109 0086 182F      		mov r17,r24
 110               	.LM14:
 111 0088 8B31      		cpi r24,lo8(27)
 112 008a 01F4      		brne .L10
 113               	.LVL8:
 114               	.LM15:
 115 008c F701      		movw r30,r14
 116 008e 1082      		st Z,__zero_reg__
 117 0090 12E0      		ldi r17,lo8(2)
 118               	.LVL9:
 119 0092 00C0      		rjmp .L9
 120               	.LVL10:
 121               	.L10:
 122               	.LM16:
 123 0094 8830      		cpi r24,lo8(8)
 124 0096 01F4      		brne .L11
 125 0098 2097      		sbiw r28,0
 126 009a 01F0      		breq .L11
 127               	.LM17:
 128 009c 8091 0000 		lds r24,console_vars+20
 129               	.LVL11:
 130 00a0 8823      		tst r24
 131 00a2 01F0      		breq .L12
 132               	.LM18:
 133 00a4 8091 0000 		lds r24,console_vars+18
 134 00a8 9091 0000 		lds r25,(console_vars+18)+1
 135 00ac 60E0      		ldi r22,lo8(__c.2453)
 136 00ae 70E0      		ldi r23,hi8(__c.2453)
 137 00b0 0E94 0000 		call fifo_write_string_P
 138               	.L12:
 139               	.LM19:
 140 00b4 2197      		sbiw r28,1
 141 00b6 00C0      		rjmp .L23
 142               	.LVL12:
 143               	.L11:
 144               	.LM20:
 145 00b8 812F      		mov r24,r17
 146               	.LVL13:
 147 00ba 8052      		subi r24,lo8(-(-32))
 148 00bc 8F35      		cpi r24,lo8(95)
 149 00be 00F4      		brsh .L14
 150               	.LM21:
 151 00c0 CC15      		cp r28,r12
 152 00c2 DD05      		cpc r29,r13
 153 00c4 04F4      		brge .L22
 154               	.LM22:
 155 00c6 8091 0000 		lds r24,console_vars+20
 156 00ca 8823      		tst r24
 157 00cc 01F0      		breq .L15
 158               	.LM23:
 159 00ce 8091 0000 		lds r24,console_vars+18
 160 00d2 9091 0000 		lds r25,(console_vars+18)+1
 161 00d6 612F      		mov r22,r17
 162 00d8 0E94 0000 		call fifo_write_char
 163               	.L15:
 164               	.LM24:
 165 00dc F701      		movw r30,r14
 166 00de EC0F      		add r30,r28
 167 00e0 FD1F      		adc r31,r29
 168 00e2 1083      		st Z,r17
 169 00e4 2196      		adiw r28,1
 170               	.L23:
 171               	.LM25:
 172 00e6 F701      		movw r30,r14
 173 00e8 EC0F      		add r30,r28
 174 00ea FD1F      		adc r31,r29
 175 00ec 1082      		st Z,__zero_reg__
 176 00ee 00C0      		rjmp .L22
 177               	.L14:
 178               	.LM26:
 179 00f0 1D30      		cpi r17,lo8(13)
 180 00f2 01F0      		breq .+2
 181 00f4 00C0      		rjmp .L22
 182 00f6 00C0      		rjmp .L24
 183               	.LVL14:
 184               	.L25:
 185               	.LM27:
 186 00f8 8091 0000 		lds r24,console_vars+18
 187 00fc 9091 0000 		lds r25,(console_vars+18)+1
 188 0100 60E0      		ldi r22,lo8(__c.2457)
 189 0102 70E0      		ldi r23,hi8(__c.2457)
 190               	.LVL15:
 191 0104 0E94 0000 		call fifo_write_string_P
 192               	.LVL16:
 193               	.L18:
 194               	.LM28:
 195 0108 812F      		mov r24,r17
 196               	/* epilogue start */
 197 010a DF91      		pop r29
 198 010c CF91      		pop r28
 199               	.LVL17:
 200 010e 1F91      		pop r17
 201               	.LVL18:
 202 0110 FF90      		pop r15
 203 0112 EF90      		pop r14
 204               	.LVL19:
 205 0114 DF90      		pop r13
 206 0116 CF90      		pop r12
 207 0118 BF90      		pop r11
 208 011a AF90      		pop r10
 209 011c 0895      		ret
 210               	.LVL20:
 211               	.L24:
 212               	.LM29:
 213 011e 10E0      		ldi r17,lo8(0)
 214               	.LVL21:
 215               	.L9:
 216               	.LM30:
 217 0120 8091 0000 		lds r24,console_vars+20
 218               	.LVL22:
 219 0124 8823      		tst r24
 220 0126 01F0      		breq .L18
 221 0128 00C0      		rjmp .L25
 222               	.LFE20:
 225               	getlong:
 226               	.LFB19:
 227               	.LM31:
 228               	.LVL23:
 229 012a 8F92      		push r8
 230 012c 9F92      		push r9
 231 012e AF92      		push r10
 232 0130 BF92      		push r11
 233 0132 CF92      		push r12
 234 0134 DF92      		push r13
 235 0136 EF92      		push r14
 236 0138 FF92      		push r15
 237 013a 0F93      		push r16
 238               	.LVL24:
 239 013c 1F93      		push r17
 240 013e CF93      		push r28
 241 0140 DF93      		push r29
 242               	/* prologue: function */
 243               	/* frame size = 0 */
 244 0142 EC01      		movw r28,r24
 245 0144 4A01      		movw r8,r20
 246 0146 5B01      		movw r10,r22
 247 0148 6801      		movw r12,r16
 248 014a 7901      		movw r14,r18
 249               	.LVL25:
 250               	.LVL26:
 251               	.L31:
 252               	.LM32:
 253 014c 8091 0000 		lds r24,console_vars+18
 254 0150 9091 0000 		lds r25,(console_vars+18)+1
 255 0154 60E0      		ldi r22,lo8(__c.2422)
 256 0156 70E0      		ldi r23,hi8(__c.2422)
 257 0158 0E94 0000 		call fifo_write_string_P
 258               	.LM33:
 259 015c 80E0      		ldi r24,lo8(text)
 260 015e 90E0      		ldi r25,hi8(text)
 261 0160 69E0      		ldi r22,lo8(9)
 262 0162 70E0      		ldi r23,hi8(9)
 263 0164 0E94 0000 		call getline
 264 0168 182F      		mov r17,r24
 265               	.LM34:
 266 016a 8823      		tst r24
 267 016c 01F0      		breq .+2
 268 016e 00C0      		rjmp .L27
 269               	.LVL27:
 270               	.LM35:
 271 0170 8091 0000 		lds r24,text
 272               	.LVL28:
 273 0174 8823      		tst r24
 274 0176 01F4      		brne .L28
 275 0178 13E0      		ldi r17,lo8(3)
 276 017a 00C0      		rjmp .L27
 277               	.L28:
 278               	.LM36:
 279 017c 80E0      		ldi r24,lo8(text)
 280 017e 90E0      		ldi r25,hi8(text)
 281 0180 0E94 0000 		call atol
 282               	.LM37:
 283 0184 6815      		cp r22,r8
 284 0186 7905      		cpc r23,r9
 285 0188 8A05      		cpc r24,r10
 286 018a 9B05      		cpc r25,r11
 287               	.LVL29:
 288 018c 04F0      		brlt .L29
 289 018e C616      		cp r12,r22
 290 0190 D706      		cpc r13,r23
 291 0192 E806      		cpc r14,r24
 292 0194 F906      		cpc r15,r25
 293 0196 04F4      		brge .L30
 294               	.L29:
 295               	.LM38:
 296 0198 8091 0000 		lds r24,console_vars+18
 297 019c 9091 0000 		lds r25,(console_vars+18)+1
 298 01a0 60E0      		ldi r22,lo8(__c.2424)
 299 01a2 70E0      		ldi r23,hi8(__c.2424)
 300               	.LVL30:
 301 01a4 0E94 0000 		call fifo_write_string_P
 302               	.LM39:
 303 01a8 0091 0000 		lds r16,console_vars+18
 304 01ac 1091 0000 		lds r17,(console_vars+18)+1
 305 01b0 C501      		movw r24,r10
 306 01b2 B401      		movw r22,r8
 307 01b4 40E0      		ldi r20,lo8(text)
 308 01b6 50E0      		ldi r21,hi8(text)
 309 01b8 2AE0      		ldi r18,lo8(10)
 310 01ba 30E0      		ldi r19,hi8(10)
 311 01bc 0E94 0000 		call ltoa
 312 01c0 BC01      		movw r22,r24
 313 01c2 C801      		movw r24,r16
 314 01c4 0E94 0000 		call fifo_write_string
 315               	.LM40:
 316 01c8 8091 0000 		lds r24,console_vars+18
 317 01cc 9091 0000 		lds r25,(console_vars+18)+1
 318 01d0 60E0      		ldi r22,lo8(__c.2426)
 319 01d2 70E0      		ldi r23,hi8(__c.2426)
 320 01d4 0E94 0000 		call fifo_write_string_P
 321               	.LM41:
 322 01d8 0091 0000 		lds r16,console_vars+18
 323 01dc 1091 0000 		lds r17,(console_vars+18)+1
 324 01e0 C701      		movw r24,r14
 325 01e2 B601      		movw r22,r12
 326 01e4 40E0      		ldi r20,lo8(text)
 327 01e6 50E0      		ldi r21,hi8(text)
 328 01e8 2AE0      		ldi r18,lo8(10)
 329 01ea 30E0      		ldi r19,hi8(10)
 330 01ec 0E94 0000 		call ltoa
 331 01f0 BC01      		movw r22,r24
 332 01f2 C801      		movw r24,r16
 333 01f4 0E94 0000 		call fifo_write_string
 334               	.LM42:
 335 01f8 8091 0000 		lds r24,console_vars+18
 336 01fc 9091 0000 		lds r25,(console_vars+18)+1
 337 0200 60E0      		ldi r22,lo8(__c.2428)
 338 0202 70E0      		ldi r23,hi8(__c.2428)
 339 0204 0E94 0000 		call fifo_write_string_P
 340 0208 00C0      		rjmp .L31
 341               	.LVL31:
 342               	.L30:
 343               	.LM43:
 344 020a 6883      		st Y,r22
 345 020c 7983      		std Y+1,r23
 346 020e 8A83      		std Y+2,r24
 347 0210 9B83      		std Y+3,r25
 348               	.LVL32:
 349               	.L27:
 350               	.LM44:
 351 0212 812F      		mov r24,r17
 352               	/* epilogue start */
 353 0214 DF91      		pop r29
 354 0216 CF91      		pop r28
 355               	.LVL33:
 356 0218 1F91      		pop r17
 357               	.LVL34:
 358 021a 0F91      		pop r16
 359 021c FF90      		pop r15
 360 021e EF90      		pop r14
 361 0220 DF90      		pop r13
 362 0222 CF90      		pop r12
 363               	.LVL35:
 364 0224 BF90      		pop r11
 365 0226 AF90      		pop r10
 366 0228 9F90      		pop r9
 367 022a 8F90      		pop r8
 368               	.LVL36:
 369 022c 0895      		ret
 370               	.LFE19:
 372               	.global	console_main
 374               	console_main:
 375               	.LFB16:
 376               	.LM45:
 377 022e 2F92      		push r2
 378 0230 3F92      		push r3
 379 0232 5F92      		push r5
 380 0234 6F92      		push r6
 381 0236 7F92      		push r7
 382 0238 8F92      		push r8
 383 023a 9F92      		push r9
 384 023c AF92      		push r10
 385 023e BF92      		push r11
 386 0240 CF92      		push r12
 387 0242 DF92      		push r13
 388 0244 EF92      		push r14
 389 0246 FF92      		push r15
 390 0248 0F93      		push r16
 391 024a 1F93      		push r17
 392 024c DF93      		push r29
 393 024e CF93      		push r28
 394 0250 CDB7      		in r28,__SP_L__
 395 0252 DEB7      		in r29,__SP_H__
 396 0254 E997      		sbiw r28,57
 397 0256 0FB6      		in __tmp_reg__,__SREG__
 398 0258 F894      		cli
 399 025a DEBF      		out __SP_H__,r29
 400 025c 0FBE      		out __SREG__,__tmp_reg__
 401 025e CDBF      		out __SP_L__,r28
 402               	/* prologue: function */
 403               	/* frame size = 57 */
 404               	.LM46:
 405 0260 1A82      		std Y+2,__zero_reg__
 406 0262 1B82      		std Y+3,__zero_reg__
 407 0264 1C82      		std Y+4,__zero_reg__
 408 0266 1D82      		std Y+5,__zero_reg__
 409               	.LVL37:
 410 0268 1E82      		std Y+6,__zero_reg__
 411 026a 1F82      		std Y+7,__zero_reg__
 412 026c 1886      		std Y+8,__zero_reg__
 413 026e 1986      		std Y+9,__zero_reg__
 414               	.LVL38:
 415               	.LM47:
 416 0270 1A86      		std Y+10,__zero_reg__
 417 0272 1B86      		std Y+11,__zero_reg__
 418 0274 1C86      		std Y+12,__zero_reg__
 419 0276 1D86      		std Y+13,__zero_reg__
 420               	.LVL39:
 421               	.LM48:
 422 0278 8091 0000 		lds r24,console_vars+18
 423 027c 9091 0000 		lds r25,(console_vars+18)+1
 424               	.LVL40:
 425 0280 9093 0000 		sts (sd_debug_fifo_ptr)+1,r25
 426 0284 8093 0000 		sts sd_debug_fifo_ptr,r24
 427               	.LM49:
 428 0288 9093 0000 		sts (fat_debug_fifo_ptr)+1,r25
 429 028c 8093 0000 		sts fat_debug_fifo_ptr,r24
 430               	.LM50:
 431 0290 9093 0000 		sts (fat_dir_fifo_ptr)+1,r25
 432 0294 8093 0000 		sts fat_dir_fifo_ptr,r24
 433 0298 8824      		clr r8
 434 029a 9924      		clr r9
 435 029c 5401      		movw r10,r8
 436               	.LVL41:
 437               	.LM51:
 438 029e 8EE0      		ldi r24,lo8(14)
 439 02a0 682E      		mov r6,r24
 440 02a2 712C      		mov r7,__zero_reg__
 441               	.LVL42:
 442 02a4 6C0E      		add r6,r28
 443 02a6 7D1E      		adc r7,r29
 444               	.LM52:
 445 02a8 02E0      		ldi r16,lo8(2)
 446 02aa 202E      		mov r2,r16
 447 02ac 312C      		mov r3,__zero_reg__
 448 02ae 2C0E      		add r2,r28
 449 02b0 3D1E      		adc r3,r29
 450               	.LVL43:
 451               	.L91:
 452               	.LM53:
 453 02b2 6A85      		ldd r22,Y+10
 454 02b4 7B85      		ldd r23,Y+11
 455 02b6 8C85      		ldd r24,Y+12
 456 02b8 9D85      		ldd r25,Y+13
 457 02ba 6115      		cp r22,__zero_reg__
 458 02bc 7105      		cpc r23,__zero_reg__
 459 02be 8105      		cpc r24,__zero_reg__
 460 02c0 9105      		cpc r25,__zero_reg__
 461 02c2 01F0      		breq .L34
 462               	.LM54:
 463 02c4 0E94 0000 		call fat_directory_list
 464               	.LVL44:
 465               	.L34:
 466               	.LM55:
 467 02c8 8091 0000 		lds r24,console_vars+18
 468 02cc 9091 0000 		lds r25,(console_vars+18)+1
 469               	.LVL45:
 470 02d0 60E0      		ldi r22,lo8(__c.2198)
 471 02d2 70E0      		ldi r23,hi8(__c.2198)
 472               	.L97:
 473 02d4 0E94 0000 		call fifo_write_string_P
 474               	.LBB36:
 475               	.LM56:
 476 02d8 8091 0000 		lds r24,console_vars+18
 477 02dc 9091 0000 		lds r25,(console_vars+18)+1
 478 02e0 60E0      		ldi r22,lo8(__c.2394)
 479 02e2 70E0      		ldi r23,hi8(__c.2394)
 480 02e4 0E94 0000 		call fifo_write_string_P
 481               	.LM57:
 482 02e8 80E0      		ldi r24,lo8(text)
 483 02ea 90E0      		ldi r25,hi8(text)
 484 02ec 69E0      		ldi r22,lo8(9)
 485 02ee 70E0      		ldi r23,hi8(9)
 486 02f0 0E94 0000 		call getline
 487               	.LBB37:
 488               	.LM58:
 489 02f4 8823      		tst r24
 490               	.LVL46:
 491 02f6 01F0      		breq .+2
 492 02f8 00C0      		rjmp .L35
 493               	.LM59:
 494 02fa 8091 0000 		lds r24,text
 495               	.LVL47:
 496 02fe 8823      		tst r24
 497 0300 01F0      		breq .L91
 498               	.LBE37:
 499               	.LM60:
 500 0302 80E0      		ldi r24,lo8(text)
 501 0304 90E0      		ldi r25,hi8(text)
 502 0306 0E94 0000 		call atoi
 503               	.LBB38:
 504               	.LM61:
 505 030a 2FEF      		ldi r18,hi8(-1)
 506 030c 8F3F      		cpi r24,lo8(-1)
 507 030e 9207      		cpc r25,r18
 508               	.LVL48:
 509 0310 04F0      		brlt .L37
 510 0312 8333      		cpi r24,51
 511 0314 9105      		cpc r25,__zero_reg__
 512 0316 04F4      		brge .+2
 513 0318 00C0      		rjmp .L38
 514               	.L37:
 515               	.LBE38:
 516               	.LM62:
 517 031a 8091 0000 		lds r24,console_vars+18
 518 031e 9091 0000 		lds r25,(console_vars+18)+1
 519               	.LVL49:
 520 0322 60E0      		ldi r22,lo8(__c.2396)
 521 0324 70E0      		ldi r23,hi8(__c.2396)
 522 0326 0E94 0000 		call fifo_write_string_P
 523               	.LBB39:
 524               	.LM63:
 525 032a 0091 0000 		lds r16,console_vars+18
 526 032e 1091 0000 		lds r17,(console_vars+18)+1
 527               	.LVL50:
 528               	.LBE39:
 529 0332 8FEF      		ldi r24,lo8(-1)
 530 0334 9FEF      		ldi r25,hi8(-1)
 531 0336 60E0      		ldi r22,lo8(text)
 532 0338 70E0      		ldi r23,hi8(text)
 533 033a 4AE0      		ldi r20,lo8(10)
 534 033c 50E0      		ldi r21,hi8(10)
 535 033e 0E94 0000 		call itoa
 536 0342 BC01      		movw r22,r24
 537               	.LBB40:
 538 0344 C801      		movw r24,r16
 539 0346 0E94 0000 		call fifo_write_string
 540               	.LBE40:
 541               	.LM64:
 542 034a 8091 0000 		lds r24,console_vars+18
 543 034e 9091 0000 		lds r25,(console_vars+18)+1
 544 0352 60E0      		ldi r22,lo8(__c.2398)
 545 0354 70E0      		ldi r23,hi8(__c.2398)
 546 0356 0E94 0000 		call fifo_write_string_P
 547               	.LBB41:
 548               	.LM65:
 549 035a 0091 0000 		lds r16,console_vars+18
 550 035e 1091 0000 		lds r17,(console_vars+18)+1
 551               	.LBE41:
 552 0362 82E3      		ldi r24,lo8(50)
 553 0364 90E0      		ldi r25,hi8(50)
 554 0366 60E0      		ldi r22,lo8(text)
 555 0368 70E0      		ldi r23,hi8(text)
 556 036a 4AE0      		ldi r20,lo8(10)
 557 036c 50E0      		ldi r21,hi8(10)
 558 036e 0E94 0000 		call itoa
 559 0372 BC01      		movw r22,r24
 560               	.LBB42:
 561 0374 C801      		movw r24,r16
 562 0376 0E94 0000 		call fifo_write_string
 563               	.LBE42:
 564               	.LM66:
 565 037a 8091 0000 		lds r24,console_vars+18
 566 037e 9091 0000 		lds r25,(console_vars+18)+1
 567 0382 60E0      		ldi r22,lo8(__c.2400)
 568 0384 70E0      		ldi r23,hi8(__c.2400)
 569 0386 00C0      		rjmp .L97
 570               	.LVL51:
 571               	.L98:
 572               	.LBE36:
 573               	.LBB43:
 574               	.LBB44:
 575               	.LM67:
 576 0388 9091 0000 		lds r25,console_vars+21
 577 038c 9230      		cpi r25,lo8(2)
 578 038e 01F4      		brne .L41
 579               	.LBE44:
 580               	.LM68:
 581 0390 8091 0000 		lds r24,console_vars+18
 582 0394 9091 0000 		lds r25,(console_vars+18)+1
 583               	.LVL52:
 584 0398 60E0      		ldi r22,lo8(__c.2349)
 585 039a 70E0      		ldi r23,hi8(__c.2349)
 586 039c 0E94 0000 		call fifo_write_string_P
 587               	.L42:
 588               	.LM69:
 589 03a0 80E0      		ldi r24,lo8(console_vars)
 590 03a2 90E0      		ldi r25,hi8(console_vars)
 591 03a4 0E94 0000 		call fifo_read_char
 592               	.LBB45:
 593 03a8 8032      		cpi r24,lo8(32)
 594 03aa 01F4      		brne .L42
 595 03ac 00C0      		rjmp .L91
 596               	.LVL53:
 597               	.L41:
 598               	.LM70:
 599               	/* #APP */
 600               	 ;  334 "console.c" 1
 601 03ae F894      		cli
 602               	 ;  0 "" 2
 603               	.LM71:
 604               	/* #NOAPP */
 605 03b0 1DBA      		out 61-32,__zero_reg__
 606               	.LM72:
 607 03b2 1092 6E00 		sts 110,__zero_reg__
 608               	.LM73:
 609 03b6 1092 6F00 		sts 111,__zero_reg__
 610               	.LM74:
 611 03ba 1092 7000 		sts 112,__zero_reg__
 612               	.LM75:
 613 03be 1092 7100 		sts 113,__zero_reg__
 614               	.LM76:
 615 03c2 1092 7200 		sts 114,__zero_reg__
 616               	.LM77:
 617 03c6 1092 7300 		sts 115,__zero_reg__
 618               	.LM78:
 619 03ca 8CB5      		in r24,76-32
 620               	.LVL54:
 621 03cc 8F77      		andi r24,lo8(127)
 622 03ce 8CBD      		out 76-32,r24
 623               	.LM79:
 624 03d0 8091 C100 		lds r24,193
 625 03d4 8F71      		andi r24,lo8(31)
 626 03d6 8093 C100 		sts 193,r24
 627               	.LM80:
 628 03da 8091 C900 		lds r24,201
 629 03de 8F71      		andi r24,lo8(31)
 630 03e0 8093 C900 		sts 201,r24
 631               	.LM81:
 632 03e4 8091 BC00 		lds r24,188
 633 03e8 8E7F      		andi r24,lo8(-2)
 634 03ea 8093 BC00 		sts 188,r24
 635               	.LM82:
 636 03ee 80B7      		in r24,80-32
 637 03f0 877F      		andi r24,lo8(-9)
 638 03f2 80BF      		out 80-32,r24
 639               	.LM83:
 640 03f4 8091 7A00 		lds r24,122
 641 03f8 877F      		andi r24,lo8(-9)
 642 03fa 8093 7A00 		sts 122,r24
 643               	.LM84:
 644 03fe 9923      		tst r25
 645 0400 01F4      		brne .L44
 646               	.LM85:
 647 0402 8091 C900 		lds r24,201
 648 0406 8F7E      		andi r24,lo8(-17)
 649 0408 8093 C900 		sts 201,r24
 650 040c 00C0      		rjmp .L45
 651               	.L44:
 652               	.LM86:
 653 040e 9130      		cpi r25,lo8(1)
 654 0410 01F4      		brne .L45
 655               	.LM87:
 656 0412 8091 C100 		lds r24,193
 657 0416 8F7E      		andi r24,lo8(-17)
 658 0418 8093 C100 		sts 193,r24
 659               	.L45:
 660               	.LM88:
 661 041c E0E0      		ldi r30,lo8(-8192)
 662 041e F0EE      		ldi r31,hi8(-8192)
 663 0420 0995      		icall
 664 0422 00C0      		rjmp .L91
 665               	.LVL55:
 666               	.L47:
 667               	.LBE45:
 668               	.LBE43:
 669               	.LM89:
 670 0424 0E94 0000 		call sd_initcard
 671               	.LVL56:
 672 0428 8823      		tst r24
 673 042a 01F0      		breq .L48
 674               	.LM90:
 675 042c 8091 0000 		lds r24,console_vars+18
 676 0430 9091 0000 		lds r25,(console_vars+18)+1
 677 0434 60E0      		ldi r22,lo8(__c.2203)
 678 0436 70E0      		ldi r23,hi8(__c.2203)
 679 0438 00C0      		rjmp .L96
 680               	.L48:
 681               	.LM91:
 682 043a 8091 0000 		lds r24,console_vars+18
 683 043e 9091 0000 		lds r25,(console_vars+18)+1
 684 0442 60E0      		ldi r22,lo8(__c.2205)
 685 0444 70E0      		ldi r23,hi8(__c.2205)
 686               	.L96:
 687 0446 0E94 0000 		call fifo_write_string_P
 688 044a 00C0      		rjmp .L91
 689               	.LVL57:
 690               	.L49:
 691               	.LM92:
 692 044c 0E94 0000 		call fat_init
 693               	.LVL58:
 694 0450 8823      		tst r24
 695 0452 01F0      		breq .L50
 696               	.LM93:
 697 0454 8091 0000 		lds r24,console_vars+18
 698 0458 9091 0000 		lds r25,(console_vars+18)+1
 699 045c 60E0      		ldi r22,lo8(__c.2208)
 700 045e 70E0      		ldi r23,hi8(__c.2208)
 701 0460 0E94 0000 		call fifo_write_string_P
 702               	.LM94:
 703 0464 82E0      		ldi r24,lo8(2)
 704 0466 90E0      		ldi r25,hi8(2)
 705 0468 A0E0      		ldi r26,hlo8(2)
 706 046a B0E0      		ldi r27,hhi8(2)
 707 046c 8A87      		std Y+10,r24
 708 046e 9B87      		std Y+11,r25
 709 0470 AC87      		std Y+12,r26
 710 0472 BD87      		std Y+13,r27
 711               	.LVL59:
 712 0474 00C0      		rjmp .L91
 713               	.L50:
 714               	.LM95:
 715 0476 8091 0000 		lds r24,console_vars+18
 716 047a 9091 0000 		lds r25,(console_vars+18)+1
 717 047e 60E0      		ldi r22,lo8(__c.2210)
 718 0480 70E0      		ldi r23,hi8(__c.2210)
 719 0482 00C0      		rjmp .L96
 720               	.LVL60:
 721               	.L51:
 722               	.LM96:
 723 0484 6A85      		ldd r22,Y+10
 724 0486 7B85      		ldd r23,Y+11
 725 0488 8C85      		ldd r24,Y+12
 726 048a 9D85      		ldd r25,Y+13
 727 048c 0E94 0000 		call fat_directory_list
 728               	.LVL61:
 729 0490 00C0      		rjmp .L91
 730               	.LVL62:
 731               	.L99:
 732               	.LM97:
 733 0492 8091 0000 		lds r24,console_vars+18
 734 0496 9091 0000 		lds r25,(console_vars+18)+1
 735               	.LVL63:
 736 049a 60E0      		ldi r22,lo8(__c.2214)
 737 049c 70E0      		ldi r23,hi8(__c.2214)
 738 049e 0E94 0000 		call fifo_write_string_P
 739               	.LM98:
 740 04a2 80E0      		ldi r24,lo8(text)
 741 04a4 90E0      		ldi r25,hi8(text)
 742 04a6 64E6      		ldi r22,lo8(100)
 743 04a8 70E0      		ldi r23,hi8(100)
 744 04aa 0E94 0000 		call getline
 745 04ae 8823      		tst r24
 746 04b0 01F0      		breq .+2
 747 04b2 00C0      		rjmp .L91
 748               	.LM99:
 749 04b4 CE01      		movw r24,r28
 750 04b6 0A96      		adiw r24,10
 751 04b8 60E0      		ldi r22,lo8(text)
 752 04ba 70E0      		ldi r23,hi8(text)
 753 04bc 0E94 0000 		call fat_directory_change
 754 04c0 00C0      		rjmp .L91
 755               	.LVL64:
 756               	.L53:
 757               	.LM100:
 758 04c2 8091 0000 		lds r24,console_vars+18
 759 04c6 9091 0000 		lds r25,(console_vars+18)+1
 760               	.LVL65:
 761 04ca 60E0      		ldi r22,lo8(__c.2217)
 762 04cc 70E0      		ldi r23,hi8(__c.2217)
 763 04ce 0E94 0000 		call fifo_write_string_P
 764               	.LM101:
 765 04d2 C101      		movw r24,r2
 766 04d4 40E0      		ldi r20,lo8(0)
 767 04d6 50E0      		ldi r21,hi8(0)
 768 04d8 60E0      		ldi r22,hlo8(0)
 769 04da 70E0      		ldi r23,hhi8(0)
 770 04dc 0FEF      		ldi r16,lo8(2147483647)
 771 04de 1FEF      		ldi r17,hi8(2147483647)
 772 04e0 2FEF      		ldi r18,hlo8(2147483647)
 773 04e2 3FE7      		ldi r19,hhi8(2147483647)
 774               	.LVL66:
 775 04e4 0E94 0000 		call getlong
 776 04e8 8823      		tst r24
 777 04ea 01F0      		breq .+2
 778 04ec 00C0      		rjmp .L91
 779               	.LM102:
 780 04ee 8091 0000 		lds r24,console_vars+18
 781 04f2 9091 0000 		lds r25,(console_vars+18)+1
 782 04f6 60E0      		ldi r22,lo8(__c.2219)
 783 04f8 70E0      		ldi r23,hi8(__c.2219)
 784 04fa 0E94 0000 		call fifo_write_string_P
 785               	.LM103:
 786 04fe 80E0      		ldi r24,lo8(text)
 787 0500 90E0      		ldi r25,hi8(text)
 788 0502 64E6      		ldi r22,lo8(100)
 789 0504 70E0      		ldi r23,hi8(100)
 790 0506 0E94 0000 		call getline
 791 050a 8823      		tst r24
 792 050c 01F0      		breq .+2
 793 050e 00C0      		rjmp .L91
 794               	.LM104:
 795 0510 4A85      		ldd r20,Y+10
 796 0512 5B85      		ldd r21,Y+11
 797 0514 6C85      		ldd r22,Y+12
 798 0516 7D85      		ldd r23,Y+13
 799 0518 4A8F      		std Y+26,r20
 800 051a 5B8F      		std Y+27,r21
 801 051c 6C8F      		std Y+28,r22
 802 051e 7D8F      		std Y+29,r23
 803               	.LM105:
 804 0520 EA80      		ldd r14,Y+2
 805 0522 FB80      		ldd r15,Y+3
 806 0524 0C81      		ldd r16,Y+4
 807 0526 1D81      		ldd r17,Y+5
 808 0528 C301      		movw r24,r6
 809 052a 20E0      		ldi r18,lo8(text)
 810 052c 30E0      		ldi r19,hi8(text)
 811 052e 0E94 0000 		call fat_file_create
 812 0532 00C0      		rjmp .L91
 813               	.LVL67:
 814               	.L54:
 815               	.LM106:
 816 0534 8091 0000 		lds r24,console_vars+18
 817 0538 9091 0000 		lds r25,(console_vars+18)+1
 818               	.LVL68:
 819 053c 60E0      		ldi r22,lo8(__c.2222)
 820 053e 70E0      		ldi r23,hi8(__c.2222)
 821 0540 0E94 0000 		call fifo_write_string_P
 822               	.LM107:
 823 0544 80E0      		ldi r24,lo8(text)
 824 0546 90E0      		ldi r25,hi8(text)
 825 0548 64E6      		ldi r22,lo8(100)
 826 054a 70E0      		ldi r23,hi8(100)
 827 054c 0E94 0000 		call getline
 828 0550 8823      		tst r24
 829 0552 01F0      		breq .+2
 830 0554 00C0      		rjmp .L91
 831               	.LM108:
 832 0556 6A85      		ldd r22,Y+10
 833 0558 7B85      		ldd r23,Y+11
 834 055a 8C85      		ldd r24,Y+12
 835 055c 9D85      		ldd r25,Y+13
 836 055e 40E0      		ldi r20,lo8(text)
 837 0560 50E0      		ldi r21,hi8(text)
 838 0562 0E94 0000 		call fat_directory_create
 839 0566 00C0      		rjmp .L91
 840               	.LVL69:
 841               	.L55:
 842               	.LM109:
 843 0568 8091 0000 		lds r24,console_vars+18
 844 056c 9091 0000 		lds r25,(console_vars+18)+1
 845               	.LVL70:
 846 0570 60E0      		ldi r22,lo8(__c.2225)
 847 0572 70E0      		ldi r23,hi8(__c.2225)
 848 0574 0E94 0000 		call fifo_write_string_P
 849               	.LM110:
 850 0578 80E0      		ldi r24,lo8(text)
 851 057a 90E0      		ldi r25,hi8(text)
 852 057c 64E6      		ldi r22,lo8(100)
 853 057e 70E0      		ldi r23,hi8(100)
 854 0580 0E94 0000 		call getline
 855 0584 8823      		tst r24
 856 0586 01F0      		breq .+2
 857 0588 00C0      		rjmp .L91
 858               	.LM111:
 859 058a 6A85      		ldd r22,Y+10
 860 058c 7B85      		ldd r23,Y+11
 861 058e 8C85      		ldd r24,Y+12
 862 0590 9D85      		ldd r25,Y+13
 863 0592 40E0      		ldi r20,lo8(text)
 864 0594 50E0      		ldi r21,hi8(text)
 865 0596 0E94 0000 		call fat_directory_delete
 866 059a 00C0      		rjmp .L91
 867               	.LVL71:
 868               	.L100:
 869               	.LM112:
 870 059c 8091 0000 		lds r24,console_vars+18
 871 05a0 9091 0000 		lds r25,(console_vars+18)+1
 872               	.LVL72:
 873 05a4 60E0      		ldi r22,lo8(__c.2228)
 874 05a6 70E0      		ldi r23,hi8(__c.2228)
 875 05a8 0E94 0000 		call fifo_write_string_P
 876               	.LM113:
 877 05ac 80E0      		ldi r24,lo8(text)
 878 05ae 90E0      		ldi r25,hi8(text)
 879 05b0 64E6      		ldi r22,lo8(100)
 880 05b2 70E0      		ldi r23,hi8(100)
 881 05b4 0E94 0000 		call getline
 882 05b8 8823      		tst r24
 883 05ba 01F0      		breq .+2
 884 05bc 00C0      		rjmp .L91
 885               	.LM114:
 886 05be 4A85      		ldd r20,Y+10
 887 05c0 5B85      		ldd r21,Y+11
 888 05c2 6C85      		ldd r22,Y+12
 889 05c4 7D85      		ldd r23,Y+13
 890 05c6 C301      		movw r24,r6
 891 05c8 20E0      		ldi r18,lo8(text)
 892 05ca 30E0      		ldi r19,hi8(text)
 893 05cc 0E94 0000 		call fat_file_locate
 894 05d0 8823      		tst r24
 895 05d2 01F4      		brne .+2
 896 05d4 00C0      		rjmp .L91
 897               	.LM115:
 898 05d6 C301      		movw r24,r6
 899 05d8 0E94 0000 		call fat_file_delete
 900 05dc 00C0      		rjmp .L91
 901               	.LVL73:
 902               	.L57:
 903               	.LM116:
 904 05de 8091 0000 		lds r24,console_vars+18
 905 05e2 9091 0000 		lds r25,(console_vars+18)+1
 906               	.LVL74:
 907 05e6 60E0      		ldi r22,lo8(__c.2231)
 908 05e8 70E0      		ldi r23,hi8(__c.2231)
 909 05ea 0E94 0000 		call fifo_write_string_P
 910               	.LM117:
 911 05ee 80E0      		ldi r24,lo8(text)
 912 05f0 90E0      		ldi r25,hi8(text)
 913 05f2 64E6      		ldi r22,lo8(100)
 914 05f4 70E0      		ldi r23,hi8(100)
 915 05f6 0E94 0000 		call getline
 916 05fa 8823      		tst r24
 917 05fc 01F0      		breq .+2
 918 05fe 00C0      		rjmp .L91
 919               	.LM118:
 920 0600 4A85      		ldd r20,Y+10
 921 0602 5B85      		ldd r21,Y+11
 922 0604 6C85      		ldd r22,Y+12
 923 0606 7D85      		ldd r23,Y+13
 924 0608 C301      		movw r24,r6
 925 060a 20E0      		ldi r18,lo8(text)
 926 060c 30E0      		ldi r19,hi8(text)
 927 060e 0E94 0000 		call fat_file_locate
 928 0612 8823      		tst r24
 929 0614 01F4      		brne .+2
 930 0616 00C0      		rjmp .L91
 931               	.LM119:
 932 0618 8091 0000 		lds r24,console_vars+18
 933 061c 9091 0000 		lds r25,(console_vars+18)+1
 934 0620 60E0      		ldi r22,lo8(__c.2233)
 935 0622 70E0      		ldi r23,hi8(__c.2233)
 936 0624 0E94 0000 		call fifo_write_string_P
 937               	.LM120:
 938 0628 80E0      		ldi r24,lo8(text)
 939 062a 90E0      		ldi r25,hi8(text)
 940 062c 64E6      		ldi r22,lo8(100)
 941 062e 70E0      		ldi r23,hi8(100)
 942 0630 0E94 0000 		call getline
 943 0634 8823      		tst r24
 944 0636 01F0      		breq .+2
 945 0638 00C0      		rjmp .L91
 946               	.LM121:
 947 063a E0E0      		ldi r30,lo8(text)
 948 063c F0E0      		ldi r31,hi8(text)
 949 063e 0190      		ld __tmp_reg__,Z+
 950 0640 0020      		tst __tmp_reg__
 951 0642 01F4      		brne .-6
 952 0644 9F01      		movw r18,r30
 953 0646 2050      		subi r18,lo8(text)
 954 0648 3040      		sbci r19,hi8(text)
 955 064a 40E0      		ldi r20,lo8(0)
 956 064c 50E0      		ldi r21,hi8(0)
 957 064e C301      		movw r24,r6
 958 0650 60E0      		ldi r22,lo8(text)
 959 0652 70E0      		ldi r23,hi8(text)
 960 0654 0E94 0000 		call fat_file_append
 961 0658 00C0      		rjmp .L91
 962               	.LVL75:
 963               	.L90:
 964               	.LM122:
 965 065a 8091 0000 		lds r24,console_vars+18
 966 065e 9091 0000 		lds r25,(console_vars+18)+1
 967               	.LVL76:
 968 0662 60E0      		ldi r22,lo8(__c.2236)
 969 0664 70E0      		ldi r23,hi8(__c.2236)
 970 0666 0E94 0000 		call fifo_write_string_P
 971               	.LM123:
 972 066a C101      		movw r24,r2
 973 066c 42E0      		ldi r20,lo8(2)
 974 066e 50E0      		ldi r21,hi8(2)
 975 0670 60E0      		ldi r22,hlo8(2)
 976 0672 70E0      		ldi r23,hhi8(2)
 977 0674 0FEF      		ldi r16,lo8(2147483647)
 978 0676 1FEF      		ldi r17,hi8(2147483647)
 979 0678 2FEF      		ldi r18,hlo8(2147483647)
 980 067a 3FE7      		ldi r19,hhi8(2147483647)
 981               	.LVL77:
 982 067c 0E94 0000 		call getlong
 983               	.LM124:
 984 0680 8823      		tst r24
 985 0682 01F0      		breq .+2
 986 0684 00C0      		rjmp .L91
 987               	.LM125:
 988 0686 6A81      		ldd r22,Y+2
 989 0688 7B81      		ldd r23,Y+3
 990 068a 8C81      		ldd r24,Y+4
 991 068c 9D81      		ldd r25,Y+5
 992 068e 0E94 0000 		call fat_debug_fat
 993 0692 00C0      		rjmp .L90
 994               	.LVL78:
 995               	.L59:
 996               	.LM126:
 997 0694 8091 0000 		lds r24,console_vars+18
 998 0698 9091 0000 		lds r25,(console_vars+18)+1
 999               	.LVL79:
 1000 069c 60E0      		ldi r22,lo8(__c.2241)
 1001 069e 70E0      		ldi r23,hi8(__c.2241)
 1002 06a0 0E94 0000 		call fifo_write_string_P
 1003               	.LM127:
 1004 06a4 C101      		movw r24,r2
 1005 06a6 40E0      		ldi r20,lo8(0)
 1006 06a8 50E0      		ldi r21,hi8(0)
 1007 06aa 60E0      		ldi r22,hlo8(0)
 1008 06ac 70E0      		ldi r23,hhi8(0)
 1009 06ae 0FEF      		ldi r16,lo8(2147483647)
 1010 06b0 1FEF      		ldi r17,hi8(2147483647)
 1011 06b2 2FEF      		ldi r18,hlo8(2147483647)
 1012 06b4 3FE7      		ldi r19,hhi8(2147483647)
 1013               	.LVL80:
 1014 06b6 0E94 0000 		call getlong
 1015               	.L60:
 1016               	.LM128:
 1017 06ba 8091 0000 		lds r24,console_vars+18
 1018 06be 9091 0000 		lds r25,(console_vars+18)+1
 1019 06c2 60E0      		ldi r22,lo8(__c.2243)
 1020 06c4 70E0      		ldi r23,hi8(__c.2243)
 1021 06c6 0E94 0000 		call fifo_write_string_P
 1022               	.LM129:
 1023 06ca CE01      		movw r24,r28
 1024 06cc 0696      		adiw r24,6
 1025 06ce 40E0      		ldi r20,lo8(0)
 1026 06d0 50E0      		ldi r21,hi8(0)
 1027 06d2 60E0      		ldi r22,hlo8(0)
 1028 06d4 70E0      		ldi r23,hhi8(0)
 1029 06d6 0FEF      		ldi r16,lo8(65535)
 1030 06d8 1FEF      		ldi r17,hi8(65535)
 1031 06da 20E0      		ldi r18,hlo8(65535)
 1032 06dc 30E0      		ldi r19,hhi8(65535)
 1033 06de 0E94 0000 		call getlong
 1034               	.LM130:
 1035 06e2 8823      		tst r24
 1036 06e4 01F0      		breq .+2
 1037 06e6 00C0      		rjmp .L91
 1038               	.LM131:
 1039 06e8 6A81      		ldd r22,Y+2
 1040 06ea 7B81      		ldd r23,Y+3
 1041 06ec 8C81      		ldd r24,Y+4
 1042 06ee 9D81      		ldd r25,Y+5
 1043 06f0 4E81      		ldd r20,Y+6
 1044 06f2 5F81      		ldd r21,Y+7
 1045 06f4 0E94 0000 		call fat_debug_dir
 1046 06f8 00C0      		rjmp .L60
 1047               	.LVL81:
 1048               	.L61:
 1049               	.LM132:
 1050 06fa 8091 0000 		lds r24,console_vars+18
 1051 06fe 9091 0000 		lds r25,(console_vars+18)+1
 1052               	.LVL82:
 1053 0702 60E0      		ldi r22,lo8(__c.2248)
 1054 0704 70E0      		ldi r23,hi8(__c.2248)
 1055 0706 0E94 0000 		call fifo_write_string_P
 1056               	.LM133:
 1057 070a 80E0      		ldi r24,lo8(text)
 1058 070c 90E0      		ldi r25,hi8(text)
 1059 070e 64E6      		ldi r22,lo8(100)
 1060 0710 70E0      		ldi r23,hi8(100)
 1061 0712 0E94 0000 		call getline
 1062 0716 8823      		tst r24
 1063 0718 01F0      		breq .+2
 1064 071a 00C0      		rjmp .L91
 1065               	.LM134:
 1066 071c 4A85      		ldd r20,Y+10
 1067 071e 5B85      		ldd r21,Y+11
 1068 0720 6C85      		ldd r22,Y+12
 1069 0722 7D85      		ldd r23,Y+13
 1070 0724 C301      		movw r24,r6
 1071 0726 20E0      		ldi r18,lo8(text)
 1072 0728 30E0      		ldi r19,hi8(text)
 1073 072a 0E94 0000 		call fat_file_locate
 1074 072e 8823      		tst r24
 1075 0730 01F4      		brne .+2
 1076 0732 00C0      		rjmp .L91
 1077               	.LM135:
 1078 0734 8E8D      		ldd r24,Y+30
 1079 0736 9F8D      		ldd r25,Y+31
 1080 0738 A8A1      		ldd r26,Y+32
 1081 073a B9A1      		ldd r27,Y+33
 1082 073c 8A83      		std Y+2,r24
 1083 073e 9B83      		std Y+3,r25
 1084 0740 AC83      		std Y+4,r26
 1085 0742 BD83      		std Y+5,r27
 1086               	.LVL83:
 1087               	.LM136:
 1088 0744 1E82      		std Y+6,__zero_reg__
 1089 0746 1F82      		std Y+7,__zero_reg__
 1090 0748 1886      		std Y+8,__zero_reg__
 1091 074a 1986      		std Y+9,__zero_reg__
 1092               	.LVL84:
 1093               	.LM137:
 1094 074c 8091 0000 		lds r24,console_vars+18
 1095 0750 9091 0000 		lds r25,(console_vars+18)+1
 1096 0754 60E0      		ldi r22,lo8(__c.2250)
 1097 0756 70E0      		ldi r23,hi8(__c.2250)
 1098 0758 0E94 0000 		call fifo_write_string_P
 1099               	.LM138:
 1100 075c 80E0      		ldi r24,lo8(text)
 1101 075e 90E0      		ldi r25,hi8(text)
 1102 0760 64E6      		ldi r22,lo8(100)
 1103 0762 70E0      		ldi r23,hi8(100)
 1104 0764 0E94 0000 		call getline
 1105 0768 8823      		tst r24
 1106 076a 01F0      		breq .+2
 1107 076c 00C0      		rjmp .L91
 1108               	.LM139:
 1109 076e 14E2      		ldi r17,lo8(36)
 1110 0770 C12E      		mov r12,r17
 1111 0772 D12C      		mov r13,__zero_reg__
 1112 0774 CC0E      		add r12,r28
 1113 0776 DD1E      		adc r13,r29
 1114 0778 4A85      		ldd r20,Y+10
 1115 077a 5B85      		ldd r21,Y+11
 1116 077c 6C85      		ldd r22,Y+12
 1117 077e 7D85      		ldd r23,Y+13
 1118 0780 EA80      		ldd r14,Y+2
 1119 0782 FB80      		ldd r15,Y+3
 1120 0784 0C81      		ldd r16,Y+4
 1121 0786 1D81      		ldd r17,Y+5
 1122 0788 C601      		movw r24,r12
 1123 078a 20E0      		ldi r18,lo8(text)
 1124 078c 30E0      		ldi r19,hi8(text)
 1125 078e 0E94 0000 		call fat_file_create
 1126 0792 5C2C      		mov r5,r12
 1127 0794 CD2C      		mov r12,r13
 1128 0796 00C0      		rjmp .L92
 1129               	.LVL85:
 1130               	.L65:
 1131               	.LM140:
 1132 0798 8A89      		ldd r24,Y+18
 1133 079a 9B89      		ldd r25,Y+19
 1134 079c AC89      		ldd r26,Y+20
 1135 079e BD89      		ldd r27,Y+21
 1136               	.LVL86:
 1137 07a0 8815      		cp r24,r8
 1138 07a2 9905      		cpc r25,r9
 1139 07a4 AA05      		cpc r26,r10
 1140 07a6 BB05      		cpc r27,r11
 1141 07a8 01F0      		breq .L63
 1142               	.LM141:
 1143 07aa 4C01      		movw r8,r24
 1144 07ac 5D01      		movw r10,r26
 1145               	.LM142:
 1146 07ae 8091 0000 		lds r24,console_vars+18
 1147 07b2 9091 0000 		lds r25,(console_vars+18)+1
 1148 07b6 60E0      		ldi r22,lo8(__c.2252)
 1149 07b8 70E0      		ldi r23,hi8(__c.2252)
 1150 07ba 0E94 0000 		call fifo_write_string_P
 1151               	.L63:
 1152               	.LM143:
 1153 07be EA80      		ldd r14,Y+2
 1154 07c0 FB80      		ldd r15,Y+3
 1155 07c2 0C81      		ldd r16,Y+4
 1156 07c4 1D81      		ldd r17,Y+5
 1157 07c6 2E81      		ldd r18,Y+6
 1158 07c8 3F81      		ldd r19,Y+7
 1159 07ca 4885      		ldd r20,Y+8
 1160 07cc 5985      		ldd r21,Y+9
 1161 07ce F0E0      		ldi r31,lo8(512)
 1162 07d0 EF16      		cp r14,r31
 1163 07d2 F2E0      		ldi r31,hi8(512)
 1164 07d4 FF06      		cpc r15,r31
 1165 07d6 F0E0      		ldi r31,hlo8(512)
 1166 07d8 0F07      		cpc r16,r31
 1167 07da F0E0      		ldi r31,hhi8(512)
 1168 07dc 1F07      		cpc r17,r31
 1169 07de 04F4      		brge .L64
 1170               	.LVL87:
 1171               	.LM144:
 1172 07e0 C301      		movw r24,r6
 1173 07e2 60E0      		ldi r22,lo8(copy_buffer)
 1174 07e4 70E0      		ldi r23,hi8(copy_buffer)
 1175 07e6 0E94 0000 		call fat_file_read
 1176               	.LVL88:
 1177               	.LM145:
 1178 07ea 2E81      		ldd r18,Y+6
 1179 07ec 3F81      		ldd r19,Y+7
 1180 07ee 4885      		ldd r20,Y+8
 1181 07f0 5985      		ldd r21,Y+9
 1182 07f2 EA80      		ldd r14,Y+2
 1183 07f4 FB80      		ldd r15,Y+3
 1184 07f6 0C81      		ldd r16,Y+4
 1185 07f8 1D81      		ldd r17,Y+5
 1186 07fa 852D      		mov r24,r5
 1187 07fc 9C2D      		mov r25,r12
 1188 07fe 60E0      		ldi r22,lo8(copy_buffer)
 1189 0800 70E0      		ldi r23,hi8(copy_buffer)
 1190 0802 0E94 0000 		call fat_file_write
 1191               	.LM146:
 1192 0806 1A82      		std Y+2,__zero_reg__
 1193 0808 1B82      		std Y+3,__zero_reg__
 1194 080a 1C82      		std Y+4,__zero_reg__
 1195 080c 1D82      		std Y+5,__zero_reg__
 1196               	.LVL89:
 1197 080e 00C0      		rjmp .L92
 1198               	.LVL90:
 1199               	.L64:
 1200               	.LM147:
 1201 0810 C301      		movw r24,r6
 1202 0812 60E0      		ldi r22,lo8(copy_buffer)
 1203 0814 70E0      		ldi r23,hi8(copy_buffer)
 1204 0816 E12C      		mov r14,__zero_reg__
 1205 0818 B2E0      		ldi r27,hi8(512)
 1206 081a FB2E      		mov r15,r27
 1207 081c 012D      		mov r16,__zero_reg__
 1208 081e 112D      		mov r17,__zero_reg__
 1209 0820 0E94 0000 		call fat_file_read
 1210               	.LVL91:
 1211               	.LM148:
 1212 0824 2E81      		ldd r18,Y+6
 1213 0826 3F81      		ldd r19,Y+7
 1214 0828 4885      		ldd r20,Y+8
 1215 082a 5985      		ldd r21,Y+9
 1216 082c 852D      		mov r24,r5
 1217 082e 9C2D      		mov r25,r12
 1218 0830 60E0      		ldi r22,lo8(copy_buffer)
 1219 0832 70E0      		ldi r23,hi8(copy_buffer)
 1220 0834 0E94 0000 		call fat_file_write
 1221               	.LM149:
 1222 0838 8A81      		ldd r24,Y+2
 1223 083a 9B81      		ldd r25,Y+3
 1224 083c AC81      		ldd r26,Y+4
 1225 083e BD81      		ldd r27,Y+5
 1226 0840 8050      		subi r24,lo8(-(-512))
 1227 0842 9240      		sbci r25,hi8(-(-512))
 1228 0844 A040      		sbci r26,hlo8(-(-512))
 1229 0846 B040      		sbci r27,hhi8(-(-512))
 1230               	.LVL92:
 1231 0848 8A83      		std Y+2,r24
 1232 084a 9B83      		std Y+3,r25
 1233 084c AC83      		std Y+4,r26
 1234 084e BD83      		std Y+5,r27
 1235               	.LM150:
 1236 0850 8E81      		ldd r24,Y+6
 1237 0852 9F81      		ldd r25,Y+7
 1238 0854 A885      		ldd r26,Y+8
 1239 0856 B985      		ldd r27,Y+9
 1240               	.LVL93:
 1241 0858 8050      		subi r24,lo8(-(512))
 1242 085a 9E4F      		sbci r25,hi8(-(512))
 1243 085c AF4F      		sbci r26,hlo8(-(512))
 1244 085e BF4F      		sbci r27,hhi8(-(512))
 1245               	.LVL94:
 1246 0860 8E83      		std Y+6,r24
 1247 0862 9F83      		std Y+7,r25
 1248 0864 A887      		std Y+8,r26
 1249 0866 B987      		std Y+9,r27
 1250               	.LVL95:
 1251               	.L92:
 1252               	.LM151:
 1253 0868 8A81      		ldd r24,Y+2
 1254 086a 9B81      		ldd r25,Y+3
 1255 086c AC81      		ldd r26,Y+4
 1256 086e BD81      		ldd r27,Y+5
 1257 0870 0097      		sbiw r24,0
 1258 0872 A105      		cpc r26,__zero_reg__
 1259 0874 B105      		cpc r27,__zero_reg__
 1260 0876 01F0      		breq .+2
 1261 0878 00C0      		rjmp .L65
 1262               	.LVL96:
 1263 087a 00C0      		rjmp .L91
 1264               	.LVL97:
 1265               	.L66:
 1266               	.LM152:
 1267 087c 8091 0000 		lds r24,console_vars+18
 1268 0880 9091 0000 		lds r25,(console_vars+18)+1
 1269               	.LVL98:
 1270 0884 60E0      		ldi r22,lo8(__c.2258)
 1271 0886 70E0      		ldi r23,hi8(__c.2258)
 1272 0888 0E94 0000 		call fifo_write_string_P
 1273               	.LM153:
 1274 088c 80E0      		ldi r24,lo8(text)
 1275 088e 90E0      		ldi r25,hi8(text)
 1276 0890 64E6      		ldi r22,lo8(100)
 1277 0892 70E0      		ldi r23,hi8(100)
 1278 0894 0E94 0000 		call getline
 1279 0898 8823      		tst r24
 1280 089a 01F0      		breq .+2
 1281 089c 00C0      		rjmp .L67
 1282               	.LM154:
 1283 089e 4A85      		ldd r20,Y+10
 1284 08a0 5B85      		ldd r21,Y+11
 1285 08a2 6C85      		ldd r22,Y+12
 1286 08a4 7D85      		ldd r23,Y+13
 1287 08a6 C301      		movw r24,r6
 1288 08a8 20E0      		ldi r18,lo8(text)
 1289 08aa 30E0      		ldi r19,hi8(text)
 1290 08ac 0E94 0000 		call fat_file_locate
 1291 08b0 8823      		tst r24
 1292 08b2 01F4      		brne .+2
 1293 08b4 00C0      		rjmp .L67
 1294               	.LM155:
 1295 08b6 8E8D      		ldd r24,Y+30
 1296 08b8 9F8D      		ldd r25,Y+31
 1297 08ba A8A1      		ldd r26,Y+32
 1298 08bc B9A1      		ldd r27,Y+33
 1299 08be 8A83      		std Y+2,r24
 1300 08c0 9B83      		std Y+3,r25
 1301 08c2 AC83      		std Y+4,r26
 1302 08c4 BD83      		std Y+5,r27
 1303               	.LVL99:
 1304               	.LM156:
 1305 08c6 1E82      		std Y+6,__zero_reg__
 1306 08c8 1F82      		std Y+7,__zero_reg__
 1307 08ca 1886      		std Y+8,__zero_reg__
 1308 08cc 1986      		std Y+9,__zero_reg__
 1309               	.LVL100:
 1310               	.LM157:
 1311 08ce AFE5      		ldi r26,lo8(95)
 1312 08d0 CA2E      		mov r12,r26
 1313 08d2 00C0      		rjmp .L68
 1314               	.LVL101:
 1315               	.L70:
 1316               	.LM158:
 1317 08d4 2E81      		ldd r18,Y+6
 1318 08d6 3F81      		ldd r19,Y+7
 1319 08d8 4885      		ldd r20,Y+8
 1320 08da 5985      		ldd r21,Y+9
 1321 08dc C301      		movw r24,r6
 1322               	.LVL102:
 1323 08de BE01      		movw r22,r28
 1324 08e0 6F5F      		subi r22,lo8(-(1))
 1325 08e2 7F4F      		sbci r23,hi8(-(1))
 1326 08e4 F1E0      		ldi r31,lo8(1)
 1327 08e6 EF2E      		mov r14,r31
 1328 08e8 F12C      		mov r15,__zero_reg__
 1329 08ea 012D      		mov r16,__zero_reg__
 1330 08ec 112D      		mov r17,__zero_reg__
 1331 08ee 0E94 0000 		call fat_file_read
 1332               	.LM159:
 1333 08f2 8981      		ldd r24,Y+1
 1334 08f4 8F77      		andi r24,lo8(127)
 1335               	.LVL103:
 1336 08f6 8983      		std Y+1,r24
 1337               	.LM160:
 1338 08f8 8032      		cpi r24,lo8(32)
 1339 08fa 00F4      		brsh .L69
 1340 08fc 8A30      		cpi r24,lo8(10)
 1341 08fe 01F0      		breq .L69
 1342 0900 8D30      		cpi r24,lo8(13)
 1343 0902 01F0      		breq .L69
 1344               	.LM161:
 1345 0904 C982      		std Y+1,r12
 1346               	.LVL104:
 1347               	.L69:
 1348               	.LM162:
 1349 0906 8091 0000 		lds r24,console_vars+18
 1350 090a 9091 0000 		lds r25,(console_vars+18)+1
 1351 090e 6981      		ldd r22,Y+1
 1352 0910 0E94 0000 		call fifo_write_char
 1353               	.LM163:
 1354 0914 8A81      		ldd r24,Y+2
 1355 0916 9B81      		ldd r25,Y+3
 1356 0918 AC81      		ldd r26,Y+4
 1357 091a BD81      		ldd r27,Y+5
 1358 091c 0197      		sbiw r24,1
 1359 091e A109      		sbc r26,__zero_reg__
 1360 0920 B109      		sbc r27,__zero_reg__
 1361               	.LVL105:
 1362 0922 8A83      		std Y+2,r24
 1363 0924 9B83      		std Y+3,r25
 1364 0926 AC83      		std Y+4,r26
 1365 0928 BD83      		std Y+5,r27
 1366               	.LM164:
 1367 092a 8E81      		ldd r24,Y+6
 1368 092c 9F81      		ldd r25,Y+7
 1369 092e A885      		ldd r26,Y+8
 1370 0930 B985      		ldd r27,Y+9
 1371               	.LVL106:
 1372 0932 0196      		adiw r24,1
 1373 0934 A11D      		adc r26,__zero_reg__
 1374 0936 B11D      		adc r27,__zero_reg__
 1375               	.LVL107:
 1376 0938 8E83      		std Y+6,r24
 1377 093a 9F83      		std Y+7,r25
 1378 093c A887      		std Y+8,r26
 1379 093e B987      		std Y+9,r27
 1380               	.LVL108:
 1381               	.L68:
 1382               	.LM165:
 1383 0940 8A81      		ldd r24,Y+2
 1384 0942 9B81      		ldd r25,Y+3
 1385 0944 AC81      		ldd r26,Y+4
 1386 0946 BD81      		ldd r27,Y+5
 1387 0948 0097      		sbiw r24,0
 1388 094a A105      		cpc r26,__zero_reg__
 1389 094c B105      		cpc r27,__zero_reg__
 1390 094e 01F4      		brne .L70
 1391               	.LVL109:
 1392               	.L67:
 1393               	.LM166:
 1394 0950 8091 0000 		lds r24,console_vars+18
 1395 0954 9091 0000 		lds r25,(console_vars+18)+1
 1396 0958 60E0      		ldi r22,lo8(__c.2263)
 1397 095a 70E0      		ldi r23,hi8(__c.2263)
 1398 095c 00C0      		rjmp .L96
 1399               	.LVL110:
 1400               	.L101:
 1401               	.LM167:
 1402 095e 8091 0000 		lds r24,console_vars+18
 1403 0962 9091 0000 		lds r25,(console_vars+18)+1
 1404               	.LVL111:
 1405 0966 60E0      		ldi r22,lo8(__c.2266)
 1406 0968 70E0      		ldi r23,hi8(__c.2266)
 1407 096a 0E94 0000 		call fifo_write_string_P
 1408               	.LM168:
 1409 096e 80E0      		ldi r24,lo8(text)
 1410 0970 90E0      		ldi r25,hi8(text)
 1411 0972 64E6      		ldi r22,lo8(100)
 1412 0974 70E0      		ldi r23,hi8(100)
 1413 0976 0E94 0000 		call getline
 1414 097a 8823      		tst r24
 1415 097c 01F0      		breq .+2
 1416 097e 00C0      		rjmp .L91
 1417               	.LM169:
 1418 0980 4A85      		ldd r20,Y+10
 1419 0982 5B85      		ldd r21,Y+11
 1420 0984 6C85      		ldd r22,Y+12
 1421 0986 7D85      		ldd r23,Y+13
 1422 0988 C301      		movw r24,r6
 1423 098a 20E0      		ldi r18,lo8(text)
 1424 098c 30E0      		ldi r19,hi8(text)
 1425 098e 0E94 0000 		call fat_file_locate
 1426 0992 8823      		tst r24
 1427 0994 01F4      		brne .+2
 1428 0996 00C0      		rjmp .L91
 1429               	.LM170:
 1430 0998 8E8D      		ldd r24,Y+30
 1431 099a 9F8D      		ldd r25,Y+31
 1432 099c A8A1      		ldd r26,Y+32
 1433 099e B9A1      		ldd r27,Y+33
 1434 09a0 8A83      		std Y+2,r24
 1435 09a2 9B83      		std Y+3,r25
 1436 09a4 AC83      		std Y+4,r26
 1437 09a6 BD83      		std Y+5,r27
 1438               	.LVL112:
 1439               	.LM171:
 1440 09a8 1E82      		std Y+6,__zero_reg__
 1441 09aa 1F82      		std Y+7,__zero_reg__
 1442 09ac 1886      		std Y+8,__zero_reg__
 1443 09ae 1986      		std Y+9,__zero_reg__
 1444               	.LVL113:
 1445 09b0 00C0      		rjmp .L93
 1446               	.LVL114:
 1447               	.L77:
 1448               	.LM172:
 1449 09b2 8A89      		ldd r24,Y+18
 1450 09b4 9B89      		ldd r25,Y+19
 1451 09b6 AC89      		ldd r26,Y+20
 1452 09b8 BD89      		ldd r27,Y+21
 1453               	.LVL115:
 1454 09ba 8815      		cp r24,r8
 1455 09bc 9905      		cpc r25,r9
 1456 09be AA05      		cpc r26,r10
 1457 09c0 BB05      		cpc r27,r11
 1458 09c2 01F0      		breq .L73
 1459               	.LM173:
 1460 09c4 4C01      		movw r8,r24
 1461 09c6 5D01      		movw r10,r26
 1462               	.LM174:
 1463 09c8 8091 0000 		lds r24,console_vars+18
 1464 09cc 9091 0000 		lds r25,(console_vars+18)+1
 1465 09d0 60E0      		ldi r22,lo8(__c.2268)
 1466 09d2 70E0      		ldi r23,hi8(__c.2268)
 1467 09d4 0E94 0000 		call fifo_write_string_P
 1468               	.LM175:
 1469 09d8 0091 0000 		lds r16,console_vars+18
 1470 09dc 1091 0000 		lds r17,(console_vars+18)+1
 1471 09e0 C501      		movw r24,r10
 1472 09e2 B401      		movw r22,r8
 1473 09e4 40E0      		ldi r20,lo8(text)
 1474 09e6 50E0      		ldi r21,hi8(text)
 1475 09e8 2AE0      		ldi r18,lo8(10)
 1476 09ea 30E0      		ldi r19,hi8(10)
 1477 09ec 0E94 0000 		call ltoa
 1478 09f0 BC01      		movw r22,r24
 1479 09f2 C801      		movw r24,r16
 1480 09f4 0E94 0000 		call fifo_write_string
 1481               	.LM176:
 1482 09f8 8091 0000 		lds r24,console_vars+18
 1483 09fc 9091 0000 		lds r25,(console_vars+18)+1
 1484 0a00 60E0      		ldi r22,lo8(__c.2270)
 1485 0a02 70E0      		ldi r23,hi8(__c.2270)
 1486 0a04 0E94 0000 		call fifo_write_string_P
 1487               	.L73:
 1488               	.LM177:
 1489 0a08 1092 0000 		sts audio_swapflag,__zero_reg__
 1490 0a0c 00C0      		rjmp .L74
 1491               	.L75:
 1492               	.LM178:
 1493 0a0e 0E94 0000 		call main_fly
 1494               	.L74:
 1495               	.LM179:
 1496 0a12 8091 0000 		lds r24,audio_swapflag
 1497 0a16 8823      		tst r24
 1498 0a18 01F0      		breq .L75
 1499               	.LM180:
 1500 0a1a EA80      		ldd r14,Y+2
 1501 0a1c FB80      		ldd r15,Y+3
 1502 0a1e 0C81      		ldd r16,Y+4
 1503 0a20 1D81      		ldd r17,Y+5
 1504 0a22 2E81      		ldd r18,Y+6
 1505 0a24 3F81      		ldd r19,Y+7
 1506 0a26 4885      		ldd r20,Y+8
 1507 0a28 5985      		ldd r21,Y+9
 1508 0a2a 6091 0000 		lds r22,audio_buffer
 1509 0a2e 7091 0000 		lds r23,(audio_buffer)+1
 1510 0a32 80E0      		ldi r24,lo8(512)
 1511 0a34 E816      		cp r14,r24
 1512 0a36 82E0      		ldi r24,hi8(512)
 1513 0a38 F806      		cpc r15,r24
 1514 0a3a 80E0      		ldi r24,hlo8(512)
 1515 0a3c 0807      		cpc r16,r24
 1516 0a3e 80E0      		ldi r24,hhi8(512)
 1517 0a40 1807      		cpc r17,r24
 1518 0a42 04F4      		brge .L76
 1519               	.LVL116:
 1520               	.LM181:
 1521 0a44 C301      		movw r24,r6
 1522 0a46 0E94 0000 		call fat_file_read
 1523               	.LVL117:
 1524               	.LM182:
 1525 0a4a 8A81      		ldd r24,Y+2
 1526 0a4c 9B81      		ldd r25,Y+3
 1527 0a4e AC81      		ldd r26,Y+4
 1528 0a50 BD81      		ldd r27,Y+5
 1529 0a52 E0E0      		ldi r30,lo8(512)
 1530 0a54 F2E0      		ldi r31,hi8(512)
 1531 0a56 E81B      		sub r30,r24
 1532 0a58 F90B      		sbc r31,r25
 1533 0a5a 2091 0000 		lds r18,audio_buffer
 1534 0a5e 3091 0000 		lds r19,(audio_buffer)+1
 1535 0a62 280F      		add r18,r24
 1536 0a64 391F      		adc r19,r25
 1537 0a66 C901      		movw r24,r18
 1538 0a68 60E8      		ldi r22,lo8(128)
 1539 0a6a 70E0      		ldi r23,hi8(128)
 1540 0a6c AF01      		movw r20,r30
 1541 0a6e 0E94 0000 		call memset
 1542               	.LM183:
 1543 0a72 1A82      		std Y+2,__zero_reg__
 1544 0a74 1B82      		std Y+3,__zero_reg__
 1545 0a76 1C82      		std Y+4,__zero_reg__
 1546 0a78 1D82      		std Y+5,__zero_reg__
 1547               	.LVL118:
 1548 0a7a 00C0      		rjmp .L93
 1549               	.LVL119:
 1550               	.L76:
 1551               	.LM184:
 1552 0a7c C301      		movw r24,r6
 1553 0a7e E12C      		mov r14,__zero_reg__
 1554 0a80 E2E0      		ldi r30,hi8(512)
 1555 0a82 FE2E      		mov r15,r30
 1556 0a84 012D      		mov r16,__zero_reg__
 1557 0a86 112D      		mov r17,__zero_reg__
 1558 0a88 0E94 0000 		call fat_file_read
 1559               	.LVL120:
 1560               	.LM185:
 1561 0a8c 8A81      		ldd r24,Y+2
 1562 0a8e 9B81      		ldd r25,Y+3
 1563 0a90 AC81      		ldd r26,Y+4
 1564 0a92 BD81      		ldd r27,Y+5
 1565 0a94 8050      		subi r24,lo8(-(-512))
 1566 0a96 9240      		sbci r25,hi8(-(-512))
 1567 0a98 A040      		sbci r26,hlo8(-(-512))
 1568 0a9a B040      		sbci r27,hhi8(-(-512))
 1569               	.LVL121:
 1570 0a9c 8A83      		std Y+2,r24
 1571 0a9e 9B83      		std Y+3,r25
 1572 0aa0 AC83      		std Y+4,r26
 1573 0aa2 BD83      		std Y+5,r27
 1574               	.LM186:
 1575 0aa4 8E81      		ldd r24,Y+6
 1576 0aa6 9F81      		ldd r25,Y+7
 1577 0aa8 A885      		ldd r26,Y+8
 1578 0aaa B985      		ldd r27,Y+9
 1579               	.LVL122:
 1580 0aac 8050      		subi r24,lo8(-(512))
 1581 0aae 9E4F      		sbci r25,hi8(-(512))
 1582 0ab0 AF4F      		sbci r26,hlo8(-(512))
 1583 0ab2 BF4F      		sbci r27,hhi8(-(512))
 1584               	.LVL123:
 1585 0ab4 8E83      		std Y+6,r24
 1586 0ab6 9F83      		std Y+7,r25
 1587 0ab8 A887      		std Y+8,r26
 1588 0aba B987      		std Y+9,r27
 1589               	.LVL124:
 1590               	.L93:
 1591               	.LM187:
 1592 0abc 8A81      		ldd r24,Y+2
 1593 0abe 9B81      		ldd r25,Y+3
 1594 0ac0 AC81      		ldd r26,Y+4
 1595 0ac2 BD81      		ldd r27,Y+5
 1596 0ac4 0097      		sbiw r24,0
 1597 0ac6 A105      		cpc r26,__zero_reg__
 1598 0ac8 B105      		cpc r27,__zero_reg__
 1599 0aca 01F0      		breq .+2
 1600 0acc 00C0      		rjmp .L77
 1601               	.LVL125:
 1602               	.LM188:
 1603 0ace 1092 0000 		sts audio_swapflag,__zero_reg__
 1604 0ad2 00C0      		rjmp .L78
 1605               	.LVL126:
 1606               	.L79:
 1607               	.LM189:
 1608 0ad4 0E94 0000 		call main_fly
 1609               	.LVL127:
 1610               	.L78:
 1611               	.LM190:
 1612 0ad8 8091 0000 		lds r24,audio_swapflag
 1613 0adc 8823      		tst r24
 1614 0ade 01F0      		breq .L79
 1615               	.LM191:
 1616 0ae0 8091 0000 		lds r24,audio_buffer
 1617 0ae4 9091 0000 		lds r25,(audio_buffer)+1
 1618 0ae8 60E8      		ldi r22,lo8(128)
 1619 0aea 70E0      		ldi r23,hi8(128)
 1620 0aec 40E0      		ldi r20,lo8(512)
 1621 0aee 52E0      		ldi r21,hi8(512)
 1622 0af0 0E94 0000 		call memset
 1623               	.LM192:
 1624 0af4 1092 0000 		sts audio_swapflag,__zero_reg__
 1625 0af8 00C0      		rjmp .L80
 1626               	.L81:
 1627               	.LM193:
 1628 0afa 0E94 0000 		call main_fly
 1629               	.L80:
 1630               	.LM194:
 1631 0afe 8091 0000 		lds r24,audio_swapflag
 1632 0b02 8823      		tst r24
 1633 0b04 01F0      		breq .L81
 1634               	.LM195:
 1635 0b06 8091 0000 		lds r24,audio_buffer
 1636 0b0a 9091 0000 		lds r25,(audio_buffer)+1
 1637 0b0e 60E8      		ldi r22,lo8(128)
 1638 0b10 70E0      		ldi r23,hi8(128)
 1639 0b12 40E0      		ldi r20,lo8(512)
 1640 0b14 52E0      		ldi r21,hi8(512)
 1641 0b16 0E94 0000 		call memset
 1642 0b1a 00C0      		rjmp .L91
 1643               	.LVL128:
 1644               	.L46:
 1645               	.LM196:
 1646 0b1c 892B      		or r24,r25
 1647 0b1e 01F0      		breq .+2
 1648 0b20 00C0      		rjmp .L91
 1649               	.LVL129:
 1650               	.L85:
 1651               	.LM197:
 1652 0b22 8091 0000 		lds r24,console_vars+18
 1653 0b26 9091 0000 		lds r25,(console_vars+18)+1
 1654               	.LVL130:
 1655 0b2a 60E0      		ldi r22,lo8(__c.2286)
 1656 0b2c 70E0      		ldi r23,hi8(__c.2286)
 1657 0b2e 0E94 0000 		call fifo_write_string_P
 1658               	/* epilogue start */
 1659               	.LM198:
 1660 0b32 E996      		adiw r28,57
 1661 0b34 0FB6      		in __tmp_reg__,__SREG__
 1662 0b36 F894      		cli
 1663 0b38 DEBF      		out __SP_H__,r29
 1664 0b3a 0FBE      		out __SREG__,__tmp_reg__
 1665 0b3c CDBF      		out __SP_L__,r28
 1666 0b3e CF91      		pop r28
 1667 0b40 DF91      		pop r29
 1668 0b42 1F91      		pop r17
 1669 0b44 0F91      		pop r16
 1670               	.LVL131:
 1671 0b46 FF90      		pop r15
 1672 0b48 EF90      		pop r14
 1673 0b4a DF90      		pop r13
 1674 0b4c CF90      		pop r12
 1675 0b4e BF90      		pop r11
 1676 0b50 AF90      		pop r10
 1677 0b52 9F90      		pop r9
 1678 0b54 8F90      		pop r8
 1679               	.LVL132:
 1680 0b56 7F90      		pop r7
 1681 0b58 6F90      		pop r6
 1682 0b5a 5F90      		pop r5
 1683 0b5c 3F90      		pop r3
 1684 0b5e 2F90      		pop r2
 1685 0b60 0895      		ret
 1686               	.LVL133:
 1687               	.L38:
 1688               	.LM199:
 1689 0b62 8830      		cpi r24,8
 1690 0b64 9105      		cpc r25,__zero_reg__
 1691 0b66 01F4      		brne .+2
 1692 0b68 00C0      		rjmp .L55
 1693 0b6a 8930      		cpi r24,9
 1694 0b6c 9105      		cpc r25,__zero_reg__
 1695 0b6e 04F4      		brge .L82
 1696 0b70 8430      		cpi r24,4
 1697 0b72 9105      		cpc r25,__zero_reg__
 1698 0b74 01F4      		brne .+2
 1699 0b76 00C0      		rjmp .L51
 1700 0b78 8530      		cpi r24,5
 1701 0b7a 9105      		cpc r25,__zero_reg__
 1702 0b7c 04F4      		brge .L83
 1703 0b7e 8230      		cpi r24,2
 1704 0b80 9105      		cpc r25,__zero_reg__
 1705 0b82 01F4      		brne .+2
 1706 0b84 00C0      		rjmp .L47
 1707 0b86 8330      		cpi r24,3
 1708 0b88 9105      		cpc r25,__zero_reg__
 1709 0b8a 04F0      		brlt .+2
 1710 0b8c 00C0      		rjmp .L49
 1711 0b8e 8130      		cpi r24,1
 1712 0b90 9105      		cpc r25,__zero_reg__
 1713 0b92 01F4      		brne .L46
 1714 0b94 00C0      		rjmp .L98
 1715               	.L83:
 1716 0b96 8630      		cpi r24,6
 1717 0b98 9105      		cpc r25,__zero_reg__
 1718 0b9a 01F4      		brne .+2
 1719 0b9c 00C0      		rjmp .L53
 1720 0b9e 0797      		sbiw r24,7
 1721 0ba0 04F0      		brlt .+2
 1722 0ba2 00C0      		rjmp .L54
 1723 0ba4 00C0      		rjmp .L99
 1724               	.L82:
 1725 0ba6 8C30      		cpi r24,12
 1726 0ba8 9105      		cpc r25,__zero_reg__
 1727 0baa 01F4      		brne .+2
 1728 0bac 00C0      		rjmp .L59
 1729 0bae 8D30      		cpi r24,13
 1730 0bb0 9105      		cpc r25,__zero_reg__
 1731 0bb2 04F4      		brge .L84
 1732 0bb4 8A30      		cpi r24,10
 1733 0bb6 9105      		cpc r25,__zero_reg__
 1734 0bb8 01F4      		brne .+2
 1735 0bba 00C0      		rjmp .L57
 1736 0bbc 0B97      		sbiw r24,11
 1737 0bbe 04F0      		brlt .+2
 1738 0bc0 00C0      		rjmp .L90
 1739 0bc2 00C0      		rjmp .L100
 1740               	.L84:
 1741 0bc4 8E30      		cpi r24,14
 1742 0bc6 9105      		cpc r25,__zero_reg__
 1743 0bc8 01F4      		brne .+2
 1744 0bca 00C0      		rjmp .L66
 1745 0bcc 8E30      		cpi r24,14
 1746 0bce 9105      		cpc r25,__zero_reg__
 1747 0bd0 04F4      		brge .+2
 1748 0bd2 00C0      		rjmp .L61
 1749 0bd4 8F30      		cpi r24,15
 1750 0bd6 9105      		cpc r25,__zero_reg__
 1751 0bd8 01F0      		breq .+2
 1752 0bda 00C0      		rjmp .L46
 1753 0bdc 00C0      		rjmp .L101
 1754               	.LVL134:
 1755               	.L35:
 1756               	.LM200:
 1757 0bde 8330      		cpi r24,lo8(3)
 1758 0be0 01F4      		brne .+2
 1759 0be2 00C0      		rjmp .L91
 1760 0be4 00C0      		rjmp .L85
 1761               	.LFE16:
 1763               	.global	console_init
 1765               	console_init:
 1766               	.LFB15:
 1767               	.LM201:
 1768 0be6 0F93      		push r16
 1769 0be8 1F93      		push r17
 1770               	/* prologue: function */
 1771               	/* frame size = 0 */
 1772               	.LM202:
 1773 0bea 80E0      		ldi r24,lo8(console_vars)
 1774 0bec 90E0      		ldi r25,hi8(console_vars)
 1775 0bee 60E1      		ldi r22,lo8(16)
 1776 0bf0 70E0      		ldi r23,hi8(16)
 1777 0bf2 40E0      		ldi r20,lo8(0)
 1778 0bf4 50E0      		ldi r21,hi8(0)
 1779 0bf6 20E0      		ldi r18,lo8(0)
 1780 0bf8 30E0      		ldi r19,hi8(0)
 1781 0bfa 00E0      		ldi r16,lo8(0)
 1782 0bfc 10E0      		ldi r17,hi8(0)
 1783 0bfe 0E94 0000 		call fifo_init
 1784               	/* epilogue start */
 1785               	.LM203:
 1786 0c02 1F91      		pop r17
 1787 0c04 0F91      		pop r16
 1788 0c06 0895      		ret
 1789               	.LFE15:
 1791               		.section	.progmem.data,"a",@progbits
 1794               	__c.2286:
 1795 0000 4578 6974 		.string	"Exit\r\n"
 1795      0D0A 00
 1798               	__c.2270:
 1799 0007 0D0A 00   		.string	"\r\n"
 1802               	__c.2268:
 1803 000a 436C 7573 		.string	"Cluster - "
 1803      7465 7220 
 1803      2D20 00
 1806               	__c.2266:
 1807 0015 456E 7465 		.string	"Enter file name >"
 1807      7220 6669 
 1807      6C65 206E 
 1807      616D 6520 
 1807      3E00 
 1810               	__c.2263:
 1811 0027 0D0A 0D0A 		.string	"\r\n\r\n"
 1811      00
 1814               	__c.2258:
 1815 002c 456E 7465 		.string	"Enter file name >"
 1815      7220 6669 
 1815      6C65 206E 
 1815      616D 6520 
 1815      3E00 
 1818               	__c.2252:
 1819 003e 2E00      		.string	"."
 1822               	__c.2250:
 1823 0040 456E 7465 		.string	"Enter target file name >"
 1823      7220 7461 
 1823      7267 6574 
 1823      2066 696C 
 1823      6520 6E61 
 1826               	__c.2248:
 1827 0059 456E 7465 		.string	"Enter file name >"
 1827      7220 6669 
 1827      6C65 206E 
 1827      616D 6520 
 1827      3E00 
 1830               	__c.2243:
 1831 006b 456E 7465 		.string	"Enter start index (esc to finish)"
 1831      7220 7374 
 1831      6172 7420 
 1831      696E 6465 
 1831      7820 2865 
 1834               	__c.2241:
 1835 008d 456E 7465 		.string	"Enter directory base cluster "
 1835      7220 6469 
 1835      7265 6374 
 1835      6F72 7920 
 1835      6261 7365 
 1838               	__c.2236:
 1839 00ab 456E 7465 		.string	"Enter start cluster (esc to finish)"
 1839      7220 7374 
 1839      6172 7420 
 1839      636C 7573 
 1839      7465 7220 
 1842               	__c.2233:
 1843 00cf 456E 7465 		.string	"Enter some text to append >"
 1843      7220 736F 
 1843      6D65 2074 
 1843      6578 7420 
 1843      746F 2061 
 1846               	__c.2231:
 1847 00eb 456E 7465 		.string	"Enter file name >"
 1847      7220 6669 
 1847      6C65 206E 
 1847      616D 6520 
 1847      3E00 
 1850               	__c.2228:
 1851 00fd 456E 7465 		.string	"Enter file name >"
 1851      7220 6669 
 1851      6C65 206E 
 1851      616D 6520 
 1851      3E00 
 1854               	__c.2225:
 1855 010f 456E 7465 		.string	"Enter sub directory name >"
 1855      7220 7375 
 1855      6220 6469 
 1855      7265 6374 
 1855      6F72 7920 
 1858               	__c.2222:
 1859 012a 456E 7465 		.string	"Enter sub directory name >"
 1859      7220 7375 
 1859      6220 6469 
 1859      7265 6374 
 1859      6F72 7920 
 1862               	__c.2219:
 1863 0145 456E 7465 		.string	"Enter file name >"
 1863      7220 6669 
 1863      6C65 206E 
 1863      616D 6520 
 1863      3E00 
 1866               	__c.2217:
 1867 0157 456E 7465 		.string	"Enter file size >"
 1867      7220 6669 
 1867      6C65 2073 
 1867      697A 6520 
 1867      3E00 
 1870               	__c.2214:
 1871 0169 456E 7465 		.string	"Enter name >"
 1871      7220 6E61 
 1871      6D65 203E 
 1871      00
 1874               	__c.2210:
 1875 0176 4661 696C 		.string	"Failed.\r\n"
 1875      6564 2E0D 
 1875      0A00 
 1878               	__c.2208:
 1879 0180 4F4B 2E0D 		.string	"OK.\r\n"
 1879      0A00 
 1882               	__c.2205:
 1883 0186 4661 696C 		.string	"Failed.\r\n"
 1883      6564 2E0D 
 1883      0A00 
 1886               	__c.2203:
 1887 0190 4F4B 2E0D 		.string	"OK.\r\n"
 1887      0A00 
 1890               	__c.2198:
 1891 0196 0D0A 2A2A 		.ascii	"\r\n****** Menu ******\r\n1. Upload new firmware\r\n2. Init "
 1891      2A2A 2A2A 
 1891      204D 656E 
 1891      7520 2A2A 
 1891      2A2A 2A2A 
 1892 01cc 5344 2063 		.ascii	"SD card (do this first)\r\n3. Init FAT32 (do this second)\r\n"
 1892      6172 6420 
 1892      2864 6F20 
 1892      7468 6973 
 1892      2066 6972 
 1893 0205 342E 2044 		.ascii	"4. Directory\r\n5. Change directory\r\n6. Create file\r\n7. "
 1893      6972 6563 
 1893      746F 7279 
 1893      0D0A 352E 
 1893      2043 6861 
 1894 023b 4372 6561 		.ascii	"Create sub-directory\r\n8. Delete sub-directory\r\n9. Delete"
 1894      7465 2073 
 1894      7562 2D64 
 1894      6972 6563 
 1894      746F 7279 
 1895 0273 2066 696C 		.ascii	" file\r\n10. Append to file\r\n11. debug FAT table list\r\n1"
 1895      650D 0A31 
 1895      302E 2041 
 1895      7070 656E 
 1895      6420 746F 
 1896 02a9 322E 2064 		.ascii	"2. debug DIR table list\r\n13. copy file\r\n14. show file as"
 1896      6562 7567 
 1896      2044 4952 
 1896      2074 6162 
 1896      6C65 206C 
 1897 02e1 2074 6578 		.ascii	" tex"
 1898 02e5 740D 0A31 		.string	"t\r\n15. play raw sound file (15.686kHz 8-bit unsigned)\r\n0. exit\r\n"
 1898      352E 2070 
 1898      6C61 7920 
 1898      7261 7720 
 1898      736F 756E 
 1901               	__c.2400:
 1902 0326 0D0A 00   		.string	"\r\n"
 1905               	__c.2398:
 1906 0329 2061 6E64 		.string	" and "
 1906      2000 
 1909               	__c.2396:
 1910 032f 4F75 7420 		.string	"Out of range! Enter number between "
 1910      6F66 2072 
 1910      616E 6765 
 1910      2120 456E 
 1910      7465 7220 
 1913               	__c.2394:
 1914 0353 3E00      		.string	">"
 1917               	__c.2349:
 1918 0355 4361 6E6E 		.string	"Cannot use bootloader from this I/O device (hit space)\r\n"
 1918      6F74 2075 
 1918      7365 2062 
 1918      6F6F 746C 
 1918      6F61 6465 
 1921               	__c.2428:
 1922 038e 0D0A 00   		.string	"\r\n"
 1925               	__c.2426:
 1926 0391 2061 6E64 		.string	" and "
 1926      2000 
 1929               	__c.2424:
 1930 0397 4F75 7420 		.string	"Out of range! Enter number between "
 1930      6F66 2072 
 1930      616E 6765 
 1930      2120 456E 
 1930      7465 7220 
 1933               	__c.2422:
 1934 03bb 3E00      		.string	">"
 1937               	__c.2457:
 1938 03bd 0D0A 00   		.string	"\r\n"
 1941               	__c.2453:
 1942 03c0 0820 0800 		.string	"\b \b"
 1943               		.lcomm time,2
 1944               		.lcomm text,100
 1945               		.comm uart_isr_nest,1,1
 1946               		.comm console_vars,23,1
 1947               		.comm copy_buffer,512,1
 2004               	.Letext0:
DEFINED SYMBOLS
                            *ABS*:00000000 console.c
C:\DOCUME~1\Mick\LOCALS~1\Temp/ccDBiLbh.s:2      *ABS*:0000003f __SREG__
C:\DOCUME~1\Mick\LOCALS~1\Temp/ccDBiLbh.s:3      *ABS*:0000003e __SP_H__
C:\DOCUME~1\Mick\LOCALS~1\Temp/ccDBiLbh.s:4      *ABS*:0000003d __SP_L__
C:\DOCUME~1\Mick\LOCALS~1\Temp/ccDBiLbh.s:5      *ABS*:00000034 __CCP__
C:\DOCUME~1\Mick\LOCALS~1\Temp/ccDBiLbh.s:6      *ABS*:00000000 __tmp_reg__
C:\DOCUME~1\Mick\LOCALS~1\Temp/ccDBiLbh.s:7      *ABS*:00000001 __zero_reg__
C:\DOCUME~1\Mick\LOCALS~1\Temp/ccDBiLbh.s:18     .text:00000000 console_timer
                             .bss:00000000 time
C:\DOCUME~1\Mick\LOCALS~1\Temp/ccDBiLbh.s:39     .text:00000020 getline
                            *COM*:00000017 console_vars
C:\DOCUME~1\Mick\LOCALS~1\Temp/ccDBiLbh.s:1941   .progmem.data:000003c0 __c.2453
C:\DOCUME~1\Mick\LOCALS~1\Temp/ccDBiLbh.s:1937   .progmem.data:000003bd __c.2457
C:\DOCUME~1\Mick\LOCALS~1\Temp/ccDBiLbh.s:225    .text:0000012a getlong
C:\DOCUME~1\Mick\LOCALS~1\Temp/ccDBiLbh.s:1933   .progmem.data:000003bb __c.2422
C:\DOCUME~1\Mick\LOCALS~1\Temp/ccDBiLbh.s:1943   .bss:00000002 text
C:\DOCUME~1\Mick\LOCALS~1\Temp/ccDBiLbh.s:1929   .progmem.data:00000397 __c.2424
C:\DOCUME~1\Mick\LOCALS~1\Temp/ccDBiLbh.s:1925   .progmem.data:00000391 __c.2426
C:\DOCUME~1\Mick\LOCALS~1\Temp/ccDBiLbh.s:1921   .progmem.data:0000038e __c.2428
C:\DOCUME~1\Mick\LOCALS~1\Temp/ccDBiLbh.s:374    .text:0000022e console_main
C:\DOCUME~1\Mick\LOCALS~1\Temp/ccDBiLbh.s:1890   .progmem.data:00000196 __c.2198
C:\DOCUME~1\Mick\LOCALS~1\Temp/ccDBiLbh.s:1913   .progmem.data:00000353 __c.2394
C:\DOCUME~1\Mick\LOCALS~1\Temp/ccDBiLbh.s:1909   .progmem.data:0000032f __c.2396
C:\DOCUME~1\Mick\LOCALS~1\Temp/ccDBiLbh.s:1905   .progmem.data:00000329 __c.2398
C:\DOCUME~1\Mick\LOCALS~1\Temp/ccDBiLbh.s:1901   .progmem.data:00000326 __c.2400
C:\DOCUME~1\Mick\LOCALS~1\Temp/ccDBiLbh.s:1917   .progmem.data:00000355 __c.2349
C:\DOCUME~1\Mick\LOCALS~1\Temp/ccDBiLbh.s:1886   .progmem.data:00000190 __c.2203
C:\DOCUME~1\Mick\LOCALS~1\Temp/ccDBiLbh.s:1882   .progmem.data:00000186 __c.2205
C:\DOCUME~1\Mick\LOCALS~1\Temp/ccDBiLbh.s:1878   .progmem.data:00000180 __c.2208
C:\DOCUME~1\Mick\LOCALS~1\Temp/ccDBiLbh.s:1874   .progmem.data:00000176 __c.2210
C:\DOCUME~1\Mick\LOCALS~1\Temp/ccDBiLbh.s:1870   .progmem.data:00000169 __c.2214
C:\DOCUME~1\Mick\LOCALS~1\Temp/ccDBiLbh.s:1866   .progmem.data:00000157 __c.2217
C:\DOCUME~1\Mick\LOCALS~1\Temp/ccDBiLbh.s:1862   .progmem.data:00000145 __c.2219
C:\DOCUME~1\Mick\LOCALS~1\Temp/ccDBiLbh.s:1858   .progmem.data:0000012a __c.2222
C:\DOCUME~1\Mick\LOCALS~1\Temp/ccDBiLbh.s:1854   .progmem.data:0000010f __c.2225
C:\DOCUME~1\Mick\LOCALS~1\Temp/ccDBiLbh.s:1850   .progmem.data:000000fd __c.2228
C:\DOCUME~1\Mick\LOCALS~1\Temp/ccDBiLbh.s:1846   .progmem.data:000000eb __c.2231
C:\DOCUME~1\Mick\LOCALS~1\Temp/ccDBiLbh.s:1842   .progmem.data:000000cf __c.2233
C:\DOCUME~1\Mick\LOCALS~1\Temp/ccDBiLbh.s:1838   .progmem.data:000000ab __c.2236
C:\DOCUME~1\Mick\LOCALS~1\Temp/ccDBiLbh.s:1834   .progmem.data:0000008d __c.2241
C:\DOCUME~1\Mick\LOCALS~1\Temp/ccDBiLbh.s:1830   .progmem.data:0000006b __c.2243
C:\DOCUME~1\Mick\LOCALS~1\Temp/ccDBiLbh.s:1826   .progmem.data:00000059 __c.2248
C:\DOCUME~1\Mick\LOCALS~1\Temp/ccDBiLbh.s:1822   .progmem.data:00000040 __c.2250
C:\DOCUME~1\Mick\LOCALS~1\Temp/ccDBiLbh.s:1818   .progmem.data:0000003e __c.2252
                            *COM*:00000200 copy_buffer
C:\DOCUME~1\Mick\LOCALS~1\Temp/ccDBiLbh.s:1814   .progmem.data:0000002c __c.2258
C:\DOCUME~1\Mick\LOCALS~1\Temp/ccDBiLbh.s:1810   .progmem.data:00000027 __c.2263
C:\DOCUME~1\Mick\LOCALS~1\Temp/ccDBiLbh.s:1806   .progmem.data:00000015 __c.2266
C:\DOCUME~1\Mick\LOCALS~1\Temp/ccDBiLbh.s:1802   .progmem.data:0000000a __c.2268
C:\DOCUME~1\Mick\LOCALS~1\Temp/ccDBiLbh.s:1798   .progmem.data:00000007 __c.2270
C:\DOCUME~1\Mick\LOCALS~1\Temp/ccDBiLbh.s:1794   .progmem.data:00000000 __c.2286
C:\DOCUME~1\Mick\LOCALS~1\Temp/ccDBiLbh.s:1765   .text:00000be6 console_init
                            *COM*:00000001 uart_isr_nest

UNDEFINED SYMBOLS
main_fly
fifo_read_char
fifo_write_string_P
fifo_write_char
atol
ltoa
fifo_write_string
sd_debug_fifo_ptr
fat_debug_fifo_ptr
fat_dir_fifo_ptr
fat_directory_list
atoi
itoa
sd_initcard
fat_init
fat_directory_change
fat_file_create
fat_directory_create
fat_directory_delete
fat_file_locate
fat_file_delete
fat_file_append
fat_debug_fat
fat_debug_dir
fat_file_read
fat_file_write
audio_swapflag
audio_buffer
memset
fifo_init
__do_clear_bss
