                        .module init.c
                        .area text(rom, con, rel)
 0000                   .dbfile C:\Users\jim.cordill\Documents\Code\PWMpot\init.c
                        .area text(rom, con, rel)
 0000                   .dbfile C:\Users\jim.cordill\Documents\Code\PWMpot\init.c
 0000                   .dbfunc e port_init _port_init#Fvv fV 13
                        .even
 0000           _port_init#Fvv::
 0000                   .dbblock 14
 0000                   .dbline 15
 0000 2224              clr R2
 0002 28BA              out 0x18,R2
 0004                   .dbline 16
 0004 82E0              ldi R24,2
 0006 87BB              out 0x17,R24
 0008                   .dbline 17
 0008 25BA              out 0x15,R2
 000A                   .dbline 18
 000A 24BA              out 0x14,R2
 000C                   .dbline 19
 000C 81E0              ldi R24,1
 000E 82BB              out 0x12,R24
 0010                   .dbline 20
 0010 82E0              ldi R24,2
 0012 81BB              out 0x11,R24
 0014                   .dbline 22
 0014 82BB              out 0x12,R24
 0016                   .dbblkend 23
 0016           L1:
 0016 0895              ret
 0018                   .dbfuncend
 0018                   .dbstacksize -2
 0018                   .dbfunc e timer1_init _timer1_init#Fvv fV 29
                        .even
 0018           _timer1_init#Fvv::
 0018                   .dbblock 30
 0018                   .dbline 31
 0018 2224              clr R2
 001A 2EBC              out 0x2e,R2
 001C                   .dbline 32
 001C 8CEF              ldi R24,252
 001E 8DBD              out 0x2d,R24
 0020                   .dbline 33
 0020 81E0              ldi R24,1
 0022 8CBD              out 0x2c,R24
 0024                   .dbline 34
 0024 83E0              ldi R24,3
 0026 8BBD              out 0x2b,R24
 0028                   .dbline 35
 0028 8FEF              ldi R24,255
 002A 8ABD              out 0x2a,R24
 002C                   .dbline 36
 002C 83E0              ldi R24,3
 002E 89BD              out 0x29,R24
 0030                   .dbline 37
 0030 8FEF              ldi R24,255
 0032 88BD              out 0x28,R24
 0034                   .dbline 38
 0034 83E0              ldi R24,3
 0036 87BD              out 0x27,R24
 0038                   .dbline 39
 0038 8FEF              ldi R24,255
 003A 86BD              out 0x26,R24
 003C                   .dbline 40
 003C 83E8              ldi R24,131
 003E 8FBD              out 0x2f,R24
 0040                   .dbline 41
 0040 89E0              ldi R24,9
 0042 8EBD              out 0x2e,R24
 0044                   .dbblkend 42
 0044           L2:
 0044 0895              ret
 0046                   .dbfuncend
 0046                   .dbstacksize -2
 0046                   .dbfunc e uart0_init _uart0_init#Fvv fV 47
                        .even
 0046           _uart0_init#Fvv::
 0046                   .dbblock 48
 0046                   .dbline 49
 0046 2224              clr R2
 0048 2AB8              out 0xa,R2
 004A                   .dbline 50
 004A 2BB8              out 0xb,R2
 004C                   .dbline 51
 004C 86E8              ldi R24,134
 004E 80BD              out 0x20,R24
 0050                   .dbline 52
 0050 8CE0              ldi R24,12
 0052 89B9              out 0x9,R24
 0054                   .dbline 53
 0054 20BC              out 0x20,R2
 0056                   .dbline 54
 0056 88E0              ldi R24,8
 0058 8AB9              out 0xa,R24
 005A                   .dbblkend 55
 005A           L3:
 005A 0895              ret
 005C                   .dbfuncend
 005C                   .dbstacksize -2
 005C                   .dbfunc e adc_init _adc_init#Fvv fV 59
                        .even
 005C           _adc_init#Fvv::
 005C                   .dbblock 60
 005C                   .dbline 61
 005C 2224              clr R2
 005E 26B8              out 0x6,R2
 0060                   .dbline 62
 0060 80E4              ldi R24,64
 0062 87B9              out 0x7,R24
 0064                   .dbline 63
 0064 80E8              ldi R24,128
 0066 88B9              out 0x8,R24
 0068                   .dbline 64
 0068 86B1              in R24,0x6
 006A 8368              ori R24,131
 006C 86B9              out 0x6,R24
 006E                   .dbblkend 65
 006E           L4:
 006E 0895              ret
 0070                   .dbfuncend
 0070                   .dbstacksize -2
 0070                   .dbfunc e init_devices _init_devices#Fvv fV 68
                        .even
 0070           _init_devices#Fvv::
 0070                   .dbblock 69
 0070                   .dbline 71
 0070 F894              CLI
 0072                   .dbline 72
 0072 C6DF              rcall _port_init#Fvv
 0074                   .dbline 73
 0074 D1DF              rcall _timer1_init#Fvv
 0076                   .dbline 74
 0076 E7DF              rcall _uart0_init#Fvv
 0078                   .dbline 75
 0078 F1DF              rcall _adc_init#Fvv
 007A                   .dbline 77
 007A 2224              clr R2
 007C 25BE              out 0x35,R2
 007E                   .dbline 78
 007E 2BBE              out 0x3b,R2
 0080                   .dbline 79
 0080 29BE              out 0x39,R2
 0082                   .dbline 80
 0082 7894              SEI
 0084                   .dbblkend 82
 0084           L5:
 0084 0895              ret
 0086                   .dbfuncend
 0086                   .dbstacksize -2
