Added Component: Designator=DS1(LEDDIP-10/C5.08)
Added Component: Designator=DS2(LEDDIP-10/C5.08)
Added Component: Designator=DS3(LEDDIP-10/C5.08)
Added Component: Designator=DS4(LEDDIP-10/C5.08)
Added Component: Designator=DS5(LED-1)
Added Component: Designator=DS6(LED-1)
Added Component: Designator=JP1(HDR1X7)
Added Component: Designator=Jp2(HDR1X5)
Added Component: Designator=JP3(HDR1X6)
Added Component: Designator=JP4(HDR1X4)
Added Component: Designator=S1(SPST-2)
Added Component: Designator=S2(SPST-2)
Added Component: Designator=S3(SPST-2)
Added Component: Designator=S4(SPST-2)
Added Component: Designator=S5(SPST-2)
Added Component: Designator=S6(SPST-2)
Added Net: Name=GND
Added Net: Name=NetDS1_1
Added Net: Name=NetDS1_2
Added Net: Name=NetDS1_3
Added Net: Name=NetDS1_4
Added Net: Name=NetDS1_5
Added Net: Name=NetDS1_8
Added Net: Name=NetDS1_9
Added Net: Name=NetDS1_10
Added Net: Name=NetDS2_1
Added Net: Name=NetDS3_1
Added Net: Name=NetDS4_1
Added Net: Name=NetDS5_1
Added Net: Name=NetDS5_2
Added Net: Name=NetDS6_1
Added Net: Name=NetDS6_2
Added Net: Name=NetJP3_1
Added Net: Name=NetJP3_2
Added Net: Name=NetJP3_3
Added Net: Name=NetJP3_4
Added Net: Name=NetJP3_5
Added Net: Name=NetJP3_6
Added Class: Name=Panel
