Added Component: Designator=DS1(LEDDIP-10/C5.08)
Added Component: Designator=DS2(LEDDIP-10/C5.08)
Added Component: Designator=DS3(LEDDIP-10/C5.08)
Added Component: Designator=DS4(LEDDIP-10/C5.08)
Added Component: Designator=DS5(LED-1)
Added Component: Designator=DS6(LED-1)
Added Component: Designator=JP1(HDR1X7)
Added Component: Designator=Jp2(HDR1X5)
Added Component: Designator=JP3(HDR1X6)
Added Component: Designator=JP4(HDR1X4)
Added Component: Designator=S1(SPST-2)
Added Component: Designator=S2(SPST-2)
Added Component: Designator=S3(SPST-2)
Added Component: Designator=S4(SPST-2)
Added Component: Designator=S5(SPST-2)
Added Component: Designator=S6(SPST-2)
Added Pin To Net: NetName=GND Pin=Jp2-5
Added Pin To Net: NetName=GND Pin=S1-2
Added Pin To Net: NetName=GND Pin=S2-2
Added Pin To Net: NetName=GND Pin=S3-2
Added Pin To Net: NetName=GND Pin=S4-2
Added Pin To Net: NetName=GND Pin=S5-2
Added Pin To Net: NetName=GND Pin=S6-2
Added Net: Name=GND
Added Pin To Net: NetName=NetDS1_1 Pin=DS1-1
Added Pin To Net: NetName=NetDS1_1 Pin=Jp2-1
Added Net: Name=NetDS1_1
Added Pin To Net: NetName=NetDS1_2 Pin=DS1-2
Added Pin To Net: NetName=NetDS1_2 Pin=DS2-2
Added Pin To Net: NetName=NetDS1_2 Pin=DS3-2
Added Pin To Net: NetName=NetDS1_2 Pin=DS4-2
Added Pin To Net: NetName=NetDS1_2 Pin=JP1-6
Added Net: Name=NetDS1_2
Added Pin To Net: NetName=NetDS1_3 Pin=DS1-3
Added Pin To Net: NetName=NetDS1_3 Pin=DS2-3
Added Pin To Net: NetName=NetDS1_3 Pin=DS3-3
Added Pin To Net: NetName=NetDS1_3 Pin=DS4-3
Added Pin To Net: NetName=NetDS1_3 Pin=JP1-7
Added Net: Name=NetDS1_3
Added Pin To Net: NetName=NetDS1_4 Pin=DS1-4
Added Pin To Net: NetName=NetDS1_4 Pin=DS2-4
Added Pin To Net: NetName=NetDS1_4 Pin=DS3-4
Added Pin To Net: NetName=NetDS1_4 Pin=DS4-4
Added Pin To Net: NetName=NetDS1_4 Pin=JP1-5
Added Net: Name=NetDS1_4
Added Pin To Net: NetName=NetDS1_5 Pin=DS1-5
Added Pin To Net: NetName=NetDS1_5 Pin=DS2-5
Added Pin To Net: NetName=NetDS1_5 Pin=DS3-5
Added Pin To Net: NetName=NetDS1_5 Pin=DS4-5
Added Pin To Net: NetName=NetDS1_5 Pin=JP1-4
Added Net: Name=NetDS1_5
Added Pin To Net: NetName=NetDS1_8 Pin=DS1-8
Added Pin To Net: NetName=NetDS1_8 Pin=DS2-8
Added Pin To Net: NetName=NetDS1_8 Pin=DS3-8
Added Pin To Net: NetName=NetDS1_8 Pin=DS4-8
Added Pin To Net: NetName=NetDS1_8 Pin=JP1-3
Added Net: Name=NetDS1_8
Added Pin To Net: NetName=NetDS1_9 Pin=DS1-9
Added Pin To Net: NetName=NetDS1_9 Pin=DS2-9
Added Pin To Net: NetName=NetDS1_9 Pin=DS3-9
Added Pin To Net: NetName=NetDS1_9 Pin=DS4-9
Added Pin To Net: NetName=NetDS1_9 Pin=JP1-2
Added Net: Name=NetDS1_9
Added Pin To Net: NetName=NetDS1_10 Pin=DS1-10
Added Pin To Net: NetName=NetDS1_10 Pin=DS2-10
Added Pin To Net: NetName=NetDS1_10 Pin=DS3-10
Added Pin To Net: NetName=NetDS1_10 Pin=DS4-10
Added Pin To Net: NetName=NetDS1_10 Pin=JP1-1
Added Net: Name=NetDS1_10
Added Pin To Net: NetName=NetDS2_1 Pin=DS2-1
Added Pin To Net: NetName=NetDS2_1 Pin=Jp2-2
Added Net: Name=NetDS2_1
Added Pin To Net: NetName=NetDS3_1 Pin=DS3-1
Added Pin To Net: NetName=NetDS3_1 Pin=Jp2-3
Added Net: Name=NetDS3_1
Added Pin To Net: NetName=NetDS4_1 Pin=DS4-1
Added Pin To Net: NetName=NetDS4_1 Pin=Jp2-4
Added Net: Name=NetDS4_1
Added Pin To Net: NetName=NetDS5_1 Pin=DS5-1
Added Pin To Net: NetName=NetDS5_1 Pin=JP4-2
Added Net: Name=NetDS5_1
Added Pin To Net: NetName=NetDS5_2 Pin=DS5-2
Added Pin To Net: NetName=NetDS5_2 Pin=JP4-3
Added Net: Name=NetDS5_2
Added Pin To Net: NetName=NetDS6_1 Pin=DS6-1
Added Pin To Net: NetName=NetDS6_1 Pin=JP4-1
Added Net: Name=NetDS6_1
Added Pin To Net: NetName=NetDS6_2 Pin=DS6-2
Added Pin To Net: NetName=NetDS6_2 Pin=JP4-4
Added Net: Name=NetDS6_2
Added Pin To Net: NetName=NetJP3_1 Pin=JP3-1
Added Pin To Net: NetName=NetJP3_1 Pin=S1-1
Added Net: Name=NetJP3_1
Added Pin To Net: NetName=NetJP3_2 Pin=JP3-2
Added Pin To Net: NetName=NetJP3_2 Pin=S2-1
Added Net: Name=NetJP3_2
Added Pin To Net: NetName=NetJP3_3 Pin=JP3-3
Added Pin To Net: NetName=NetJP3_3 Pin=S3-1
Added Net: Name=NetJP3_3
Added Pin To Net: NetName=NetJP3_4 Pin=JP3-4
Added Pin To Net: NetName=NetJP3_4 Pin=S4-1
Added Net: Name=NetJP3_4
Added Pin To Net: NetName=NetJP3_5 Pin=JP3-5
Added Pin To Net: NetName=NetJP3_5 Pin=S5-1
Added Net: Name=NetJP3_5
Added Pin To Net: NetName=NetJP3_6 Pin=JP3-6
Added Pin To Net: NetName=NetJP3_6 Pin=S6-1
Added Net: Name=NetJP3_6
Added Class: Name=Panel
