Added Component: Designator=D2(LED Blue 3mm)
Added Component: Designator=DP1(Display 44780 16x02 com conector)
Added Component: Designator=R10(RES 300 CR25)
Added Component: Designator=R11(RES 300 CR25)
Added Component: Designator=R12(RES 300 CR25)
Added Component: Designator=R13(RES 300 CR25)
Added Pin To Net: NetName=VCC Pin=D2-A
Added Pin To Net: NetName=GND Pin=DP1-1
Added Pin To Net: NetName=VCC Pin=DP1-2
Added Pin To Net: NetName=GND Pin=DP1-16
Added Pin To Net: NetName=VCC Pin=R10-2
Added Pin To Net: NetName=GND Pin=R11-2
Added Pin To Net: NetName=VCC Pin=R12-2
Added Pin To Net: NetName=CPU-LED Pin=R13-1
Added Pin To Net: NetName=CPU-LED Pin=U1-14
Added Net: Name=CPU-LED
Added Pin To Net: NetName=D-D4 Pin=DP1-11
Added Pin To Net: NetName=D-D4 Pin=U1-6
Added Net: Name=D-D4
Added Pin To Net: NetName=D-D5 Pin=DP1-12
Added Pin To Net: NetName=D-D5 Pin=U1-11
Added Net: Name=D-D5
Added Pin To Net: NetName=D-D6 Pin=DP1-13
Added Pin To Net: NetName=D-D6 Pin=U1-12
Added Net: Name=D-D6
Added Pin To Net: NetName=D-D7 Pin=DP1-14
Added Pin To Net: NetName=D-D7 Pin=U1-13
Added Net: Name=D-D7
Added Pin To Net: NetName=D-E Pin=DP1-6
Added Pin To Net: NetName=D-E Pin=U1-4
Added Net: Name=D-E
Added Pin To Net: NetName=D-RS Pin=DP1-4
Added Pin To Net: NetName=D-RS Pin=U1-2
Added Net: Name=D-RS
Added Pin To Net: NetName=D-RW Pin=DP1-5
Added Pin To Net: NetName=D-RW Pin=U1-3
Added Net: Name=D-RW
Added Pin To Net: NetName=NetD2_K Pin=D2-K
Added Pin To Net: NetName=NetD2_K Pin=R13-2
Added Net: Name=NetD2_K
Added Pin To Net: NetName=NetDP1_15 Pin=DP1-15
Added Pin To Net: NetName=NetDP1_15 Pin=R12-1
Added Net: Name=NetDP1_15
Added Pin To Net: NetName=VD Pin=DP1-3
Added Pin To Net: NetName=VD Pin=R10-1
Added Pin To Net: NetName=VD Pin=R11-1
Added Net: Name=VD
Added Member To Class: ClassName=HHO_DRIVE_V1 Member=Component D2 LED
Added Member To Class: ClassName=HHO_DRIVE_V1 Member=Component DP1 DIPS 44780 16X02
Added Member To Class: ClassName=HHO_DRIVE_V1 Member=Component R10 Resistor Generic
Added Member To Class: ClassName=HHO_DRIVE_V1 Member=Component R11 Resistor Generic
Added Member To Class: ClassName=HHO_DRIVE_V1 Member=Component R12 Resistor Generic
Added Member To Class: ClassName=HHO_DRIVE_V1 Member=Component R13 Resistor Generic
