Added Net: Name=+12V
Added Net: Name=FQ1
Added Net: Name=FQ2
Added Net: Name=FS1
Added Net: Name=FS2
Added Net: Name=GND
Added Net: Name=MISO
Added Net: Name=NetC1_1
Added Net: Name=NetC2_1
Added Net: Name=NetC3_1
Added Net: Name=NetC5_1
Added Net: Name=NetD?_1
Added Net: Name=NetQ1_1
Added Net: Name=NetR5_1
Added Net: Name=NetR6_2
Added Net: Name=NetR7_2
Added Net: Name=NetR8_1
Added Net: Name=NetR9_2
Added Net: Name=OC1A
Added Net: Name=OC2/MOSI
Added Net: Name=RESET
Added Net: Name=SCK
Added Net: Name=VCC
Added Class: Name=HHO_DRIVE_V1
Added Room: Name=HHO_DRIVE_V1
