Added Component: Designator=C1(CAP ELE RAD 11mm H)
Added Component: Designator=C2(CAP ELE RAD 11mm H)
Added Component: Designator=C3(CAP ELE RAD 11mm H)
Added Component: Designator=C4(CAP ELE RAD 11mm H)
Added Component: Designator=C5(CAP ELE RAD 11mm H)
Added Component: Designator=C6(CAP CER DISK 5MM)
Added Component: Designator=C7(CAP_RADIAL_2_10_16)
Added Component: Designator=C8(CAP ELE RAD 11mm H)
Added Component: Designator=C9(CAP CER DISK 5MM)
Added Component: Designator=C10(CAP ELE RAD 11mm H)
Added Component: Designator=C11(CAP CER DISK 5MM)
Added Component: Designator=COIL1(BR102A)
Added Component: Designator=COIL2(BR102A)
Added Component: Designator=D1(DO-41)
Added Component: Designator=HHO(BR102A)
Added Component: Designator=P1(POT 200MIL/400MIL)
Added Component: Designator=P2(POT 200MIL/400MIL)
Added Component: Designator=P3(POT 200MIL/400MIL)
Added Component: Designator=P4(POT 200MIL/400MIL)
Added Component: Designator=PW+12V(BR103A)
Added Component: Designator=Q1(TO220)
Added Component: Designator=R1(RES 300 CR25)
Added Component: Designator=R2(RES 300 CR25)
Added Component: Designator=R3(RES 300 CR25)
Added Component: Designator=R4(RES 300 CR25)
Added Component: Designator=R5(RES 300 CR25)
Added Component: Designator=R6(RES 300 CR25)
Added Component: Designator=R7(RES 300 CR25)
Added Component: Designator=R8(RES 300 CR25)
Added Component: Designator=R9(RES 300 CR25)
Added Component: Designator=SPI(HEADER BAR 6 PINS)
Added Component: Designator=T1(TO-92 - Large)
Added Component: Designator=T2(TO-92 - Large)
Added Component: Designator=T3(TO-92)
Added Component: Designator=T4(TO-92 - Large)
Added Component: Designator=U1(28P3)
Added Component: Designator=U2(KC03)
Added Pin To Net: NetName=NetC1_1 Pin=C1-1
Added Pin To Net: NetName=GND Pin=C1-2
Added Pin To Net: NetName=NetC2_1 Pin=C2-1
Added Pin To Net: NetName=GND Pin=C2-2
Added Pin To Net: NetName=NetC3_1 Pin=C3-1
Added Pin To Net: NetName=GND Pin=C3-2
Added Pin To Net: NetName=VCC Pin=C4-1
Added Pin To Net: NetName=GND Pin=C4-2
Added Pin To Net: NetName=NetC5_1 Pin=C5-1
Added Pin To Net: NetName=GND Pin=C5-2
Added Pin To Net: NetName=GND Pin=C6-1
Added Pin To Net: NetName=VCC Pin=C6-2
Added Pin To Net: NetName=+12V Pin=C7-1
Added Pin To Net: NetName=GND Pin=C7-2
Added Pin To Net: NetName=GND Pin=C8-1
Added Pin To Net: NetName=+12V Pin=C8-2
Added Pin To Net: NetName=GND Pin=C9-1
Added Pin To Net: NetName=+12V Pin=C9-2
Added Pin To Net: NetName=GND Pin=C10-1
Added Pin To Net: NetName=VCC Pin=C10-2
Added Pin To Net: NetName=GND Pin=C11-1
Added Pin To Net: NetName=VCC Pin=C11-2
Added Pin To Net: NetName=+12V Pin=COIL2-1
Added Pin To Net: NetName=+12V Pin=D1-2
Added Pin To Net: NetName=GND Pin=P1-1
Added Pin To Net: NetName=FQ1 Pin=P1-2
Added Pin To Net: NetName=NetC1_1 Pin=P1-3
Added Pin To Net: NetName=GND Pin=P2-1
Added Pin To Net: NetName=FS1 Pin=P2-2
Added Pin To Net: NetName=NetC2_1 Pin=P2-3
Added Pin To Net: NetName=GND Pin=P3-1
Added Pin To Net: NetName=FQ2 Pin=P3-2
Added Pin To Net: NetName=NetC3_1 Pin=P3-3
Added Pin To Net: NetName=GND Pin=P4-1
Added Pin To Net: NetName=FS2 Pin=P4-2
Added Pin To Net: NetName=NetC5_1 Pin=P4-3
Added Pin To Net: NetName=GND Pin=PW+12V-1
Added Pin To Net: NetName=NetQ1_1 Pin=Q1-1
Added Pin To Net: NetName=GND Pin=Q1-3
Added Pin To Net: NetName=NetC1_1 Pin=R1-1
Added Pin To Net: NetName=VCC Pin=R1-2
Added Pin To Net: NetName=NetC2_1 Pin=R2-1
Added Pin To Net: NetName=VCC Pin=R2-2
Added Pin To Net: NetName=NetC3_1 Pin=R3-1
Added Pin To Net: NetName=VCC Pin=R3-2
Added Pin To Net: NetName=NetC5_1 Pin=R4-1
Added Pin To Net: NetName=VCC Pin=R4-2
Added Pin To Net: NetName=NetR5_1 Pin=R5-1
Added Pin To Net: NetName=+12V Pin=R5-2
Added Pin To Net: NetName=OC1A Pin=R6-1
Added Pin To Net: NetName=NetR6_2 Pin=R6-2
Added Pin To Net: NetName=NetR5_1 Pin=R7-1
Added Pin To Net: NetName=NetR7_2 Pin=R7-2
Added Pin To Net: NetName=NetR8_1 Pin=R8-1
Added Pin To Net: NetName=NetQ1_1 Pin=R8-2
Added Pin To Net: NetName=OC2/MOSI Pin=R9-1
Added Pin To Net: NetName=NetR9_2 Pin=R9-2
Added Pin To Net: NetName=VCC Pin=SPI-1
Added Pin To Net: NetName=RESET Pin=SPI-2
Added Pin To Net: NetName=SCK Pin=SPI-3
Added Pin To Net: NetName=MISO Pin=SPI-4
Added Pin To Net: NetName=OC2/MOSI Pin=SPI-5
Added Pin To Net: NetName=GND Pin=SPI-6
Added Pin To Net: NetName=NetR8_1 Pin=T1-1
Added Pin To Net: NetName=NetR7_2 Pin=T1-2
Added Pin To Net: NetName=+12V Pin=T1-3
Added Pin To Net: NetName=GND Pin=T2-1
Added Pin To Net: NetName=NetR6_2 Pin=T2-2
Added Pin To Net: NetName=NetR5_1 Pin=T2-3
Added Pin To Net: NetName=NetR8_1 Pin=T3-1
Added Pin To Net: NetName=NetR7_2 Pin=T3-2
Added Pin To Net: NetName=GND Pin=T3-3
Added Pin To Net: NetName=GND Pin=T4-1
Added Pin To Net: NetName=NetR9_2 Pin=T4-2
Added Pin To Net: NetName=NetR5_1 Pin=T4-3
Added Pin To Net: NetName=RESET Pin=U1-1
Added Pin To Net: NetName=VCC Pin=U1-7
Added Pin To Net: NetName=GND Pin=U1-8
Added Pin To Net: NetName=OC1A Pin=U1-15
Added Pin To Net: NetName=OC2/MOSI Pin=U1-17
Added Pin To Net: NetName=MISO Pin=U1-18
Added Pin To Net: NetName=SCK Pin=U1-19
Added Pin To Net: NetName=VCC Pin=U1-20
Added Pin To Net: NetName=GND Pin=U1-22
Added Pin To Net: NetName=FQ1 Pin=U1-23
Added Pin To Net: NetName=FS1 Pin=U1-24
Added Pin To Net: NetName=FQ2 Pin=U1-25
Added Pin To Net: NetName=FS2 Pin=U1-26
Added Pin To Net: NetName=+12V Pin=U2-1
Added Pin To Net: NetName=GND Pin=U2-2
Added Pin To Net: NetName=VCC Pin=U2-3
Added Pin To Net: NetName=NetCOIL1_1 Pin=COIL1-1
Added Pin To Net: NetName=NetCOIL1_1 Pin=HHO-2
Added Net: Name=NetCOIL1_1
Added Pin To Net: NetName=NetCOIL1_2 Pin=COIL1-2
Added Pin To Net: NetName=NetCOIL1_2 Pin=Q1-2
Added Net: Name=NetCOIL1_2
Added Pin To Net: NetName=NetCOIL2_2 Pin=COIL2-2
Added Pin To Net: NetName=NetCOIL2_2 Pin=HHO-1
Added Net: Name=NetCOIL2_2
Added Pin To Net: NetName=NetD1_1 Pin=D1-1
Added Pin To Net: NetName=NetD1_1 Pin=PW+12V-3
Added Net: Name=NetD1_1
Added Member To Class: ClassName=HHO_DRIVE_V1 Member=Component C1 Cap. Elet.
Added Member To Class: ClassName=HHO_DRIVE_V1 Member=Component C2 Cap. Elet.
Added Member To Class: ClassName=HHO_DRIVE_V1 Member=Component C3 Cap. Elet.
Added Member To Class: ClassName=HHO_DRIVE_V1 Member=Component C4 Cap. Elet.
Added Member To Class: ClassName=HHO_DRIVE_V1 Member=Component C5 Cap. Elet.
Added Member To Class: ClassName=HHO_DRIVE_V1 Member=Component C6 Disco
Added Member To Class: ClassName=HHO_DRIVE_V1 Member=Component C7 Cap. Elet.
Added Member To Class: ClassName=HHO_DRIVE_V1 Member=Component C8 Cap. Elet.
Added Member To Class: ClassName=HHO_DRIVE_V1 Member=Component C9 Disco
Added Member To Class: ClassName=HHO_DRIVE_V1 Member=Component C10 Cap. Elet.
Added Member To Class: ClassName=HHO_DRIVE_V1 Member=Component C11 Disco
Added Member To Class: ClassName=HHO_DRIVE_V1 Member=Component COIL1 Male Connector 2 pins
Added Member To Class: ClassName=HHO_DRIVE_V1 Member=Component COIL2 Male Connector 2 pins
Added Member To Class: ClassName=HHO_DRIVE_V1 Member=Component D1 1N4001
Added Member To Class: ClassName=HHO_DRIVE_V1 Member=Component HHO Male Connector 2 pins
Added Member To Class: ClassName=HHO_DRIVE_V1 Member=Component P1 POT
Added Member To Class: ClassName=HHO_DRIVE_V1 Member=Component P2 POT
Added Member To Class: ClassName=HHO_DRIVE_V1 Member=Component P3 POT
Added Member To Class: ClassName=HHO_DRIVE_V1 Member=Component P4 POT
Added Member To Class: ClassName=HHO_DRIVE_V1 Member=Component PW+12V Male Connector 3 pins
Added Member To Class: ClassName=HHO_DRIVE_V1 Member=Component Q1 T-HEXFET N
Added Member To Class: ClassName=HHO_DRIVE_V1 Member=Component R1 Resistor Generic
Added Member To Class: ClassName=HHO_DRIVE_V1 Member=Component R2 Resistor Generic
Added Member To Class: ClassName=HHO_DRIVE_V1 Member=Component R3 Resistor Generic
Added Member To Class: ClassName=HHO_DRIVE_V1 Member=Component R4 Resistor Generic
Added Member To Class: ClassName=HHO_DRIVE_V1 Member=Component R5 Resistor Generic
Added Member To Class: ClassName=HHO_DRIVE_V1 Member=Component R6 Resistor Generic
Added Member To Class: ClassName=HHO_DRIVE_V1 Member=Component R7 Resistor Generic
Added Member To Class: ClassName=HHO_DRIVE_V1 Member=Component R8 Resistor Generic
Added Member To Class: ClassName=HHO_DRIVE_V1 Member=Component R9 Resistor Generic
Added Member To Class: ClassName=HHO_DRIVE_V1 Member=Component SPI BAR 6 PINS
Added Member To Class: ClassName=HHO_DRIVE_V1 Member=Component T1 Transistor
Added Member To Class: ClassName=HHO_DRIVE_V1 Member=Component T2 Transistor
Added Member To Class: ClassName=HHO_DRIVE_V1 Member=Component T3 Transistor
Added Member To Class: ClassName=HHO_DRIVE_V1 Member=Component T4 Transistor
Added Member To Class: ClassName=HHO_DRIVE_V1 Member=Component U1 ATmega8-16PC
Added Member To Class: ClassName=HHO_DRIVE_V1 Member=Component U2 µA78M05CKC
