
images/optiboot_m168-4mhz.elf:     file format elf32-avr

Sections:
Idx Name          Size      VMA       LMA       File off  Algn
  0 .text         000001e0  00003e00  00003e00  00000054  2**1
                  CONTENTS, ALLOC, LOAD, READONLY, CODE
  1 .version      00000002  00003ffe  00003ffe  00000234  2**0
                  CONTENTS, READONLY
  2 .stab         00000b7c  00000000  00000000  00000238  2**2
                  CONTENTS, READONLY, DEBUGGING
  3 .stabstr      00000a6e  00000000  00000000  00000db4  2**0
                  CONTENTS, READONLY, DEBUGGING

Disassembly of section .text:

00003e00 <main>:
    3e00:	0f 92       	push	r0
    3e02:	cd b7       	in	r28, 0x3d	; 61
    3e04:	de b7       	in	r29, 0x3e	; 62
    3e06:	11 24       	eor	r1, r1
    3e08:	84 b7       	in	r24, 0x34	; 52
    3e0a:	81 ff       	sbrs	r24, 1
    3e0c:	e3 d0       	rcall	.+454    	; 0x3fd4 <appStart>
    3e0e:	85 e0       	ldi	r24, 0x05	; 5
    3e10:	80 93 81 00 	sts	0x0081, r24
    3e14:	82 e0       	ldi	r24, 0x02	; 2
    3e16:	80 93 c0 00 	sts	0x00C0, r24
    3e1a:	88 e1       	ldi	r24, 0x18	; 24
    3e1c:	80 93 c1 00 	sts	0x00C1, r24
    3e20:	86 e0       	ldi	r24, 0x06	; 6
    3e22:	80 93 c2 00 	sts	0x00C2, r24
    3e26:	89 e1       	ldi	r24, 0x19	; 25
    3e28:	80 93 c4 00 	sts	0x00C4, r24
    3e2c:	8e e0       	ldi	r24, 0x0E	; 14
    3e2e:	bc d0       	rcall	.+376    	; 0x3fa8 <watchdogConfig>
    3e30:	25 9a       	sbi	0x04, 5	; 4
    3e32:	26 e0       	ldi	r18, 0x06	; 6
    3e34:	8c e0       	ldi	r24, 0x0C	; 12
    3e36:	9f ef       	ldi	r25, 0xFF	; 255
    3e38:	31 e0       	ldi	r19, 0x01	; 1
    3e3a:	90 93 85 00 	sts	0x0085, r25
    3e3e:	80 93 84 00 	sts	0x0084, r24
    3e42:	36 bb       	out	0x16, r19	; 22
    3e44:	b0 9b       	sbis	0x16, 0	; 22
    3e46:	fe cf       	rjmp	.-4      	; 0x3e44 <main+0x44>
    3e48:	1d 9a       	sbi	0x03, 5	; 3
    3e4a:	a8 95       	wdr
    3e4c:	21 50       	subi	r18, 0x01	; 1
    3e4e:	a9 f7       	brne	.-22     	; 0x3e3a <main+0x3a>
    3e50:	88 24       	eor	r8, r8
    3e52:	99 24       	eor	r9, r9
    3e54:	cc 24       	eor	r12, r12
    3e56:	c3 94       	inc	r12
    3e58:	f5 e0       	ldi	r31, 0x05	; 5
    3e5a:	df 2e       	mov	r13, r31
    3e5c:	e1 e1       	ldi	r30, 0x11	; 17
    3e5e:	ee 2e       	mov	r14, r30
    3e60:	73 e0       	ldi	r23, 0x03	; 3
    3e62:	f7 2e       	mov	r15, r23
    3e64:	95 d0       	rcall	.+298    	; 0x3f90 <getch>
    3e66:	81 34       	cpi	r24, 0x41	; 65
    3e68:	69 f4       	brne	.+26     	; 0x3e84 <main+0x84>
    3e6a:	92 d0       	rcall	.+292    	; 0x3f90 <getch>
    3e6c:	89 83       	std	Y+1, r24	; 0x01
    3e6e:	a2 d0       	rcall	.+324    	; 0x3fb4 <verifySpace>
    3e70:	89 81       	ldd	r24, Y+1	; 0x01
    3e72:	82 38       	cpi	r24, 0x82	; 130
    3e74:	11 f1       	breq	.+68     	; 0x3eba <main+0xba>
    3e76:	81 38       	cpi	r24, 0x81	; 129
    3e78:	11 f4       	brne	.+4      	; 0x3e7e <main+0x7e>
    3e7a:	85 e0       	ldi	r24, 0x05	; 5
    3e7c:	01 c0       	rjmp	.+2      	; 0x3e80 <main+0x80>
    3e7e:	83 e0       	ldi	r24, 0x03	; 3
    3e80:	80 d0       	rcall	.+256    	; 0x3f82 <putch>
    3e82:	7c c0       	rjmp	.+248    	; 0x3f7c <main+0x17c>
    3e84:	82 34       	cpi	r24, 0x42	; 66
    3e86:	11 f4       	brne	.+4      	; 0x3e8c <main+0x8c>
    3e88:	84 e1       	ldi	r24, 0x14	; 20
    3e8a:	03 c0       	rjmp	.+6      	; 0x3e92 <main+0x92>
    3e8c:	85 34       	cpi	r24, 0x45	; 69
    3e8e:	19 f4       	brne	.+6      	; 0x3e96 <main+0x96>
    3e90:	85 e0       	ldi	r24, 0x05	; 5
    3e92:	98 d0       	rcall	.+304    	; 0x3fc4 <getNch>
    3e94:	73 c0       	rjmp	.+230    	; 0x3f7c <main+0x17c>
    3e96:	85 35       	cpi	r24, 0x55	; 85
    3e98:	61 f4       	brne	.+24     	; 0x3eb2 <main+0xb2>
    3e9a:	7a d0       	rcall	.+244    	; 0x3f90 <getch>
    3e9c:	08 2f       	mov	r16, r24
    3e9e:	10 e0       	ldi	r17, 0x00	; 0
    3ea0:	77 d0       	rcall	.+238    	; 0x3f90 <getch>
    3ea2:	90 e0       	ldi	r25, 0x00	; 0
    3ea4:	98 2e       	mov	r9, r24
    3ea6:	88 24       	eor	r8, r8
    3ea8:	80 2a       	or	r8, r16
    3eaa:	91 2a       	or	r9, r17
    3eac:	88 0c       	add	r8, r8
    3eae:	99 1c       	adc	r9, r9
    3eb0:	64 c0       	rjmp	.+200    	; 0x3f7a <main+0x17a>
    3eb2:	86 35       	cpi	r24, 0x56	; 86
    3eb4:	21 f4       	brne	.+8      	; 0x3ebe <main+0xbe>
    3eb6:	84 e0       	ldi	r24, 0x04	; 4
    3eb8:	85 d0       	rcall	.+266    	; 0x3fc4 <getNch>
    3eba:	80 e0       	ldi	r24, 0x00	; 0
    3ebc:	e1 cf       	rjmp	.-62     	; 0x3e80 <main+0x80>
    3ebe:	84 36       	cpi	r24, 0x64	; 100
    3ec0:	09 f0       	breq	.+2      	; 0x3ec4 <main+0xc4>
    3ec2:	40 c0       	rjmp	.+128    	; 0x3f44 <main+0x144>
    3ec4:	65 d0       	rcall	.+202    	; 0x3f90 <getch>
    3ec6:	64 d0       	rcall	.+200    	; 0x3f90 <getch>
    3ec8:	b8 2e       	mov	r11, r24
    3eca:	62 d0       	rcall	.+196    	; 0x3f90 <getch>
    3ecc:	80 e0       	ldi	r24, 0x00	; 0
    3ece:	88 16       	cp	r8, r24
    3ed0:	88 e3       	ldi	r24, 0x38	; 56
    3ed2:	98 06       	cpc	r9, r24
    3ed4:	18 f4       	brcc	.+6      	; 0x3edc <main+0xdc>
    3ed6:	f4 01       	movw	r30, r8
    3ed8:	f7 be       	out	0x37, r15	; 55
    3eda:	e8 95       	spm
    3edc:	00 e0       	ldi	r16, 0x00	; 0
    3ede:	11 e0       	ldi	r17, 0x01	; 1
    3ee0:	57 d0       	rcall	.+174    	; 0x3f90 <getch>
    3ee2:	f8 01       	movw	r30, r16
    3ee4:	81 93       	st	Z+, r24
    3ee6:	8f 01       	movw	r16, r30
    3ee8:	be 16       	cp	r11, r30
    3eea:	d1 f7       	brne	.-12     	; 0x3ee0 <main+0xe0>
    3eec:	f0 e0       	ldi	r31, 0x00	; 0
    3eee:	8f 16       	cp	r8, r31
    3ef0:	f8 e3       	ldi	r31, 0x38	; 56
    3ef2:	9f 06       	cpc	r9, r31
    3ef4:	18 f0       	brcs	.+6      	; 0x3efc <main+0xfc>
    3ef6:	f4 01       	movw	r30, r8
    3ef8:	f7 be       	out	0x37, r15	; 55
    3efa:	e8 95       	spm
    3efc:	5b d0       	rcall	.+182    	; 0x3fb4 <verifySpace>
    3efe:	07 b6       	in	r0, 0x37	; 55
    3f00:	00 fc       	sbrc	r0, 0
    3f02:	fd cf       	rjmp	.-6      	; 0x3efe <main+0xfe>
    3f04:	f4 01       	movw	r30, r8
    3f06:	a0 e0       	ldi	r26, 0x00	; 0
    3f08:	b1 e0       	ldi	r27, 0x01	; 1
    3f0a:	2c 91       	ld	r18, X
    3f0c:	30 e0       	ldi	r19, 0x00	; 0
    3f0e:	11 96       	adiw	r26, 0x01	; 1
    3f10:	8c 91       	ld	r24, X
    3f12:	11 97       	sbiw	r26, 0x01	; 1
    3f14:	90 e0       	ldi	r25, 0x00	; 0
    3f16:	98 2f       	mov	r25, r24
    3f18:	88 27       	eor	r24, r24
    3f1a:	82 2b       	or	r24, r18
    3f1c:	93 2b       	or	r25, r19
    3f1e:	12 96       	adiw	r26, 0x02	; 2
    3f20:	0c 01       	movw	r0, r24
    3f22:	c7 be       	out	0x37, r12	; 55
    3f24:	e8 95       	spm
    3f26:	11 24       	eor	r1, r1
    3f28:	32 96       	adiw	r30, 0x02	; 2
    3f2a:	81 e0       	ldi	r24, 0x01	; 1
    3f2c:	a0 38       	cpi	r26, 0x80	; 128
    3f2e:	b8 07       	cpc	r27, r24
    3f30:	61 f7       	brne	.-40     	; 0x3f0a <main+0x10a>
    3f32:	f4 01       	movw	r30, r8
    3f34:	d7 be       	out	0x37, r13	; 55
    3f36:	e8 95       	spm
    3f38:	07 b6       	in	r0, 0x37	; 55
    3f3a:	00 fc       	sbrc	r0, 0
    3f3c:	fd cf       	rjmp	.-6      	; 0x3f38 <main+0x138>
    3f3e:	e7 be       	out	0x37, r14	; 55
    3f40:	e8 95       	spm
    3f42:	1c c0       	rjmp	.+56     	; 0x3f7c <main+0x17c>
    3f44:	84 37       	cpi	r24, 0x74	; 116
    3f46:	61 f4       	brne	.+24     	; 0x3f60 <main+0x160>
    3f48:	23 d0       	rcall	.+70     	; 0x3f90 <getch>
    3f4a:	22 d0       	rcall	.+68     	; 0x3f90 <getch>
    3f4c:	08 2f       	mov	r16, r24
    3f4e:	20 d0       	rcall	.+64     	; 0x3f90 <getch>
    3f50:	31 d0       	rcall	.+98     	; 0x3fb4 <verifySpace>
    3f52:	f4 01       	movw	r30, r8
    3f54:	85 91       	lpm	r24, Z+
    3f56:	4f 01       	movw	r8, r30
    3f58:	14 d0       	rcall	.+40     	; 0x3f82 <putch>
    3f5a:	01 50       	subi	r16, 0x01	; 1
    3f5c:	d1 f7       	brne	.-12     	; 0x3f52 <main+0x152>
    3f5e:	0e c0       	rjmp	.+28     	; 0x3f7c <main+0x17c>
    3f60:	85 37       	cpi	r24, 0x75	; 117
    3f62:	39 f4       	brne	.+14     	; 0x3f72 <main+0x172>
    3f64:	27 d0       	rcall	.+78     	; 0x3fb4 <verifySpace>
    3f66:	8e e1       	ldi	r24, 0x1E	; 30
    3f68:	0c d0       	rcall	.+24     	; 0x3f82 <putch>
    3f6a:	84 e9       	ldi	r24, 0x94	; 148
    3f6c:	0a d0       	rcall	.+20     	; 0x3f82 <putch>
    3f6e:	86 e0       	ldi	r24, 0x06	; 6
    3f70:	87 cf       	rjmp	.-242    	; 0x3e80 <main+0x80>
    3f72:	81 35       	cpi	r24, 0x51	; 81
    3f74:	11 f4       	brne	.+4      	; 0x3f7a <main+0x17a>
    3f76:	88 e0       	ldi	r24, 0x08	; 8
    3f78:	17 d0       	rcall	.+46     	; 0x3fa8 <watchdogConfig>
    3f7a:	1c d0       	rcall	.+56     	; 0x3fb4 <verifySpace>
    3f7c:	80 e1       	ldi	r24, 0x10	; 16
    3f7e:	01 d0       	rcall	.+2      	; 0x3f82 <putch>
    3f80:	71 cf       	rjmp	.-286    	; 0x3e64 <main+0x64>

00003f82 <putch>:
  }
}

void putch(char ch) {
#ifndef SOFT_UART
  while (!(UART_SRA & _BV(UDRE0)));
    3f82:	90 91 c0 00 	lds	r25, 0x00C0
    3f86:	95 ff       	sbrs	r25, 5
    3f88:	fc cf       	rjmp	.-8      	; 0x3f82 <putch>
  UART_UDR = ch;
    3f8a:	80 93 c6 00 	sts	0x00C6, r24
      [uartBit] "I" (UART_TX_BIT)
    :
      "r25"
  );
#endif
}
    3f8e:	08 95       	ret

00003f90 <getch>:
      [uartBit] "I" (UART_RX_BIT)
    :
      "r25"
);
#else
  while(!(UART_SRA & _BV(RXC0)))
    3f90:	80 91 c0 00 	lds	r24, 0x00C0
    3f94:	87 ff       	sbrs	r24, 7
    3f96:	fc cf       	rjmp	.-8      	; 0x3f90 <getch>
    ;
  if (!(UART_SRA & _BV(FE0))) {
    3f98:	80 91 c0 00 	lds	r24, 0x00C0
    3f9c:	84 fd       	sbrc	r24, 4
    3f9e:	01 c0       	rjmp	.+2      	; 0x3fa2 <getch+0x12>
}
#endif

// Watchdog functions. These are only safe with interrupts turned off.
void watchdogReset() {
  __asm__ __volatile__ (
    3fa0:	a8 95       	wdr
       * don't care that an invalid char is returned...)
       */
    watchdogReset();
  }
  
  ch = UART_UDR;
    3fa2:	80 91 c6 00 	lds	r24, 0x00C6
  LED_PIN |= _BV(LED);
#endif
#endif

  return ch;
}
    3fa6:	08 95       	ret

00003fa8 <watchdogConfig>:
    "wdr\n"
  );
}

void watchdogConfig(uint8_t x) {
  WDTCSR = _BV(WDCE) | _BV(WDE);
    3fa8:	e0 e6       	ldi	r30, 0x60	; 96
    3faa:	f0 e0       	ldi	r31, 0x00	; 0
    3fac:	98 e1       	ldi	r25, 0x18	; 24
    3fae:	90 83       	st	Z, r25
  WDTCSR = x;
    3fb0:	80 83       	st	Z, r24
}
    3fb2:	08 95       	ret

00003fb4 <verifySpace>:
  do getch(); while (--count);
  verifySpace();
}

void verifySpace() {
  if (getch() != CRC_EOP) {
    3fb4:	ed df       	rcall	.-38     	; 0x3f90 <getch>
    3fb6:	80 32       	cpi	r24, 0x20	; 32
    3fb8:	19 f0       	breq	.+6      	; 0x3fc0 <verifySpace+0xc>
    watchdogConfig(WATCHDOG_16MS);    // shorten WD timeout
    3fba:	88 e0       	ldi	r24, 0x08	; 8
    3fbc:	f5 df       	rcall	.-22     	; 0x3fa8 <watchdogConfig>
    3fbe:	ff cf       	rjmp	.-2      	; 0x3fbe <verifySpace+0xa>
    while (1)			      // and busy-loop so that WD causes
      ;				      //  a reset and app start.
  }
  putch(STK_INSYNC);
    3fc0:	84 e1       	ldi	r24, 0x14	; 20
    3fc2:	df cf       	rjmp	.-66     	; 0x3f82 <putch>

00003fc4 <getNch>:
    ::[count] "M" (UART_B_VALUE)
  );
}
#endif

void getNch(uint8_t count) {
    3fc4:	1f 93       	push	r17
    3fc6:	18 2f       	mov	r17, r24
  do getch(); while (--count);
    3fc8:	e3 df       	rcall	.-58     	; 0x3f90 <getch>
    3fca:	11 50       	subi	r17, 0x01	; 1
    3fcc:	e9 f7       	brne	.-6      	; 0x3fc8 <getNch+0x4>
  verifySpace();
    3fce:	f2 df       	rcall	.-28     	; 0x3fb4 <verifySpace>
}
    3fd0:	1f 91       	pop	r17
    3fd2:	08 95       	ret

00003fd4 <appStart>:

void appStart(uint8_t rstFlags) {
  // save the reset flags in the designated register
  //  This can be saved in a main program by putting code in .init0 (which
  //  executes before normal c init code) to save R2 to a global variable.
  __asm__ __volatile__ ("mov r2, %0\n" :: "r" (rstFlags));
    3fd4:	28 2e       	mov	r2, r24

  watchdogConfig(WATCHDOG_OFF);
    3fd6:	80 e0       	ldi	r24, 0x00	; 0
    3fd8:	e7 df       	rcall	.-50     	; 0x3fa8 <watchdogConfig>
  __asm__ __volatile__ (
    3fda:	ee 27       	eor	r30, r30
    3fdc:	ff 27       	eor	r31, r31
    3fde:	09 94       	ijmp
