















































]2;avrasm2.exe -S labels.tmp -I Include/ -fI -W+ie -C V3 -o AttoBASICV231.hex -d AttoBASICV231.obj -e AttoBASICV231.eep -m AttoBAS








































































AVRASM:AVRmacroassembler2.1.42(build1796Sep15200910:48:36)
Copyright(C)1995-2009ATMELCorporation

AttoBASICV231.asm(885):Includingfile'Include/Defs_Constants.inc'
Include/Defs_Constants.inc(1):Includingfile'Include/m88def.inc'
Include/Defs_Constants.inc(13): InclIuding file'Include\Defs_Register.inc'
Include\Defs_Register.inc(50):warning:Register r30alreadydefinedbythe.DEFdirective
Include/Defs_Constants.inc(13):info:'Include\Defs_Register.inc'includedfromhere
A
ttoBASICV231.asm(885):info:'Include/Defs_Constants.inc' included from here
Include/Defs_Constants.inc(14):Includingfile'Include\Defs_Pinout.inc'
Include/Defs_Constants.inc(15):Includingfile'Include\Defs_Timers.inc'
Include/Defs_Constants.inc(134): Systemclockprescalersetto1
Include/Defs_Constants.inc(386):Includingfile'Include\Defs_PWM.inc'
Include/Defs_Constants.inc(486):Including file'Include/Defs_OWR.inc'
AttoBASICV231.asm(886):Includingfile 'Include/Defs_ADC.inc'
AttoBASICV231.asm(898): Includingfile'Include/Defs_USART.inc'
AttoBASICV231.asm(906):Includingfile 'Include/Macro_IO.inc'
AttoABASICV231.asm(907):Includingfile'Include/Macro_Misc.inc'
AttoBASICV231.asm(908):Includingfile'Include/Macro_Delays.inc'
AttoBASICV231.asm(909):Includingfile'Include/Macro_AttoBASIC.inc'
AttoBASICV231.asm(916):Includingfile'Include/Data_RAM.inc'
AttoBASICV231.asm(917): Includingfile'Include/Data_EEP.inc'
AttoBASICV231.asm(926):Includingfile'Include/Code_Vectors.inc'
AttoBASICV231.asm(3078): Includingfile'Include/Code_Editing.inc'
AttoBASICV231.asm(3079):Includingfile'Include/Code_EFS.inc'
AttoBASICV231.asm(3080):Includingfile'include/Code_Math.inc'
AttoBASICV231.asm(3081):Includingfile'Include/Code_ERRPROC.inc'
AttoBASICV231.asm(3086):Includingfile'Include/Code_SPI.inc'
AttoBASICV231.asm(3088): Including file 'Include/Code_PORTIO.inc'
AttoBASICV231.asm(3090): Includingfile'Include/Code_PWM.inc'
AttoBASICAV231.asm(3092):Including file 'Include/Code_Operators.inc'
AttoBASICV231.asm(3093):Includingfile'Include/Code_Analog.inc'
AttoBASICV231.asm(3094):Includingfile'Include/Code_DataBytes.inc'
AttoBASICV231.asm(3110):Includingfile'Include/Code
_Init.inc'AttoBASICV231.asm(3121):Includingfile'Include/Code_OWR.in
c'
AttoBASICV231.asm(3346):Includingfile'Include/Data_Cmds.inc'
AttoBASICV231.asm(3347):Includingfile'Include/Data_Msgs.
inc'
AttoBASICV231.asm(3398):Includingfile'Include/Code_Bootloader.inc'
Include/Defs_Constants.inc(156):UsingFCLK@16MHz
Include/Defs_OWR.i
Include/Defs_OWR.inc(4): Enabling 1-Wire SupportInclude/Defs_USART.inc(15):Usingbaudrateof19200forFCLK>4
MHz
AttoBASICV231.asm(3404):NoEEPROMdata,deletingAttoBAS
ICV231.eep
ATmega88memory usesummary[bytes]:
Segment   Begin    End      Code   Data   Used    Size   Use%
---------------------------------------------------------------
[.cseg]0x0000000x001f6c586621788044819298.2%
[.cseg] 0x000000 0x001f6c   5866   2178   8044    8192  98.2%dseg]0x0001000x0005000   1024   1024    1024 100.0%
[.eseg]0x0000000x0001ff0005120.0%
[.eseg] 0x000000 0x0001ff      0      0      0     512   0.0%
Assemblycomplete, 0errors.1warnings
Assembly complete, 0 errors. 1 warnings>