C51 COMPILER V8.02   MAIN                                                                  05/28/2008 06:24:50 PAGE 1   


C51 COMPILER V8.02, COMPILATION OF MODULE MAIN
OBJECT MODULE PLACED IN main.OBJ
COMPILER INVOKED BY: C:\Keil\C51\BIN\C51.EXE main.c BROWSE DEBUG OBJECTEXTEND

line level    source

   1          #include<REG51.h>
   2          void Delay(unsigned int MS)
   3                  {
   4   1              unsigned int delay;
   5   1              for(delay=0;delay<MS;delay++);
   6   1              }
   7          main()
   8                  {
   9   1              char NumbersCode[10]={0x3f,0x06,0x5b,0x4f,0x66,0x6d,0x7d,0x27,0x7f,0x6f};
  10   1              char loop;
  11   1              while(1)
  12   1                      {
  13   2                      for(loop=0;loop<10;loop++)
  14   2                              {
  15   3                              P1=loop;
  16   3                              P3=~NumbersCode[loop];
  17   3                              Delay(50000);
  18   3                              }
  19   2      
  20   2                      }
  21   1              }


MODULE INFORMATION:   STATIC OVERLAYABLE
   CODE SIZE        =     62    ----
   CONSTANT SIZE    =     10    ----
   XDATA SIZE       =   ----    ----
   PDATA SIZE       =   ----    ----
   DATA SIZE        =   ----      10
   IDATA SIZE       =   ----    ----
   BIT SIZE         =   ----    ----
END OF MODULE INFORMATION.


C51 COMPILATION COMPLETE.  0 WARNING(S),  0 ERROR(S)
