C51 COMPILER V8.02   MAIN                                                                  05/28/2008 06:33:38 PAGE 1   


C51 COMPILER V8.02, COMPILATION OF MODULE MAIN
OBJECT MODULE PLACED IN main.OBJ
COMPILER INVOKED BY: C:\Keil\C51\BIN\C51.EXE main.c BROWSE DEBUG OBJECTEXTEND

line level    source

   1          #include<REG51.h>
   2          
   3          void Delay(unsigned int MS)
   4                  {
   5   1              unsigned int delay;
   6   1              for(delay=0;delay<MS;delay++);
   7   1              }
   8          
   9          main()
  10                  {
  11   1              char NumbersCode[10]={0x3f,0x06,0x5b,0x4f,0x66,0x6d,0x7d,0x27,0x7f,0x6f};
  12   1              char Counter=0;
  13   1              bit HolldSwitchStatus;
  14   1              P1_0 = 1;
  15   1              P3=~NumbersCode[Counter];
  16   1              while(1)
  17   1                      {
  18   2                      HolldSwitchStatus = P1_0;
  19   2                      Delay(500);
  20   2                      if(HolldSwitchStatus != P1_0)
  21   2                              {
  22   3                              HolldSwitchStatus = P1_0;
  23   3                              Delay(5000);
  24   3                                      if(P1_0 == 0)
  25   3                                              {
  26   4                                              Counter++;
  27   4                                              if(Counter>9)
  28   4                                                      Counter=0;
  29   4                                              P3=~NumbersCode[Counter];
  30   4                                              }
  31   3                              }
  32   2                      }
  33   1              }


MODULE INFORMATION:   STATIC OVERLAYABLE
   CODE SIZE        =    108    ----
   CONSTANT SIZE    =     10    ----
   XDATA SIZE       =   ----    ----
   PDATA SIZE       =   ----    ----
   DATA SIZE        =   ----      10
   IDATA SIZE       =   ----    ----
   BIT SIZE         =   ----       1
END OF MODULE INFORMATION.


C51 COMPILATION COMPLETE.  0 WARNING(S),  0 ERROR(S)
