
optiboot_32_8mhz.elf:     file format elf32-avr

Sections:
Idx Name          Size      VMA       LMA       File off  Algn
  0 .text         000001f4  00007e00  00007e00  00000054  2**1
                  CONTENTS, ALLOC, LOAD, READONLY, CODE
  1 .version      00000002  00007ffe  00007ffe  00000248  2**0
                  CONTENTS, READONLY
  2 .debug_aranges 00000028  00000000  00000000  0000024a  2**0
                  CONTENTS, READONLY, DEBUGGING
  3 .debug_pubnames 0000005f  00000000  00000000  00000272  2**0
                  CONTENTS, READONLY, DEBUGGING
  4 .debug_info   000002a6  00000000  00000000  000002d1  2**0
                  CONTENTS, READONLY, DEBUGGING
  5 .debug_abbrev 00000169  00000000  00000000  00000577  2**0
                  CONTENTS, READONLY, DEBUGGING
  6 .debug_line   00000424  00000000  00000000  000006e0  2**0
                  CONTENTS, READONLY, DEBUGGING
  7 .debug_frame  00000080  00000000  00000000  00000b04  2**2
                  CONTENTS, READONLY, DEBUGGING
  8 .debug_str    00000111  00000000  00000000  00000b84  2**0
                  CONTENTS, READONLY, DEBUGGING
  9 .debug_loc    000002ba  00000000  00000000  00000c95  2**0
                  CONTENTS, READONLY, DEBUGGING
 10 .debug_ranges 00000078  00000000  00000000  00000f4f  2**0
                  CONTENTS, READONLY, DEBUGGING

Disassembly of section .text:

00007e00 <main>:
#define rstVect (*(uint16_t*)(RAMSTART+SPM_PAGESIZE*2+4))
#define wdtVect (*(uint16_t*)(RAMSTART+SPM_PAGESIZE*2+6))
#endif

/* main program starts here */
int main(void) {
    7e00:	83 ec       	ldi	r24, 0xC3	; 195
    7e02:	81 bf       	out	0x31, r24	; 49
  //  SP points to RAMEND
  //  r1 contains zero
  //
  // If not, uncomment the following instructions:
  // cli();
  asm volatile ("clr __zero_reg__");
    7e04:	11 24       	eor	r1, r1
#if defined(__AVR_ATmega8__) ||  defined(__AVR_ATmega32__)
  SP=RAMEND;  // This is done by hardware reset
    7e06:	8f e5       	ldi	r24, 0x5F	; 95
    7e08:	98 e0       	ldi	r25, 0x08	; 8
    7e0a:	9e bf       	out	0x3e, r25	; 62
    7e0c:	8d bf       	out	0x3d, r24	; 61
#endif

  // Adaboot no-wait mod
  ch = MCUSR;
    7e0e:	84 b7       	in	r24, 0x34	; 52
  MCUSR = 0;
    7e10:	14 be       	out	0x34, r1	; 52
  if (!(ch & _BV(EXTRF))) appStart();
    7e12:	81 ff       	sbrs	r24, 1
    7e14:	ea d0       	rcall	.+468    	; 0x7fea <appStart>

#if LED_START_FLASHES > 0
  // Set up Timer 1 for timeout counter
  TCCR1B = _BV(CS12) | _BV(CS10); // div 1024
    7e16:	85 e0       	ldi	r24, 0x05	; 5
    7e18:	8e bd       	out	0x2e, r24	; 46
#endif
#ifndef SOFT_UART
#if defined(__AVR_ATmega8__) ||  defined(__AVR_ATmega32__)
  UCSRA = _BV(U2X); //Double speed mode USART
    7e1a:	82 e0       	ldi	r24, 0x02	; 2
    7e1c:	8b b9       	out	0x0b, r24	; 11
  UCSRB = _BV(RXEN) | _BV(TXEN);  // enable Rx & Tx
    7e1e:	88 e1       	ldi	r24, 0x18	; 24
    7e20:	8a b9       	out	0x0a, r24	; 10
  UCSRC = _BV(URSEL) | _BV(UCSZ1) | _BV(UCSZ0);  // config USART; 8N1
    7e22:	86 e8       	ldi	r24, 0x86	; 134
    7e24:	80 bd       	out	0x20, r24	; 32
  UBRRL = (uint8_t)( (F_CPU + BAUD_RATE * 4L) / (BAUD_RATE * 8L) - 1 );
    7e26:	83 e3       	ldi	r24, 0x33	; 51
    7e28:	89 b9       	out	0x09, r24	; 9
  UBRR0L = (uint8_t)( (F_CPU + BAUD_RATE * 4L) / (BAUD_RATE * 8L) - 1 );
#endif
#endif

  // Set up watchdog to trigger after 500ms
  watchdogConfig(WATCHDOG_1S);
    7e2a:	8e e0       	ldi	r24, 0x0E	; 14
    7e2c:	c9 d0       	rcall	.+402    	; 0x7fc0 <watchdogConfig>

  /* Set LED pin as output */
  LED_DDR |= _BV(LED);
    7e2e:	b8 9a       	sbi	0x17, 0	; 23
    7e30:	98 e0       	ldi	r25, 0x08	; 8
}

#if LED_START_FLASHES > 0
void flash_led(uint8_t count) {
  do {
    TCNT1 = -(F_CPU/(1024*16));
    7e32:	28 e1       	ldi	r18, 0x18	; 24
    7e34:	3e ef       	ldi	r19, 0xFE	; 254
    TIFR1 = _BV(TOV1);
    7e36:	54 e0       	ldi	r21, 0x04	; 4
    while(!(TIFR1 & _BV(TOV1)));

#if defined(__AVR_ATmega8__) ||  defined(__AVR_ATmega32__)
    LED_PORT ^= _BV(LED);
    7e38:	41 e0       	ldi	r20, 0x01	; 1
}

#if LED_START_FLASHES > 0
void flash_led(uint8_t count) {
  do {
    TCNT1 = -(F_CPU/(1024*16));
    7e3a:	3d bd       	out	0x2d, r19	; 45
    7e3c:	2c bd       	out	0x2c, r18	; 44
    TIFR1 = _BV(TOV1);
    7e3e:	58 bf       	out	0x38, r21	; 56
    while(!(TIFR1 & _BV(TOV1)));
    7e40:	08 b6       	in	r0, 0x38	; 56
    7e42:	02 fe       	sbrs	r0, 2
    7e44:	fd cf       	rjmp	.-6      	; 0x7e40 <main+0x40>

#if defined(__AVR_ATmega8__) ||  defined(__AVR_ATmega32__)
    LED_PORT ^= _BV(LED);
    7e46:	88 b3       	in	r24, 0x18	; 24
    7e48:	84 27       	eor	r24, r20
    7e4a:	88 bb       	out	0x18, r24	; 24
}
#endif

// Watchdog functions. These are only safe with interrupts turned off.
void watchdogReset() {
  __asm__ __volatile__ (
    7e4c:	a8 95       	wdr
    LED_PORT ^= _BV(LED);
#else
    LED_PIN |= _BV(LED);
#endif
    watchdogReset();
  } while (--count);
    7e4e:	91 50       	subi	r25, 0x01	; 1
    7e50:	a1 f7       	brne	.-24     	; 0x7e3a <main+0x3a>
    7e52:	cc 24       	eor	r12, r12
    7e54:	dd 24       	eor	r13, r13
      ch = SPM_PAGESIZE / 2;
      do {
        uint16_t a;
        a = *bufPtr++;
        a |= (*bufPtr++) << 8;
        __boot_page_fill_short((uint16_t)(void*)addrPtr,a);
    7e56:	99 24       	eor	r9, r9
    7e58:	93 94       	inc	r9
        addrPtr += 2;
      } while (--ch);

      // Write from programming buffer
      __boot_page_write_short((uint16_t)(void*)address);
    7e5a:	b5 e0       	ldi	r27, 0x05	; 5
    7e5c:	8b 2e       	mov	r8, r27
      boot_spm_busy_wait();

#if defined(RWWSRE)
      // Reenable read access to flash
      boot_rww_enable();
    7e5e:	a1 e1       	ldi	r26, 0x11	; 17
    7e60:	aa 2e       	mov	r10, r26
      do *bufPtr++ = getch();
      while (--length);

      // If we are in NRWW section, page erase has to be delayed until now.
      // Todo: Take RAMPZ into account
      if (address >= NRWWSTART) __boot_page_erase_short((uint16_t)(void*)address);
    7e62:	f3 e0       	ldi	r31, 0x03	; 3
    7e64:	bf 2e       	mov	r11, r31
#endif
  
  /* Forever loop */
  for (;;) {
    /* get character from UART */
    ch = getch();
    7e66:	9d d0       	rcall	.+314    	; 0x7fa2 <getch>

    if(ch == STK_GET_PARAMETER) {
    7e68:	81 34       	cpi	r24, 0x41	; 65
    7e6a:	61 f4       	brne	.+24     	; 0x7e84 <main+0x84>
      unsigned char which = getch();
    7e6c:	9a d0       	rcall	.+308    	; 0x7fa2 <getch>
    7e6e:	08 2f       	mov	r16, r24
      verifySpace();
    7e70:	ac d0       	rcall	.+344    	; 0x7fca <verifySpace>
      if (which == 0x82) {
    7e72:	02 38       	cpi	r16, 0x82	; 130
    7e74:	11 f0       	breq	.+4      	; 0x7e7a <main+0x7a>
	/*
	 * Send optiboot version as "minor SW version"
	 */
	putch(OPTIBOOT_MINVER);
      } else if (which == 0x81) {
    7e76:	01 38       	cpi	r16, 0x81	; 129
    7e78:	11 f4       	brne	.+4      	; 0x7e7e <main+0x7e>
	  putch(OPTIBOOT_MAJVER);
    7e7a:	84 e0       	ldi	r24, 0x04	; 4
    7e7c:	01 c0       	rjmp	.+2      	; 0x7e80 <main+0x80>
      } else {
	/*
	 * GET PARAMETER returns a generic 0x03 reply for
         * other parameters - enough to keep Avrdude happy
	 */
	putch(0x03);
    7e7e:	83 e0       	ldi	r24, 0x03	; 3
    7e80:	8c d0       	rcall	.+280    	; 0x7f9a <putch>
    7e82:	88 c0       	rjmp	.+272    	; 0x7f94 <main+0x194>
      }
    }
    else if(ch == STK_SET_DEVICE) {
    7e84:	82 34       	cpi	r24, 0x42	; 66
    7e86:	11 f4       	brne	.+4      	; 0x7e8c <main+0x8c>
      // SET DEVICE is ignored
      getNch(20);
    7e88:	84 e1       	ldi	r24, 0x14	; 20
    7e8a:	03 c0       	rjmp	.+6      	; 0x7e92 <main+0x92>
    }
    else if(ch == STK_SET_DEVICE_EXT) {
    7e8c:	85 34       	cpi	r24, 0x45	; 69
    7e8e:	19 f4       	brne	.+6      	; 0x7e96 <main+0x96>
      // SET DEVICE EXT is ignored
      getNch(5);
    7e90:	85 e0       	ldi	r24, 0x05	; 5
    7e92:	a3 d0       	rcall	.+326    	; 0x7fda <getNch>
    7e94:	7f c0       	rjmp	.+254    	; 0x7f94 <main+0x194>
    }
    else if(ch == STK_LOAD_ADDRESS) {
    7e96:	85 35       	cpi	r24, 0x55	; 85
    7e98:	79 f4       	brne	.+30     	; 0x7eb8 <main+0xb8>
      // LOAD ADDRESS
      uint16_t newAddress;
      newAddress = getch();
    7e9a:	83 d0       	rcall	.+262    	; 0x7fa2 <getch>
      newAddress = (newAddress & 0xff) | (getch() << 8);
    7e9c:	e8 2e       	mov	r14, r24
    7e9e:	ff 24       	eor	r15, r15
    7ea0:	80 d0       	rcall	.+256    	; 0x7fa2 <getch>
    7ea2:	08 2f       	mov	r16, r24
    7ea4:	10 e0       	ldi	r17, 0x00	; 0
    7ea6:	10 2f       	mov	r17, r16
    7ea8:	00 27       	eor	r16, r16
    7eaa:	0e 29       	or	r16, r14
    7eac:	1f 29       	or	r17, r15
#ifdef RAMPZ
      // Transfer top bit to RAMPZ
      RAMPZ = (newAddress & 0x8000) ? 1 : 0;
#endif
      newAddress += newAddress; // Convert from word address to byte address
    7eae:	00 0f       	add	r16, r16
    7eb0:	11 1f       	adc	r17, r17
      address = newAddress;
      verifySpace();
    7eb2:	8b d0       	rcall	.+278    	; 0x7fca <verifySpace>
    7eb4:	68 01       	movw	r12, r16
    7eb6:	6e c0       	rjmp	.+220    	; 0x7f94 <main+0x194>
    }
    else if(ch == STK_UNIVERSAL) {
    7eb8:	86 35       	cpi	r24, 0x56	; 86
    7eba:	21 f4       	brne	.+8      	; 0x7ec4 <main+0xc4>
      // UNIVERSAL command is ignored
      getNch(4);
    7ebc:	84 e0       	ldi	r24, 0x04	; 4
    7ebe:	8d d0       	rcall	.+282    	; 0x7fda <getNch>
      putch(0x00);
    7ec0:	80 e0       	ldi	r24, 0x00	; 0
    7ec2:	de cf       	rjmp	.-68     	; 0x7e80 <main+0x80>
    }
    /* Write memory, length is big endian and is in bytes */
    else if(ch == STK_PROG_PAGE) {
    7ec4:	84 36       	cpi	r24, 0x64	; 100
    7ec6:	09 f0       	breq	.+2      	; 0x7eca <main+0xca>
    7ec8:	3f c0       	rjmp	.+126    	; 0x7f48 <main+0x148>
      // PROGRAM PAGE - we support flash programming only, not EEPROM
      uint8_t *bufPtr;
      uint16_t addrPtr;

      getch();			/* getlen() */
    7eca:	6b d0       	rcall	.+214    	; 0x7fa2 <getch>
      length = getch();
    7ecc:	6a d0       	rcall	.+212    	; 0x7fa2 <getch>
    7ece:	08 2f       	mov	r16, r24
      getch();
    7ed0:	68 d0       	rcall	.+208    	; 0x7fa2 <getch>

      // If we are in RWW section, immediately start page erase
      if (address < NRWWSTART) __boot_page_erase_short((uint16_t)(void*)address);
    7ed2:	80 e0       	ldi	r24, 0x00	; 0
    7ed4:	c8 16       	cp	r12, r24
    7ed6:	80 e7       	ldi	r24, 0x70	; 112
    7ed8:	d8 06       	cpc	r13, r24
    7eda:	18 f4       	brcc	.+6      	; 0x7ee2 <main+0xe2>
    7edc:	f6 01       	movw	r30, r12
    7ede:	b7 be       	out	0x37, r11	; 55
    7ee0:	e8 95       	spm
    7ee2:	c0 e6       	ldi	r28, 0x60	; 96
    7ee4:	d0 e0       	ldi	r29, 0x00	; 0

      // While that is going on, read in page contents
      bufPtr = buff;
      do *bufPtr++ = getch();
    7ee6:	5d d0       	rcall	.+186    	; 0x7fa2 <getch>
    7ee8:	89 93       	st	Y+, r24
      while (--length);
    7eea:	01 50       	subi	r16, 0x01	; 1
    7eec:	e1 f7       	brne	.-8      	; 0x7ee6 <main+0xe6>

      // If we are in NRWW section, page erase has to be delayed until now.
      // Todo: Take RAMPZ into account
      if (address >= NRWWSTART) __boot_page_erase_short((uint16_t)(void*)address);
    7eee:	f0 e0       	ldi	r31, 0x00	; 0
    7ef0:	cf 16       	cp	r12, r31
    7ef2:	f0 e7       	ldi	r31, 0x70	; 112
    7ef4:	df 06       	cpc	r13, r31
    7ef6:	18 f0       	brcs	.+6      	; 0x7efe <main+0xfe>
    7ef8:	f6 01       	movw	r30, r12
    7efa:	b7 be       	out	0x37, r11	; 55
    7efc:	e8 95       	spm

      // Read command terminator, start reply
      verifySpace();
    7efe:	65 d0       	rcall	.+202    	; 0x7fca <verifySpace>

      // If only a partial page is to be programmed, the erase might not be complete.
      // So check that here
      boot_spm_busy_wait();
    7f00:	07 b6       	in	r0, 0x37	; 55
    7f02:	00 fc       	sbrc	r0, 0
    7f04:	fd cf       	rjmp	.-6      	; 0x7f00 <main+0x100>
    7f06:	a6 01       	movw	r20, r12
    7f08:	a0 e6       	ldi	r26, 0x60	; 96
    7f0a:	b0 e0       	ldi	r27, 0x00	; 0
      bufPtr = buff;
      addrPtr = (uint16_t)(void*)address;
      ch = SPM_PAGESIZE / 2;
      do {
        uint16_t a;
        a = *bufPtr++;
    7f0c:	2c 91       	ld	r18, X
    7f0e:	30 e0       	ldi	r19, 0x00	; 0
        a |= (*bufPtr++) << 8;
    7f10:	11 96       	adiw	r26, 0x01	; 1
    7f12:	8c 91       	ld	r24, X
    7f14:	11 97       	sbiw	r26, 0x01	; 1
    7f16:	90 e0       	ldi	r25, 0x00	; 0
    7f18:	98 2f       	mov	r25, r24
    7f1a:	88 27       	eor	r24, r24
    7f1c:	82 2b       	or	r24, r18
    7f1e:	93 2b       	or	r25, r19
#define rstVect (*(uint16_t*)(RAMSTART+SPM_PAGESIZE*2+4))
#define wdtVect (*(uint16_t*)(RAMSTART+SPM_PAGESIZE*2+6))
#endif

/* main program starts here */
int main(void) {
    7f20:	12 96       	adiw	r26, 0x02	; 2
      ch = SPM_PAGESIZE / 2;
      do {
        uint16_t a;
        a = *bufPtr++;
        a |= (*bufPtr++) << 8;
        __boot_page_fill_short((uint16_t)(void*)addrPtr,a);
    7f22:	fa 01       	movw	r30, r20
    7f24:	0c 01       	movw	r0, r24
    7f26:	97 be       	out	0x37, r9	; 55
    7f28:	e8 95       	spm
    7f2a:	11 24       	eor	r1, r1
        addrPtr += 2;
    7f2c:	4e 5f       	subi	r20, 0xFE	; 254
    7f2e:	5f 4f       	sbci	r21, 0xFF	; 255
      } while (--ch);
    7f30:	a0 3e       	cpi	r26, 0xE0	; 224
    7f32:	b1 05       	cpc	r27, r1
    7f34:	59 f7       	brne	.-42     	; 0x7f0c <main+0x10c>

      // Write from programming buffer
      __boot_page_write_short((uint16_t)(void*)address);
    7f36:	f6 01       	movw	r30, r12
    7f38:	87 be       	out	0x37, r8	; 55
    7f3a:	e8 95       	spm
      boot_spm_busy_wait();
    7f3c:	07 b6       	in	r0, 0x37	; 55
    7f3e:	00 fc       	sbrc	r0, 0
    7f40:	fd cf       	rjmp	.-6      	; 0x7f3c <main+0x13c>

#if defined(RWWSRE)
      // Reenable read access to flash
      boot_rww_enable();
    7f42:	a7 be       	out	0x37, r10	; 55
    7f44:	e8 95       	spm
    7f46:	26 c0       	rjmp	.+76     	; 0x7f94 <main+0x194>
#endif

    }
    /* Read memory block mode, length is big endian.  */
    else if(ch == STK_READ_PAGE) {
    7f48:	84 37       	cpi	r24, 0x74	; 116
    7f4a:	b1 f4       	brne	.+44     	; 0x7f78 <main+0x178>
      // READ PAGE - we only read flash
      getch();			/* getlen() */
    7f4c:	2a d0       	rcall	.+84     	; 0x7fa2 <getch>
      length = getch();
    7f4e:	29 d0       	rcall	.+82     	; 0x7fa2 <getch>
    7f50:	f8 2e       	mov	r15, r24
      getch();
    7f52:	27 d0       	rcall	.+78     	; 0x7fa2 <getch>

      verifySpace();
    7f54:	3a d0       	rcall	.+116    	; 0x7fca <verifySpace>
    7f56:	f6 01       	movw	r30, r12
    7f58:	ef 2c       	mov	r14, r15
        putch(result);
        address++;
      }
      while (--length);
#else
      do putch(pgm_read_byte_near(address++));
    7f5a:	8f 01       	movw	r16, r30
    7f5c:	0f 5f       	subi	r16, 0xFF	; 255
    7f5e:	1f 4f       	sbci	r17, 0xFF	; 255
    7f60:	84 91       	lpm	r24, Z+
    7f62:	1b d0       	rcall	.+54     	; 0x7f9a <putch>
      while (--length);
    7f64:	ea 94       	dec	r14
    7f66:	f8 01       	movw	r30, r16
    7f68:	c1 f7       	brne	.-16     	; 0x7f5a <main+0x15a>
#define rstVect (*(uint16_t*)(RAMSTART+SPM_PAGESIZE*2+4))
#define wdtVect (*(uint16_t*)(RAMSTART+SPM_PAGESIZE*2+6))
#endif

/* main program starts here */
int main(void) {
    7f6a:	08 94       	sec
    7f6c:	c1 1c       	adc	r12, r1
    7f6e:	d1 1c       	adc	r13, r1
    7f70:	fa 94       	dec	r15
    7f72:	cf 0c       	add	r12, r15
    7f74:	d1 1c       	adc	r13, r1
    7f76:	0e c0       	rjmp	.+28     	; 0x7f94 <main+0x194>
#endif
#endif
    }

    /* Get device signature bytes  */
    else if(ch == STK_READ_SIGN) {
    7f78:	85 37       	cpi	r24, 0x75	; 117
    7f7a:	39 f4       	brne	.+14     	; 0x7f8a <main+0x18a>
      // READ SIGN - return what Avrdude wants to hear
      verifySpace();
    7f7c:	26 d0       	rcall	.+76     	; 0x7fca <verifySpace>
      putch(SIGNATURE_0);
    7f7e:	8e e1       	ldi	r24, 0x1E	; 30
    7f80:	0c d0       	rcall	.+24     	; 0x7f9a <putch>
      putch(SIGNATURE_1);
    7f82:	85 e9       	ldi	r24, 0x95	; 149
    7f84:	0a d0       	rcall	.+20     	; 0x7f9a <putch>
      putch(SIGNATURE_2);
    7f86:	82 e0       	ldi	r24, 0x02	; 2
    7f88:	7b cf       	rjmp	.-266    	; 0x7e80 <main+0x80>
    }
    else if (ch == 'Q') {
    7f8a:	81 35       	cpi	r24, 0x51	; 81
    7f8c:	11 f4       	brne	.+4      	; 0x7f92 <main+0x192>
      // Adaboot no-wait mod
      watchdogConfig(WATCHDOG_16MS);
    7f8e:	88 e0       	ldi	r24, 0x08	; 8
    7f90:	17 d0       	rcall	.+46     	; 0x7fc0 <watchdogConfig>
      verifySpace();
    }
    else {
      // This covers the response to commands like STK_ENTER_PROGMODE
      verifySpace();
    7f92:	1b d0       	rcall	.+54     	; 0x7fca <verifySpace>
    }
    putch(STK_OK);
    7f94:	80 e1       	ldi	r24, 0x10	; 16
    7f96:	01 d0       	rcall	.+2      	; 0x7f9a <putch>
    7f98:	66 cf       	rjmp	.-308    	; 0x7e66 <main+0x66>

00007f9a <putch>:
  }
}

void putch(char ch) {
#ifndef SOFT_UART
  while (!(UCSR0A & _BV(UDRE0)));
    7f9a:	5d 9b       	sbis	0x0b, 5	; 11
    7f9c:	fe cf       	rjmp	.-4      	; 0x7f9a <putch>
  UDR0 = ch;
    7f9e:	8c b9       	out	0x0c, r24	; 12
      [uartBit] "I" (UART_TX_BIT)
    :
      "r25"
  );
#endif
}
    7fa0:	08 95       	ret

00007fa2 <getch>:
uint8_t getch(void) {
  uint8_t ch;

#ifdef LED_DATA_FLASH
#if defined(__AVR_ATmega8__) ||  defined(__AVR_ATmega32__)
  LED_PORT ^= _BV(LED);
    7fa2:	88 b3       	in	r24, 0x18	; 24
    7fa4:	91 e0       	ldi	r25, 0x01	; 1
    7fa6:	89 27       	eor	r24, r25
    7fa8:	88 bb       	out	0x18, r24	; 24
      [uartBit] "I" (UART_RX_BIT)
    :
      "r25"
);
#else
  while(!(UCSR0A & _BV(RXC0)))
    7faa:	5f 9b       	sbis	0x0b, 7	; 11
    7fac:	fe cf       	rjmp	.-4      	; 0x7faa <getch+0x8>
    ;
  if (!(UCSR0A & _BV(FE0))) {
    7fae:	5c 99       	sbic	0x0b, 4	; 11
    7fb0:	01 c0       	rjmp	.+2      	; 0x7fb4 <getch+0x12>
}
#endif

// Watchdog functions. These are only safe with interrupts turned off.
void watchdogReset() {
  __asm__ __volatile__ (
    7fb2:	a8 95       	wdr
       * the application "soon", if it keeps happening.  (Note that we
       * don't care that an invalid char is returned...)
       */
    watchdogReset();
  }
  ch = UDR0;
    7fb4:	8c b1       	in	r24, 0x0c	; 12
  
#endif

#ifdef LED_DATA_FLASH
#if defined(__AVR_ATmega8__) ||  defined(__AVR_ATmega32__)
  LED_PORT ^= _BV(LED);
    7fb6:	98 b3       	in	r25, 0x18	; 24
    7fb8:	21 e0       	ldi	r18, 0x01	; 1
    7fba:	92 27       	eor	r25, r18
    7fbc:	98 bb       	out	0x18, r25	; 24
  LED_PIN |= _BV(LED);
#endif
#endif

  return ch;
}
    7fbe:	08 95       	ret

00007fc0 <watchdogConfig>:
}

void watchdogConfig(uint8_t x) {
 #if defined __AVR_ATmega32__
 //EMK - atmega32 
  WDTCR |= _BV(WDTOE) | _BV(WDE);
    7fc0:	91 b5       	in	r25, 0x21	; 33
    7fc2:	98 61       	ori	r25, 0x18	; 24
    7fc4:	91 bd       	out	0x21, r25	; 33
  WDTCR = x;
    7fc6:	81 bd       	out	0x21, r24	; 33
 #else
  WDTCSR = _BV(WDCE) | _BV(WDE);
  WDTCSR = x;
 #endif
}
    7fc8:	08 95       	ret

00007fca <verifySpace>:
  do getch(); while (--count);
  verifySpace();
}

void verifySpace() {
  if (getch() != CRC_EOP) {
    7fca:	eb df       	rcall	.-42     	; 0x7fa2 <getch>
    7fcc:	80 32       	cpi	r24, 0x20	; 32
    7fce:	19 f0       	breq	.+6      	; 0x7fd6 <verifySpace+0xc>
    watchdogConfig(WATCHDOG_16MS);    // shorten WD timeout
    7fd0:	88 e0       	ldi	r24, 0x08	; 8
    7fd2:	f6 df       	rcall	.-20     	; 0x7fc0 <watchdogConfig>
    7fd4:	ff cf       	rjmp	.-2      	; 0x7fd4 <verifySpace+0xa>
    while (1)			      // and busy-loop so that WD causes
      ;				      //  a reset and app start.
  }
  putch(STK_INSYNC);
    7fd6:	84 e1       	ldi	r24, 0x14	; 20
}
    7fd8:	e0 cf       	rjmp	.-64     	; 0x7f9a <putch>

00007fda <getNch>:
    ::[count] "M" (UART_B_VALUE)
  );
}
#endif

void getNch(uint8_t count) {
    7fda:	1f 93       	push	r17
    7fdc:	18 2f       	mov	r17, r24
  do getch(); while (--count);
    7fde:	e1 df       	rcall	.-62     	; 0x7fa2 <getch>
    7fe0:	11 50       	subi	r17, 0x01	; 1
    7fe2:	e9 f7       	brne	.-6      	; 0x7fde <getNch+0x4>
  verifySpace();
    7fe4:	f2 df       	rcall	.-28     	; 0x7fca <verifySpace>
}
    7fe6:	1f 91       	pop	r17
    7fe8:	08 95       	ret

00007fea <appStart>:
  WDTCSR = x;
 #endif
}

void appStart() {
  watchdogConfig(WATCHDOG_OFF);
    7fea:	80 e0       	ldi	r24, 0x00	; 0
    7fec:	e9 df       	rcall	.-46     	; 0x7fc0 <watchdogConfig>
  __asm__ __volatile__ (
    7fee:	ee 27       	eor	r30, r30
    7ff0:	ff 27       	eor	r31, r31
    7ff2:	09 94       	ijmp
