















































]2;avrasm2.exe -S labels.tmp -I Include/ -fI -W+ie -C V3 -o AttoBASICV231.hex -d AttoBASICV231.obj -e AttoBASICV231.eep -m AttoBAS








































































AVRASM:AVR macroassembler2.1.42(build1796Sep15200910:48:36)
Copyright(C)1995-2009ATMELCorporation

AttoBASICV231.asm(885):Includingfile'Include/Defs_Constants.inc'
Include/Defs_Constants.inc(1):Includingfile'Include/m32u4def.inc'
Include/Defs_Constants.inc(13):Includingfile'Include\Defs_Register.inc'
Include\Defs_Register.inc(50): warning: Register r30alreadydefinedbythe .DEFdirective
Include/Defs_Constants.inc(13):info:'Include\Defs_Register.inc'includedfromhere
AttoBASICV231.asm(885):info:'Include/Defs_Constants.inc'includedfromhere
Include/Defs_Constants.inc(14):Includingfile'Include\Defs_Pinout.inc'
Include/Defs_Constants.inc(15):Includingfile'Include\Defs_Timers.inc'
Include/Defs_Constants.inc(134):Systemclockprescalersetto  1
Include/Defs_Constants.inc(386):Includingfile'Include\Defs_PWM.inc'
Include/Defs_Constants.inc(479):Includingfile'Include/Defs_DHT.inc'
Include/Defs_Constants.inc(486): Including file'Include/Defs_OWR.inc'
Include/Defs_Constants.inc(499):Includingfile'Include/Defs_NRF.inc'
Include/Defs_Constants.inc(537):Includingfile'Include/Defs_RTC.inc'
Include/Defs_Constants.inc(544):Includingfile'Include\Defs_DDS.inc'
AttoBASAtIAttCV231.asm(886):Including file'Include/Defs_ADC.inc'
AttoBASICV231.asm(898): Including file'Include/Defs_USART.inc'
AttoBASICV231.asm(901):Includingfile'Include/Defs_TWI.inc'
Include/Defs_TWI.inc(111):Including file 'Include\Macro_TWI.inc'
AttoBASIACV231.asm(906): Including file 'Include/Macro_IO.inc'
AttoBASICV231.asm(907): Including file 'Include/Macro_Misc.inc'
AttoBASICV231.asm(908):Includingfile'Include/Macro_Delays.inc'
AttoBASAICV231.asm(909):Includingfile'Include/Macro_AttoBASIC.inc'
AttoABASICV231.asm(916):Includingfile'Include/Data_RAM.inc'
AttoBASICV231.asm(917):Including file'Include/Data_EEP.inc'
AttoBASICV231.asm(926):Includingfile'Include/Code_Vectors.inc'
AttoBASICV231.asm(3078): Including file 'IAnclude/Code_Editing.inc'
AttoBASICV231.asm(3079):Includingfile'Include/Code_EFS.inc'
AttoBASICV231.asm(3080):Includingfile'include/Code_Math.inc'
AttoBASICV231.asm(3081):Includingfile 'Include/Code_ERRPROC.inc'
AttoBASICV231.asm(3083):Includingfile'Include/Code_TWI.inc'
AttoBASICV231.asm(3086):Includingfile'Include/Code_SPI.inc'
AttoBASICV231.asm(3088):In
AttoBASICV231.asm(3088): Including file 'Include/Code_PORTIO.inc'AttoBASICV231.asm(3090):Includingfile'Include/Code_PWM.inc'
AttoBASICV231.asm(3092):Including fi
le 'Include/Code_Operators.inc'AttoBASICV231.asm(3093):Includingfile'Include/Code_Analog.inc'
AttoBASICV231.asm(3094):Includingfile'Include/Code_DataBytes.inc'
AttoBASICV231.asm(3096):Includingfile
'Include/Code_ICP.inc'Include/Code_ICP.inc(2):Includingfile'Include/Defs_ICP.inc'
AttoBASICV231.asm(3099):Includingfile'Include/Code_DS.inc'
AttoBASICV231.asm(3102):Includingfile'Include/Code_DataFile.inc'
AttoBASICV231.asm(3102): Including file 'Include/Code_DataFile.inc'Include/Code_DataFile.inc(2):Including file'Include/Defs_DATAFILE.inc'
AttoBASICV231.asm(3105):Including file 'Include/Code_LOPWR.inc
'
AttoBASICV231.asm(3108): Including file'Include/Code_DDS.inc'
AttoBASICV231.asm(3110):Includingfile'Include/Code_Init.inc'
AttoBASICV231.asm(3112):Includingfile'Include/Code_RTC.in
c'
AttoBASICV231.asm(3115):Including file 'Include/Code_DHT.inc'
AttoBASICV231.asm(3118):Includingfile'Include/Code_NRF.inc'
AttoBASICV231.asm(3121): Includingfile'Includ
e/Code_OWR.inc'AttoBASICV231.asm(3125): Includingfile'Include/Code_Debug.inc'
AttoBASICV231.asm(3137):Includingfile'Include/Code_BLDR.inc'
AttoBAAtSICV231.asm(3346):Includingfile'Include/Data_Cmds.in
c'
AttoBAASICV231.asm(3347):Includingfile '
Include/Data_Msgs.inc'AttoBASICV231.asm(3392):Includingfile'Include/Data_SqrWav.inc'
AttoBASICV231.asm(3398): Including file'Include/Code_Bootloader.inc'
Include/Defs_Constants.inc(142):UsingFCLK@4MHz
Include/Defs_DHT.inc(4):EnablingDHTSensorSupport
Include/Defs_DHT.inc(200):Usingdivideby8forDHTtiming.
Include/Defs_OWR.inc(4): Enabling
1-Wire SupportInclude/Defs_USART.inc(12): Usingbaudr
ate of 19200 for FCLK = 4MHzInclude/Defs_TIncWI.inc(25):OnlyTWI@100Kavailable
Include/Defs_TWI.inc(25): Only TWI @ 100K availableInclude/Code_Init.inc(164):EnablingPort-PinPullupsforDSinterface.
Include/Code_Bootloader.inc(51):BootloaderDFUisnotsupportedforthisclockspeed!
Include/Code_Bootloader.inc(5
Include/Code_Bootloader.inc(52): Bootloader DFU will not be included.
ATmega32U4memoryusesummary[bytes]:Segment   Begin    End      Code   Data   Used    Size   Use%
---------------------------------------------------------------[.cseg]0x0000000x007000127963750165463276850.5%
[.dseg]0x0001000x000b000256025602560100.0%
[.eseg] 0x0000000x0003ff0416416102440.6%

Assemblycomplete,0errors.1warnings
Assembly complete, 0 errors. 1 warnings>