















































]2;avrasm2.exe -S labels.tmp -I Include/ -fI -W+ie -C V3 -o AttoBASICV231.hex -d AttoBASICV231.obj -e AttoBASICV231.eep -m AttoBAS








































































AVRASM:AVRmacroassembler2.1.42(build1796Sep15200910:48:36)
Copyright(C)1995-2009ATMELCorporation

AttoBASIAttCV231.asm(885):Including file 'Include/Defs_Constants.inc'
Include/Defs_Constants.inc(1):Includingfile'Include/m32u4def.inc'
Include/Defs_Constants.inc(13):Includingfile'Include\Defs_Register.inc'
Include\Defs_Register.inc(50):warning:Registerr30alreadydefinedbythe.DEFdirective
Include/Defs_Constants.inc(13):info: 'Include\Defs_Register.inc'includedfrom here
AttoBASICV231.asm(885): info: 'Include/Defs_Constants.inc'includedfromhere
Include/Defs_Constants.inc(14): Includingfile'Include\Defs_Pinout.inc'
Include/Defs_Constants.inc(15): Including file'Include\Defs_Timers.inc'
Include/Defs_Constants.inc(134):Systemclockprescalerset to  1
Include/Defs_Constants.inc(386):Includingfile'Include\Defs_PWM.inc'
Include/Defs_Constants.inc(479):Includingfile'Include/Defs_DHT.inc'
Include/Defs_Constants.inc(486):Including file'Include/Defs_OWR.inc'
Include/Defs_Constants.inc(499):Includingfile'Include/Defs_NRF.inc'
Include/Defs_Constants.inc(537):Including file'Include/Defs_RTC.inc'
Include/Defs_Constants.inc(544):Includingfile'Include\Defs_DDS.inc'
AttoBASICV231.asm(886):Includingfile'Include/Defs_ADC.inc'
AttoBASICV231.asm(889):Includingfile'Include/Defs_usb_serial-atmega32u4.inc'
AttoBASICV231.asm(898):Includingfile'Include/Defs_USART.inc'
AttoBASICV231.asm(901):Includingfile'Include/Defs_TWI.inc'
Include/Defs_TWI.inc(111):Includingfile'Include\Macro_TWI.inc'
AttoBASICV231.asm(906):Including file'Include/Macro_IO.inc'
AttoBASICV231.asm(907):Including file 'Include/Macro_Misc.inc'
AttoBASICV231.asm(908):Includingfile'Include/Macro_Delays.inc'
AttoBASICV231.asm(909):Includingfile'Include/Macro_AttoBASIC.inc'
AttoBASICV231.asm(916):Includingfile'Include/Data_RAM.inc'
AttoBASICV231.asm(917): Including file 'Include/Data_EEP.inc'
AttoBASICV231.asm(926):Includingfile'Include/Code_Vectors.inc'
AttoBASICV231.asm(3078):Includingfile 'Include/Code_Editing.inc'
AttoBASICV231.asm(3079):Includingfile'Include/Code_EFS.inc'
AttoBASICV231.asm(3080): Includingfile'include/Code_Math.inc'
AttoBASICV231.asm(3081):Includingfile'Include/Code_ERRPROC
.inc'
AttoBASICV231.asm(3083):Includingfile 'Include/Code_TWI.inc'
AttoBASICV231.asm(3086):Includingfile'Include/Code_SPI.inc'
AttoABASICV231.asm(3088):Includingfile'Include/Code_PORTIO.inc'
AttoBASICV231.asm(3090):Includingfile'Include/Code_PWM.inc'
AttoBASICV231.asm(3092):Including file'Include/Code_Operators
.inc'
AttoBASICV231.asm(3093):Includingfile'Include/Code_Analog.inc'
AttoBASICV231.asm(3094):Includingfile'Include/Code_DataBytes.inc'
AttoBASICV231.asm(3094): Including file 'Include/Code_DataBytes.inc'AttoBASICV231.asm(3096): Includingfile'Include/Code_ICP.inc'
Include/Code_ICP.inc(2): Includingfile 'Include/Defs_ICP.inc'
AttoBASICV231.asm(3099):Includingfile'Include/Code_DS.inc'
AttoBASICV231.asm(3099): Including file 'Include/Code_DS.inc'AttoBASICV231.asm(3102):Includingfile 'Include/Code_DataFile.inc'
Include/Code_DataFile.inc(2):Includingfile'Include/Defs_DATAFILE.inc'
AttoBASICV231.asm(3105):Includingfile'Include/Code_LOPWR.inc'
AttoBASICV231.asm(3108): Includingfile'Include/Code_DDS.inc'
AttoBASICV231.asm(3108): Including file 'Include/Code_DDS.inc'AttoBASICV231.asm(3110):Includingfile'Include/Code_Init.inc'
AttoBASICV231.asm(3112):Includingfile'Include/Co
de_RTC.inc'AttoBASICV231.asm(3115):Including file'Include/Code_DHT.inc'
AttoBASICV231.asm(3118):Includingfile'Include/Code_NR
F.inc'
AttoBASICV231.asm(3121): Includingfi
le 'Include/Code_OWR.inc'AttoBASICV231.asm(3125):Includingfile'Include/Code_Debug.inc'
AttoBASICV231.asm(3137):Includingfile'Include/Code_BLDR.inc'
AttoBASICV231.asm(3346):Includingfile'Include/
Data_Cmds.inc'
AttoBASICV231.asm(3347): Includingfile'Include/Data_Msgs.inc'
AttoBASICV231.asm(3362):Notice:USBsupportforATmega32U4@8MHzenabled
AttoBASICV231.asm(3362): Notice: USB support for ATmega32U4 @ 8MHz enabledAttoBASICV231.asm(3363):Includingfile'Include/Code_usb_serial_atmega32u4-8M.inc'
AttoBASICV231.asm(3363): Including file 'Include/Code_usb_serial_atmega32u4-8M.inc'AttoBASICV231.asm(3392):Including file 'Include/Data_SqrWav.inc'
AttoBASICV231.asm(3398):Includingfile'Include/Code_Bootloader.inc'
Include/Code_Bootloader.inc(46):Includingfile'Include/Code_BootloaderDFU_atmega32u4-8M.inc'
Include/Defs_Constants.inc(148):UsingFCLK@8MHz
Include/Defs_DHT.inc(4):Enab
ling DHT Sensor SupportInclude/Defs_DHT.inc(200):Usingdivideby8 for DHTtiming.
IncludIe/Defs_OWR.inc(4):Enabling1-WireSu
pport
Include/Defs_USART.inc(15):Usingbaudrateof19200forFCLK> 4MHz
Include/Defs_TWI.inc(25):OnlyTWI@100Kavailable
Include/Code_Init.inc(164):EnablingPort-Pin Pullups for DSinterface.
Include/Code_usb_serial_atmega32u4-8M.inc(145):warning:.cseg.dbmisalignment-paddingzerobyte
AttoBAASICV231.asm(3363):info:'Include/Code_usb_serial_atmega32u4-8M.inc'includedfromhere
Include/Code_Bootloader.inc(45):Notice:BootloaderDFUform32u4@8MHz
Include/Code_Bootloader.inc(45): Notice: BootloaderDFU for m32u4 @ 8MHz enabled

ATmega32U4memoryusesummary[bytes]:
Segment   Begin    End      Code   Data   Used    Size   Use%
---------------------------------------------------------------
[.cseg]0x0000000x007e1c131409164223043276868.1%
[.cseg] 0x000000 0x007e1c  13140   9164  22304   32768  68.1%d100 0x000b000255925592560100.0%
[.dseg] 0x000100 0x000b00      0   2559   2559    2560 100.0%eseg]0x0000000x0003ff0416416102440.6%

Assembly complete, 0errors.2warnings
>