
AVRASM ver. 2.1.30  C:\Users\ical\Desktop\test-program\abi-stopwatch\swrev.asm Tue Jun 05 17:02:25 2012

C:\Users\ical\Desktop\test-program\abi-stopwatch\swrev.asm(1072): warning: Register r5 already defined by the .DEF directive
C:\Users\ical\Desktop\test-program\abi-stopwatch\swrev.asm(1073): warning: Register r4 already defined by the .DEF directive
C:\Users\ical\Desktop\test-program\abi-stopwatch\swrev.asm(1074): warning: Register r7 already defined by the .DEF directive
C:\Users\ical\Desktop\test-program\abi-stopwatch\swrev.asm(1075): warning: Register r6 already defined by the .DEF directive
C:\Users\ical\Desktop\test-program\abi-stopwatch\swrev.asm(1076): warning: Register r9 already defined by the .DEF directive
C:\Users\ical\Desktop\test-program\abi-stopwatch\swrev.asm(1077): warning: Register r8 already defined by the .DEF directive
C:\Users\ical\Desktop\test-program\abi-stopwatch\swrev.asm(1078): warning: Register r11 already defined by the .DEF directive
C:\Users\ical\Desktop\test-program\abi-stopwatch\swrev.asm(1079): warning: Register r10 already defined by the .DEF directive
                 
                 
                 ;CodeVisionAVR C Compiler V2.05.3 Standard
                 ;(C) Copyright 1998-2011 Pavel Haiduc, HP InfoTech s.r.l.
                 ;http://www.hpinfotech.com
                 
                 ;Chip type                : ATmega16
                 ;Program type             : Application
                 ;Clock frequency          : 12.000000 MHz
                 ;Memory model             : Small
                 ;Optimize for             : Size
                 ;(s)printf features       : int, width
                 ;(s)scanf features        : int, width
                 ;External RAM size        : 0
                 ;Data Stack size          : 256 byte(s)
                 ;Heap size                : 0 byte(s)
                 ;Promote 'char' to 'int'  : No
                 ;'char' is unsigned       : Yes
                 ;8 bit enums              : Yes
                 ;Global 'const' stored in FLASH     : No
                 ;Enhanced function parameter passing: Yes
                 ;Enhanced core instructions         : On
                 ;Smart register allocation          : On
                 ;Automatic register allocation      : On
                 
                 	#pragma AVRPART ADMIN PART_NAME ATmega16
                 	#pragma AVRPART MEMORY PROG_FLASH 16384
                 	#pragma AVRPART MEMORY EEPROM 512
                 	#pragma AVRPART MEMORY INT_SRAM SIZE 1119
                 	#pragma AVRPART MEMORY INT_SRAM START_ADDR 0x60
                 
                 	#define CALL_SUPPORTED 1
                 
                 	.LISTMAC
                 	.EQU UDRE=0x5
                 	.EQU RXC=0x7
                 	.EQU USR=0xB
                 	.EQU UDR=0xC
                 	.EQU SPSR=0xE
                 	.EQU SPDR=0xF
                 	.EQU EERE=0x0
                 	.EQU EEWE=0x1
                 	.EQU EEMWE=0x2
                 	.EQU EECR=0x1C
                 	.EQU EEDR=0x1D
                 	.EQU EEARL=0x1E
                 	.EQU EEARH=0x1F
                 	.EQU WDTCR=0x21
                 	.EQU MCUCR=0x35
                 	.EQU GICR=0x3B
                 	.EQU SPL=0x3D
                 	.EQU SPH=0x3E
                 	.EQU SREG=0x3F
                 
                 	.DEF R0X0=R0
                 	.DEF R0X1=R1
                 	.DEF R0X2=R2
                 	.DEF R0X3=R3
                 	.DEF R0X4=R4
                 	.DEF R0X5=R5
                 	.DEF R0X6=R6
                 	.DEF R0X7=R7
                 	.DEF R0X8=R8
                 	.DEF R0X9=R9
                 	.DEF R0XA=R10
                 	.DEF R0XB=R11
                 	.DEF R0XC=R12
                 	.DEF R0XD=R13
                 	.DEF R0XE=R14
                 	.DEF R0XF=R15
                 	.DEF R0X10=R16
                 	.DEF R0X11=R17
                 	.DEF R0X12=R18
                 	.DEF R0X13=R19
                 	.DEF R0X14=R20
                 	.DEF R0X15=R21
                 	.DEF R0X16=R22
                 	.DEF R0X17=R23
                 	.DEF R0X18=R24
                 	.DEF R0X19=R25
                 	.DEF R0X1A=R26
                 	.DEF R0X1B=R27
                 	.DEF R0X1C=R28
                 	.DEF R0X1D=R29
                 	.DEF R0X1E=R30
                 	.DEF R0X1F=R31
                 
                 	.EQU __SRAM_START=0x0060
                 	.EQU __SRAM_END=0x045F
                 	.EQU __DSTACK_SIZE=0x0100
                 	.EQU __HEAP_SIZE=0x0000
                 	.EQU __CLEAR_SRAM_SIZE=__SRAM_END-__SRAM_START+1
                 
                 	.MACRO __CPD1N
                 	CPI  R30,LOW(@0)
                 	LDI  R26,HIGH(@0)
                 	CPC  R31,R26
                 	LDI  R26,BYTE3(@0)
                 	CPC  R22,R26
                 	LDI  R26,BYTE4(@0)
                 	CPC  R23,R26
                 	.ENDM
                 
                 	.MACRO __CPD2N
                 	CPI  R26,LOW(@0)
                 	LDI  R30,HIGH(@0)
                 	CPC  R27,R30
                 	LDI  R30,BYTE3(@0)
                 	CPC  R24,R30
                 	LDI  R30,BYTE4(@0)
                 	CPC  R25,R30
                 	.ENDM
                 
                 	.MACRO __CPWRR
                 	CP   R@0,R@2
                 	CPC  R@1,R@3
                 	.ENDM
                 
                 	.MACRO __CPWRN
                 	CPI  R@0,LOW(@2)
                 	LDI  R30,HIGH(@2)
                 	CPC  R@1,R30
                 	.ENDM
                 
                 	.MACRO __ADDB1MN
                 	SUBI R30,LOW(-@0-(@1))
                 	.ENDM
                 
                 	.MACRO __ADDB2MN
                 	SUBI R26,LOW(-@0-(@1))
                 	.ENDM
                 
                 	.MACRO __ADDW1MN
                 	SUBI R30,LOW(-@0-(@1))
                 	SBCI R31,HIGH(-@0-(@1))
                 	.ENDM
                 
                 	.MACRO __ADDW2MN
                 	SUBI R26,LOW(-@0-(@1))
                 	SBCI R27,HIGH(-@0-(@1))
                 	.ENDM
                 
                 	.MACRO __ADDW1FN
                 	SUBI R30,LOW(-2*@0-(@1))
                 	SBCI R31,HIGH(-2*@0-(@1))
                 	.ENDM
                 
                 	.MACRO __ADDD1FN
                 	SUBI R30,LOW(-2*@0-(@1))
                 	SBCI R31,HIGH(-2*@0-(@1))
                 	SBCI R22,BYTE3(-2*@0-(@1))
                 	.ENDM
                 
                 	.MACRO __ADDD1N
                 	SUBI R30,LOW(-@0)
                 	SBCI R31,HIGH(-@0)
                 	SBCI R22,BYTE3(-@0)
                 	SBCI R23,BYTE4(-@0)
                 	.ENDM
                 
                 	.MACRO __ADDD2N
                 	SUBI R26,LOW(-@0)
                 	SBCI R27,HIGH(-@0)
                 	SBCI R24,BYTE3(-@0)
                 	SBCI R25,BYTE4(-@0)
                 	.ENDM
                 
                 	.MACRO __SUBD1N
                 	SUBI R30,LOW(@0)
                 	SBCI R31,HIGH(@0)
                 	SBCI R22,BYTE3(@0)
                 	SBCI R23,BYTE4(@0)
                 	.ENDM
                 
                 	.MACRO __SUBD2N
                 	SUBI R26,LOW(@0)
                 	SBCI R27,HIGH(@0)
                 	SBCI R24,BYTE3(@0)
                 	SBCI R25,BYTE4(@0)
                 	.ENDM
                 
                 	.MACRO __ANDBMNN
                 	LDS  R30,@0+(@1)
                 	ANDI R30,LOW(@2)
                 	STS  @0+(@1),R30
                 	.ENDM
                 
                 	.MACRO __ANDWMNN
                 	LDS  R30,@0+(@1)
                 	ANDI R30,LOW(@2)
                 	STS  @0+(@1),R30
                 	LDS  R30,@0+(@1)+1
                 	ANDI R30,HIGH(@2)
                 	STS  @0+(@1)+1,R30
                 	.ENDM
                 
                 	.MACRO __ANDD1N
                 	ANDI R30,LOW(@0)
                 	ANDI R31,HIGH(@0)
                 	ANDI R22,BYTE3(@0)
                 	ANDI R23,BYTE4(@0)
                 	.ENDM
                 
                 	.MACRO __ANDD2N
                 	ANDI R26,LOW(@0)
                 	ANDI R27,HIGH(@0)
                 	ANDI R24,BYTE3(@0)
                 	ANDI R25,BYTE4(@0)
                 	.ENDM
                 
                 	.MACRO __ORBMNN
                 	LDS  R30,@0+(@1)
                 	ORI  R30,LOW(@2)
                 	STS  @0+(@1),R30
                 	.ENDM
                 
                 	.MACRO __ORWMNN
                 	LDS  R30,@0+(@1)
                 	ORI  R30,LOW(@2)
                 	STS  @0+(@1),R30
                 	LDS  R30,@0+(@1)+1
                 	ORI  R30,HIGH(@2)
                 	STS  @0+(@1)+1,R30
                 	.ENDM
                 
                 	.MACRO __ORD1N
                 	ORI  R30,LOW(@0)
                 	ORI  R31,HIGH(@0)
                 	ORI  R22,BYTE3(@0)
                 	ORI  R23,BYTE4(@0)
                 	.ENDM
                 
                 	.MACRO __ORD2N
                 	ORI  R26,LOW(@0)
                 	ORI  R27,HIGH(@0)
                 	ORI  R24,BYTE3(@0)
                 	ORI  R25,BYTE4(@0)
                 	.ENDM
                 
                 	.MACRO __DELAY_USB
                 	LDI  R24,LOW(@0)
                 __DELAY_USB_LOOP:
                 	DEC  R24
                 	BRNE __DELAY_USB_LOOP
                 	.ENDM
                 
                 	.MACRO __DELAY_USW
                 	LDI  R24,LOW(@0)
                 	LDI  R25,HIGH(@0)
                 __DELAY_USW_LOOP:
                 	SBIW R24,1
                 	BRNE __DELAY_USW_LOOP
                 	.ENDM
                 
                 	.MACRO __GETD1S
                 	LDD  R30,Y+@0
                 	LDD  R31,Y+@0+1
                 	LDD  R22,Y+@0+2
                 	LDD  R23,Y+@0+3
                 	.ENDM
                 
                 	.MACRO __GETD2S
                 	LDD  R26,Y+@0
                 	LDD  R27,Y+@0+1
                 	LDD  R24,Y+@0+2
                 	LDD  R25,Y+@0+3
                 	.ENDM
                 
                 	.MACRO __PUTD1S
                 	STD  Y+@0,R30
                 	STD  Y+@0+1,R31
                 	STD  Y+@0+2,R22
                 	STD  Y+@0+3,R23
                 	.ENDM
                 
                 	.MACRO __PUTD2S
                 	STD  Y+@0,R26
                 	STD  Y+@0+1,R27
                 	STD  Y+@0+2,R24
                 	STD  Y+@0+3,R25
                 	.ENDM
                 
                 	.MACRO __PUTDZ2
                 	STD  Z+@0,R26
                 	STD  Z+@0+1,R27
                 	STD  Z+@0+2,R24
                 	STD  Z+@0+3,R25
                 	.ENDM
                 
                 	.MACRO __CLRD1S
                 	STD  Y+@0,R30
                 	STD  Y+@0+1,R30
                 	STD  Y+@0+2,R30
                 	STD  Y+@0+3,R30
                 	.ENDM
                 
                 	.MACRO __POINTB1MN
                 	LDI  R30,LOW(@0+(@1))
                 	.ENDM
                 
                 	.MACRO __POINTW1MN
                 	LDI  R30,LOW(@0+(@1))
                 	LDI  R31,HIGH(@0+(@1))
                 	.ENDM
                 
                 	.MACRO __POINTD1M
                 	LDI  R30,LOW(@0)
                 	LDI  R31,HIGH(@0)
                 	LDI  R22,BYTE3(@0)
                 	LDI  R23,BYTE4(@0)
                 	.ENDM
                 
                 	.MACRO __POINTW1FN
                 	LDI  R30,LOW(2*@0+(@1))
                 	LDI  R31,HIGH(2*@0+(@1))
                 	.ENDM
                 
                 	.MACRO __POINTD1FN
                 	LDI  R30,LOW(2*@0+(@1))
                 	LDI  R31,HIGH(2*@0+(@1))
                 	LDI  R22,BYTE3(2*@0+(@1))
                 	LDI  R23,BYTE4(2*@0+(@1))
                 	.ENDM
                 
                 	.MACRO __POINTB2MN
                 	LDI  R26,LOW(@0+(@1))
                 	.ENDM
                 
                 	.MACRO __POINTW2MN
                 	LDI  R26,LOW(@0+(@1))
                 	LDI  R27,HIGH(@0+(@1))
                 	.ENDM
                 
                 	.MACRO __POINTW2FN
                 	LDI  R26,LOW(2*@0+(@1))
                 	LDI  R27,HIGH(2*@0+(@1))
                 	.ENDM
                 
                 	.MACRO __POINTD2FN
                 	LDI  R26,LOW(2*@0+(@1))
                 	LDI  R27,HIGH(2*@0+(@1))
                 	LDI  R24,BYTE3(2*@0+(@1))
                 	LDI  R25,BYTE4(2*@0+(@1))
                 	.ENDM
                 
                 	.MACRO __POINTBRM
                 	LDI  R@0,LOW(@1)
                 	.ENDM
                 
                 	.MACRO __POINTWRM
                 	LDI  R@0,LOW(@2)
                 	LDI  R@1,HIGH(@2)
                 	.ENDM
                 
                 	.MACRO __POINTBRMN
                 	LDI  R@0,LOW(@1+(@2))
                 	.ENDM
                 
                 	.MACRO __POINTWRMN
                 	LDI  R@0,LOW(@2+(@3))
                 	LDI  R@1,HIGH(@2+(@3))
                 	.ENDM
                 
                 	.MACRO __POINTWRFN
                 	LDI  R@0,LOW(@2*2+(@3))
                 	LDI  R@1,HIGH(@2*2+(@3))
                 	.ENDM
                 
                 	.MACRO __GETD1N
                 	LDI  R30,LOW(@0)
                 	LDI  R31,HIGH(@0)
                 	LDI  R22,BYTE3(@0)
                 	LDI  R23,BYTE4(@0)
                 	.ENDM
                 
                 	.MACRO __GETD2N
                 	LDI  R26,LOW(@0)
                 	LDI  R27,HIGH(@0)
                 	LDI  R24,BYTE3(@0)
                 	LDI  R25,BYTE4(@0)
                 	.ENDM
                 
                 	.MACRO __GETB1MN
                 	LDS  R30,@0+(@1)
                 	.ENDM
                 
                 	.MACRO __GETB1HMN
                 	LDS  R31,@0+(@1)
                 	.ENDM
                 
                 	.MACRO __GETW1MN
                 	LDS  R30,@0+(@1)
                 	LDS  R31,@0+(@1)+1
                 	.ENDM
                 
                 	.MACRO __GETD1MN
                 	LDS  R30,@0+(@1)
                 	LDS  R31,@0+(@1)+1
                 	LDS  R22,@0+(@1)+2
                 	LDS  R23,@0+(@1)+3
                 	.ENDM
                 
                 	.MACRO __GETBRMN
                 	LDS  R@0,@1+(@2)
                 	.ENDM
                 
                 	.MACRO __GETWRMN
                 	LDS  R@0,@2+(@3)
                 	LDS  R@1,@2+(@3)+1
                 	.ENDM
                 
                 	.MACRO __GETWRZ
                 	LDD  R@0,Z+@2
                 	LDD  R@1,Z+@2+1
                 	.ENDM
                 
                 	.MACRO __GETD2Z
                 	LDD  R26,Z+@0
                 	LDD  R27,Z+@0+1
                 	LDD  R24,Z+@0+2
                 	LDD  R25,Z+@0+3
                 	.ENDM
                 
                 	.MACRO __GETB2MN
                 	LDS  R26,@0+(@1)
                 	.ENDM
                 
                 	.MACRO __GETW2MN
                 	LDS  R26,@0+(@1)
                 	LDS  R27,@0+(@1)+1
                 	.ENDM
                 
                 	.MACRO __GETD2MN
                 	LDS  R26,@0+(@1)
                 	LDS  R27,@0+(@1)+1
                 	LDS  R24,@0+(@1)+2
                 	LDS  R25,@0+(@1)+3
                 	.ENDM
                 
                 	.MACRO __PUTB1MN
                 	STS  @0+(@1),R30
                 	.ENDM
                 
                 	.MACRO __PUTW1MN
                 	STS  @0+(@1),R30
                 	STS  @0+(@1)+1,R31
                 	.ENDM
                 
                 	.MACRO __PUTD1MN
                 	STS  @0+(@1),R30
                 	STS  @0+(@1)+1,R31
                 	STS  @0+(@1)+2,R22
                 	STS  @0+(@1)+3,R23
                 	.ENDM
                 
                 	.MACRO __PUTB1EN
                 	LDI  R26,LOW(@0+(@1))
                 	LDI  R27,HIGH(@0+(@1))
                 	CALL __EEPROMWRB
                 	.ENDM
                 
                 	.MACRO __PUTW1EN
                 	LDI  R26,LOW(@0+(@1))
                 	LDI  R27,HIGH(@0+(@1))
                 	CALL __EEPROMWRW
                 	.ENDM
                 
                 	.MACRO __PUTD1EN
                 	LDI  R26,LOW(@0+(@1))
                 	LDI  R27,HIGH(@0+(@1))
                 	CALL __EEPROMWRD
                 	.ENDM
                 
                 	.MACRO __PUTBR0MN
                 	STS  @0+(@1),R0
                 	.ENDM
                 
                 	.MACRO __PUTBMRN
                 	STS  @0+(@1),R@2
                 	.ENDM
                 
                 	.MACRO __PUTWMRN
                 	STS  @0+(@1),R@2
                 	STS  @0+(@1)+1,R@3
                 	.ENDM
                 
                 	.MACRO __PUTBZR
                 	STD  Z+@1,R@0
                 	.ENDM
                 
                 	.MACRO __PUTWZR
                 	STD  Z+@2,R@0
                 	STD  Z+@2+1,R@1
                 	.ENDM
                 
                 	.MACRO __GETW1R
                 	MOV  R30,R@0
                 	MOV  R31,R@1
                 	.ENDM
                 
                 	.MACRO __GETW2R
                 	MOV  R26,R@0
                 	MOV  R27,R@1
                 	.ENDM
                 
                 	.MACRO __GETWRN
                 	LDI  R@0,LOW(@2)
                 	LDI  R@1,HIGH(@2)
                 	.ENDM
                 
                 	.MACRO __PUTW1R
                 	MOV  R@0,R30
                 	MOV  R@1,R31
                 	.ENDM
                 
                 	.MACRO __PUTW2R
                 	MOV  R@0,R26
                 	MOV  R@1,R27
                 	.ENDM
                 
                 	.MACRO __ADDWRN
                 	SUBI R@0,LOW(-@2)
                 	SBCI R@1,HIGH(-@2)
                 	.ENDM
                 
                 	.MACRO __ADDWRR
                 	ADD  R@0,R@2
                 	ADC  R@1,R@3
                 	.ENDM
                 
                 	.MACRO __SUBWRN
                 	SUBI R@0,LOW(@2)
                 	SBCI R@1,HIGH(@2)
                 	.ENDM
                 
                 	.MACRO __SUBWRR
                 	SUB  R@0,R@2
                 	SBC  R@1,R@3
                 	.ENDM
                 
                 	.MACRO __ANDWRN
                 	ANDI R@0,LOW(@2)
                 	ANDI R@1,HIGH(@2)
                 	.ENDM
                 
                 	.MACRO __ANDWRR
                 	AND  R@0,R@2
                 	AND  R@1,R@3
                 	.ENDM
                 
                 	.MACRO __ORWRN
                 	ORI  R@0,LOW(@2)
                 	ORI  R@1,HIGH(@2)
                 	.ENDM
                 
                 	.MACRO __ORWRR
                 	OR   R@0,R@2
                 	OR   R@1,R@3
                 	.ENDM
                 
                 	.MACRO __EORWRR
                 	EOR  R@0,R@2
                 	EOR  R@1,R@3
                 	.ENDM
                 
                 	.MACRO __GETWRS
                 	LDD  R@0,Y+@2
                 	LDD  R@1,Y+@2+1
                 	.ENDM
                 
                 	.MACRO __PUTBSR
                 	STD  Y+@1,R@0
                 	.ENDM
                 
                 	.MACRO __PUTWSR
                 	STD  Y+@2,R@0
                 	STD  Y+@2+1,R@1
                 	.ENDM
                 
                 	.MACRO __MOVEWRR
                 	MOV  R@0,R@2
                 	MOV  R@1,R@3
                 	.ENDM
                 
                 	.MACRO __INWR
                 	IN   R@0,@2
                 	IN   R@1,@2+1
                 	.ENDM
                 
                 	.MACRO __OUTWR
                 	OUT  @2+1,R@1
                 	OUT  @2,R@0
                 	.ENDM
                 
                 	.MACRO __CALL1MN
                 	LDS  R30,@0+(@1)
                 	LDS  R31,@0+(@1)+1
                 	ICALL
                 	.ENDM
                 
                 	.MACRO __CALL1FN
                 	LDI  R30,LOW(2*@0+(@1))
                 	LDI  R31,HIGH(2*@0+(@1))
                 	CALL __GETW1PF
                 	ICALL
                 	.ENDM
                 
                 	.MACRO __CALL2EN
                 	LDI  R26,LOW(@0+(@1))
                 	LDI  R27,HIGH(@0+(@1))
                 	CALL __EEPROMRDW
                 	ICALL
                 	.ENDM
                 
                 	.MACRO __GETW1STACK
                 	IN   R26,SPL
                 	IN   R27,SPH
                 	ADIW R26,@0+1
                 	LD   R30,X+
                 	LD   R31,X
                 	.ENDM
                 
                 	.MACRO __GETD1STACK
                 	IN   R26,SPL
                 	IN   R27,SPH
                 	ADIW R26,@0+1
                 	LD   R30,X+
                 	LD   R31,X+
                 	LD   R22,X
                 	.ENDM
                 
                 	.MACRO __NBST
                 	BST  R@0,@1
                 	IN   R30,SREG
                 	LDI  R31,0x40
                 	EOR  R30,R31
                 	OUT  SREG,R30
                 	.ENDM
                 
                 
                 	.MACRO __PUTB1SN
                 	LDD  R26,Y+@0
                 	LDD  R27,Y+@0+1
                 	SUBI R26,LOW(-@1)
                 	SBCI R27,HIGH(-@1)
                 	ST   X,R30
                 	.ENDM
                 
                 	.MACRO __PUTW1SN
                 	LDD  R26,Y+@0
                 	LDD  R27,Y+@0+1
                 	SUBI R26,LOW(-@1)
                 	SBCI R27,HIGH(-@1)
                 	ST   X+,R30
                 	ST   X,R31
                 	.ENDM
                 
                 	.MACRO __PUTD1SN
                 	LDD  R26,Y+@0
                 	LDD  R27,Y+@0+1
                 	SUBI R26,LOW(-@1)
                 	SBCI R27,HIGH(-@1)
                 	CALL __PUTDP1
                 	.ENDM
                 
                 	.MACRO __PUTB1SNS
                 	LDD  R26,Y+@0
                 	LDD  R27,Y+@0+1
                 	ADIW R26,@1
                 	ST   X,R30
                 	.ENDM
                 
                 	.MACRO __PUTW1SNS
                 	LDD  R26,Y+@0
                 	LDD  R27,Y+@0+1
                 	ADIW R26,@1
                 	ST   X+,R30
                 	ST   X,R31
                 	.ENDM
                 
                 	.MACRO __PUTD1SNS
                 	LDD  R26,Y+@0
                 	LDD  R27,Y+@0+1
                 	ADIW R26,@1
                 	CALL __PUTDP1
                 	.ENDM
                 
                 	.MACRO __PUTB1PMN
                 	LDS  R26,@0
                 	LDS  R27,@0+1
                 	SUBI R26,LOW(-@1)
                 	SBCI R27,HIGH(-@1)
                 	ST   X,R30
                 	.ENDM
                 
                 	.MACRO __PUTW1PMN
                 	LDS  R26,@0
                 	LDS  R27,@0+1
                 	SUBI R26,LOW(-@1)
                 	SBCI R27,HIGH(-@1)
                 	ST   X+,R30
                 	ST   X,R31
                 	.ENDM
                 
                 	.MACRO __PUTD1PMN
                 	LDS  R26,@0
                 	LDS  R27,@0+1
                 	SUBI R26,LOW(-@1)
                 	SBCI R27,HIGH(-@1)
                 	CALL __PUTDP1
                 	.ENDM
                 
                 	.MACRO __PUTB1PMNS
                 	LDS  R26,@0
                 	LDS  R27,@0+1
                 	ADIW R26,@1
                 	ST   X,R30
                 	.ENDM
                 
                 	.MACRO __PUTW1PMNS
                 	LDS  R26,@0
                 	LDS  R27,@0+1
                 	ADIW R26,@1
                 	ST   X+,R30
                 	ST   X,R31
                 	.ENDM
                 
                 	.MACRO __PUTD1PMNS
                 	LDS  R26,@0
                 	LDS  R27,@0+1
                 	ADIW R26,@1
                 	CALL __PUTDP1
                 	.ENDM
                 
                 	.MACRO __PUTB1RN
                 	MOVW R26,R@0
                 	SUBI R26,LOW(-@1)
                 	SBCI R27,HIGH(-@1)
                 	ST   X,R30
                 	.ENDM
                 
                 	.MACRO __PUTW1RN
                 	MOVW R26,R@0
                 	SUBI R26,LOW(-@1)
                 	SBCI R27,HIGH(-@1)
                 	ST   X+,R30
                 	ST   X,R31
                 	.ENDM
                 
                 	.MACRO __PUTD1RN
                 	MOVW R26,R@0
                 	SUBI R26,LOW(-@1)
                 	SBCI R27,HIGH(-@1)
                 	CALL __PUTDP1
                 	.ENDM
                 
                 	.MACRO __PUTB1RNS
                 	MOVW R26,R@0
                 	ADIW R26,@1
                 	ST   X,R30
                 	.ENDM
                 
                 	.MACRO __PUTW1RNS
                 	MOVW R26,R@0
                 	ADIW R26,@1
                 	ST   X+,R30
                 	ST   X,R31
                 	.ENDM
                 
                 	.MACRO __PUTD1RNS
                 	MOVW R26,R@0
                 	ADIW R26,@1
                 	CALL __PUTDP1
                 	.ENDM
                 
                 	.MACRO __PUTB1RON
                 	MOV  R26,R@0
                 	MOV  R27,R@1
                 	SUBI R26,LOW(-@2)
                 	SBCI R27,HIGH(-@2)
                 	ST   X,R30
                 	.ENDM
                 
                 	.MACRO __PUTW1RON
                 	MOV  R26,R@0
                 	MOV  R27,R@1
                 	SUBI R26,LOW(-@2)
                 	SBCI R27,HIGH(-@2)
                 	ST   X+,R30
                 	ST   X,R31
                 	.ENDM
                 
                 	.MACRO __PUTD1RON
                 	MOV  R26,R@0
                 	MOV  R27,R@1
                 	SUBI R26,LOW(-@2)
                 	SBCI R27,HIGH(-@2)
                 	CALL __PUTDP1
                 	.ENDM
                 
                 	.MACRO __PUTB1RONS
                 	MOV  R26,R@0
                 	MOV  R27,R@1
                 	ADIW R26,@2
                 	ST   X,R30
                 	.ENDM
                 
                 	.MACRO __PUTW1RONS
                 	MOV  R26,R@0
                 	MOV  R27,R@1
                 	ADIW R26,@2
                 	ST   X+,R30
                 	ST   X,R31
                 	.ENDM
                 
                 	.MACRO __PUTD1RONS
                 	MOV  R26,R@0
                 	MOV  R27,R@1
                 	ADIW R26,@2
                 	CALL __PUTDP1
                 	.ENDM
                 
                 
                 	.MACRO __GETB1SX
                 	MOVW R30,R28
                 	SUBI R30,LOW(-@0)
                 	SBCI R31,HIGH(-@0)
                 	LD   R30,Z
                 	.ENDM
                 
                 	.MACRO __GETB1HSX
                 	MOVW R30,R28
                 	SUBI R30,LOW(-@0)
                 	SBCI R31,HIGH(-@0)
                 	LD   R31,Z
                 	.ENDM
                 
                 	.MACRO __GETW1SX
                 	MOVW R30,R28
                 	SUBI R30,LOW(-@0)
                 	SBCI R31,HIGH(-@0)
                 	LD   R0,Z+
                 	LD   R31,Z
                 	MOV  R30,R0
                 	.ENDM
                 
                 	.MACRO __GETD1SX
                 	MOVW R30,R28
                 	SUBI R30,LOW(-@0)
                 	SBCI R31,HIGH(-@0)
                 	LD   R0,Z+
                 	LD   R1,Z+
                 	LD   R22,Z+
                 	LD   R23,Z
                 	MOVW R30,R0
                 	.ENDM
                 
                 	.MACRO __GETB2SX
                 	MOVW R26,R28
                 	SUBI R26,LOW(-@0)
                 	SBCI R27,HIGH(-@0)
                 	LD   R26,X
                 	.ENDM
                 
                 	.MACRO __GETW2SX
                 	MOVW R26,R28
                 	SUBI R26,LOW(-@0)
                 	SBCI R27,HIGH(-@0)
                 	LD   R0,X+
                 	LD   R27,X
                 	MOV  R26,R0
                 	.ENDM
                 
                 	.MACRO __GETD2SX
                 	MOVW R26,R28
                 	SUBI R26,LOW(-@0)
                 	SBCI R27,HIGH(-@0)
                 	LD   R0,X+
                 	LD   R1,X+
                 	LD   R24,X+
                 	LD   R25,X
                 	MOVW R26,R0
                 	.ENDM
                 
                 	.MACRO __GETBRSX
                 	MOVW R30,R28
                 	SUBI R30,LOW(-@1)
                 	SBCI R31,HIGH(-@1)
                 	LD   R@0,Z
                 	.ENDM
                 
                 	.MACRO __GETWRSX
                 	MOVW R30,R28
                 	SUBI R30,LOW(-@2)
                 	SBCI R31,HIGH(-@2)
                 	LD   R@0,Z+
                 	LD   R@1,Z
                 	.ENDM
                 
                 	.MACRO __GETBRSX2
                 	MOVW R26,R28
                 	SUBI R26,LOW(-@1)
                 	SBCI R27,HIGH(-@1)
                 	LD   R@0,X
                 	.ENDM
                 
                 	.MACRO __GETWRSX2
                 	MOVW R26,R28
                 	SUBI R26,LOW(-@2)
                 	SBCI R27,HIGH(-@2)
                 	LD   R@0,X+
                 	LD   R@1,X
                 	.ENDM
                 
                 	.MACRO __LSLW8SX
                 	MOVW R30,R28
                 	SUBI R30,LOW(-@0)
                 	SBCI R31,HIGH(-@0)
                 	LD   R31,Z
                 	CLR  R30
                 	.ENDM
                 
                 	.MACRO __PUTB1SX
                 	MOVW R26,R28
                 	SUBI R26,LOW(-@0)
                 	SBCI R27,HIGH(-@0)
                 	ST   X,R30
                 	.ENDM
                 
                 	.MACRO __PUTW1SX
                 	MOVW R26,R28
                 	SUBI R26,LOW(-@0)
                 	SBCI R27,HIGH(-@0)
                 	ST   X+,R30
                 	ST   X,R31
                 	.ENDM
                 
                 	.MACRO __PUTD1SX
                 	MOVW R26,R28
                 	SUBI R26,LOW(-@0)
                 	SBCI R27,HIGH(-@0)
                 	ST   X+,R30
                 	ST   X+,R31
                 	ST   X+,R22
                 	ST   X,R23
                 	.ENDM
                 
                 	.MACRO __CLRW1SX
                 	MOVW R26,R28
                 	SUBI R26,LOW(-@0)
                 	SBCI R27,HIGH(-@0)
                 	ST   X+,R30
                 	ST   X,R30
                 	.ENDM
                 
                 	.MACRO __CLRD1SX
                 	MOVW R26,R28
                 	SUBI R26,LOW(-@0)
                 	SBCI R27,HIGH(-@0)
                 	ST   X+,R30
                 	ST   X+,R30
                 	ST   X+,R30
                 	ST   X,R30
                 	.ENDM
                 
                 	.MACRO __PUTB2SX
                 	MOVW R30,R28
                 	SUBI R30,LOW(-@0)
                 	SBCI R31,HIGH(-@0)
                 	ST   Z,R26
                 	.ENDM
                 
                 	.MACRO __PUTW2SX
                 	MOVW R30,R28
                 	SUBI R30,LOW(-@0)
                 	SBCI R31,HIGH(-@0)
                 	ST   Z+,R26
                 	ST   Z,R27
                 	.ENDM
                 
                 	.MACRO __PUTD2SX
                 	MOVW R30,R28
                 	SUBI R30,LOW(-@0)
                 	SBCI R31,HIGH(-@0)
                 	ST   Z+,R26
                 	ST   Z+,R27
                 	ST   Z+,R24
                 	ST   Z,R25
                 	.ENDM
                 
                 	.MACRO __PUTBSRX
                 	MOVW R30,R28
                 	SUBI R30,LOW(-@1)
                 	SBCI R31,HIGH(-@1)
                 	ST   Z,R@0
                 	.ENDM
                 
                 	.MACRO __PUTWSRX
                 	MOVW R30,R28
                 	SUBI R30,LOW(-@2)
                 	SBCI R31,HIGH(-@2)
                 	ST   Z+,R@0
                 	ST   Z,R@1
                 	.ENDM
                 
                 	.MACRO __PUTB1SNX
                 	MOVW R26,R28
                 	SUBI R26,LOW(-@0)
                 	SBCI R27,HIGH(-@0)
                 	LD   R0,X+
                 	LD   R27,X
                 	MOV  R26,R0
                 	SUBI R26,LOW(-@1)
                 	SBCI R27,HIGH(-@1)
                 	ST   X,R30
                 	.ENDM
                 
                 	.MACRO __PUTW1SNX
                 	MOVW R26,R28
                 	SUBI R26,LOW(-@0)
                 	SBCI R27,HIGH(-@0)
                 	LD   R0,X+
                 	LD   R27,X
                 	MOV  R26,R0
                 	SUBI R26,LOW(-@1)
                 	SBCI R27,HIGH(-@1)
                 	ST   X+,R30
                 	ST   X,R31
                 	.ENDM
                 
                 	.MACRO __PUTD1SNX
                 	MOVW R26,R28
                 	SUBI R26,LOW(-@0)
                 	SBCI R27,HIGH(-@0)
                 	LD   R0,X+
                 	LD   R27,X
                 	MOV  R26,R0
                 	SUBI R26,LOW(-@1)
                 	SBCI R27,HIGH(-@1)
                 	ST   X+,R30
                 	ST   X+,R31
                 	ST   X+,R22
                 	ST   X,R23
                 	.ENDM
                 
                 	.MACRO __MULBRR
                 	MULS R@0,R@1
                 	MOVW R30,R0
                 	.ENDM
                 
                 	.MACRO __MULBRRU
                 	MUL  R@0,R@1
                 	MOVW R30,R0
                 	.ENDM
                 
                 	.MACRO __MULBRR0
                 	MULS R@0,R@1
                 	.ENDM
                 
                 	.MACRO __MULBRRU0
                 	MUL  R@0,R@1
                 	.ENDM
                 
                 	.MACRO __MULBNWRU
                 	LDI  R26,@2
                 	MUL  R26,R@0
                 	MOVW R30,R0
                 	MUL  R26,R@1
                 	ADD  R31,R0
                 	.ENDM
                 
                 ;NAME DEFINITIONS FOR GLOBAL VARIABLES ALLOCATED TO REGISTERS
                 	.DEF _count=R5
                 	.DEF _indeks=R4
                 	.DEF _detik=R7
                 	.DEF _menit=R6
                 	.DEF _jam=R9
                 	.DEF __lcd_x=R8
                 	.DEF __lcd_y=R11
                 	.DEF __lcd_maxx=R10
                 
                 	.CSEG
                 	.ORG 0x00
                 
                 ;START OF CODE MARKER
                 __START_OF_CODE:
                 
                 ;INTERRUPT VECTORS
000000 940c 006e 	JMP  __RESET
000002 940c 0000 	JMP  0x00
000004 940c 0000 	JMP  0x00
000006 940c 0000 	JMP  0x00
000008 940c 0000 	JMP  0x00
00000a 940c 0000 	JMP  0x00
00000c 940c 0000 	JMP  0x00
00000e 940c 0000 	JMP  0x00
000010 940c 0000 	JMP  0x00
000012 940c 009e 	JMP  _timer0_ovf_isr
000014 940c 0000 	JMP  0x00
000016 940c 0000 	JMP  0x00
000018 940c 0000 	JMP  0x00
00001a 940c 0000 	JMP  0x00
00001c 940c 0000 	JMP  0x00
00001e 940c 0000 	JMP  0x00
000020 940c 0000 	JMP  0x00
000022 940c 0000 	JMP  0x00
000024 940c 0000 	JMP  0x00
000026 940c 0000 	JMP  0x00
000028 940c 0000 	JMP  0x00
                 
                 _tbl10_G100:
00002a 2710
00002b 03e8
00002c 0064
00002d 000a      	.DB  0x10,0x27,0xE8,0x3,0x64,0x0,0xA,0x0
00002e 0001      	.DB  0x1,0x0
                 _tbl16_G100:
00002f 1000
000030 0100
000031 0010
000032 0001      	.DB  0x0,0x10,0x0,0x1,0x10,0x0,0x1,0x0
                 
                 _0x18:
000033 0000
000034 0000
000035 0000      	.DB  0x0,0x0,0x0,0x0,0x0,0x0
                 _0x0:
000036 6954
000037 656d
000038 2072
000039 6425      	.DB  0x54,0x69,0x6D,0x65,0x72,0x20,0x25,0x64
00003a 253a
00003b 3a64
00003c 6425
00003d 253a      	.DB  0x3A,0x25,0x64,0x3A,0x25,0x64,0x3A,0x25
00003e 0064
00003f 5453
000040 5241
000041 0054      	.DB  0x64,0x0,0x53,0x54,0x41,0x52,0x54,0x0
000042 5453
000043 504f
000044 5300
000045 4154      	.DB  0x53,0x54,0x4F,0x50,0x0,0x53,0x54,0x41
000046 5452
000047 2020
000048 2020
000049 2020      	.DB  0x52,0x54,0x20,0x20,0x20,0x20,0x20,0x20
00004a 4552
00004b 4553
00004c 0054
00004d 2020      	.DB  0x52,0x45,0x53,0x45,0x54,0x0,0x20,0x20
00004e 2020
00004f 5420
000050 6e75
000051 6767      	.DB  0x20,0x20,0x20,0x54,0x75,0x6E,0x67,0x67
000052 2075
000053 2020
000054 2020
000055 0020      	.DB  0x75,0x20,0x20,0x20,0x20,0x20,0x20,0x0
000056 2e2e
000057 2e2e
000058 002e
000059 2e2e      	.DB  0x2E,0x2E,0x2E,0x2E,0x2E,0x0,0x2E,0x2E
00005a 2e2e
00005b 2e2e
00005c 002e      	.DB  0x2E,0x2E,0x2E,0x2E,0x2E,0x0
                 _0x2020060:
C:\Users\ical\Desktop\test-program\abi-stopwatch\swrev.asm(1130): warning: .cseg .db misalignment - padding zero byte
00005d 0001      	.DB  0x1
                 _0x2020000:
00005e 4e2d
00005f 4e41
000060 4900
000061 464e      	.DB  0x2D,0x4E,0x41,0x4E,0x0,0x49,0x4E,0x46
C:\Users\ical\Desktop\test-program\abi-stopwatch\swrev.asm(1133): warning: .cseg .db misalignment - padding zero byte
000062 0000      	.DB  0x0
                 _0x2040003:
000063 c080      	.DB  0x80,0xC0
                 
                 __GLOBAL_INI_TBL:
000064 0006      	.DW  0x06
000065 0004      	.DW  0x04
000066 0066      	.DW  _0x18*2
                 
000067 0001      	.DW  0x01
000068 0170      	.DW  __seed_G101
000069 00ba      	.DW  _0x2020060*2
                 
00006a 0002      	.DW  0x02
00006b 0174      	.DW  __base_y_G102
00006c 00c6      	.DW  _0x2040003*2
                 
                 _0xFFFFFFFF:
00006d 0000      	.DW  0
                 
                 __RESET:
00006e 94f8      	CLI
00006f 27ee      	CLR  R30
000070 bbec      	OUT  EECR,R30
                 
                 ;INTERRUPT VECTORS ARE PLACED
                 ;AT THE START OF FLASH
000071 e0f1      	LDI  R31,1
000072 bffb      	OUT  GICR,R31
000073 bfeb      	OUT  GICR,R30
000074 bfe5      	OUT  MCUCR,R30
                 
                 ;DISABLE WATCHDOG
000075 e1f8      	LDI  R31,0x18
000076 bdf1      	OUT  WDTCR,R31
000077 bde1      	OUT  WDTCR,R30
                 
                 ;CLEAR R2-R14
000078 e08d      	LDI  R24,(14-2)+1
000079 e0a2      	LDI  R26,2
00007a 27bb      	CLR  R27
                 __CLEAR_REG:
00007b 93ed      	ST   X+,R30
00007c 958a      	DEC  R24
00007d f7e9      	BRNE __CLEAR_REG
                 
                 ;CLEAR SRAM
00007e e080      	LDI  R24,LOW(__CLEAR_SRAM_SIZE)
00007f e094      	LDI  R25,HIGH(__CLEAR_SRAM_SIZE)
000080 e6a0      	LDI  R26,__SRAM_START
                 __CLEAR_SRAM:
000081 93ed      	ST   X+,R30
000082 9701      	SBIW R24,1
000083 f7e9      	BRNE __CLEAR_SRAM
                 
                 ;GLOBAL VARIABLES INITIALIZATION
000084 ece8      	LDI  R30,LOW(__GLOBAL_INI_TBL*2)
000085 e0f0      	LDI  R31,HIGH(__GLOBAL_INI_TBL*2)
                 __GLOBAL_INI_NEXT:
000086 9185      	LPM  R24,Z+
000087 9195      	LPM  R25,Z+
000088 9700      	SBIW R24,0
000089 f061      	BREQ __GLOBAL_INI_END
00008a 91a5      	LPM  R26,Z+
00008b 91b5      	LPM  R27,Z+
00008c 9005      	LPM  R0,Z+
00008d 9015      	LPM  R1,Z+
00008e 01bf      	MOVW R22,R30
00008f 01f0      	MOVW R30,R0
                 __GLOBAL_INI_LOOP:
000090 9005      	LPM  R0,Z+
000091 920d      	ST   X+,R0
000092 9701      	SBIW R24,1
000093 f7e1      	BRNE __GLOBAL_INI_LOOP
000094 01fb      	MOVW R30,R22
000095 cff0      	RJMP __GLOBAL_INI_NEXT
                 __GLOBAL_INI_END:
                 
                 ;HARDWARE STACK POINTER INITIALIZATION
000096 e5ef      	LDI  R30,LOW(__SRAM_END-__HEAP_SIZE)
000097 bfed      	OUT  SPL,R30
000098 e0e4      	LDI  R30,HIGH(__SRAM_END-__HEAP_SIZE)
000099 bfee      	OUT  SPH,R30
                 
                 ;DATA STACK POINTER INITIALIZATION
00009a e6c0      	LDI  R28,LOW(__SRAM_START+__DSTACK_SIZE)
00009b e0d1      	LDI  R29,HIGH(__SRAM_START+__DSTACK_SIZE)
                 
00009c 940c 0128 	JMP  _main
                 
                 	.ESEG
                 	.ORG 0
                 
                 	.DSEG
                 	.ORG 0x160
                 
                 	.CSEG
                 ;/*****************************************************
                 ;This program was produced by the
                 ;CodeWizardAVR V1.24.6 Professional
                 ;Automatic Program Generator
                 ;© Copyright 1998-2005 Pavel Haiduc, HP InfoTech s.r.l.
                 ;http://www.hpinfotech.com
                 ;e-mail:office@hpinfotech.com
                 ;
                 ;Project :
                 ;Version :
                 ;Date    : 6/5/2012
                 ;Author  : F4CG
                 ;Company : F4CG
                 ;Comments:
                 ;
                 ;
                 ;
                 ;Chip type           : ATmega16
                 ;Program type        : Application
                 ;Clock frequency     : 12.000000 MHz
                 ;Memory model        : Small
                 ;External SRAM size  : 0
                 ;Data Stack size     : 256
                 ;*****************************************************/
                 ;unsigned char count, temp[16], indeks=0;
                 ;unsigned char detik=0, menit=0, jam=0;
                 ;
                 ;// Declare your global variables here
                 ;
                 ;#include <mega16.h>
                 	#ifndef __SLEEP_DEFINED__
                 	#define __SLEEP_DEFINED__
                 	.EQU __se_bit=0x40
                 	.EQU __sm_mask=0xB0
                 	.EQU __sm_powerdown=0x20
                 	.EQU __sm_powersave=0x30
                 	.EQU __sm_standby=0xA0
                 	.EQU __sm_ext_standby=0xB0
                 	.EQU __sm_adc_noise_red=0x10
                 	.SET power_ctrl_reg=mcucr
                 	#endif
                 ;#include <stdio.h>
                 ;#include <stdlib.h>
                 ;#include <delay.h>
                 ;// Alphanumeric LCD Module functions
                 ;#asm
                    .equ __lcd_port=0x15 ;PORTC
                 ; 0000 0025 #endasm
                 ;#include <lcd.h>
                 ;
                 ;// Timer 0 overflow interrupt service routine
                 ;interrupt [TIM0_OVF] void timer0_ovf_isr(void)
                 ; 0000 002A {
                 
                 	.CSEG
                 _timer0_ovf_isr:
00009e 93ea      	ST   -Y,R30
00009f b7ef      	IN   R30,SREG
0000a0 93ea      	ST   -Y,R30
                 ; 0000 002B // Reinitialize Timer 0 value
                 ; 0000 002C TCNT0=0x8A;
0000a1 e8ea      	LDI  R30,LOW(138)
0000a2 bfe2      	OUT  0x32,R30
                 ; 0000 002D count++;
0000a3 9453      	INC  R5
                 ; 0000 002E }
0000a4 91e9      	LD   R30,Y+
0000a5 bfef      	OUT  SREG,R30
0000a6 91e9      	LD   R30,Y+
0000a7 9518      	RETI
                 ;
                 ;
                 ;void hitung_waktu()
                 ; 0000 0032 {
                 _hitung_waktu:
                 ; 0000 0033 if (count>=100)
0000a8 e6e4      	LDI  R30,LOW(100)
0000a9 165e      	CP   R5,R30
0000aa f020      	BRLO _0x3
                 ; 0000 0034     {
                 ; 0000 0035     lcd_clear();
0000ab 940e 0359 	CALL _lcd_clear
                 ; 0000 0036     detik++;
0000ad 9473      	INC  R7
                 ; 0000 0037     count=0;
0000ae 2455      	CLR  R5
                 ; 0000 0038     }
                 ; 0000 0039 
                 ; 0000 003A if (detik>=60)
                 _0x3:
0000af e3ec      	LDI  R30,LOW(60)
0000b0 167e      	CP   R7,R30
0000b1 f010      	BRLO _0x4
                 ; 0000 003B     {
                 ; 0000 003C     menit++;
0000b2 9463      	INC  R6
                 ; 0000 003D     detik=0;
0000b3 2477      	CLR  R7
                 ; 0000 003E     }
                 ; 0000 003F 
                 ; 0000 0040 if (menit>=60)
                 _0x4:
0000b4 e3ec      	LDI  R30,LOW(60)
0000b5 166e      	CP   R6,R30
0000b6 f010      	BRLO _0x5
                 ; 0000 0041     {
                 ; 0000 0042     jam++;
0000b7 9493      	INC  R9
                 ; 0000 0043     menit=0;
0000b8 2466      	CLR  R6
                 ; 0000 0044     }
                 ; 0000 0045 }
                 _0x5:
0000b9 9508      	RET
                 ;
                 ;
                 ;void detek_tombol()
                 ; 0000 0049 {
                 _detek_tombol:
                 ; 0000 004A if (PINA.0==0 && (indeks==0 || indeks==2))//run timer
0000ba e0a0      	LDI  R26,0
0000bb 99c8      	SBIC 0x19,0
0000bc e0a1      	LDI  R26,1
0000bd 30a0      	CPI  R26,LOW(0x0)
0000be f439      	BRNE _0x7
0000bf e0e0      	LDI  R30,LOW(0)
0000c0 15e4      	CP   R30,R4
0000c1 f019      	BREQ _0x8
0000c2 e0e2      	LDI  R30,LOW(2)
0000c3 15e4      	CP   R30,R4
0000c4 f409      	BRNE _0x7
                 _0x8:
0000c5 c001      	RJMP _0xA
                 _0x7:
0000c6 c005      	RJMP _0x6
                 _0xA:
                 ; 0000 004B     {
                 ; 0000 004C     indeks=1;
0000c7 e0e1      	LDI  R30,LOW(1)
0000c8 2e4e      	MOV  R4,R30
                 ; 0000 004D     TIMSK=0x01;
0000c9 bfe9      	OUT  0x39,R30
                 ; 0000 004E     lcd_clear();
0000ca 940e 0359 	CALL _lcd_clear
                 ; 0000 004F     }
                 ; 0000 0050 
                 ; 0000 0051 if (PINA.1==0 && indeks==1)//stop timer
                 _0x6:
0000cc e0a0      	LDI  R26,0
0000cd 99c9      	SBIC 0x19,1
0000ce e0a1      	LDI  R26,1
0000cf 30a0      	CPI  R26,LOW(0x0)
0000d0 f419      	BRNE _0xC
0000d1 e0e1      	LDI  R30,LOW(1)
0000d2 15e4      	CP   R30,R4
0000d3 f009      	BREQ _0xD
                 _0xC:
0000d4 c006      	RJMP _0xB
                 _0xD:
                 ; 0000 0052     {
                 ; 0000 0053     indeks=2;
0000d5 e0e2      	LDI  R30,LOW(2)
0000d6 2e4e      	MOV  R4,R30
                 ; 0000 0054     TIMSK=0x00;
0000d7 e0e0      	LDI  R30,LOW(0)
0000d8 bfe9      	OUT  0x39,R30
                 ; 0000 0055     lcd_clear();
0000d9 940e 0359 	CALL _lcd_clear
                 ; 0000 0056     }
                 ; 0000 0057 
                 ; 0000 0058 if (PINA.2==0 && indeks==2)//reset timer
                 _0xB:
0000db e0a0      	LDI  R26,0
0000dc 99ca      	SBIC 0x19,2
0000dd e0a1      	LDI  R26,1
0000de 30a0      	CPI  R26,LOW(0x0)
0000df f419      	BRNE _0xF
0000e0 e0e2      	LDI  R30,LOW(2)
0000e1 15e4      	CP   R30,R4
0000e2 f009      	BREQ _0x10
                 _0xF:
0000e3 c007      	RJMP _0xE
                 _0x10:
                 ; 0000 0059     {
                 ; 0000 005A     indeks=0;
0000e4 2444      	CLR  R4
                 ; 0000 005B     count=0;
0000e5 2455      	CLR  R5
                 ; 0000 005C     detik=0;
0000e6 2477      	CLR  R7
                 ; 0000 005D     menit=0;
0000e7 2466      	CLR  R6
                 ; 0000 005E     jam=0;
0000e8 2499      	CLR  R9
                 ; 0000 005F     lcd_clear();
0000e9 940e 0359 	CALL _lcd_clear
                 ; 0000 0060     }
                 ; 0000 0061 }
                 _0xE:
0000eb 9508      	RET
                 ;
                 ;void tampil_lcd()
                 ; 0000 0064 {
                 _tampil_lcd:
                 ; 0000 0065 lcd_gotoxy(0,0);
0000ec e0e0      	LDI  R30,LOW(0)
0000ed 93ea      	ST   -Y,R30
0000ee e0a0      	LDI  R26,LOW(0)
0000ef 940e 0349 	CALL _lcd_gotoxy
                 ; 0000 0066 sprintf(temp,"Timer %d:%d:%d:%d",jam,menit,detik,count);
0000f1 e6e0      	LDI  R30,LOW(_temp)
0000f2 e0f1      	LDI  R31,HIGH(_temp)
0000f3 93fa      	ST   -Y,R31
0000f4 93ea      	ST   -Y,R30
                +
0000f5 e6ec     +LDI R30 , LOW ( 2 * _0x0 + ( 0 ) )
0000f6 e0f0     +LDI R31 , HIGH ( 2 * _0x0 + ( 0 ) )
                 	__POINTW1FN _0x0,0
0000f7 93fa      	ST   -Y,R31
0000f8 93ea      	ST   -Y,R30
0000f9 2de9      	MOV  R30,R9
0000fa 940e 0405 	CALL SUBOPT_0x0
0000fc 2de6      	MOV  R30,R6
0000fd 940e 0405 	CALL SUBOPT_0x0
0000ff 2de7      	MOV  R30,R7
000100 940e 0405 	CALL SUBOPT_0x0
000102 2de5      	MOV  R30,R5
000103 940e 0405 	CALL SUBOPT_0x0
000105 e180      	LDI  R24,16
000106 940e 02d5 	CALL _sprintf
000108 9664      	ADIW R28,20
                 ; 0000 0067 lcd_puts(temp);//tampilkan waktu di LCD baris pertama
000109 e6a0      	LDI  R26,LOW(_temp)
00010a e0b1      	LDI  R27,HIGH(_temp)
00010b 940e 0386 	CALL _lcd_puts
                 ; 0000 0068 
                 ; 0000 0069 if (indeks==0)
00010d 2044      	TST  R4
00010e f431      	BRNE _0x11
                 ; 0000 006A     {
                 ; 0000 006B     lcd_gotoxy(0,1);
00010f 940e 040b 	CALL SUBOPT_0x1
                 ; 0000 006C     lcd_putsf("START");
                +
000111 e7ae     +LDI R26 , LOW ( 2 * _0x0 + ( 18 ) )
000112 e0b0     +LDI R27 , HIGH ( 2 * _0x0 + ( 18 ) )
                 	__POINTW2FN _0x0,18
000113 940e 0395 	CALL _lcd_putsf
                 ; 0000 006D     }
                 ; 0000 006E 
                 ; 0000 006F if (indeks==1)
                 _0x11:
000115 e0e1      	LDI  R30,LOW(1)
000116 15e4      	CP   R30,R4
000117 f431      	BRNE _0x12
                 ; 0000 0070     {
                 ; 0000 0071     lcd_gotoxy(0,1);
000118 940e 040b 	CALL SUBOPT_0x1
                 ; 0000 0072     lcd_putsf("STOP");
                +
00011a e8a4     +LDI R26 , LOW ( 2 * _0x0 + ( 24 ) )
00011b e0b0     +LDI R27 , HIGH ( 2 * _0x0 + ( 24 ) )
                 	__POINTW2FN _0x0,24
00011c 940e 0395 	CALL _lcd_putsf
                 ; 0000 0073     }
                 ; 0000 0074 
                 ; 0000 0075 if (indeks==2)
                 _0x12:
00011e e0e2      	LDI  R30,LOW(2)
00011f 15e4      	CP   R30,R4
000120 f431      	BRNE _0x13
                 ; 0000 0076     {
                 ; 0000 0077     lcd_gotoxy(0,1);
000121 940e 040b 	CALL SUBOPT_0x1
                 ; 0000 0078     lcd_putsf("START      RESET");
                +
000123 e8a9     +LDI R26 , LOW ( 2 * _0x0 + ( 29 ) )
000124 e0b0     +LDI R27 , HIGH ( 2 * _0x0 + ( 29 ) )
                 	__POINTW2FN _0x0,29
000125 940e 0395 	CALL _lcd_putsf
                 ; 0000 0079     }
                 ; 0000 007A }
                 _0x13:
000127 9508      	RET
                 ;
                 ;void main(void)
                 ; 0000 007D {
                 _main:
                 ; 0000 007E PORTA=0x0f;
000128 e0ef      	LDI  R30,LOW(15)
000129 bbeb      	OUT  0x1B,R30
                 ; 0000 007F DDRA=0x00;
00012a e0e0      	LDI  R30,LOW(0)
00012b bbea      	OUT  0x1A,R30
                 ; 0000 0080 
                 ; 0000 0081 // Timer/Counter 0 initialization
                 ; 0000 0082 // Clock source: System Clock
                 ; 0000 0083 // Clock value: 11.719 kHz
                 ; 0000 0084 // Mode: Normal top=FFh
                 ; 0000 0085 // OC0 output: Disconnected
                 ; 0000 0086 TCCR0=0x05;
00012c e0e5      	LDI  R30,LOW(5)
00012d bfe3      	OUT  0x33,R30
                 ; 0000 0087 TCNT0=0x8A;
00012e e8ea      	LDI  R30,LOW(138)
00012f bfe2      	OUT  0x32,R30
                 ; 0000 0088 OCR0=0x00;
000130 e0e0      	LDI  R30,LOW(0)
000131 bfec      	OUT  0x3C,R30
                 ; 0000 0089 
                 ; 0000 008A // Timer(s)/Counter(s) Interrupt(s) initialization
                 ; 0000 008B //TIMSK=0x00;
                 ; 0000 008C 
                 ; 0000 008D // Analog Comparator initialization
                 ; 0000 008E // Analog Comparator: Off
                 ; 0000 008F // Analog Comparator Input Capture by Timer/Counter 1: Off
                 ; 0000 0090 ACSR=0x80;
000132 e8e0      	LDI  R30,LOW(128)
000133 b9e8      	OUT  0x8,R30
                 ; 0000 0091 SFIOR=0x00;
000134 e0e0      	LDI  R30,LOW(0)
000135 bfe0      	OUT  0x30,R30
                 ; 0000 0092 
                 ; 0000 0093 // LCD module initialization
                 ; 0000 0094 lcd_init(16);
000136 e1a0      	LDI  R26,LOW(16)
000137 940e 03b9 	CALL _lcd_init
                 ; 0000 0095 lcd_clear();
000139 940e 0359 	CALL _lcd_clear
                 ; 0000 0096 lcd_gotoxy(0,0);
00013b e0e0      	LDI  R30,LOW(0)
00013c 93ea      	ST   -Y,R30
00013d e0a0      	LDI  R26,LOW(0)
00013e 940e 0349 	CALL _lcd_gotoxy
                 ; 0000 0097 lcd_putsf("     Tunggu      ");
                +
000140 e9aa     +LDI R26 , LOW ( 2 * _0x0 + ( 46 ) )
000141 e0b0     +LDI R27 , HIGH ( 2 * _0x0 + ( 46 ) )
                 	__POINTW2FN _0x0,46
000142 940e 0395 	CALL _lcd_putsf
                 ; 0000 0098 lcd_gotoxy(0,1);
000144 940e 040b 	CALL SUBOPT_0x1
                 ; 0000 0099 lcd_putsf(".....");
000146 940e 0410 	CALL SUBOPT_0x2
                 ; 0000 009A delay_ms(3000);
                 ; 0000 009B lcd_gotoxy(0,7);
000148 e0a7      	LDI  R26,LOW(7)
000149 940e 0349 	CALL _lcd_gotoxy
                 ; 0000 009C lcd_putsf(".....");
00014b 940e 0410 	CALL SUBOPT_0x2
                 ; 0000 009D delay_ms(3000);
                 ; 0000 009E lcd_gotoxy(0,14);
00014d e0ae      	LDI  R26,LOW(14)
00014e 940e 0349 	CALL _lcd_gotoxy
                 ; 0000 009F lcd_putsf(".......");
                +
000150 eba2     +LDI R26 , LOW ( 2 * _0x0 + ( 70 ) )
000151 e0b0     +LDI R27 , HIGH ( 2 * _0x0 + ( 70 ) )
                 	__POINTW2FN _0x0,70
000152 940e 0395 	CALL _lcd_putsf
                 ; 0000 00A0 delay_ms(3000);
000154 eba8      	LDI  R26,LOW(3000)
000155 e0bb      	LDI  R27,HIGH(3000)
000156 940e 0450 	CALL _delay_ms
                 ; 0000 00A1 
                 ; 0000 00A2 // Global enable interrupts
                 ; 0000 00A3 #asm("sei")
000158 9478      	sei
                 ; 0000 00A4 
                 ; 0000 00A5 while (1)
                 _0x14:
                 ; 0000 00A6       {
                 ; 0000 00A7       detek_tombol();
000159 df60      	RCALL _detek_tombol
                 ; 0000 00A8       hitung_waktu();
00015a df4d      	RCALL _hitung_waktu
                 ; 0000 00A9       tampil_lcd();
00015b df90      	RCALL _tampil_lcd
                 ; 0000 00AA       };
00015c cffc      	RJMP _0x14
                 ; 0000 00AB }
                 _0x17:
00015d cfff      	RJMP _0x17
                 	#ifndef __SLEEP_DEFINED__
                 	#endif
                 
                 	.CSEG
                 _put_buff_G100:
00015e 93ba      	ST   -Y,R27
00015f 93aa      	ST   -Y,R26
000160 931a      	ST   -Y,R17
000161 930a      	ST   -Y,R16
000162 81aa      	LDD  R26,Y+2
000163 81bb      	LDD  R27,Y+2+1
000164 9612      	ADIW R26,2
000165 940e 0462 	CALL __GETW1P
000167 9730      	SBIW R30,0
000168 f159      	BREQ _0x2000010
000169 81aa      	LDD  R26,Y+2
00016a 81bb      	LDD  R27,Y+2+1
00016b 9614      	ADIW R26,4
00016c 940e 0462 	CALL __GETW1P
00016e 018f      	MOVW R16,R30
00016f 9730      	SBIW R30,0
000170 f061      	BREQ _0x2000012
                +
000171 3002     +CPI R16 , LOW ( 2 )
000172 e0e0     +LDI R30 , HIGH ( 2 )
000173 071e     +CPC R17 , R30
                 	__CPWRN 16,17,2
000174 f0f0      	BRLO _0x2000013
000175 01f8      	MOVW R30,R16
000176 9731      	SBIW R30,1
000177 018f      	MOVW R16,R30
                +
000178 81aa     +LDD R26 , Y + 2
000179 81bb     +LDD R27 , Y + 2 + 1
00017a 9614     +ADIW R26 , 4
00017b 93ed     +ST X + , R30
00017c 93fc     +ST X , R31
                 	__PUTW1SNS 2,4
                 _0x2000012:
00017d 81aa      	LDD  R26,Y+2
00017e 81bb      	LDD  R27,Y+2+1
00017f 9612      	ADIW R26,2
000180 91ed      	LD   R30,X+
000181 91fd      	LD   R31,X+
000182 9631      	ADIW R30,1
000183 93fe      	ST   -X,R31
000184 93ee      	ST   -X,R30
000185 9731      	SBIW R30,1
000186 81ac      	LDD  R26,Y+4
000187 83a0      	STD  Z+0,R26
000188 81aa      	LDD  R26,Y+2
000189 81bb      	LDD  R27,Y+2+1
00018a 940e 0462 	CALL __GETW1P
00018c 23ff      	TST  R31
00018d f02a      	BRMI _0x2000014
00018e 91ed      	LD   R30,X+
00018f 91fd      	LD   R31,X+
000190 9631      	ADIW R30,1
000191 93fe      	ST   -X,R31
000192 93ee      	ST   -X,R30
                 _0x2000014:
                 _0x2000013:
000193 c006      	RJMP _0x2000015
                 _0x2000010:
000194 81aa      	LDD  R26,Y+2
000195 81bb      	LDD  R27,Y+2+1
000196 efef      	LDI  R30,LOW(65535)
000197 efff      	LDI  R31,HIGH(65535)
000198 93ed      	ST   X+,R30
000199 93fc      	ST   X,R31
                 _0x2000015:
00019a 8119      	LDD  R17,Y+1
00019b 8108      	LDD  R16,Y+0
00019c 9625      	ADIW R28,5
00019d 9508      	RET
                 __print_G100:
00019e 93ba      	ST   -Y,R27
00019f 93aa      	ST   -Y,R26
0001a0 9726      	SBIW R28,6
0001a1 940e 046f 	CALL __SAVELOCR6
0001a3 e010      	LDI  R17,0
0001a4 85ac      	LDD  R26,Y+12
0001a5 85bd      	LDD  R27,Y+12+1
0001a6 e0e0      	LDI  R30,LOW(0)
0001a7 e0f0      	LDI  R31,HIGH(0)
0001a8 93ed      	ST   X+,R30
0001a9 93fc      	ST   X,R31
                 _0x2000016:
0001aa 89ea      	LDD  R30,Y+18
0001ab 89fb      	LDD  R31,Y+18+1
0001ac 9631      	ADIW R30,1
0001ad 8bea      	STD  Y+18,R30
0001ae 8bfb      	STD  Y+18+1,R31
0001af 9731      	SBIW R30,1
0001b0 91e4      	LPM  R30,Z
0001b1 2f2e      	MOV  R18,R30
0001b2 30e0      	CPI  R30,0
0001b3 f411      	BRNE PC+3
0001b4 940c 02cd 	JMP _0x2000018
0001b6 2fe1      	MOV  R30,R17
0001b7 30e0      	CPI  R30,0
0001b8 f439      	BRNE _0x200001C
0001b9 3225      	CPI  R18,37
0001ba f411      	BRNE _0x200001D
0001bb e011      	LDI  R17,LOW(1)
0001bc c002      	RJMP _0x200001E
                 _0x200001D:
0001bd 940e 041b 	CALL SUBOPT_0x3
                 _0x200001E:
0001bf c10c      	RJMP _0x200001B
                 _0x200001C:
0001c0 30e1      	CPI  R30,LOW(0x1)
0001c1 f4a9      	BRNE _0x200001F
0001c2 3225      	CPI  R18,37
0001c3 f419      	BRNE _0x2000020
0001c4 940e 041b 	CALL SUBOPT_0x3
0001c6 c104      	RJMP _0x20000C9
                 _0x2000020:
0001c7 e012      	LDI  R17,LOW(2)
0001c8 e040      	LDI  R20,LOW(0)
0001c9 e000      	LDI  R16,LOW(0)
0001ca 322d      	CPI  R18,45
0001cb f411      	BRNE _0x2000021
0001cc e001      	LDI  R16,LOW(1)
0001cd c0fe      	RJMP _0x200001B
                 _0x2000021:
0001ce 322b      	CPI  R18,43
0001cf f411      	BRNE _0x2000022
0001d0 e24b      	LDI  R20,LOW(43)
0001d1 c0fa      	RJMP _0x200001B
                 _0x2000022:
0001d2 3220      	CPI  R18,32
0001d3 f411      	BRNE _0x2000023
0001d4 e240      	LDI  R20,LOW(32)
0001d5 c0f6      	RJMP _0x200001B
                 _0x2000023:
0001d6 c002      	RJMP _0x2000024
                 _0x200001F:
0001d7 30e2      	CPI  R30,LOW(0x2)
0001d8 f439      	BRNE _0x2000025
                 _0x2000024:
0001d9 e050      	LDI  R21,LOW(0)
0001da e013      	LDI  R17,LOW(3)
0001db 3320      	CPI  R18,48
0001dc f411      	BRNE _0x2000026
0001dd 6800      	ORI  R16,LOW(128)
0001de c0ed      	RJMP _0x200001B
                 _0x2000026:
0001df c004      	RJMP _0x2000027
                 _0x2000025:
0001e0 30e3      	CPI  R30,LOW(0x3)
0001e1 f011      	BREQ PC+3
0001e2 940c 02cc 	JMP _0x200001B
                 _0x2000027:
0001e4 3320      	CPI  R18,48
0001e5 f010      	BRLO _0x200002A
0001e6 332a      	CPI  R18,58
0001e7 f008      	BRLO _0x200002B
                 _0x200002A:
0001e8 c007      	RJMP _0x2000029
                 _0x200002B:
0001e9 e0aa      	LDI  R26,LOW(10)
0001ea 9f5a      	MUL  R21,R26
0001eb 2d50      	MOV  R21,R0
0001ec 2fe2      	MOV  R30,R18
0001ed 53e0      	SUBI R30,LOW(48)
0001ee 0f5e      	ADD  R21,R30
0001ef c0dc      	RJMP _0x200001B
                 _0x2000029:
0001f0 2fe2      	MOV  R30,R18
0001f1 36e3      	CPI  R30,LOW(0x63)
0001f2 f449      	BRNE _0x200002F
0001f3 940e 0422 	CALL SUBOPT_0x4
0001f5 89e8      	LDD  R30,Y+16
0001f6 89f9      	LDD  R31,Y+16+1
0001f7 81a4      	LDD  R26,Z+4
0001f8 93aa      	ST   -Y,R26
0001f9 940e 0428 	CALL SUBOPT_0x5
0001fb c0cf      	RJMP _0x2000030
                 _0x200002F:
0001fc 37e3      	CPI  R30,LOW(0x73)
0001fd f441      	BRNE _0x2000032
0001fe 940e 0422 	CALL SUBOPT_0x4
000200 940e 042e 	CALL SUBOPT_0x6
000202 940e 03ec 	CALL _strlen
000204 2f1e      	MOV  R17,R30
000205 c00a      	RJMP _0x2000033
                 _0x2000032:
000206 37e0      	CPI  R30,LOW(0x70)
000207 f461      	BRNE _0x2000035
000208 940e 0422 	CALL SUBOPT_0x4
00020a 940e 042e 	CALL SUBOPT_0x6
00020c 940e 03f8 	CALL _strlenf
00020e 2f1e      	MOV  R17,R30
00020f 6008      	ORI  R16,LOW(8)
                 _0x2000033:
000210 6002      	ORI  R16,LOW(2)
000211 770f      	ANDI R16,LOW(127)
000212 e030      	LDI  R19,LOW(0)
000213 c035      	RJMP _0x2000036
                 _0x2000035:
000214 36e4      	CPI  R30,LOW(0x64)
000215 f011      	BREQ _0x2000039
000216 36e9      	CPI  R30,LOW(0x69)
000217 f411      	BRNE _0x200003A
                 _0x2000039:
000218 6004      	ORI  R16,LOW(4)
000219 c002      	RJMP _0x200003B
                 _0x200003A:
00021a 37e5      	CPI  R30,LOW(0x75)
00021b f431      	BRNE _0x200003C
                 _0x200003B:
00021c e5e4      	LDI  R30,LOW(_tbl10_G100*2)
00021d e0f0      	LDI  R31,HIGH(_tbl10_G100*2)
00021e 83ee      	STD  Y+6,R30
00021f 83ff      	STD  Y+6+1,R31
000220 e015      	LDI  R17,LOW(5)
000221 c00d      	RJMP _0x200003D
                 _0x200003C:
000222 35e8      	CPI  R30,LOW(0x58)
000223 f411      	BRNE _0x200003F
000224 6008      	ORI  R16,LOW(8)
000225 c004      	RJMP _0x2000040
                 _0x200003F:
000226 37e8      	CPI  R30,LOW(0x78)
000227 f011      	BREQ PC+3
000228 940c 02cb 	JMP _0x2000071
                 _0x2000040:
00022a e5ee      	LDI  R30,LOW(_tbl16_G100*2)
00022b e0f0      	LDI  R31,HIGH(_tbl16_G100*2)
00022c 83ee      	STD  Y+6,R30
00022d 83ff      	STD  Y+6+1,R31
00022e e014      	LDI  R17,LOW(4)
                 _0x200003D:
00022f ff02      	SBRS R16,2
000230 c014      	RJMP _0x2000042
000231 940e 0422 	CALL SUBOPT_0x4
000233 940e 0438 	CALL SUBOPT_0x7
000235 85ab      	LDD  R26,Y+11
000236 23aa      	TST  R26
000237 f43a      	BRPL _0x2000043
000238 85ea      	LDD  R30,Y+10
000239 85fb      	LDD  R31,Y+10+1
00023a 940e 045e 	CALL __ANEGW1
00023c 87ea      	STD  Y+10,R30
00023d 87fb      	STD  Y+10+1,R31
00023e e24d      	LDI  R20,LOW(45)
                 _0x2000043:
00023f 3040      	CPI  R20,0
000240 f011      	BREQ _0x2000044
000241 5f1f      	SUBI R17,-LOW(1)
000242 c001      	RJMP _0x2000045
                 _0x2000044:
000243 7f0b      	ANDI R16,LOW(251)
                 _0x2000045:
000244 c004      	RJMP _0x2000046
                 _0x2000042:
000245 940e 0422 	CALL SUBOPT_0x4
000247 940e 0438 	CALL SUBOPT_0x7
                 _0x2000046:
                 _0x2000036:
000249 fd00      	SBRC R16,0
00024a c011      	RJMP _0x2000047
                 _0x2000048:
00024b 1715      	CP   R17,R21
00024c f478      	BRSH _0x200004A
00024d ff07      	SBRS R16,7
00024e c008      	RJMP _0x200004B
00024f ff02      	SBRS R16,2
000250 c004      	RJMP _0x200004C
000251 7f0b      	ANDI R16,LOW(251)
000252 2f24      	MOV  R18,R20
000253 5011      	SUBI R17,LOW(1)
000254 c001      	RJMP _0x200004D
                 _0x200004C:
000255 e320      	LDI  R18,LOW(48)
                 _0x200004D:
000256 c001      	RJMP _0x200004E
                 _0x200004B:
000257 e220      	LDI  R18,LOW(32)
                 _0x200004E:
000258 940e 041b 	CALL SUBOPT_0x3
00025a 5051      	SUBI R21,LOW(1)
00025b cfef      	RJMP _0x2000048
                 _0x200004A:
                 _0x2000047:
00025c 2f31      	MOV  R19,R17
00025d ff01      	SBRS R16,1
00025e c017      	RJMP _0x200004F
                 _0x2000050:
00025f 3030      	CPI  R19,0
000260 f0a1      	BREQ _0x2000052
000261 ff03      	SBRS R16,3
000262 c006      	RJMP _0x2000053
000263 81ee      	LDD  R30,Y+6
000264 81ff      	LDD  R31,Y+6+1
000265 9125      	LPM  R18,Z+
000266 83ee      	STD  Y+6,R30
000267 83ff      	STD  Y+6+1,R31
000268 c005      	RJMP _0x2000054
                 _0x2000053:
000269 81ae      	LDD  R26,Y+6
00026a 81bf      	LDD  R27,Y+6+1
00026b 912d      	LD   R18,X+
00026c 83ae      	STD  Y+6,R26
00026d 83bf      	STD  Y+6+1,R27
                 _0x2000054:
00026e 940e 041b 	CALL SUBOPT_0x3
000270 3050      	CPI  R21,0
000271 f009      	BREQ _0x2000055
000272 5051      	SUBI R21,LOW(1)
                 _0x2000055:
000273 5031      	SUBI R19,LOW(1)
000274 cfea      	RJMP _0x2000050
                 _0x2000052:
000275 c04b      	RJMP _0x2000056
                 _0x200004F:
                 _0x2000058:
000276 e320      	LDI  R18,LOW(48)
000277 81ee      	LDD  R30,Y+6
000278 81ff      	LDD  R31,Y+6+1
000279 940e 0466 	CALL __GETW1PF
00027b 87e8      	STD  Y+8,R30
00027c 87f9      	STD  Y+8+1,R31
00027d 81ee      	LDD  R30,Y+6
00027e 81ff      	LDD  R31,Y+6+1
00027f 9632      	ADIW R30,2
000280 83ee      	STD  Y+6,R30
000281 83ff      	STD  Y+6+1,R31
                 _0x200005A:
000282 85e8      	LDD  R30,Y+8
000283 85f9      	LDD  R31,Y+8+1
000284 85aa      	LDD  R26,Y+10
000285 85bb      	LDD  R27,Y+10+1
000286 17ae      	CP   R26,R30
000287 07bf      	CPC  R27,R31
000288 f050      	BRLO _0x200005C
000289 5f2f      	SUBI R18,-LOW(1)
00028a 85a8      	LDD  R26,Y+8
00028b 85b9      	LDD  R27,Y+8+1
00028c 85ea      	LDD  R30,Y+10
00028d 85fb      	LDD  R31,Y+10+1
00028e 1bea      	SUB  R30,R26
00028f 0bfb      	SBC  R31,R27
000290 87ea      	STD  Y+10,R30
000291 87fb      	STD  Y+10+1,R31
000292 cfef      	RJMP _0x200005A
                 _0x200005C:
000293 332a      	CPI  R18,58
000294 f028      	BRLO _0x200005D
000295 ff03      	SBRS R16,3
000296 c002      	RJMP _0x200005E
000297 5f29      	SUBI R18,-LOW(7)
000298 c001      	RJMP _0x200005F
                 _0x200005E:
000299 5d29      	SUBI R18,-LOW(39)
                 _0x200005F:
                 _0x200005D:
00029a fd04      	SBRC R16,4
00029b c01a      	RJMP _0x2000061
00029c 3321      	CPI  R18,49
00029d f420      	BRSH _0x2000063
00029e 85a8      	LDD  R26,Y+8
00029f 85b9      	LDD  R27,Y+8+1
0002a0 9711      	SBIW R26,1
0002a1 f409      	BRNE _0x2000062
                 _0x2000063:
0002a2 c009      	RJMP _0x20000CA
                 _0x2000062:
0002a3 1753      	CP   R21,R19
0002a4 f010      	BRLO _0x2000067
0002a5 ff00      	SBRS R16,0
0002a6 c001      	RJMP _0x2000068
                 _0x2000067:
0002a7 c013      	RJMP _0x2000066
                 _0x2000068:
0002a8 e220      	LDI  R18,LOW(32)
0002a9 ff07      	SBRS R16,7
0002aa c00b      	RJMP _0x2000069
0002ab e320      	LDI  R18,LOW(48)
                 _0x20000CA:
0002ac 6100      	ORI  R16,LOW(16)
0002ad ff02      	SBRS R16,2
0002ae c007      	RJMP _0x200006A
0002af 7f0b      	ANDI R16,LOW(251)
0002b0 934a      	ST   -Y,R20
0002b1 940e 0428 	CALL SUBOPT_0x5
0002b3 3050      	CPI  R21,0
0002b4 f009      	BREQ _0x200006B
0002b5 5051      	SUBI R21,LOW(1)
                 _0x200006B:
                 _0x200006A:
                 _0x2000069:
                 _0x2000061:
0002b6 940e 041b 	CALL SUBOPT_0x3
0002b8 3050      	CPI  R21,0
0002b9 f009      	BREQ _0x200006C
0002ba 5051      	SUBI R21,LOW(1)
                 _0x200006C:
                 _0x2000066:
0002bb 5031      	SUBI R19,LOW(1)
0002bc 85a8      	LDD  R26,Y+8
0002bd 85b9      	LDD  R27,Y+8+1
0002be 9712      	SBIW R26,2
0002bf f008      	BRLO _0x2000059
0002c0 cfb5      	RJMP _0x2000058
                 _0x2000059:
                 _0x2000056:
0002c1 ff00      	SBRS R16,0
0002c2 c008      	RJMP _0x200006D
                 _0x200006E:
0002c3 3050      	CPI  R21,0
0002c4 f031      	BREQ _0x2000070
0002c5 5051      	SUBI R21,LOW(1)
0002c6 e2e0      	LDI  R30,LOW(32)
0002c7 93ea      	ST   -Y,R30
0002c8 940e 0428 	CALL SUBOPT_0x5
0002ca cff8      	RJMP _0x200006E
                 _0x2000070:
                 _0x200006D:
                 _0x2000071:
                 _0x2000030:
                 _0x20000C9:
0002cb e010      	LDI  R17,LOW(0)
                 _0x200001B:
0002cc cedd      	RJMP _0x2000016
                 _0x2000018:
0002cd 85ac      	LDD  R26,Y+12
0002ce 85bd      	LDD  R27,Y+12+1
0002cf 940e 0462 	CALL __GETW1P
0002d1 940e 0476 	CALL __LOADLOCR6
0002d3 9664      	ADIW R28,20
0002d4 9508      	RET
                 _sprintf:
0002d5 92ff      	PUSH R15
0002d6 2ef8      	MOV  R15,R24
0002d7 9726      	SBIW R28,6
0002d8 940e 0471 	CALL __SAVELOCR4
0002da 940e 0440 	CALL SUBOPT_0x8
0002dc 9730      	SBIW R30,0
0002dd f419      	BRNE _0x2000072
0002de efef      	LDI  R30,LOW(65535)
0002df efff      	LDI  R31,HIGH(65535)
0002e0 c023      	RJMP _0x20C0003
                 _0x2000072:
0002e1 01de      	MOVW R26,R28
0002e2 9616      	ADIW R26,6
0002e3 940e 045a 	CALL __ADDW2R15
0002e5 018d      	MOVW R16,R26
0002e6 940e 0440 	CALL SUBOPT_0x8
0002e8 83ee      	STD  Y+6,R30
0002e9 83ff      	STD  Y+6+1,R31
0002ea e0e0      	LDI  R30,LOW(0)
0002eb 87e8      	STD  Y+8,R30
0002ec 87e9      	STD  Y+8+1,R30
0002ed 01de      	MOVW R26,R28
0002ee 961a      	ADIW R26,10
0002ef 940e 045a 	CALL __ADDW2R15
0002f1 940e 0462 	CALL __GETW1P
0002f3 93fa      	ST   -Y,R31
0002f4 93ea      	ST   -Y,R30
0002f5 931a      	ST   -Y,R17
0002f6 930a      	ST   -Y,R16
0002f7 e5ee      	LDI  R30,LOW(_put_buff_G100)
0002f8 e0f1      	LDI  R31,HIGH(_put_buff_G100)
0002f9 93fa      	ST   -Y,R31
0002fa 93ea      	ST   -Y,R30
0002fb 01de      	MOVW R26,R28
0002fc 961a      	ADIW R26,10
0002fd dea0      	RCALL __print_G100
0002fe 019f      	MOVW R18,R30
0002ff 81ae      	LDD  R26,Y+6
000300 81bf      	LDD  R27,Y+6+1
000301 e0e0      	LDI  R30,LOW(0)
000302 93ec      	ST   X,R30
000303 01f9      	MOVW R30,R18
                 _0x20C0003:
000304 940e 0478 	CALL __LOADLOCR4
000306 962a      	ADIW R28,10
000307 90ff      	POP  R15
000308 9508      	RET
                 
                 	.CSEG
                 
                 	.DSEG
                 
                 	.CSEG
                     .equ __lcd_direction=__lcd_port-1
                     .equ __lcd_pin=__lcd_port-2
                     .equ __lcd_rs=0
                     .equ __lcd_rd=1
                     .equ __lcd_enable=2
                     .equ __lcd_busy_flag=7
                 
                 	.DSEG
                 
                 	.CSEG
                 __lcd_delay_G102:
000309 e0ff          ldi   r31,15
                 __lcd_delay0:
00030a 95fa          dec   r31
00030b f7f1          brne  __lcd_delay0
00030c 9508      	RET
                 __lcd_ready:
00030d b3a4          in    r26,__lcd_direction
00030e 70af          andi  r26,0xf                 ;set as input
00030f bba4          out   __lcd_direction,r26
000310 9aa9          sbi   __lcd_port,__lcd_rd     ;RD=1
000311 98a8          cbi   __lcd_port,__lcd_rs     ;RS=0
                 __lcd_busy:
000312 dff6      	RCALL __lcd_delay_G102
000313 9aaa          sbi   __lcd_port,__lcd_enable ;EN=1
000314 dff4      	RCALL __lcd_delay_G102
000315 b3a3          in    r26,__lcd_pin
000316 98aa          cbi   __lcd_port,__lcd_enable ;EN=0
000317 dff1      	RCALL __lcd_delay_G102
000318 9aaa          sbi   __lcd_port,__lcd_enable ;EN=1
000319 dfef      	RCALL __lcd_delay_G102
00031a 98aa          cbi   __lcd_port,__lcd_enable ;EN=0
00031b fda7          sbrc  r26,__lcd_busy_flag
00031c cff5          rjmp  __lcd_busy
00031d 9508      	RET
                 __lcd_write_nibble_G102:
00031e 7fa0          andi  r26,0xf0
00031f 2bab          or    r26,r27
000320 bba5          out   __lcd_port,r26          ;write
000321 9aaa          sbi   __lcd_port,__lcd_enable ;EN=1
000322 940e 0309 	CALL __lcd_delay_G102
000324 98aa          cbi   __lcd_port,__lcd_enable ;EN=0
000325 940e 0309 	CALL __lcd_delay_G102
000327 9508      	RET
                 __lcd_write_data:
000328 93aa      	ST   -Y,R26
000329 98a9          cbi  __lcd_port,__lcd_rd 	  ;RD=0
00032a b3a4          in    r26,__lcd_direction
00032b 6fa7          ori   r26,0xf0 | (1<<__lcd_rs) | (1<<__lcd_rd) | (1<<__lcd_enable) ;set as output
00032c bba4          out   __lcd_direction,r26
00032d b3b5          in    r27,__lcd_port
00032e 70bf          andi  r27,0xf
00032f 81a8          ld    r26,y
000330 dfed      	RCALL __lcd_write_nibble_G102
000331 81a8          ld    r26,y
000332 95a2          swap  r26
000333 dfea      	RCALL __lcd_write_nibble_G102
000334 9aa9          sbi   __lcd_port,__lcd_rd     ;RD=1
000335 940c 03ea 	JMP  _0x20C0001
                 __lcd_read_nibble_G102:
000337 9aaa          sbi   __lcd_port,__lcd_enable ;EN=1
000338 940e 0309 	CALL __lcd_delay_G102
00033a b3e3          in    r30,__lcd_pin           ;read
00033b 98aa          cbi   __lcd_port,__lcd_enable ;EN=0
00033c 940e 0309 	CALL __lcd_delay_G102
00033e 7fe0          andi  r30,0xf0
00033f 9508      	RET
                 _lcd_read_byte0_G102:
000340 940e 0309 	CALL __lcd_delay_G102
000342 dff4      	RCALL __lcd_read_nibble_G102
000343 2fae          mov   r26,r30
000344 dff2      	RCALL __lcd_read_nibble_G102
000345 98a9          cbi   __lcd_port,__lcd_rd     ;RD=0
000346 95e2          swap  r30
000347 2bea          or    r30,r26
000348 9508      	RET
                 _lcd_gotoxy:
000349 93aa      	ST   -Y,R26
00034a 940e 030d 	CALL __lcd_ready
00034c 81e8      	LD   R30,Y
00034d e0f0      	LDI  R31,0
00034e 58ec      	SUBI R30,LOW(-__base_y_G102)
00034f 4ffe      	SBCI R31,HIGH(-__base_y_G102)
000350 81e0      	LD   R30,Z
000351 81a9      	LDD  R26,Y+1
000352 0fae      	ADD  R26,R30
000353 940e 0328 	CALL __lcd_write_data
000355 8089      	LDD  R8,Y+1
000356 80b8      	LDD  R11,Y+0
000357 9622      	ADIW R28,2
000358 9508      	RET
                 _lcd_clear:
000359 940e 030d 	CALL __lcd_ready
00035b e0a2      	LDI  R26,LOW(2)
00035c 940e 0328 	CALL __lcd_write_data
00035e 940e 030d 	CALL __lcd_ready
000360 e0ac      	LDI  R26,LOW(12)
000361 940e 0328 	CALL __lcd_write_data
000363 940e 030d 	CALL __lcd_ready
000365 e0a1      	LDI  R26,LOW(1)
000366 940e 0328 	CALL __lcd_write_data
000368 e0e0      	LDI  R30,LOW(0)
000369 2ebe      	MOV  R11,R30
00036a 2e8e      	MOV  R8,R30
00036b 9508      	RET
                 _lcd_putchar:
00036c 93aa      	ST   -Y,R26
00036d 93ef          push r30
00036e 93ff          push r31
00036f 81a8          ld   r26,y
000370 9468          set
000371 30aa          cpi  r26,10
000372 f019          breq __lcd_putchar1
000373 94e8          clt
000374 148a      	CP   R8,R10
000375 f030      	BRLO _0x2040004
                 	__lcd_putchar1:
000376 94b3      	INC  R11
000377 e0e0      	LDI  R30,LOW(0)
000378 93ea      	ST   -Y,R30
000379 2dab      	MOV  R26,R11
00037a dfce      	RCALL _lcd_gotoxy
00037b f036      	brts __lcd_putchar0
                 _0x2040004:
00037c 9483      	INC  R8
00037d df8f          rcall __lcd_ready
00037e 9aa8          sbi  __lcd_port,__lcd_rs ;RS=1
00037f 81a8      	LD   R26,Y
000380 940e 0328 	CALL __lcd_write_data
                 __lcd_putchar0:
000382 91ff          pop  r31
000383 91ef          pop  r30
000384 940c 03ea 	JMP  _0x20C0001
                 _lcd_puts:
000386 93ba      	ST   -Y,R27
000387 93aa      	ST   -Y,R26
000388 931a      	ST   -Y,R17
                 _0x2040005:
000389 81a9      	LDD  R26,Y+1
00038a 81ba      	LDD  R27,Y+1+1
00038b 91ed      	LD   R30,X+
00038c 83a9      	STD  Y+1,R26
00038d 83ba      	STD  Y+1+1,R27
00038e 2f1e      	MOV  R17,R30
00038f 30e0      	CPI  R30,0
000390 f019      	BREQ _0x2040007
000391 2fa1      	MOV  R26,R17
000392 dfd9      	RCALL _lcd_putchar
000393 cff5      	RJMP _0x2040005
                 _0x2040007:
000394 c010      	RJMP _0x20C0002
                 _lcd_putsf:
000395 93ba      	ST   -Y,R27
000396 93aa      	ST   -Y,R26
000397 931a      	ST   -Y,R17
                 _0x2040008:
000398 81e9      	LDD  R30,Y+1
000399 81fa      	LDD  R31,Y+1+1
00039a 9631      	ADIW R30,1
00039b 83e9      	STD  Y+1,R30
00039c 83fa      	STD  Y+1+1,R31
00039d 9731      	SBIW R30,1
00039e 91e4      	LPM  R30,Z
00039f 2f1e      	MOV  R17,R30
0003a0 30e0      	CPI  R30,0
0003a1 f019      	BREQ _0x204000A
0003a2 2fa1      	MOV  R26,R17
0003a3 dfc8      	RCALL _lcd_putchar
0003a4 cff3      	RJMP _0x2040008
                 _0x204000A:
                 _0x20C0002:
0003a5 8118      	LDD  R17,Y+0
0003a6 9623      	ADIW R28,3
0003a7 9508      	RET
                 __long_delay_G102:
0003a8 27aa          clr   r26
0003a9 27bb          clr   r27
                 __long_delay0:
0003aa 9711          sbiw  r26,1         ;2 cycles
0003ab f7f1          brne  __long_delay0 ;2 cycles
0003ac 9508      	RET
                 __lcd_init_write_G102:
0003ad 93aa      	ST   -Y,R26
0003ae 98a9          cbi  __lcd_port,__lcd_rd 	  ;RD=0
0003af b3a4          in    r26,__lcd_direction
0003b0 6fa7          ori   r26,0xf7                ;set as output
0003b1 bba4          out   __lcd_direction,r26
0003b2 b3b5          in    r27,__lcd_port
0003b3 70bf          andi  r27,0xf
0003b4 81a8          ld    r26,y
0003b5 940e 031e 	CALL __lcd_write_nibble_G102
0003b7 9aa9          sbi   __lcd_port,__lcd_rd     ;RD=1
0003b8 c031      	RJMP _0x20C0001
                 _lcd_init:
0003b9 93aa      	ST   -Y,R26
0003ba 98aa          cbi   __lcd_port,__lcd_enable ;EN=0
0003bb 98a8          cbi   __lcd_port,__lcd_rs     ;RS=0
0003bc 80a8      	LDD  R10,Y+0
0003bd 81e8      	LD   R30,Y
0003be 58e0      	SUBI R30,-LOW(128)
                +
0003bf 93e0 0176+STS __base_y_G102 + ( 2 ) , R30
                 	__PUTB1MN __base_y_G102,2
0003c1 81e8      	LD   R30,Y
0003c2 54e0      	SUBI R30,-LOW(192)
                +
0003c3 93e0 0177+STS __base_y_G102 + ( 3 ) , R30
                 	__PUTB1MN __base_y_G102,3
0003c5 940e 0447 	CALL SUBOPT_0x9
0003c7 940e 0447 	CALL SUBOPT_0x9
0003c9 940e 0447 	CALL SUBOPT_0x9
0003cb dfdc      	RCALL __long_delay_G102
0003cc e2a0      	LDI  R26,LOW(32)
0003cd dfdf      	RCALL __lcd_init_write_G102
0003ce dfd9      	RCALL __long_delay_G102
0003cf e2a8      	LDI  R26,LOW(40)
0003d0 940e 044c 	CALL SUBOPT_0xA
0003d2 e0a4      	LDI  R26,LOW(4)
0003d3 940e 044c 	CALL SUBOPT_0xA
0003d5 e8a5      	LDI  R26,LOW(133)
0003d6 940e 044c 	CALL SUBOPT_0xA
0003d8 b3a4          in    r26,__lcd_direction
0003d9 70af          andi  r26,0xf                 ;set as input
0003da bba4          out   __lcd_direction,r26
0003db 9aa9          sbi   __lcd_port,__lcd_rd     ;RD=1
0003dc 940e 0340 	CALL _lcd_read_byte0_G102
0003de 30e5      	CPI  R30,LOW(0x5)
0003df f011      	BREQ _0x204000B
0003e0 e0e0      	LDI  R30,LOW(0)
0003e1 c008      	RJMP _0x20C0001
                 _0x204000B:
0003e2 940e 030d 	CALL __lcd_ready
0003e4 e0a6      	LDI  R26,LOW(6)
0003e5 940e 0328 	CALL __lcd_write_data
0003e7 940e 0359 	CALL _lcd_clear
0003e9 e0e1      	LDI  R30,LOW(1)
                 _0x20C0001:
0003ea 9621      	ADIW R28,1
0003eb 9508      	RET
                 
                 	.CSEG
                 
                 	.CSEG
                 _strlen:
0003ec 93ba      	ST   -Y,R27
0003ed 93aa      	ST   -Y,R26
0003ee 91a9          ld   r26,y+
0003ef 91b9          ld   r27,y+
0003f0 27ee          clr  r30
0003f1 27ff          clr  r31
                 strlen0:
0003f2 916d          ld   r22,x+
0003f3 2366          tst  r22
0003f4 f011          breq strlen1
0003f5 9631          adiw r30,1
0003f6 cffb          rjmp strlen0
                 strlen1:
0003f7 9508          ret
                 _strlenf:
0003f8 93ba      	ST   -Y,R27
0003f9 93aa      	ST   -Y,R26
0003fa 27aa          clr  r26
0003fb 27bb          clr  r27
0003fc 91e9          ld   r30,y+
0003fd 91f9          ld   r31,y+
                 strlenf0:
0003fe 9005      	lpm  r0,z+
0003ff 2000          tst  r0
000400 f011          breq strlenf1
000401 9611          adiw r26,1
000402 cffb          rjmp strlenf0
                 strlenf1:
000403 01fd          movw r30,r26
000404 9508          ret
                 
                 	.CSEG
                 
                 	.DSEG
                 _temp:
000160           	.BYTE 0x10
                 __seed_G101:
000170           	.BYTE 0x4
                 __base_y_G102:
000174           	.BYTE 0x4
                 
                 	.CSEG
                 ;OPTIMIZER ADDED SUBROUTINE, CALLED 4 TIMES, CODE SIZE REDUCTION:6 WORDS
                 SUBOPT_0x0:
000405 27ff      	CLR  R31
000406 2766      	CLR  R22
000407 2777      	CLR  R23
000408 940e 046a 	CALL __PUTPARD1
00040a 9508      	RET
                 
                 ;OPTIMIZER ADDED SUBROUTINE, CALLED 4 TIMES, CODE SIZE REDUCTION:6 WORDS
                 SUBOPT_0x1:
00040b e0e0      	LDI  R30,LOW(0)
00040c 93ea      	ST   -Y,R30
00040d e0a1      	LDI  R26,LOW(1)
00040e 940c 0349 	JMP  _lcd_gotoxy
                 
                 ;OPTIMIZER ADDED SUBROUTINE, CALLED 2 TIMES, CODE SIZE REDUCTION:5 WORDS
                 SUBOPT_0x2:
                +
000410 eaac     +LDI R26 , LOW ( 2 * _0x0 + ( 64 ) )
000411 e0b0     +LDI R27 , HIGH ( 2 * _0x0 + ( 64 ) )
                 	__POINTW2FN _0x0,64
000412 940e 0395 	CALL _lcd_putsf
000414 eba8      	LDI  R26,LOW(3000)
000415 e0bb      	LDI  R27,HIGH(3000)
000416 940e 0450 	CALL _delay_ms
000418 e0e0      	LDI  R30,LOW(0)
000419 93ea      	ST   -Y,R30
00041a 9508      	RET
                 
                 ;OPTIMIZER ADDED SUBROUTINE, CALLED 5 TIMES, CODE SIZE REDUCTION:13 WORDS
                 SUBOPT_0x3:
00041b 932a      	ST   -Y,R18
00041c 85ad      	LDD  R26,Y+13
00041d 85be      	LDD  R27,Y+13+1
00041e 85ef      	LDD  R30,Y+15
00041f 89f8      	LDD  R31,Y+15+1
000420 9509      	ICALL
000421 9508      	RET
                 
                 ;OPTIMIZER ADDED SUBROUTINE, CALLED 5 TIMES, CODE SIZE REDUCTION:9 WORDS
                 SUBOPT_0x4:
000422 89e8      	LDD  R30,Y+16
000423 89f9      	LDD  R31,Y+16+1
000424 9734      	SBIW R30,4
000425 8be8      	STD  Y+16,R30
000426 8bf9      	STD  Y+16+1,R31
000427 9508      	RET
                 
                 ;OPTIMIZER ADDED SUBROUTINE, CALLED 3 TIMES, CODE SIZE REDUCTION:3 WORDS
                 SUBOPT_0x5:
000428 85ad      	LDD  R26,Y+13
000429 85be      	LDD  R27,Y+13+1
00042a 85ef      	LDD  R30,Y+15
00042b 89f8      	LDD  R31,Y+15+1
00042c 9509      	ICALL
00042d 9508      	RET
                 
                 ;OPTIMIZER ADDED SUBROUTINE, CALLED 2 TIMES, CODE SIZE REDUCTION:4 WORDS
                 SUBOPT_0x6:
00042e 89a8      	LDD  R26,Y+16
00042f 89b9      	LDD  R27,Y+16+1
000430 9614      	ADIW R26,4
000431 940e 0462 	CALL __GETW1P
000433 83ee      	STD  Y+6,R30
000434 83ff      	STD  Y+6+1,R31
000435 81ae      	LDD  R26,Y+6
000436 81bf      	LDD  R27,Y+6+1
000437 9508      	RET
                 
                 ;OPTIMIZER ADDED SUBROUTINE, CALLED 2 TIMES, CODE SIZE REDUCTION:2 WORDS
                 SUBOPT_0x7:
000438 89a8      	LDD  R26,Y+16
000439 89b9      	LDD  R27,Y+16+1
00043a 9614      	ADIW R26,4
00043b 940e 0462 	CALL __GETW1P
00043d 87ea      	STD  Y+10,R30
00043e 87fb      	STD  Y+10+1,R31
00043f 9508      	RET
                 
                 ;OPTIMIZER ADDED SUBROUTINE, CALLED 2 TIMES, CODE SIZE REDUCTION:1 WORDS
                 SUBOPT_0x8:
000440 01de      	MOVW R26,R28
000441 961c      	ADIW R26,12
000442 940e 045a 	CALL __ADDW2R15
000444 940e 0462 	CALL __GETW1P
000446 9508      	RET
                 
                 ;OPTIMIZER ADDED SUBROUTINE, CALLED 3 TIMES, CODE SIZE REDUCTION:3 WORDS
                 SUBOPT_0x9:
000447 940e 03a8 	CALL __long_delay_G102
000449 e3a0      	LDI  R26,LOW(48)
00044a 940c 03ad 	JMP  __lcd_init_write_G102
                 
                 ;OPTIMIZER ADDED SUBROUTINE, CALLED 3 TIMES, CODE SIZE REDUCTION:1 WORDS
                 SUBOPT_0xA:
00044c 940e 0328 	CALL __lcd_write_data
00044e 940c 03a8 	JMP  __long_delay_G102
                 
                 
                 	.CSEG
                 _delay_ms:
000450 9610      	adiw r26,0
000451 f039      	breq __delay_ms1
                 __delay_ms0:
                +
000452 eb88     +LDI R24 , LOW ( 0xBB8 )
000453 e09b     +LDI R25 , HIGH ( 0xBB8 )
                +__DELAY_USW_LOOP :
000454 9701     +SBIW R24 , 1
000455 f7f1     +BRNE __DELAY_USW_LOOP
                 	__DELAY_USW 0xBB8
000456 95a8      	wdr
000457 9711      	sbiw r26,1
000458 f7c9      	brne __delay_ms0
                 __delay_ms1:
000459 9508      	ret
                 
                 __ADDW2R15:
00045a 2400      	CLR  R0
00045b 0daf      	ADD  R26,R15
00045c 1db0      	ADC  R27,R0
00045d 9508      	RET
                 
                 __ANEGW1:
00045e 95f1      	NEG  R31
00045f 95e1      	NEG  R30
000460 40f0      	SBCI R31,0
000461 9508      	RET
                 
                 __GETW1P:
000462 91ed      	LD   R30,X+
000463 91fc      	LD   R31,X
000464 9711      	SBIW R26,1
000465 9508      	RET
                 
                 __GETW1PF:
000466 9005      	LPM  R0,Z+
000467 91f4      	LPM  R31,Z
000468 2de0      	MOV  R30,R0
000469 9508      	RET
                 
                 __PUTPARD1:
00046a 937a      	ST   -Y,R23
00046b 936a      	ST   -Y,R22
00046c 93fa      	ST   -Y,R31
00046d 93ea      	ST   -Y,R30
00046e 9508      	RET
                 
                 __SAVELOCR6:
00046f 935a      	ST   -Y,R21
                 __SAVELOCR5:
000470 934a      	ST   -Y,R20
                 __SAVELOCR4:
000471 933a      	ST   -Y,R19
                 __SAVELOCR3:
000472 932a      	ST   -Y,R18
                 __SAVELOCR2:
000473 931a      	ST   -Y,R17
000474 930a      	ST   -Y,R16
000475 9508      	RET
                 
                 __LOADLOCR6:
000476 815d      	LDD  R21,Y+5
                 __LOADLOCR5:
000477 814c      	LDD  R20,Y+4
                 __LOADLOCR4:
000478 813b      	LDD  R19,Y+3
                 __LOADLOCR3:
000479 812a      	LDD  R18,Y+2
                 __LOADLOCR2:
00047a 8119      	LDD  R17,Y+1
00047b 8108      	LD   R16,Y
00047c 9508      	RET
                 
                 ;END OF CODE MARKER
                 __END_OF_CODE:


RESOURCE USE INFORMATION
------------------------

Notice:
The register and instruction counts are symbol table hit counts,
and hence implicitly used resources are not counted, eg, the
'lpm' instruction without operands implicitly uses r0 and z,
none of which are counted.

x,y,z are separate entities in the symbol table and are
counted separately from r26..r31 here.

.dseg memory usage only counts static data declared with .byte

ATmega16 register use summary:
r0 :  11 r1 :   1 r2 :   0 r3 :   0 r4 :  10 r5 :   5 r6 :   5 r7 :   5 
r8 :   4 r9 :   3 r10:   2 r11:   4 r12:   0 r13:   0 r14:   0 r15:   4 
r16:  34 r17:  27 r18:  29 r19:   8 r20:   9 r21:  17 r22:   6 r23:   2 
r24:  11 r25:   3 r26: 137 r27:  50 r28:  14 r29:   1 r30: 208 r31:  66 
x  :  23 y  : 177 z  :  16 
Registers used: 30 out of 35 (85.7%)

ATmega16 instruction use summary:
.lds  :   0 .lds.l:   0 .sts  :   0 .sts.l:   0 adc   :   1 add   :   3 
adiw  :  25 and   :   0 andi  :  10 asr   :   0 bclr  :   0 bld   :   0 
brbc  :   0 brbs  :   0 brcc  :   0 brcs  :   0 break :   0 breq  :  22 
brge  :   0 brhc  :   0 brhs  :   0 brid  :   0 brie  :   0 brlo  :  11 
brlt  :   0 brmi  :   1 brne  :  32 brpl  :   1 brsh  :   2 brtc  :   0 
brts  :   1 brvc  :   0 brvs  :   0 bset  :   0 bst   :   0 call  :  96 
cbi   :  10 cbr   :   0 clc   :   0 clh   :   0 cli   :   1 cln   :   0 
clr   :  20 cls   :   0 clt   :   1 clv   :   0 clz   :   0 com   :   0 
cp    :  13 cpc   :   2 cpi   :  37 cpse  :   0 dec   :   2 des   :   0 
eor   :   0 fmul  :   0 fmuls :   0 fmulsu:   0 icall :   2 ijmp  :   0 
in    :   9 inc   :   6 jmp   :  30 ld    :  25 ldd   :  79 ldi   : 126 
lds   :   0 lpm   :  16 lsl   :   0 lsr   :   0 mov   :  25 movw  :  14 
mul   :   1 muls  :   0 mulsu :   0 neg   :   2 nop   :   0 or    :   2 
ori   :   8 out   :  24 pop   :   3 push  :   3 rcall :  19 ret   :  34 
reti  :   1 rjmp  :  61 rol   :   0 ror   :   0 sbc   :   1 sbci  :   2 
sbi   :   9 sbic  :   3 sbis  :   0 sbiw  :  19 sbr   :   0 sbrc  :   3 
sbrs  :  10 sec   :   0 seh   :   0 sei   :   1 sen   :   0 ser   :   0 
ses   :   0 set   :   1 sev   :   0 sez   :   0 sleep :   0 spm   :   0 
st    :  66 std   :  33 sts   :   2 sub   :   1 subi  :  16 swap  :   2 
tst   :   5 wdr   :   1 
Instructions used: 58 out of 116 (50.0%)

ATmega16 memory use summary [bytes]:
Segment   Begin    End      Code   Data   Used    Size   Use%
---------------------------------------------------------------
[.cseg] 0x000000 0x0008fa   2162    136   2298   16384  14.0%
[.dseg] 0x000060 0x000178      0     24     24    1119   2.1%
[.eseg] 0x000000 0x000000      0      0      0     512   0.0%

Assembly complete, 0 errors, 10 warnings
