   1               		.file	"main.c"
   2               	__SREG__ = 0x3f
   3               	__SP_H__ = 0x3e
   4               	__SP_L__ = 0x3d
   5               	__CCP__  = 0x34
   6               	__tmp_reg__ = 0
   7               	__zero_reg__ = 1
  15               	.Ltext0:
  16               		.section	.init3,"ax",@progbits
  17               	.global	get_mcusr
  19               	get_mcusr:
  20               	.LFB14:
  21               	.LSM0:
  22               	/* prologue: naked */
  23               	/* frame size = 0 */
  24               	.LSM1:
  25 0000 14BE      		out 84-32,__zero_reg__
  26               	.LSM2:
  27 0002 88E1      		ldi r24,lo8(24)
  28               	/* #APP */
  29               	 ;  33 "main.c" 1
  30 0004 0FB6      		in __tmp_reg__, __SREG__
  31 0006 F894      		cli
  32 0008 8093 6000 		sts 96, r24
  33 000c 1092 6000 		sts 96, __zero_reg__
  34 0010 0FBE      		out __SREG__,__tmp_reg__
  35               		
  36               	 ;  0 "" 2
  37               	/* epilogue start */
  38               	.LSM3:
  39               	/* #NOAPP */
  40               	.LFE14:
  42               		.data
  43               	.LC0:
  44 0000 0D0A 4D49 		.string	"\r\nMICKBOOT V1.1 Uart"
  44      434B 424F 
  44      4F54 2056 
  44      312E 3120 
  44      5561 7274 
  45               	.LC1:
  46 0015 3100      		.string	"1"
  47               	.LC2:
  48 0017 3000      		.string	"0"
  49               	.LC3:
  50 0019 0D0A 5365 		.string	"\r\nSend Z\r\n"
  50      6E64 205A 
  50      0D0A 00
  51               	.LC4:
  52 0024 0D0A 5365 		.string	"\r\nSend hex file in ASCII\r\n"
  52      6E64 2068 
  52      6578 2066 
  52      696C 6520 
  52      696E 2041 
  53               	.LC5:
  54 003f 5375 6363 		.string	"Success!\r\n"
  54      6573 7321 
  54      0D0A 00
  55               	.LC6:
  56 004a 5469 6D65 		.string	"Timeout waiting for hex data\r\n"
  56      6F75 7420 
  56      7761 6974 
  56      696E 6720 
  56      666F 7220 
  57               	.LC7:
  58 0069 4865 7820 		.string	"Hex file ERROR!\r\n"
  58      6669 6C65 
  58      2045 5252 
  58      4F52 210D 
  58      0A00 
  59               	.LC8:
  60 007b 5469 6D65 		.string	"Timeout waiting for Z\r\n"
  60      6F75 7420 
  60      7761 6974 
  60      696E 6720 
  60      666F 7220 
  61               	.LC9:
  62 0093 5255 4E4E 		.string	"RUNNING\r\n"
  62      494E 470D 
  62      0A00 
  63               		.text
  64               	.global	main
  66               	main:
  67               	.LFB15:
  68               	.LM1:
  69 0000 EF92      		push r14
  70 0002 FF92      		push r15
  71 0004 1F93      		push r17
  72 0006 CF93      		push r28
  73 0008 DF93      		push r29
  74               	/* prologue: function */
  75               	/* frame size = 0 */
  76               	.LM2:
  77 000a 0E94 0000 		call uart_init
  78 000e 8823      		tst r24
  79 0010 01F4      		brne .+2
  80 0012 00C0      		rjmp .L4
  81               	.LM3:
  82 0014 81E0      		ldi r24,lo8(1)
  83 0016 85BF      		out 85-32,r24
  84               	.LM4:
  85 0018 82E0      		ldi r24,lo8(2)
  86 001a 85BF      		out 85-32,r24
  87               	.LM5:
  88               	/* #APP */
  89               	 ;  47 "main.c" 1
  90 001c 7894      		sei
  91               	 ;  0 "" 2
  92               	/* #NOAPP */
  93               	.LBB24:
  94               	.LBB25:
  95               	.LBB26:
  96               	.LBB27:
  97               	.LM6:
  98 001e 80E4      		ldi r24,lo8(-25536)
  99 0020 E82E      		mov r14,r24
 100 0022 8CE9      		ldi r24,hi8(-25536)
 101 0024 F82E      		mov r15,r24
 102               	.LVL0:
 103               	.L24:
 104               	.LBE27:
 105               	.LBE26:
 106               	.LBE25:
 107               	.LBE24:
 108               	.LM7:
 109 0026 80E0      		ldi r24,lo8(.LC0)
 110 0028 90E0      		ldi r25,hi8(.LC0)
 111 002a 0E94 0000 		call uart_write_string
 112               	.LVL1:
 113               	.LM8:
 114 002e 8091 C900 		lds r24,201
 115 0032 84FF      		sbrs r24,4
 116 0034 00C0      		rjmp .L5
 117               	.LM9:
 118 0036 80E0      		ldi r24,lo8(.LC1)
 119 0038 90E0      		ldi r25,hi8(.LC1)
 120 003a 00C0      		rjmp .L32
 121               	.L5:
 122               	.LM10:
 123 003c 80E0      		ldi r24,lo8(.LC2)
 124 003e 90E0      		ldi r25,hi8(.LC2)
 125               	.L32:
 126 0040 0E94 0000 		call uart_write_string
 127               	.LM11:
 128 0044 80E0      		ldi r24,lo8(.LC3)
 129 0046 90E0      		ldi r25,hi8(.LC3)
 130 0048 0E94 0000 		call uart_write_string
 131               	.L33:
 132 004c 28EB      		ldi r18,lo8(3000)
 133 004e 3BE0      		ldi r19,hi8(3000)
 134               	.LVL2:
 135               	.L31:
 136               	.LM12:
 137 0050 8091 0000 		lds r24,uart_fifo_rx+1
 138               	.LVL3:
 139 0054 8823      		tst r24
 140 0056 01F4      		brne .+2
 141 0058 00C0      		rjmp .L7
 142               	.LM13:
 143 005a 0E94 0000 		call fifo_read_char
 144               	.LVL4:
 145 005e 8A35      		cpi r24,lo8(90)
 146 0060 01F4      		brne .L33
 147               	.LM14:
 148 0062 80E0      		ldi r24,lo8(.LC4)
 149 0064 90E0      		ldi r25,hi8(.LC4)
 150 0066 0E94 0000 		call uart_write_string
 151               	.LM15:
 152 006a 0E94 0000 		call ihex_init
 153 006e C0E7      		ldi r28,lo8(6000)
 154 0070 D7E1      		ldi r29,hi8(6000)
 155               	.LVL5:
 156               	.L19:
 157               	.LM16:
 158 0072 8091 0000 		lds r24,uart_fifo_rx+1
 159 0076 8823      		tst r24
 160 0078 01F4      		brne .+2
 161 007a 00C0      		rjmp .L9
 162               	.LM17:
 163 007c 0E94 0000 		call fifo_read_char
 164               	.LVL6:
 165 0080 0E94 0000 		call ihex_char
 166               	.LM18:
 167 0084 8091 0000 		lds r24,ihex_byte_count
 168 0088 8823      		tst r24
 169 008a 01F0      		breq .L10
 170 008c C0E0      		ldi r28,lo8(ihex_data)
 171 008e D0E0      		ldi r29,hi8(ihex_data)
 172               	.LVL7:
 173 0090 00C0      		rjmp .L11
 174               	.L12:
 175               	.LM19:
 176 0092 6091 0000 		lds r22,ihex_address
 177 0096 7091 0000 		lds r23,(ihex_address)+1
 178 009a 8091 0000 		lds r24,(ihex_address)+2
 179 009e 9091 0000 		lds r25,(ihex_address)+3
 180 00a2 6F5F      		subi r22,lo8(-(1))
 181 00a4 7F4F      		sbci r23,hi8(-(1))
 182 00a6 8F4F      		sbci r24,hlo8(-(1))
 183 00a8 9F4F      		sbci r25,hhi8(-(1))
 184 00aa 6093 0000 		sts ihex_address,r22
 185 00ae 7093 0000 		sts (ihex_address)+1,r23
 186 00b2 8093 0000 		sts (ihex_address)+2,r24
 187 00b6 9093 0000 		sts (ihex_address)+3,r25
 188 00ba 6150      		subi r22,lo8(-(-1))
 189 00bc 7040      		sbci r23,hi8(-(-1))
 190 00be 8040      		sbci r24,hlo8(-(-1))
 191 00c0 9040      		sbci r25,hhi8(-(-1))
 192 00c2 4991      		ld r20,Y+
 193 00c4 0E94 0000 		call flash_byte
 194               	.L11:
 195               	.LM20:
 196 00c8 8091 0000 		lds r24,ihex_byte_count
 197 00cc 8150      		subi r24,lo8(-(-1))
 198 00ce 8093 0000 		sts ihex_byte_count,r24
 199 00d2 8F5F      		subi r24,lo8(-(1))
 200 00d4 01F4      		brne .L12
 201               	.LM21:
 202 00d6 1092 0000 		sts ihex_byte_count,__zero_reg__
 203               	.LVL8:
 204               	.L10:
 205               	.LM22:
 206 00da 8091 0000 		lds r24,ihex_status
 207 00de 8130      		cpi r24,lo8(1)
 208 00e0 01F0      		breq .+2
 209 00e2 00C0      		rjmp .L13
 210               	.LM23:
 211 00e4 0E94 0000 		call flash_finish
 212               	.LM24:
 213 00e8 8091 0000 		lds r24,writer_failed
 214 00ec 8823      		tst r24
 215 00ee 01F0      		breq .+2
 216 00f0 00C0      		rjmp .L13
 217               	.LM25:
 218 00f2 80E0      		ldi r24,lo8(.LC5)
 219 00f4 90E0      		ldi r25,hi8(.LC5)
 220 00f6 0E94 0000 		call uart_write_string
 221 00fa 11E0      		ldi r17,lo8(1)
 222 00fc 00C0      		rjmp .L14
 223               	.LVL9:
 224               	.L9:
 225               	.LM26:
 226 00fe 2197      		sbiw r28,1
 227               	.LBB31:
 228               	.LBB32:
 229               	.LBB33:
 230               	.LBB34:
 231               	.LM27:
 232 0100 C701      		movw r24,r14
 233               	.LVL10:
 234               	/* #APP */
 235               	 ;  105 "e:/winavr-20100110/lib/gcc/../../avr/include/util/delay_basic.h" 1
 236 0102 0197      		1: sbiw r24,1
 237 0104 01F4      		brne 1b
 238               	 ;  0 "" 2
 239               	/* #NOAPP */
 240               	.LBE34:
 241               	.LBE33:
 242               	.LBE32:
 243               	.LBE31:
 244               	.LM28:
 245 0106 2097      		sbiw r28,0
 246 0108 01F0      		breq .L15
 247 010a 90E0      		ldi r25,lo8(0)
 248 010c 00C0      		rjmp .L34
 249               	.L15:
 250               	.LM29:
 251 010e 80E0      		ldi r24,lo8(.LC6)
 252 0110 90E0      		ldi r25,hi8(.LC6)
 253               	.LVL11:
 254 0112 0E94 0000 		call uart_write_string
 255               	.LVL12:
 256 0116 91E0      		ldi r25,lo8(1)
 257               	.LVL13:
 258               	.L34:
 259 0118 10E0      		ldi r17,lo8(0)
 260               	.L16:
 261               	.LM30:
 262 011a 8091 0000 		lds r24,ihex_status
 263               	.LVL14:
 264 011e 8230      		cpi r24,lo8(2)
 265 0120 01F4      		brne .L17
 266               	.LM31:
 267 0122 80E0      		ldi r24,lo8(.LC7)
 268 0124 90E0      		ldi r25,hi8(.LC7)
 269 0126 0E94 0000 		call uart_write_string
 270               	.LVL15:
 271 012a 00C0      		rjmp .L18
 272               	.LVL16:
 273               	.L17:
 274               	.LM32:
 275 012c 9923      		tst r25
 276 012e 01F0      		breq .+2
 277 0130 00C0      		rjmp .L18
 278 0132 1123      		tst r17
 279 0134 01F4      		brne .+2
 280 0136 00C0      		rjmp .L19
 281 0138 00C0      		rjmp .L20
 282               	.LVL17:
 283               	.L7:
 284               	.LM33:
 285 013a 2150      		subi r18,lo8(-(-1))
 286 013c 3040      		sbci r19,hi8(-(-1))
 287               	.LBB35:
 288               	.LBB30:
 289               	.LBB29:
 290               	.LBB28:
 291               	.LM34:
 292 013e C701      		movw r24,r14
 293               	.LVL18:
 294               	/* #APP */
 295               	 ;  105 "e:/winavr-20100110/lib/gcc/../../avr/include/util/delay_basic.h" 1
 296 0140 0197      		1: sbiw r24,1
 297 0142 01F4      		brne 1b
 298               	 ;  0 "" 2
 299               	/* #NOAPP */
 300               	.LBE28:
 301               	.LBE29:
 302               	.LBE30:
 303               	.LBE35:
 304               	.LM35:
 305 0144 2115      		cp r18,__zero_reg__
 306 0146 3105      		cpc r19,__zero_reg__
 307 0148 01F0      		breq .+2
 308 014a 00C0      		rjmp .L31
 309               	.LM36:
 310 014c 80E0      		ldi r24,lo8(.LC8)
 311 014e 90E0      		ldi r25,hi8(.LC8)
 312               	.LVL19:
 313 0150 0E94 0000 		call uart_write_string
 314               	.LVL20:
 315               	.L20:
 316               	.LM37:
 317 0154 80E0      		ldi r24,lo8(.LC9)
 318 0156 90E0      		ldi r25,hi8(.LC9)
 319 0158 0E94 0000 		call uart_write_string
 320               	.LVL21:
 321 015c 88E8      		ldi r24,lo8(5000)
 322 015e 93E1      		ldi r25,hi8(5000)
 323               	.LVL22:
 324               	.LBB36:
 325               	.LBB37:
 326               	.LBB38:
 327               	.LBB39:
 328               	.LM38:
 329 0160 20E9      		ldi r18,lo8(400)
 330 0162 31E0      		ldi r19,hi8(400)
 331               	.L22:
 332 0164 F901      		movw r30,r18
 333               	.LVL23:
 334               	/* #APP */
 335               	 ;  105 "e:/winavr-20100110/lib/gcc/../../avr/include/util/delay_basic.h" 1
 336 0166 3197      		1: sbiw r30,1
 337 0168 01F4      		brne 1b
 338               	 ;  0 "" 2
 339               	/* #NOAPP */
 340               	.LBE39:
 341               	.LBE38:
 342               	.LM39:
 343 016a 0197      		sbiw r24,1
 344               	.LM40:
 345 016c 01F4      		brne .L22
 346               	.LBE37:
 347               	.LBE36:
 348               	.LM41:
 349               	/* #APP */
 350               	 ;  137 "main.c" 1
 351 016e F894      		cli
 352               	 ;  0 "" 2
 353               	.LM42:
 354               	/* #NOAPP */
 355 0170 81E0      		ldi r24,lo8(1)
 356               	.LVL24:
 357 0172 85BF      		out 85-32,r24
 358               	.LM43:
 359 0174 15BE      		out 85-32,__zero_reg__
 360               	.LM44:
 361 0176 28E0      		ldi r18,lo8(8)
 362 0178 88E1      		ldi r24,lo8(24)
 363 017a 90E0      		ldi r25,hi8(24)
 364               	/* #APP */
 365               	 ;  140 "main.c" 1
 366 017c 0FB6      		in __tmp_reg__,__SREG__
 367 017e F894      		cli
 368 0180 A895      		wdr
 369 0182 8093 6000 		sts 96,r24
 370 0186 0FBE      		out __SREG__,__tmp_reg__
 371 0188 2093 6000 		sts 96,r18
 372               		
 373               	 ;  0 "" 2
 374               	/* #NOAPP */
 375               	.L23:
 376 018c 00C0      		rjmp .L23
 377               	.LVL25:
 378               	.L4:
 379               	.LM45:
 380 018e E091 0000 		lds r30,mainapp
 381 0192 F091 0000 		lds r31,(mainapp)+1
 382 0196 0995      		icall
 383               	.LM46:
 384 0198 80E0      		ldi r24,lo8(0)
 385 019a 90E0      		ldi r25,hi8(0)
 386               	/* epilogue start */
 387 019c DF91      		pop r29
 388 019e CF91      		pop r28
 389 01a0 1F91      		pop r17
 390 01a2 FF90      		pop r15
 391 01a4 EF90      		pop r14
 392 01a6 0895      		ret
 393               	.LVL26:
 394               	.L13:
 395               	.LM47:
 396 01a8 10E0      		ldi r17,lo8(0)
 397               	.L14:
 398 01aa 90E0      		ldi r25,lo8(0)
 399               	.LVL27:
 400 01ac C0E7      		ldi r28,lo8(6000)
 401 01ae D7E1      		ldi r29,hi8(6000)
 402               	.LVL28:
 403 01b0 00C0      		rjmp .L16
 404               	.L18:
 405               	.LM48:
 406 01b2 1123      		tst r17
 407 01b4 01F4      		brne .+2
 408 01b6 00C0      		rjmp .L24
 409 01b8 00C0      		rjmp .L20
 410               	.LFE15:
 412               	.global	mainapp
 413               	.global	mainapp
 414               		.section .bss
 417               	mainapp:
 418 0000 0000      		.skip 2,0
 451               	.Letext0:
DEFINED SYMBOLS
                            *ABS*:00000000 main.c
E:\DOCUME~1\Michael\LOCALS~1\Temp/ccoJDIR3.s:2      *ABS*:0000003f __SREG__
E:\DOCUME~1\Michael\LOCALS~1\Temp/ccoJDIR3.s:3      *ABS*:0000003e __SP_H__
E:\DOCUME~1\Michael\LOCALS~1\Temp/ccoJDIR3.s:4      *ABS*:0000003d __SP_L__
E:\DOCUME~1\Michael\LOCALS~1\Temp/ccoJDIR3.s:5      *ABS*:00000034 __CCP__
E:\DOCUME~1\Michael\LOCALS~1\Temp/ccoJDIR3.s:6      *ABS*:00000000 __tmp_reg__
E:\DOCUME~1\Michael\LOCALS~1\Temp/ccoJDIR3.s:7      *ABS*:00000001 __zero_reg__
E:\DOCUME~1\Michael\LOCALS~1\Temp/ccoJDIR3.s:19     .init3:00000000 get_mcusr
E:\DOCUME~1\Michael\LOCALS~1\Temp/ccoJDIR3.s:66     .text:00000000 main
E:\DOCUME~1\Michael\LOCALS~1\Temp/ccoJDIR3.s:417    .bss:00000000 mainapp

UNDEFINED SYMBOLS
uart_init
uart_write_string
uart_fifo_rx
fifo_read_char
ihex_init
ihex_char
ihex_byte_count
ihex_data
ihex_address
flash_byte
ihex_status
flash_finish
writer_failed
__do_copy_data
__do_clear_bss
