C51 COMPILER V8.02   MAIN                                                                  01/02/2008 12:13:58 PAGE 1   


C51 COMPILER V8.02, COMPILATION OF MODULE MAIN
OBJECT MODULE PLACED IN main.OBJ
COMPILER INVOKED BY: C:\Keil\C51\BIN\C51.EXE main.c BROWSE DEBUG OBJECTEXTEND

line level    source

   1          #include <REG51.h>
   2          
   3          char Counter=0;
   4          char NumbersCode[10]={0x3f,0x06,0x5b,0x4f,0x66,0x6d,0x7d,0x27,0x7f,0x6f};
   5          
   6          void timer0 (void) interrupt 1 using 1  
   7                  {
   8   1              Counter++;
   9   1              if(Counter>9)
  10   1                      Counter=0;
  11   1              P2 = ~NumbersCode[Counter];
  12   1              }
  13          
  14          
  15          main()
  16                  {
  17   1              TMOD=1;
  18   1          ET0=1;
  19   1              TR0=1;
  20   1              EA=1;
  21   1              P2 = ~NumbersCode[Counter];
  22   1              while(1);
  23   1              }


MODULE INFORMATION:   STATIC OVERLAYABLE
   CODE SIZE        =     55    ----
   CONSTANT SIZE    =   ----    ----
   XDATA SIZE       =   ----    ----
   PDATA SIZE       =   ----    ----
   DATA SIZE        =     11    ----
   IDATA SIZE       =   ----    ----
   BIT SIZE         =   ----    ----
END OF MODULE INFORMATION.


C51 COMPILATION COMPLETE.  0 WARNING(S),  0 ERROR(S)
