   1               		.file	"Ack_Play_State.c"
   2               		.arch attiny26
   3               	__SREG__ = 0x3f
   4               	__SP_H__ = 0x3e
   5               	__SP_L__ = 0x3d
   6               	__tmp_reg__ = 0
   7               	__zero_reg__ = 1
   8               		.global __do_copy_data
   9               		.global __do_clear_bss
  17               	.Ltext0:
  18               	.global	Ack_Play_State
  20               	Ack_Play_State:
  21               	.LFB2:
  22               	.LM1:
  23               	/* prologue: frame size=0 */
  24               	/* prologue end (size=0) */
  25               	.LM2:
  26 0000 99E0      		ldi r25,lo8(9)
  27 0002 9093 0000 		sts Trame_Locale,r25
  28               	.LM3:
  29 0006 9093 0000 		sts Trame_Locale+1,r25
  30               	.LM4:
  31 000a 8093 0000 		sts Trame_Locale+2,r24
  32               	.LM5:
  33 000e 1092 0000 		sts Trame_Locale+3,__zero_reg__
  34               	.LM6:
  35 0012 81E0      		ldi r24,lo8(1)
  36 0014 8093 0000 		sts Trame_Locale+4,r24
  37               	.LM7:
  38 0018 1092 0000 		sts Trame_Locale+5,__zero_reg__
  39               	.LM8:
  40 001c 8093 0000 		sts Trame_Locale+6,r24
  41               	.LM9:
  42 0020 1092 0000 		sts Trame_Locale+7,__zero_reg__
  43               	.LM10:
  44 0024 1092 0000 		sts Trame_Locale+8,__zero_reg__
  45               	.LM11:
  46 0028 1092 0000 		sts Trame_Locale+9,__zero_reg__
  47               	.LM12:
  48 002c 8093 0000 		sts Trame_Locale+10,r24
  49               	.LM13:
  50 0030 6093 0000 		sts Trame_Locale+11,r22
  51               	.LM14:
  52 0034 4093 0000 		sts Trame_Locale+12,r20
  53               	.LM15:
  54 0038 1092 0000 		sts Trame_Locale+13,__zero_reg__
  55               	.LM16:
  56 003c 2093 0000 		sts Trame_Locale+14,r18
  57               	.LM17:
  58 0040 6FE0      		ldi r22,lo8(15)
  59 0042 70E0      		ldi r23,hi8(15)
  60 0044 80E0      		ldi r24,lo8(Trame_Locale)
  61 0046 90E0      		ldi r25,hi8(Trame_Locale)
  62 0048 00D0      		rcall send_frame
  63               	/* epilogue: frame size=0 */
  64 004a 0895      		ret
  65               	/* epilogue end (size=1) */
  66               	/* function Ack_Play_State size 38 (37) */
  67               	.LFE2:
  69               		.comm received,1,1
  70               		.comm bus_byte,1,1
  71               		.comm n_bit,1,1
  72               		.comm n_byte,1,1
  73               		.comm bus_busy,1,1
  74               		.comm s_flag,1,1
  75               		.comm Actual_Play_State,1,1
  76               		.comm Last_Play_State,1,1
  77               		.comm Actual_Repeat_Mode,1,1
  78               		.comm Actual_Prog_Mode,1,1
  79               	.Letext0:
DEFINED SYMBOLS
                            *ABS*:00000000 Ack_Play_State.c
C:\DOCUME~1\Lefevre\LOCALS~1\Temp/ccOKaaaa.s:3      *ABS*:0000003f __SREG__
C:\DOCUME~1\Lefevre\LOCALS~1\Temp/ccOKaaaa.s:4      *ABS*:0000003e __SP_H__
C:\DOCUME~1\Lefevre\LOCALS~1\Temp/ccOKaaaa.s:5      *ABS*:0000003d __SP_L__
C:\DOCUME~1\Lefevre\LOCALS~1\Temp/ccOKaaaa.s:6      *ABS*:00000000 __tmp_reg__
C:\DOCUME~1\Lefevre\LOCALS~1\Temp/ccOKaaaa.s:7      *ABS*:00000001 __zero_reg__
C:\DOCUME~1\Lefevre\LOCALS~1\Temp/ccOKaaaa.s:20     .text:00000000 Ack_Play_State
                            *COM*:00000001 received
                            *COM*:00000001 bus_byte
                            *COM*:00000001 n_bit
                            *COM*:00000001 n_byte
                            *COM*:00000001 bus_busy
                            *COM*:00000001 s_flag
                            *COM*:00000001 Actual_Play_State
                            *COM*:00000001 Last_Play_State
                            *COM*:00000001 Actual_Repeat_Mode
                            *COM*:00000001 Actual_Prog_Mode

UNDEFINED SYMBOLS
__do_copy_data
__do_clear_bss
Trame_Locale
send_frame
