   1               		.file	"Ack_Power_Up.c"
   2               		.arch attiny26
   3               	__SREG__ = 0x3f
   4               	__SP_H__ = 0x3e
   5               	__SP_L__ = 0x3d
   6               	__tmp_reg__ = 0
   7               	__zero_reg__ = 1
   8               		.global __do_copy_data
   9               		.global __do_clear_bss
  17               	.Ltext0:
  18               	.global	Ack_Power_Up
  20               	Ack_Power_Up:
  21               	.LFB2:
  22               	.LM1:
  23               	/* prologue: frame size=0 */
  24 0000 EF92      		push r14
  25 0002 FF92      		push r15
  26 0004 0F93      		push r16
  27 0006 1F93      		push r17
  28               	/* prologue end (size=4) */
  29               	.LM2:
  30 0008 00D0      		rcall Ack_Disk_Info
  31               	.LM3:
  32 000a 84E6      		ldi r24,lo8(100)
  33 000c 90E0      		ldi r25,hi8(100)
  34 000e 00D0      		rcall loop_ms
  35               	.LM4:
  36 0010 00E0      		ldi r16,lo8(Trame_Locale)
  37 0012 10E0      		ldi r17,hi8(Trame_Locale)
  38 0014 99E0      		ldi r25,lo8(9)
  39 0016 E92E      		mov r14,r25
  40 0018 E092 0000 		sts Trame_Locale,r14
  41               	.LM5:
  42 001c 8AE0      		ldi r24,lo8(10)
  43 001e F82E      		mov r15,r24
  44 0020 F092 0000 		sts Trame_Locale+1,r15
  45               	.LM6:
  46 0024 1092 0000 		sts Trame_Locale+2,__zero_reg__
  47               	.LM7:
  48 0028 1092 0000 		sts Trame_Locale+3,__zero_reg__
  49               	.LM8:
  50 002c 1092 0000 		sts Trame_Locale+4,__zero_reg__
  51               	.LM9:
  52 0030 1092 0000 		sts Trame_Locale+5,__zero_reg__
  53               	.LM10:
  54 0034 1092 0000 		sts Trame_Locale+6,__zero_reg__
  55               	.LM11:
  56 0038 1092 0000 		sts Trame_Locale+7,__zero_reg__
  57               	.LM12:
  58 003c 1092 0000 		sts Trame_Locale+8,__zero_reg__
  59               	.LM13:
  60 0040 1092 0000 		sts Trame_Locale+9,__zero_reg__
  61               	.LM14:
  62 0044 1092 0000 		sts Trame_Locale+10,__zero_reg__
  63               	.LM15:
  64 0048 1092 0000 		sts Trame_Locale+11,__zero_reg__
  65               	.LM16:
  66 004c 6CE0      		ldi r22,lo8(12)
  67 004e 70E0      		ldi r23,hi8(12)
  68 0050 912F      		mov r25,r17
  69 0052 802F      		mov r24,r16
  70 0054 00D0      		rcall send_frame
  71               	.LM17:
  72 0056 84E6      		ldi r24,lo8(100)
  73 0058 90E0      		ldi r25,hi8(100)
  74 005a 00D0      		rcall loop_ms
  75               	.LM18:
  76 005c E092 0000 		sts Trame_Locale,r14
  77               	.LM19:
  78 0060 F092 0000 		sts Trame_Locale+1,r15
  79               	.LM20:
  80 0064 1092 0000 		sts Trame_Locale+2,__zero_reg__
  81               	.LM21:
  82 0068 1092 0000 		sts Trame_Locale+3,__zero_reg__
  83               	.LM22:
  84 006c 1092 0000 		sts Trame_Locale+4,__zero_reg__
  85               	.LM23:
  86 0070 8DE0      		ldi r24,lo8(13)
  87 0072 8093 0000 		sts Trame_Locale+5,r24
  88               	.LM24:
  89 0076 85E0      		ldi r24,lo8(5)
  90 0078 8093 0000 		sts Trame_Locale+6,r24
  91               	.LM25:
  92 007c 8093 0000 		sts Trame_Locale+7,r24
  93               	.LM26:
  94 0080 8093 0000 		sts Trame_Locale+8,r24
  95               	.LM27:
  96 0084 8093 0000 		sts Trame_Locale+9,r24
  97               	.LM28:
  98 0088 6AE0      		ldi r22,lo8(10)
  99 008a 70E0      		ldi r23,hi8(10)
 100 008c 912F      		mov r25,r17
 101 008e 802F      		mov r24,r16
 102 0090 00D0      		rcall send_frame
 103               	.LM29:
 104 0092 84E6      		ldi r24,lo8(100)
 105 0094 90E0      		ldi r25,hi8(100)
 106 0096 00D0      		rcall loop_ms
 107               	.LM30:
 108 0098 00D0      		rcall Ack_Change_Disk
 109               	/* epilogue: frame size=0 */
 110 009a 1F91      		pop r17
 111 009c 0F91      		pop r16
 112 009e FF90      		pop r15
 113 00a0 EF90      		pop r14
 114 00a2 0895      		ret
 115               	/* epilogue end (size=5) */
 116               	/* function Ack_Power_Up size 82 (73) */
 117               	.LFE2:
 119               		.comm received,1,1
 120               		.comm bus_byte,1,1
 121               		.comm n_bit,1,1
 122               		.comm n_byte,1,1
 123               		.comm bus_busy,1,1
 124               		.comm s_flag,1,1
 125               		.comm Actual_Play_State,1,1
 126               		.comm Last_Play_State,1,1
 127               		.comm Actual_Repeat_Mode,1,1
 128               		.comm Actual_Prog_Mode,1,1
 129               	.Letext0:
DEFINED SYMBOLS
                            *ABS*:00000000 Ack_Power_Up.c
C:\DOCUME~1\Lefevre\LOCALS~1\Temp/ccA9aaaa.s:3      *ABS*:0000003f __SREG__
C:\DOCUME~1\Lefevre\LOCALS~1\Temp/ccA9aaaa.s:4      *ABS*:0000003e __SP_H__
C:\DOCUME~1\Lefevre\LOCALS~1\Temp/ccA9aaaa.s:5      *ABS*:0000003d __SP_L__
C:\DOCUME~1\Lefevre\LOCALS~1\Temp/ccA9aaaa.s:6      *ABS*:00000000 __tmp_reg__
C:\DOCUME~1\Lefevre\LOCALS~1\Temp/ccA9aaaa.s:7      *ABS*:00000001 __zero_reg__
C:\DOCUME~1\Lefevre\LOCALS~1\Temp/ccA9aaaa.s:20     .text:00000000 Ack_Power_Up
                            *COM*:00000001 received
                            *COM*:00000001 bus_byte
                            *COM*:00000001 n_bit
                            *COM*:00000001 n_byte
                            *COM*:00000001 bus_busy
                            *COM*:00000001 s_flag
                            *COM*:00000001 Actual_Play_State
                            *COM*:00000001 Last_Play_State
                            *COM*:00000001 Actual_Repeat_Mode
                            *COM*:00000001 Actual_Prog_Mode

UNDEFINED SYMBOLS
__do_copy_data
__do_clear_bss
Ack_Disk_Info
loop_ms
Trame_Locale
send_frame
Ack_Change_Disk
