   1               		.file	"Ack_Change_Disk.c"
   2               		.arch attiny26
   3               	__SREG__ = 0x3f
   4               	__SP_H__ = 0x3e
   5               	__SP_L__ = 0x3d
   6               	__tmp_reg__ = 0
   7               	__zero_reg__ = 1
   8               		.global __do_copy_data
   9               		.global __do_clear_bss
  17               	.Ltext0:
  18               	.global	Ack_Change_Disk
  20               	Ack_Change_Disk:
  21               	.LFB2:
  22               	.LM1:
  23               	/* prologue: frame size=0 */
  24               	/* prologue end (size=0) */
  25               	.LM2:
  26 0000 89E0      		ldi r24,lo8(9)
  27 0002 8093 0000 		sts Trame_Locale,r24
  28               	.LM3:
  29 0006 9BE0      		ldi r25,lo8(11)
  30 0008 9093 0000 		sts Trame_Locale+1,r25
  31               	.LM4:
  32 000c 8093 0000 		sts Trame_Locale+2,r24
  33               	.LM5:
  34 0010 81E0      		ldi r24,lo8(1)
  35 0012 8093 0000 		sts Trame_Locale+3,r24
  36               	.LM6:
  37 0016 1092 0000 		sts Trame_Locale+4,__zero_reg__
  38               	.LM7:
  39 001a 8093 0000 		sts Trame_Locale+5,r24
  40               	.LM8:
  41 001e 1092 0000 		sts Trame_Locale+6,__zero_reg__
  42               	.LM9:
  43 0022 1092 0000 		sts Trame_Locale+7,__zero_reg__
  44               	.LM10:
  45 0026 1092 0000 		sts Trame_Locale+8,__zero_reg__
  46               	.LM11:
  47 002a 1092 0000 		sts Trame_Locale+9,__zero_reg__
  48               	.LM12:
  49 002e 8093 0000 		sts Trame_Locale+10,r24
  50               	.LM13:
  51 0032 6BE0      		ldi r22,lo8(11)
  52 0034 70E0      		ldi r23,hi8(11)
  53 0036 80E0      		ldi r24,lo8(Trame_Locale)
  54 0038 90E0      		ldi r25,hi8(Trame_Locale)
  55 003a 00D0      		rcall send_frame
  56               	/* epilogue: frame size=0 */
  57 003c 0895      		ret
  58               	/* epilogue end (size=1) */
  59               	/* function Ack_Change_Disk size 31 (30) */
  60               	.LFE2:
  62               		.comm received,1,1
  63               		.comm bus_byte,1,1
  64               		.comm n_bit,1,1
  65               		.comm n_byte,1,1
  66               		.comm bus_busy,1,1
  67               		.comm s_flag,1,1
  68               		.comm Actual_Play_State,1,1
  69               		.comm Last_Play_State,1,1
  70               		.comm Actual_Repeat_Mode,1,1
  71               		.comm Actual_Prog_Mode,1,1
  72               	.Letext0:
DEFINED SYMBOLS
                            *ABS*:00000000 Ack_Change_Disk.c
C:\DOCUME~1\Lefevre\LOCALS~1\Temp/ccqIaaaa.s:3      *ABS*:0000003f __SREG__
C:\DOCUME~1\Lefevre\LOCALS~1\Temp/ccqIaaaa.s:4      *ABS*:0000003e __SP_H__
C:\DOCUME~1\Lefevre\LOCALS~1\Temp/ccqIaaaa.s:5      *ABS*:0000003d __SP_L__
C:\DOCUME~1\Lefevre\LOCALS~1\Temp/ccqIaaaa.s:6      *ABS*:00000000 __tmp_reg__
C:\DOCUME~1\Lefevre\LOCALS~1\Temp/ccqIaaaa.s:7      *ABS*:00000001 __zero_reg__
C:\DOCUME~1\Lefevre\LOCALS~1\Temp/ccqIaaaa.s:20     .text:00000000 Ack_Change_Disk
                            *COM*:00000001 received
                            *COM*:00000001 bus_byte
                            *COM*:00000001 n_bit
                            *COM*:00000001 n_byte
                            *COM*:00000001 bus_busy
                            *COM*:00000001 s_flag
                            *COM*:00000001 Actual_Play_State
                            *COM*:00000001 Last_Play_State
                            *COM*:00000001 Actual_Repeat_Mode
                            *COM*:00000001 Actual_Prog_Mode

UNDEFINED SYMBOLS
__do_copy_data
__do_clear_bss
Trame_Locale
send_frame
