   1               		.file	"Ack_Disk_Info.c"
   2               		.arch attiny26
   3               	__SREG__ = 0x3f
   4               	__SP_H__ = 0x3e
   5               	__SP_L__ = 0x3d
   6               	__tmp_reg__ = 0
   7               	__zero_reg__ = 1
   8               		.global __do_copy_data
   9               		.global __do_clear_bss
  17               	.Ltext0:
  18               	.global	Ack_Disk_Info
  20               	Ack_Disk_Info:
  21               	.LFB2:
  22               	.LM1:
  23               	/* prologue: frame size=0 */
  24               	/* prologue end (size=0) */
  25               	.LM2:
  26 0000 99E0      		ldi r25,lo8(9)
  27 0002 9093 0000 		sts Trame_Locale,r25
  28               	.LM3:
  29 0006 8CE0      		ldi r24,lo8(12)
  30 0008 8093 0000 		sts Trame_Locale+1,r24
  31               	.LM4:
  32 000c 81E0      		ldi r24,lo8(1)
  33 000e 8093 0000 		sts Trame_Locale+2,r24
  34               	.LM5:
  35 0012 1092 0000 		sts Trame_Locale+3,__zero_reg__
  36               	.LM6:
  37 0016 8093 0000 		sts Trame_Locale+4,r24
  38               	.LM7:
  39 001a 9093 0000 		sts Trame_Locale+5,r25
  40               	.LM8:
  41 001e 9093 0000 		sts Trame_Locale+6,r25
  42               	.LM9:
  43 0022 85E0      		ldi r24,lo8(5)
  44 0024 8093 0000 		sts Trame_Locale+7,r24
  45               	.LM10:
  46 0028 8093 0000 		sts Trame_Locale+8,r24
  47               	.LM11:
  48 002c 8093 0000 		sts Trame_Locale+9,r24
  49               	.LM12:
  50 0030 8093 0000 		sts Trame_Locale+10,r24
  51               	.LM13:
  52 0034 1092 0000 		sts Trame_Locale+11,__zero_reg__
  53               	.LM14:
  54 0038 6CE0      		ldi r22,lo8(12)
  55 003a 70E0      		ldi r23,hi8(12)
  56 003c 80E0      		ldi r24,lo8(Trame_Locale)
  57 003e 90E0      		ldi r25,hi8(Trame_Locale)
  58 0040 00D0      		rcall send_frame
  59               	/* epilogue: frame size=0 */
  60 0042 0895      		ret
  61               	/* epilogue end (size=1) */
  62               	/* function Ack_Disk_Info size 34 (33) */
  63               	.LFE2:
  65               		.comm received,1,1
  66               		.comm bus_byte,1,1
  67               		.comm n_bit,1,1
  68               		.comm n_byte,1,1
  69               		.comm bus_busy,1,1
  70               		.comm s_flag,1,1
  71               		.comm Actual_Play_State,1,1
  72               		.comm Last_Play_State,1,1
  73               		.comm Actual_Repeat_Mode,1,1
  74               		.comm Actual_Prog_Mode,1,1
  75               	.Letext0:
DEFINED SYMBOLS
                            *ABS*:00000000 Ack_Disk_Info.c
C:\DOCUME~1\Lefevre\LOCALS~1\Temp/ccuEaaaa.s:3      *ABS*:0000003f __SREG__
C:\DOCUME~1\Lefevre\LOCALS~1\Temp/ccuEaaaa.s:4      *ABS*:0000003e __SP_H__
C:\DOCUME~1\Lefevre\LOCALS~1\Temp/ccuEaaaa.s:5      *ABS*:0000003d __SP_L__
C:\DOCUME~1\Lefevre\LOCALS~1\Temp/ccuEaaaa.s:6      *ABS*:00000000 __tmp_reg__
C:\DOCUME~1\Lefevre\LOCALS~1\Temp/ccuEaaaa.s:7      *ABS*:00000001 __zero_reg__
C:\DOCUME~1\Lefevre\LOCALS~1\Temp/ccuEaaaa.s:20     .text:00000000 Ack_Disk_Info
                            *COM*:00000001 received
                            *COM*:00000001 bus_byte
                            *COM*:00000001 n_bit
                            *COM*:00000001 n_byte
                            *COM*:00000001 bus_busy
                            *COM*:00000001 s_flag
                            *COM*:00000001 Actual_Play_State
                            *COM*:00000001 Last_Play_State
                            *COM*:00000001 Actual_Repeat_Mode
                            *COM*:00000001 Actual_Prog_Mode

UNDEFINED SYMBOLS
__do_copy_data
__do_clear_bss
Trame_Locale
send_frame
