   1               		.file	"Ack_Wait.c"
   2               		.arch attiny26
   3               	__SREG__ = 0x3f
   4               	__SP_H__ = 0x3e
   5               	__SP_L__ = 0x3d
   6               	__tmp_reg__ = 0
   7               	__zero_reg__ = 1
   8               		.global __do_copy_data
   9               		.global __do_clear_bss
  17               	.Ltext0:
  18               	.global	Ack_Wait
  20               	Ack_Wait:
  21               	.LFB2:
  22               	.LM1:
  23               	/* prologue: frame size=0 */
  24               	/* prologue end (size=0) */
  25               	.LM2:
  26 0000 89E0      		ldi r24,lo8(9)
  27 0002 8093 0000 		sts Trame_Locale,r24
  28               	.LM3:
  29 0006 8FE0      		ldi r24,lo8(15)
  30 0008 8093 0000 		sts Trame_Locale+1,r24
  31               	.LM4:
  32 000c 1092 0000 		sts Trame_Locale+2,__zero_reg__
  33               	.LM5:
  34 0010 1092 0000 		sts Trame_Locale+3,__zero_reg__
  35               	.LM6:
  36 0014 1092 0000 		sts Trame_Locale+4,__zero_reg__
  37               	.LM7:
  38 0018 1092 0000 		sts Trame_Locale+5,__zero_reg__
  39               	.LM8:
  40 001c 1092 0000 		sts Trame_Locale+6,__zero_reg__
  41               	.LM9:
  42 0020 67E0      		ldi r22,lo8(7)
  43 0022 70E0      		ldi r23,hi8(7)
  44 0024 80E0      		ldi r24,lo8(Trame_Locale)
  45 0026 90E0      		ldi r25,hi8(Trame_Locale)
  46 0028 00D0      		rcall send_frame
  47               	/* epilogue: frame size=0 */
  48 002a 0895      		ret
  49               	/* epilogue end (size=1) */
  50               	/* function Ack_Wait size 22 (21) */
  51               	.LFE2:
  53               		.comm received,1,1
  54               		.comm bus_byte,1,1
  55               		.comm n_bit,1,1
  56               		.comm n_byte,1,1
  57               		.comm bus_busy,1,1
  58               		.comm s_flag,1,1
  59               		.comm Actual_Play_State,1,1
  60               		.comm Last_Play_State,1,1
  61               		.comm Actual_Repeat_Mode,1,1
  62               		.comm Actual_Prog_Mode,1,1
  63               	.Letext0:
DEFINED SYMBOLS
                            *ABS*:00000000 Ack_Wait.c
C:\DOCUME~1\Lefevre\LOCALS~1\Temp/ccayaaaa.s:3      *ABS*:0000003f __SREG__
C:\DOCUME~1\Lefevre\LOCALS~1\Temp/ccayaaaa.s:4      *ABS*:0000003e __SP_H__
C:\DOCUME~1\Lefevre\LOCALS~1\Temp/ccayaaaa.s:5      *ABS*:0000003d __SP_L__
C:\DOCUME~1\Lefevre\LOCALS~1\Temp/ccayaaaa.s:6      *ABS*:00000000 __tmp_reg__
C:\DOCUME~1\Lefevre\LOCALS~1\Temp/ccayaaaa.s:7      *ABS*:00000001 __zero_reg__
C:\DOCUME~1\Lefevre\LOCALS~1\Temp/ccayaaaa.s:20     .text:00000000 Ack_Wait
                            *COM*:00000001 received
                            *COM*:00000001 bus_byte
                            *COM*:00000001 n_bit
                            *COM*:00000001 n_byte
                            *COM*:00000001 bus_busy
                            *COM*:00000001 s_flag
                            *COM*:00000001 Actual_Play_State
                            *COM*:00000001 Last_Play_State
                            *COM*:00000001 Actual_Repeat_Mode
                            *COM*:00000001 Actual_Prog_Mode

UNDEFINED SYMBOLS
__do_copy_data
__do_clear_bss
Trame_Locale
send_frame
