   1               		.file	"Compute_CRC.c"
   2               		.arch attiny26
   3               	__SREG__ = 0x3f
   4               	__SP_H__ = 0x3e
   5               	__SP_L__ = 0x3d
   6               	__tmp_reg__ = 0
   7               	__zero_reg__ = 1
   8               		.global __do_copy_data
   9               		.global __do_clear_bss
  17               	.Ltext0:
  18               	.global	Compute_CRC
  20               	Compute_CRC:
  21               	.LFB2:
  22               	.LM1:
  23               	/* prologue: frame size=0 */
  24               	/* prologue end (size=0) */
  25               	.LM2:
  26 0000 20E0      		ldi r18,lo8(0)
  27               	.LM3:
  28 0002 322F      		mov r19,r18
  29 0004 2617      		cp r18,r22
  30 0006 38F4      		brsh .L8
  31 0008 F92F      		mov r31,r25
  32 000a E82F      		mov r30,r24
  33               	.L5:
  34               	.LM4:
  35 000c 8191      		ld r24,Z+
  36 000e 2827      		eor r18,r24
  37               	.LM5:
  38 0010 3F5F      		subi r19,lo8(-(1))
  39 0012 3617      		cp r19,r22
  40 0014 D8F3      		brlo .L5
  41               	.L8:
  42               	.LM6:
  43 0016 2F5F      		subi r18,lo8(-(1))
  44               	.LM7:
  45 0018 2031      		cpi r18,lo8(16)
  46 001a 08F0      		brlo .L6
  47 001c 20E0      		ldi r18,lo8(0)
  48               	.L6:
  49               	.LM8:
  50 001e 822F      		mov r24,r18
  51 0020 9927      		clr r25
  52               	/* epilogue: frame size=0 */
  53 0022 0895      		ret
  54               	/* epilogue end (size=1) */
  55               	/* function Compute_CRC size 18 (17) */
  56               	.LFE2:
  58               	.Letext0:
DEFINED SYMBOLS
                            *ABS*:00000000 Compute_CRC.c
C:\DOCUME~1\Lefevre\LOCALS~1\Temp/ccuwaaaa.s:3      *ABS*:0000003f __SREG__
C:\DOCUME~1\Lefevre\LOCALS~1\Temp/ccuwaaaa.s:4      *ABS*:0000003e __SP_H__
C:\DOCUME~1\Lefevre\LOCALS~1\Temp/ccuwaaaa.s:5      *ABS*:0000003d __SP_L__
C:\DOCUME~1\Lefevre\LOCALS~1\Temp/ccuwaaaa.s:6      *ABS*:00000000 __tmp_reg__
C:\DOCUME~1\Lefevre\LOCALS~1\Temp/ccuwaaaa.s:7      *ABS*:00000001 __zero_reg__
C:\DOCUME~1\Lefevre\LOCALS~1\Temp/ccuwaaaa.s:20     .text:00000000 Compute_CRC

UNDEFINED SYMBOLS
__do_copy_data
__do_clear_bss
