   1               		.file	"init.c"
   2               		.arch attiny26
   3               	__SREG__ = 0x3f
   4               	__SP_H__ = 0x3e
   5               	__SP_L__ = 0x3d
   6               	__tmp_reg__ = 0
   7               	__zero_reg__ = 1
   8               		.global __do_copy_data
   9               		.global __do_clear_bss
  17               	.Ltext0:
  18               	.global	init
  20               	init:
  21               	.LFB2:
  22               	.LM1:
  23               	/* prologue: frame size=0 */
  24               	/* prologue end (size=0) */
  25               	.LM2:
  26 0000 8FEF      		ldi r24,lo8(-1)
  27 0002 8ABB      		out 58-0x20,r24
  28               	.LM3:
  29 0004 8EEF      		ldi r24,lo8(-2)
  30 0006 8BBB      		out 59-0x20,r24
  31               	.LM4:
  32 0008 8EE0      		ldi r24,lo8(14)
  33 000a 87BB      		out 55-0x20,r24
  34               	.LM5:
  35 000c 82E4      		ldi r24,lo8(66)
  36 000e 88BB      		out 56-0x20,r24
  37               	.LM6:
  38 0010 89B7      		in r24,89-0x20
  39 0012 8260      		ori r24,lo8(2)
  40 0014 89BF      		out 89-0x20,r24
  41               	.LM7:
  42 0016 83E0      		ldi r24,lo8(3)
  43 0018 85BF      		out 85-0x20,r24
  44               	.LM8:
  45 001a 8BB7      		in r24,91-0x20
  46 001c 8064      		ori r24,lo8(64)
  47 001e 8BBF      		out 91-0x20,r24
  48               	.LM9:
  49               	/* #APP */
  50 0020 7894      		sei
  51               	/* #NOAPP */
  52               	/* epilogue: frame size=0 */
  53 0022 0895      		ret
  54               	/* epilogue end (size=1) */
  55               	/* function init size 19 (18) */
  56               	.LFE2:
  58               	.Letext0:
DEFINED SYMBOLS
                            *ABS*:00000000 init.c
C:\DOCUME~1\Lefevre\LOCALS~1\Temp/ccGKaaaa.s:3      *ABS*:0000003f __SREG__
C:\DOCUME~1\Lefevre\LOCALS~1\Temp/ccGKaaaa.s:4      *ABS*:0000003e __SP_H__
C:\DOCUME~1\Lefevre\LOCALS~1\Temp/ccGKaaaa.s:5      *ABS*:0000003d __SP_L__
C:\DOCUME~1\Lefevre\LOCALS~1\Temp/ccGKaaaa.s:6      *ABS*:00000000 __tmp_reg__
C:\DOCUME~1\Lefevre\LOCALS~1\Temp/ccGKaaaa.s:7      *ABS*:00000001 __zero_reg__
C:\DOCUME~1\Lefevre\LOCALS~1\Temp/ccGKaaaa.s:20     .text:00000000 init

UNDEFINED SYMBOLS
__do_copy_data
__do_clear_bss
