   1               		.file	"loop_ms.c"
   2               		.arch attiny26
   3               	__SREG__ = 0x3f
   4               	__SP_H__ = 0x3e
   5               	__SP_L__ = 0x3d
   6               	__tmp_reg__ = 0
   7               	__zero_reg__ = 1
   8               		.global __do_copy_data
   9               		.global __do_clear_bss
  17               	.Ltext0:
  18               	.global	loop_ms
  20               	loop_ms:
  21               	.LFB2:
  22               	.LM1:
  23               	/* prologue: frame size=0 */
  24 0000 0F93      		push r16
  25 0002 1F93      		push r17
  26 0004 CF93      		push r28
  27 0006 DF93      		push r29
  28               	/* prologue end (size=4) */
  29 0008 082F      		mov r16,r24
  30 000a 192F      		mov r17,r25
  31               	.LM2:
  32 000c C0E0      		ldi r28,lo8(0)
  33 000e D0E0      		ldi r29,hi8(0)
  34 0010 C817      		cp r28,r24
  35 0012 D907      		cpc r29,r25
  36 0014 3CF4      		brge .L7
  37               	.L5:
  38               	.LM3:
  39 0016 84E6      		ldi r24,lo8(100)
  40 0018 90E0      		ldi r25,hi8(100)
  41 001a 00D0      		rcall time_loop
  42               	.LM4:
  43 001c 2196      		adiw r28,1
  44 001e C017      		cp r28,r16
  45 0020 D107      		cpc r29,r17
  46 0022 CCF3      		brlt .L5
  47               	.L7:
  48               	/* epilogue: frame size=0 */
  49 0024 DF91      		pop r29
  50 0026 CF91      		pop r28
  51 0028 1F91      		pop r17
  52 002a 0F91      		pop r16
  53 002c 0895      		ret
  54               	/* epilogue end (size=5) */
  55               	/* function loop_ms size 23 (14) */
  56               	.LFE2:
  58               	.Letext0:
DEFINED SYMBOLS
                            *ABS*:00000000 loop_ms.c
C:\DOCUME~1\Lefevre\LOCALS~1\Temp/cciqaaaa.s:3      *ABS*:0000003f __SREG__
C:\DOCUME~1\Lefevre\LOCALS~1\Temp/cciqaaaa.s:4      *ABS*:0000003e __SP_H__
C:\DOCUME~1\Lefevre\LOCALS~1\Temp/cciqaaaa.s:5      *ABS*:0000003d __SP_L__
C:\DOCUME~1\Lefevre\LOCALS~1\Temp/cciqaaaa.s:6      *ABS*:00000000 __tmp_reg__
C:\DOCUME~1\Lefevre\LOCALS~1\Temp/cciqaaaa.s:7      *ABS*:00000001 __zero_reg__
C:\DOCUME~1\Lefevre\LOCALS~1\Temp/cciqaaaa.s:20     .text:00000000 loop_ms

UNDEFINED SYMBOLS
__do_copy_data
__do_clear_bss
time_loop
