   1               		.file	"M_BUS.c"
   2               		.arch attiny26
   3               	__SREG__ = 0x3f
   4               	__SP_H__ = 0x3e
   5               	__SP_L__ = 0x3d
   6               	__tmp_reg__ = 0
   7               	__zero_reg__ = 1
   8               		.global __do_copy_data
   9               		.global __do_clear_bss
  17               	.Ltext0:
  18               	.global	main
  20               	main:
  21               	.LFB2:
  22               	.LM1:
  23               	/* prologue: frame size=0 */
  24 0000 C0E0      		ldi r28,lo8(__stack - 0)
  25 0002 D0E0      		ldi r29,hi8(__stack - 0)
  26 0004 DEBF      		out __SP_H__,r29
  27 0006 CDBF      		out __SP_L__,r28
  28               	/* prologue end (size=4) */
  29               	.LM2:
  30 0008 C0E0      		ldi r28,lo8(0)
  31 000a D0E0      		ldi r29,hi8(0)
  32               	.LM3:
  33 000c 0C2F      		mov r16,r28
  34 000e 1D2F      		mov r17,r29
  35               	.LM4:
  36 0010 00D0      		rcall init
  37               	.L11:
  38               	.LM5:
  39 0012 8091 0000 		lds r24,received
  40 0016 8130      		cpi r24,lo8(1)
  41 0018 39F4      		brne .L4
  42               	.LM6:
  43 001a 8091 0000 		lds r24,R_BUS
  44 001e 8130      		cpi r24,lo8(1)
  45 0020 09F4      		brne .L5
  46               	.LM7:
  47 0022 00D0      		rcall Decode_Received
  48               	.L5:
  49               	.LM8:
  50 0024 1092 0000 		sts received,__zero_reg__
  51               	.L4:
  52               	.LM9:
  53 0028 8091 0000 		lds r24,Actual_Play_State
  54 002c 8130      		cpi r24,lo8(1)
  55 002e 81F4      		brne .L6
  56 0030 C931      		cpi r28,25
  57 0032 D105      		cpc r29,__zero_reg__
  58 0034 6CF0      		brlt .L6
  59               	.LM10:
  60 0036 2091 0000 		lds r18,Actual_Play_State
  61 003a 4091 0000 		lds r20,Actual_Prog_Mode
  62 003e 6091 0000 		lds r22,Actual_Repeat_Mode
  63 0042 8091 0000 		lds r24,Last_Play_State
  64 0046 00D0      		rcall Ack_Play_State
  65               	.LM11:
  66 0048 C0E0      		ldi r28,lo8(0)
  67 004a D0E0      		ldi r29,hi8(0)
  68               	.LM12:
  69 004c 0C2F      		mov r16,r28
  70 004e 1D2F      		mov r17,r29
  71               	.L6:
  72               	.LM13:
  73 0050 0F5F      		subi r16,lo8(-(1))
  74 0052 1F4F      		sbci r17,hi8(-(1))
  75               	.LM14:
  76 0054 8EE3      		ldi r24,hi8(16000)
  77 0056 0038      		cpi r16,lo8(16000)
  78 0058 1807      		cpc r17,r24
  79 005a DCF2      		brlt .L11
  80               	.LM15:
  81 005c 00E0      		ldi r16,lo8(0)
  82 005e 10E0      		ldi r17,hi8(0)
  83               	.LM16:
  84 0060 2196      		adiw r28,1
  85               	.LM17:
  86 0062 D7CF      		rjmp .L11
  87               	/* epilogue: frame size=0 */
  88               	/* epilogue: noreturn */
  89               	/* epilogue end (size=0) */
  90               	/* function main size 50 (46) */
  91               	.LFE2:
  93               		.comm received,1,1
  94               		.comm bus_byte,1,1
  95               		.comm n_bit,1,1
  96               		.comm n_byte,1,1
  97               		.comm bus_busy,1,1
  98               		.comm s_flag,1,1
  99               		.comm Actual_Play_State,1,1
 100               		.comm Last_Play_State,1,1
 101               		.comm Actual_Repeat_Mode,1,1
 102               		.comm Actual_Prog_Mode,1,1
 103               	.Letext0:
DEFINED SYMBOLS
                            *ABS*:00000000 M_BUS.c
C:\DOCUME~1\Lefevre\LOCALS~1\Temp/ccOYaaaa.s:3      *ABS*:0000003f __SREG__
C:\DOCUME~1\Lefevre\LOCALS~1\Temp/ccOYaaaa.s:4      *ABS*:0000003e __SP_H__
C:\DOCUME~1\Lefevre\LOCALS~1\Temp/ccOYaaaa.s:5      *ABS*:0000003d __SP_L__
C:\DOCUME~1\Lefevre\LOCALS~1\Temp/ccOYaaaa.s:6      *ABS*:00000000 __tmp_reg__
C:\DOCUME~1\Lefevre\LOCALS~1\Temp/ccOYaaaa.s:7      *ABS*:00000001 __zero_reg__
C:\DOCUME~1\Lefevre\LOCALS~1\Temp/ccOYaaaa.s:20     .text:00000000 main
                            *COM*:00000001 received
                            *COM*:00000001 Actual_Play_State
                            *COM*:00000001 Actual_Prog_Mode
                            *COM*:00000001 Actual_Repeat_Mode
                            *COM*:00000001 Last_Play_State
                            *COM*:00000001 bus_byte
                            *COM*:00000001 n_bit
                            *COM*:00000001 n_byte
                            *COM*:00000001 bus_busy
                            *COM*:00000001 s_flag

UNDEFINED SYMBOLS
__do_copy_data
__do_clear_bss
__stack
init
R_BUS
Decode_Received
Ack_Play_State
