   1               		.file	"M_BUS_data.c"
   2               		.arch attiny26
   3               	__SREG__ = 0x3f
   4               	__SP_H__ = 0x3e
   5               	__SP_L__ = 0x3d
   6               	__tmp_reg__ = 0
   7               	__zero_reg__ = 1
   8               		.global __do_copy_data
   9               		.global __do_clear_bss
  17               	.Ltext0:
  18               	.global	Trame_Locale
  19               	.global	Trame_Locale
  20               		.section .bss
  23               	Trame_Locale:
  24 0000 0000 0000 		.skip 16,0
  24      0000 0000 
  24      0000 0000 
  24      0000 0000 
  25               	.global	Commande_Type
  26               	.global	Commande_Type
  29               	Commande_Type:
  30 0010 00        		.skip 1,0
  31               	.global	Request_Id
  32               	.global	Request_Id
  35               	Request_Id:
  36 0011 00        		.skip 1,0
  37               	.global	Actual_Prog_Mode
  38               	.global	Actual_Prog_Mode
  41               	Actual_Prog_Mode:
  42 0012 00        		.skip 1,0
  43               	.global	Actual_Repeat_Mode
  44               	.global	Actual_Repeat_Mode
  47               	Actual_Repeat_Mode:
  48 0013 00        		.skip 1,0
  49               	.global	Actual_Play_State
  50               		.data
  53               	Actual_Play_State:
  54 0000 01        		.byte	1
  55               	.global	Last_Play_State
  58               	Last_Play_State:
  59 0001 04        		.byte	4
  60               	.global	s_flag
  61               	.global	s_flag
  62               		.section .bss
  65               	s_flag:
  66 0014 00        		.skip 1,0
  67               	.global	bus_busy
  68               	.global	bus_busy
  71               	bus_busy:
  72 0015 00        		.skip 1,0
  73               	.global	n_byte
  74               	.global	n_byte
  77               	n_byte:
  78 0016 00        		.skip 1,0
  79               	.global	n_bit
  80               	.global	n_bit
  83               	n_bit:
  84 0017 00        		.skip 1,0
  85               	.global	bus_byte
  86               	.global	bus_byte
  89               	bus_byte:
  90 0018 00        		.skip 1,0
  91               	.global	S_BUS
  92               	.global	S_BUS
  95               	S_BUS:
  96 0019 0000 0000 		.skip 16,0
  96      0000 0000 
  96      0000 0000 
  96      0000 0000 
  97               	.global	R_BUS
  98               	.global	R_BUS
 101               	R_BUS:
 102 0029 0000 0000 		.skip 16,0
 102      0000 0000 
 102      0000 0000 
 102      0000 0000 
 103               		.comm received,1,1
 104               		.text
 105               	.Letext0:
DEFINED SYMBOLS
                            *ABS*:00000000 M_BUS_data.c
C:\DOCUME~1\Lefevre\LOCALS~1\Temp/ccS2aaaa.s:3      *ABS*:0000003f __SREG__
C:\DOCUME~1\Lefevre\LOCALS~1\Temp/ccS2aaaa.s:4      *ABS*:0000003e __SP_H__
C:\DOCUME~1\Lefevre\LOCALS~1\Temp/ccS2aaaa.s:5      *ABS*:0000003d __SP_L__
C:\DOCUME~1\Lefevre\LOCALS~1\Temp/ccS2aaaa.s:6      *ABS*:00000000 __tmp_reg__
C:\DOCUME~1\Lefevre\LOCALS~1\Temp/ccS2aaaa.s:7      *ABS*:00000001 __zero_reg__
C:\DOCUME~1\Lefevre\LOCALS~1\Temp/ccS2aaaa.s:23     .bss:00000000 Trame_Locale
C:\DOCUME~1\Lefevre\LOCALS~1\Temp/ccS2aaaa.s:29     .bss:00000010 Commande_Type
C:\DOCUME~1\Lefevre\LOCALS~1\Temp/ccS2aaaa.s:35     .bss:00000011 Request_Id
C:\DOCUME~1\Lefevre\LOCALS~1\Temp/ccS2aaaa.s:41     .bss:00000012 Actual_Prog_Mode
C:\DOCUME~1\Lefevre\LOCALS~1\Temp/ccS2aaaa.s:47     .bss:00000013 Actual_Repeat_Mode
C:\DOCUME~1\Lefevre\LOCALS~1\Temp/ccS2aaaa.s:53     .data:00000000 Actual_Play_State
C:\DOCUME~1\Lefevre\LOCALS~1\Temp/ccS2aaaa.s:58     .data:00000001 Last_Play_State
C:\DOCUME~1\Lefevre\LOCALS~1\Temp/ccS2aaaa.s:65     .bss:00000014 s_flag
C:\DOCUME~1\Lefevre\LOCALS~1\Temp/ccS2aaaa.s:71     .bss:00000015 bus_busy
C:\DOCUME~1\Lefevre\LOCALS~1\Temp/ccS2aaaa.s:77     .bss:00000016 n_byte
C:\DOCUME~1\Lefevre\LOCALS~1\Temp/ccS2aaaa.s:83     .bss:00000017 n_bit
C:\DOCUME~1\Lefevre\LOCALS~1\Temp/ccS2aaaa.s:89     .bss:00000018 bus_byte
C:\DOCUME~1\Lefevre\LOCALS~1\Temp/ccS2aaaa.s:95     .bss:00000019 S_BUS
C:\DOCUME~1\Lefevre\LOCALS~1\Temp/ccS2aaaa.s:101    .bss:00000029 R_BUS
                            *COM*:00000001 received

UNDEFINED SYMBOLS
__do_copy_data
__do_clear_bss
