   1               		.file	"send_frame.c"
   2               		.arch attiny26
   3               	__SREG__ = 0x3f
   4               	__SP_H__ = 0x3e
   5               	__SP_L__ = 0x3d
   6               	__tmp_reg__ = 0
   7               	__zero_reg__ = 1
   8               		.global __do_copy_data
   9               		.global __do_clear_bss
  17               	.Ltext0:
  18               	.global	send_frame
  20               	send_frame:
  21               	.LFB2:
  22               	.LM1:
  23               	/* prologue: frame size=0 */
  24 0000 0F93      		push r16
  25 0002 1F93      		push r17
  26 0004 CF93      		push r28
  27 0006 DF93      		push r29
  28               	/* prologue end (size=4) */
  29 0008 D72F      		mov r29,r23
  30 000a C62F      		mov r28,r22
  31               	.LM2:
  32 000c 20E0      		ldi r18,lo8(0)
  33 000e 30E0      		ldi r19,hi8(0)
  34 0010 2617      		cp r18,r22
  35 0012 3707      		cpc r19,r23
  36 0014 5CF4      		brge .L7
  37 0016 A0E0      		ldi r26,lo8(S_BUS)
  38 0018 B0E0      		ldi r27,hi8(S_BUS)
  39 001a F92F      		mov r31,r25
  40 001c E82F      		mov r30,r24
  41               	.L5:
  42               	.LM3:
  43 001e 8191      		ld r24,Z+
  44 0020 8D93      		st X+,r24
  45               	.LM4:
  46 0022 2F5F      		subi r18,lo8(-(1))
  47 0024 3F4F      		sbci r19,hi8(-(1))
  48 0026 2C17      		cp r18,r28
  49 0028 3D07      		cpc r19,r29
  50 002a CCF3      		brlt .L5
  51               	.L7:
  52               	.LM5:
  53 002c 0C2F      		mov r16,r28
  54 002e 1D2F      		mov r17,r29
  55 0030 0050      		subi r16,lo8(-(S_BUS))
  56 0032 1040      		sbci r17,hi8(-(S_BUS))
  57 0034 6C2F      		mov r22,r28
  58 0036 80E0      		ldi r24,lo8(S_BUS)
  59 0038 90E0      		ldi r25,hi8(S_BUS)
  60 003a 00D0      		rcall Compute_CRC
  61 003c F12F      		mov r31,r17
  62 003e E02F      		mov r30,r16
  63 0040 8083      		st Z,r24
  64               	.LM6:
  65 0042 8C2F      		mov r24,r28
  66 0044 8F5F      		subi r24,lo8(-(1))
  67 0046 00D0      		rcall send
  68               	/* epilogue: frame size=0 */
  69 0048 DF91      		pop r29
  70 004a CF91      		pop r28
  71 004c 1F91      		pop r17
  72 004e 0F91      		pop r16
  73 0050 0895      		ret
  74               	/* epilogue end (size=5) */
  75               	/* function send_frame size 41 (32) */
  76               	.LFE2:
  78               		.comm received,1,1
  79               		.comm bus_byte,1,1
  80               		.comm n_bit,1,1
  81               		.comm n_byte,1,1
  82               		.comm bus_busy,1,1
  83               		.comm s_flag,1,1
  84               		.comm Actual_Play_State,1,1
  85               		.comm Last_Play_State,1,1
  86               		.comm Actual_Repeat_Mode,1,1
  87               		.comm Actual_Prog_Mode,1,1
  88               	.Letext0:
DEFINED SYMBOLS
                            *ABS*:00000000 send_frame.c
C:\DOCUME~1\Lefevre\LOCALS~1\Temp/ccQbbaaa.s:3      *ABS*:0000003f __SREG__
C:\DOCUME~1\Lefevre\LOCALS~1\Temp/ccQbbaaa.s:4      *ABS*:0000003e __SP_H__
C:\DOCUME~1\Lefevre\LOCALS~1\Temp/ccQbbaaa.s:5      *ABS*:0000003d __SP_L__
C:\DOCUME~1\Lefevre\LOCALS~1\Temp/ccQbbaaa.s:6      *ABS*:00000000 __tmp_reg__
C:\DOCUME~1\Lefevre\LOCALS~1\Temp/ccQbbaaa.s:7      *ABS*:00000001 __zero_reg__
C:\DOCUME~1\Lefevre\LOCALS~1\Temp/ccQbbaaa.s:20     .text:00000000 send_frame
                            *COM*:00000001 received
                            *COM*:00000001 bus_byte
                            *COM*:00000001 n_bit
                            *COM*:00000001 n_byte
                            *COM*:00000001 bus_busy
                            *COM*:00000001 s_flag
                            *COM*:00000001 Actual_Play_State
                            *COM*:00000001 Last_Play_State
                            *COM*:00000001 Actual_Repeat_Mode
                            *COM*:00000001 Actual_Prog_Mode

UNDEFINED SYMBOLS
__do_copy_data
__do_clear_bss
S_BUS
Compute_CRC
send
