   1               		.file	"send.c"
   2               		.arch attiny26
   3               	__SREG__ = 0x3f
   4               	__SP_H__ = 0x3e
   5               	__SP_L__ = 0x3d
   6               	__tmp_reg__ = 0
   7               	__zero_reg__ = 1
   8               		.global __do_copy_data
   9               		.global __do_clear_bss
  17               	.Ltext0:
  18               	.global	send
  20               	send:
  21               	.LFB2:
  22               	.LM1:
  23               	/* prologue: frame size=0 */
  24               	/* prologue end (size=0) */
  25 0000 382F      		mov r19,r24
  26               	.L2:
  27               	.LM2:
  28 0002 E091 0000 		lds r30,bus_busy
  29 0006 EE23      		tst r30
  30 0008 E1F7      		brne .L2
  31               	.LM3:
  32 000a 8BB7      		in r24,91-0x20
  33 000c 8F7B      		andi r24,lo8(-65)
  34 000e 8BBF      		out 91-0x20,r24
  35               	.LM4:
  36 0010 80E2      		ldi r24,lo8(32)
  37 0012 89BF      		out 89-0x20,r24
  38               	.LM5:
  39 0014 81E2      		ldi r24,lo8(33)
  40 0016 80BF      		out 80-0x20,r24
  41               	.LM6:
  42 0018 80E8      		ldi r24,lo8(-128)
  43 001a 8FBD      		out 79-0x20,r24
  44               	.LM7:
  45 001c 8BEB      		ldi r24,lo8(-69)
  46 001e 8BBD      		out 75-0x20,r24
  47               	.LM8:
  48 0020 2E2F      		mov r18,r30
  49 0022 E317      		cp r30,r19
  50 0024 D8F4      		brsh .L19
  51 0026 60E7      		ldi r22,lo8(112)
  52 0028 55E2      		ldi r21,lo8(37)
  53 002a 45E8      		ldi r20,lo8(-123)
  54               	.L17:
  55               	.LM9:
  56 002c E22F      		mov r30,r18
  57 002e FF27      		clr r31
  58 0030 E050      		subi r30,lo8(-(S_BUS))
  59 0032 F040      		sbci r31,hi8(-(S_BUS))
  60 0034 E081      		ld r30,Z
  61               	.LM10:
  62 0036 94E0      		ldi r25,lo8(4)
  63               	.L16:
  64               	.LM11:
  65 0038 E3FF      		sbrs r30,3
  66 003a 02C0      		rjmp .L11
  67 003c 6CBD      		out 76-0x20,r22
  68 003e 01C0      		rjmp .L12
  69               	.L11:
  70               	.LM12:
  71 0040 5CBD      		out 76-0x20,r21
  72               	.L12:
  73               	.LM13:
  74 0042 4FBD      		out 79-0x20,r20
  75               	.LM14:
  76 0044 EE0F      		lsl r30
  77               	.L13:
  78               	.LM15:
  79 0046 8091 0000 		lds r24,s_flag
  80 004a 8823      		tst r24
  81 004c E1F3      		breq .L13
  82               	.LM16:
  83 004e 1092 0000 		sts s_flag,__zero_reg__
  84               	.LM17:
  85 0052 9150      		subi r25,lo8(-(-1))
  86 0054 89F7      		brne .L16
  87               	.LM18:
  88 0056 2F5F      		subi r18,lo8(-(1))
  89 0058 2317      		cp r18,r19
  90 005a 40F3      		brlo .L17
  91               	.L19:
  92               	.LM19:
  93 005c 80E8      		ldi r24,lo8(-128)
  94 005e 8FBD      		out 79-0x20,r24
  95               	.LM20:
  96 0060 82E0      		ldi r24,lo8(2)
  97 0062 89BF      		out 89-0x20,r24
  98               	.LM21:
  99 0064 83E0      		ldi r24,lo8(3)
 100 0066 85BF      		out 85-0x20,r24
 101               	.LM22:
 102 0068 8BB7      		in r24,91-0x20
 103 006a 8064      		ori r24,lo8(64)
 104 006c 8BBF      		out 91-0x20,r24
 105               	.LM23:
 106 006e 1092 0000 		sts s_flag,__zero_reg__
 107               	.LM24:
 108 0072 1092 0000 		sts bus_busy,__zero_reg__
 109               	/* epilogue: frame size=0 */
 110 0076 0895      		ret
 111               	/* epilogue end (size=1) */
 112               	/* function send size 61 (60) */
 113               	.LFE2:
 115               		.comm received,1,1
 116               		.comm bus_byte,1,1
 117               		.comm n_bit,1,1
 118               		.comm n_byte,1,1
 119               		.comm bus_busy,1,1
 120               		.comm s_flag,1,1
 121               		.comm Actual_Play_State,1,1
 122               		.comm Last_Play_State,1,1
 123               		.comm Actual_Repeat_Mode,1,1
 124               		.comm Actual_Prog_Mode,1,1
 125               	.Letext0:
DEFINED SYMBOLS
                            *ABS*:00000000 send.c
C:\DOCUME~1\Lefevre\LOCALS~1\Temp/ccQTaaaa.s:3      *ABS*:0000003f __SREG__
C:\DOCUME~1\Lefevre\LOCALS~1\Temp/ccQTaaaa.s:4      *ABS*:0000003e __SP_H__
C:\DOCUME~1\Lefevre\LOCALS~1\Temp/ccQTaaaa.s:5      *ABS*:0000003d __SP_L__
C:\DOCUME~1\Lefevre\LOCALS~1\Temp/ccQTaaaa.s:6      *ABS*:00000000 __tmp_reg__
C:\DOCUME~1\Lefevre\LOCALS~1\Temp/ccQTaaaa.s:7      *ABS*:00000001 __zero_reg__
C:\DOCUME~1\Lefevre\LOCALS~1\Temp/ccQTaaaa.s:20     .text:00000000 send
                            *COM*:00000001 bus_busy
                            *COM*:00000001 s_flag
                            *COM*:00000001 received
                            *COM*:00000001 bus_byte
                            *COM*:00000001 n_bit
                            *COM*:00000001 n_byte
                            *COM*:00000001 Actual_Play_State
                            *COM*:00000001 Last_Play_State
                            *COM*:00000001 Actual_Repeat_Mode
                            *COM*:00000001 Actual_Prog_Mode

UNDEFINED SYMBOLS
__do_copy_data
__do_clear_bss
S_BUS
