   1               		.file	"time_loop.c"
   2               		.arch attiny26
   3               	__SREG__ = 0x3f
   4               	__SP_H__ = 0x3e
   5               	__SP_L__ = 0x3d
   6               	__tmp_reg__ = 0
   7               	__zero_reg__ = 1
   8               		.global __do_copy_data
   9               		.global __do_clear_bss
  17               	.Ltext0:
  18               	.global	time_loop
  20               	time_loop:
  21               	.LFB2:
  22               	.LM1:
  23               	/* prologue: frame size=0 */
  24               	/* prologue end (size=0) */
  25               	.L8:
  26               	.LM2:
  27 0000 1816      		cp __zero_reg__,r24
  28 0002 1906      		cpc __zero_reg__,r25
  29 0004 24F4      		brge .L7
  30               	.LM3:
  31               	/* #APP */
  32 0006 1F92      		push r1
  33 0008 1F90      		pop r1
  34               		
  35               	.LM4:
  36               	/* #NOAPP */
  37 000a 0197      		sbiw r24,1
  38 000c F9CF      		rjmp .L8
  39               	.L7:
  40 000e 0895      		ret
  41               	/* epilogue: frame size=0 */
  42               	/* epilogue: noreturn */
  43               	/* epilogue end (size=0) */
  44               	/* function time_loop size 12 (12) */
  45               	.LFE2:
  47               	.Letext0:
DEFINED SYMBOLS
                            *ABS*:00000000 time_loop.c
C:\DOCUME~1\Lefevre\LOCALS~1\Temp/ccEVaaaa.s:3      *ABS*:0000003f __SREG__
C:\DOCUME~1\Lefevre\LOCALS~1\Temp/ccEVaaaa.s:4      *ABS*:0000003e __SP_H__
C:\DOCUME~1\Lefevre\LOCALS~1\Temp/ccEVaaaa.s:5      *ABS*:0000003d __SP_L__
C:\DOCUME~1\Lefevre\LOCALS~1\Temp/ccEVaaaa.s:6      *ABS*:00000000 __tmp_reg__
C:\DOCUME~1\Lefevre\LOCALS~1\Temp/ccEVaaaa.s:7      *ABS*:00000001 __zero_reg__
C:\DOCUME~1\Lefevre\LOCALS~1\Temp/ccEVaaaa.s:20     .text:00000000 time_loop

UNDEFINED SYMBOLS
__do_copy_data
__do_clear_bss
