Analysis & Synthesis report for VGA4
Mon May 21 11:46:42 2007
Quartus II Version 6.1 Build 201 11/27/2006 SJ Web Edition


---------------------
; Table of Contents ;
---------------------
  1. Legal Notice
  2. Analysis & Synthesis Summary
  3. Analysis & Synthesis Settings
  4. Analysis & Synthesis Source Files Read
  5. Analysis & Synthesis Resource Usage Summary
  6. Analysis & Synthesis Resource Utilization by Entity
  7. Parameter Settings for User Entity Instance: lpm_bustri0:inst11|lpm_bustri:lpm_bustri_component
  8. Parameter Settings for User Entity Instance: lpm_dff0:inst|lpm_ff:lpm_ff_component
  9. Analysis & Synthesis Messages



----------------
; Legal Notice ;
----------------
Copyright (C) 1991-2006 Altera Corporation
Your use of Altera Corporation's design tools, logic functions 
and other software and tools, and its AMPP partner logic 
functions, and any output files from any of the foregoing 
(including device programming or simulation files), and any 
associated documentation or information are expressly subject 
to the terms and conditions of the Altera Program License 
Subscription Agreement, Altera MegaCore Function License 
Agreement, or other applicable license agreement, including, 
without limitation, that your use is for the sole purpose of 
programming logic devices manufactured by Altera and sold by 
Altera or its authorized distributors.  Please refer to the 
applicable agreement for further details.



+-----------------------------------------------------------------------+
; Analysis & Synthesis Summary                                          ;
+-----------------------------+-----------------------------------------+
; Analysis & Synthesis Status ; Successful - Mon May 21 11:46:42 2007   ;
; Quartus II Version          ; 6.1 Build 201 11/27/2006 SJ Web Edition ;
; Revision Name               ; VGA4                                    ;
; Top-level Entity Name       ; VGA4                                    ;
; Family                      ; MAX3000A                                ;
; Total macrocells            ; 13                                      ;
; Total pins                  ; 24                                      ;
+-----------------------------+-----------------------------------------+


+--------------------------------------------------------------------------------------------------------+
; Analysis & Synthesis Settings                                                                          ;
+----------------------------------------------------------------------+-----------------+---------------+
; Option                                                               ; Setting         ; Default Value ;
+----------------------------------------------------------------------+-----------------+---------------+
; Device                                                               ; EPM3032ALC44-10 ;               ;
; Top-level entity name                                                ; VGA4            ; VGA4          ;
; Family name                                                          ; MAX3000A        ; Stratix       ;
; Create Debugging Nodes for IP Cores                                  ; Off             ; Off           ;
; Preserve fewer node names                                            ; On              ; On            ;
; Disable OpenCore Plus hardware evaluation                            ; Off             ; Off           ;
; Verilog Version                                                      ; Verilog_2001    ; Verilog_2001  ;
; VHDL Version                                                         ; VHDL93          ; VHDL93        ;
; State Machine Processing                                             ; Auto            ; Auto          ;
; Safe State Machine                                                   ; Off             ; Off           ;
; Extract Verilog State Machines                                       ; On              ; On            ;
; Extract VHDL State Machines                                          ; On              ; On            ;
; Ignore Verilog initial constructs                                    ; Off             ; Off           ;
; Add Pass-Through Logic to Inferred RAMs                              ; On              ; On            ;
; NOT Gate Push-Back                                                   ; On              ; On            ;
; Power-Up Don't Care                                                  ; On              ; On            ;
; Remove Duplicate Registers                                           ; On              ; On            ;
; Ignore CARRY Buffers                                                 ; Off             ; Off           ;
; Ignore CASCADE Buffers                                               ; Off             ; Off           ;
; Ignore GLOBAL Buffers                                                ; Off             ; Off           ;
; Ignore ROW GLOBAL Buffers                                            ; Off             ; Off           ;
; Ignore LCELL Buffers -- MAX 7000B/7000AE/3000A/7000S/7000A           ; Auto            ; Auto          ;
; Ignore SOFT Buffers -- MAX 7000B/7000AE/3000A/7000S/7000A            ; Off             ; Off           ;
; Limit AHDL Integers to 32 Bits                                       ; Off             ; Off           ;
; Optimization Technique -- MAX 7000B/7000AE/3000A/7000S/7000A         ; Speed           ; Speed         ;
; Allow XOR Gate Usage                                                 ; On              ; On            ;
; Auto Logic Cell Insertion                                            ; On              ; On            ;
; Parallel Expander Chain Length -- MAX 7000B/7000AE/3000A/7000S/7000A ; 4               ; 4             ;
; Auto Parallel Expanders                                              ; On              ; On            ;
; Auto Open-Drain Pins                                                 ; On              ; On            ;
; Auto Resource Sharing                                                ; Off             ; Off           ;
; Maximum Fan-in Per Macrocell -- MAX 7000B/7000AE/3000A/7000S/7000A   ; 100             ; 100           ;
; Ignore translate_off and synthesis_off directives                    ; Off             ; Off           ;
; Show Parameter Settings Tables in Synthesis Report                   ; On              ; On            ;
; HDL message level                                                    ; Level2          ; Level2        ;
; Suppress Register Optimization Related Messages                      ; Off             ; Off           ;
; Number of Removed Registers Reported in Synthesis Report             ; 100             ; 100           ;
; Use smart compilation                                                ; Off             ; Off           ;
+----------------------------------------------------------------------+-----------------+---------------+


+---------------------------------------------------------------------------------------------------------------------------------------------------------+
; Analysis & Synthesis Source Files Read                                                                                                                  ;
+----------------------------------+-----------------+------------------------------------+---------------------------------------------------------------+
; File Name with User-Entered Path ; Used in Netlist ; File Type                          ; File Name with Absolute Path                                  ;
+----------------------------------+-----------------+------------------------------------+---------------------------------------------------------------+
; VGA4.bdf                         ; yes             ; User Block Diagram/Schematic File  ; E:/altera/my projects/VGA/VGA4/VGA4.bdf                       ;
; lpm_bustri0.v                    ; yes             ; Other                              ; E:/altera/my projects/VGA/VGA4/lpm_bustri0.v                  ;
; lpm_bustri.tdf                   ; yes             ; Megafunction                       ; e:/altera/61/quartus/libraries/megafunctions/lpm_bustri.tdf   ;
; lpm_dff0.v                       ; yes             ; Other                              ; E:/altera/my projects/VGA/VGA4/lpm_dff0.v                     ;
; lpm_ff.tdf                       ; yes             ; Megafunction                       ; e:/altera/61/quartus/libraries/megafunctions/lpm_ff.tdf       ;
; lpm_constant.inc                 ; yes             ; Megafunction                       ; e:/altera/61/quartus/libraries/megafunctions/lpm_constant.inc ;
; aglobal61.inc                    ; yes             ; Megafunction                       ; e:/altera/61/quartus/libraries/megafunctions/aglobal61.inc    ;
+----------------------------------+-----------------+------------------------------------+---------------------------------------------------------------+


+---------------------------------------------+
; Analysis & Synthesis Resource Usage Summary ;
+----------------------+----------------------+
; Resource             ; Usage                ;
+----------------------+----------------------+
; Logic cells          ; 13                   ;
; Total registers      ; 12                   ;
; I/O pins             ; 24                   ;
; Maximum fan-out node ; inst1                ;
; Maximum fan-out      ; 11                   ;
; Total fan-out        ; 54                   ;
; Average fan-out      ; 1.46                 ;
+----------------------+----------------------+


+---------------------------------------------------------------------------------------------------+
; Analysis & Synthesis Resource Utilization by Entity                                               ;
+---------------------------------+------------+------+---------------------------------------------+
; Compilation Hierarchy Node      ; Macrocells ; Pins ; Full Hierarchy Name                         ;
+---------------------------------+------------+------+---------------------------------------------+
; |VGA4                           ; 13         ; 24   ; |VGA4                                       ;
;    |lpm_dff0:inst|              ; 8          ; 0    ; |VGA4|lpm_dff0:inst                         ;
;       |lpm_ff:lpm_ff_component| ; 8          ; 0    ; |VGA4|lpm_dff0:inst|lpm_ff:lpm_ff_component ;
+---------------------------------+------------+------+---------------------------------------------+


+-------------------------------------------------------------------------------------------------+
; Parameter Settings for User Entity Instance: lpm_bustri0:inst11|lpm_bustri:lpm_bustri_component ;
+----------------+-------+------------------------------------------------------------------------+
; Parameter Name ; Value ; Type                                                                   ;
+----------------+-------+------------------------------------------------------------------------+
; LPM_WIDTH      ; 8     ; Signed Integer                                                         ;
+----------------+-------+------------------------------------------------------------------------+
Note: In order to hide this table in the UI and the text report file, please set the "Show Parameter Settings Tables in Synthesis Report" option in "Analysis and Synthesis Settings -> More Settings" to "Off".


+------------------------------------------------------------------------------------+
; Parameter Settings for User Entity Instance: lpm_dff0:inst|lpm_ff:lpm_ff_component ;
+------------------------+----------+------------------------------------------------+
; Parameter Name         ; Value    ; Type                                           ;
+------------------------+----------+------------------------------------------------+
; LPM_WIDTH              ; 8        ; Signed Integer                                 ;
; LPM_AVALUE             ; UNUSED   ; Untyped                                        ;
; LPM_SVALUE             ; UNUSED   ; Untyped                                        ;
; LPM_FFTYPE             ; DFF      ; Untyped                                        ;
; DEVICE_FAMILY          ; MAX3000A ; Untyped                                        ;
; CBXI_PARAMETER         ; NOTHING  ; Untyped                                        ;
; AUTO_CARRY_CHAINS      ; ON       ; AUTO_CARRY                                     ;
; IGNORE_CARRY_BUFFERS   ; OFF      ; IGNORE_CARRY                                   ;
; AUTO_CASCADE_CHAINS    ; ON       ; AUTO_CASCADE                                   ;
; IGNORE_CASCADE_BUFFERS ; OFF      ; IGNORE_CASCADE                                 ;
+------------------------+----------+------------------------------------------------+
Note: In order to hide this table in the UI and the text report file, please set the "Show Parameter Settings Tables in Synthesis Report" option in "Analysis and Synthesis Settings -> More Settings" to "Off".


+-------------------------------+
; Analysis & Synthesis Messages ;
+-------------------------------+
Info: *******************************************************************
Info: Running Quartus II Analysis & Synthesis
    Info: Version 6.1 Build 201 11/27/2006 SJ Web Edition
    Info: Processing started: Mon May 21 11:46:41 2007
Info: Command: quartus_map --read_settings_files=on --write_settings_files=off VGA4 -c VGA4
Info: Found 1 design units, including 1 entities, in source file VGA4.bdf
    Info: Found entity 1: VGA4
Info: Elaborating entity "VGA4" for the top level hierarchy
Warning: Using design file lpm_bustri0.v, which is not specified as a design file for the current project, but contains definitions for 1 design units and 1 entities in project
    Info: Found entity 1: lpm_bustri0
Info: Elaborating entity "lpm_bustri0" for hierarchy "lpm_bustri0:inst11"
Info: Found 1 design units, including 1 entities, in source file ../../../61/quartus/libraries/megafunctions/lpm_bustri.tdf
    Info: Found entity 1: lpm_bustri
Info: Elaborating entity "lpm_bustri" for hierarchy "lpm_bustri0:inst11|lpm_bustri:lpm_bustri_component"
Info: Elaborated megafunction instantiation "lpm_bustri0:inst11|lpm_bustri:lpm_bustri_component"
Warning: Using design file lpm_dff0.v, which is not specified as a design file for the current project, but contains definitions for 1 design units and 1 entities in project
    Info: Found entity 1: lpm_dff0
Info: Elaborating entity "lpm_dff0" for hierarchy "lpm_dff0:inst"
Info: Found 1 design units, including 1 entities, in source file ../../../61/quartus/libraries/megafunctions/lpm_ff.tdf
    Info: Found entity 1: lpm_ff
Info: Elaborating entity "lpm_ff" for hierarchy "lpm_dff0:inst|lpm_ff:lpm_ff_component"
Info: Elaborated megafunction instantiation "lpm_dff0:inst|lpm_ff:lpm_ff_component"
Info: Promoted pin-driven signal(s) to global signal
    Info: Promoted clock signal driven by pin "CLK" to global clock signal
Info: Implemented 37 device resources after synthesis - the final resource count might be different
    Info: Implemented 13 input pins
    Info: Implemented 11 output pins
    Info: Implemented 13 macrocells
Info: Quartus II Analysis & Synthesis was successful. 0 errors, 2 warnings
    Info: Allocated 119 megabytes of memory during processing
    Info: Processing ended: Mon May 21 11:46:42 2007
    Info: Elapsed time: 00:00:01


