Analysis & Synthesis report for VGA3
Mon May 07 19:10:24 2007
Quartus II Version 6.1 Build 201 11/27/2006 SJ Web Edition


---------------------
; Table of Contents ;
---------------------
  1. Legal Notice
  2. Analysis & Synthesis Summary
  3. Analysis & Synthesis Settings
  4. Analysis & Synthesis Source Files Read
  5. Analysis & Synthesis Resource Usage Summary
  6. Analysis & Synthesis Resource Utilization by Entity
  7. User-Specified and Inferred Latches
  8. Parameter Settings for User Entity Instance: lpm_mux0:inst2|lpm_mux:lpm_mux_component
  9. Parameter Settings for User Entity Instance: lpm_latch1:inst5|lpm_latch:lpm_latch_component
 10. Parameter Settings for User Entity Instance: lpm_counter0:inst|lpm_counter:lpm_counter_component
 11. Analysis & Synthesis Messages



----------------
; Legal Notice ;
----------------
Copyright (C) 1991-2006 Altera Corporation
Your use of Altera Corporation's design tools, logic functions 
and other software and tools, and its AMPP partner logic 
functions, and any output files from any of the foregoing 
(including device programming or simulation files), and any 
associated documentation or information are expressly subject 
to the terms and conditions of the Altera Program License 
Subscription Agreement, Altera MegaCore Function License 
Agreement, or other applicable license agreement, including, 
without limitation, that your use is for the sole purpose of 
programming logic devices manufactured by Altera and sold by 
Altera or its authorized distributors.  Please refer to the 
applicable agreement for further details.



+-----------------------------------------------------------------------+
; Analysis & Synthesis Summary                                          ;
+-----------------------------+-----------------------------------------+
; Analysis & Synthesis Status ; Successful - Mon May 07 19:10:24 2007   ;
; Quartus II Version          ; 6.1 Build 201 11/27/2006 SJ Web Edition ;
; Revision Name               ; VGA3                                    ;
; Top-level Entity Name       ; VGA3                                    ;
; Family                      ; MAX3000A                                ;
; Total macrocells            ; 27                                      ;
; Total pins                  ; 21                                      ;
+-----------------------------+-----------------------------------------+


+--------------------------------------------------------------------------------------------------------+
; Analysis & Synthesis Settings                                                                          ;
+----------------------------------------------------------------------+-----------------+---------------+
; Option                                                               ; Setting         ; Default Value ;
+----------------------------------------------------------------------+-----------------+---------------+
; Device                                                               ; EPM3032ALC44-10 ;               ;
; Top-level entity name                                                ; VGA3            ; VGA3          ;
; Family name                                                          ; MAX3000A        ; Stratix       ;
; Create Debugging Nodes for IP Cores                                  ; Off             ; Off           ;
; Preserve fewer node names                                            ; On              ; On            ;
; Disable OpenCore Plus hardware evaluation                            ; Off             ; Off           ;
; Verilog Version                                                      ; Verilog_2001    ; Verilog_2001  ;
; VHDL Version                                                         ; VHDL93          ; VHDL93        ;
; State Machine Processing                                             ; Auto            ; Auto          ;
; Safe State Machine                                                   ; Off             ; Off           ;
; Extract Verilog State Machines                                       ; On              ; On            ;
; Extract VHDL State Machines                                          ; On              ; On            ;
; Ignore Verilog initial constructs                                    ; Off             ; Off           ;
; Add Pass-Through Logic to Inferred RAMs                              ; On              ; On            ;
; NOT Gate Push-Back                                                   ; On              ; On            ;
; Power-Up Don't Care                                                  ; On              ; On            ;
; Remove Duplicate Registers                                           ; On              ; On            ;
; Ignore CARRY Buffers                                                 ; Off             ; Off           ;
; Ignore CASCADE Buffers                                               ; Off             ; Off           ;
; Ignore GLOBAL Buffers                                                ; Off             ; Off           ;
; Ignore ROW GLOBAL Buffers                                            ; Off             ; Off           ;
; Ignore LCELL Buffers -- MAX 7000B/7000AE/3000A/7000S/7000A           ; Auto            ; Auto          ;
; Ignore SOFT Buffers -- MAX 7000B/7000AE/3000A/7000S/7000A            ; Off             ; Off           ;
; Limit AHDL Integers to 32 Bits                                       ; Off             ; Off           ;
; Optimization Technique -- MAX 7000B/7000AE/3000A/7000S/7000A         ; Speed           ; Speed         ;
; Allow XOR Gate Usage                                                 ; On              ; On            ;
; Auto Logic Cell Insertion                                            ; On              ; On            ;
; Parallel Expander Chain Length -- MAX 7000B/7000AE/3000A/7000S/7000A ; 4               ; 4             ;
; Auto Parallel Expanders                                              ; On              ; On            ;
; Auto Open-Drain Pins                                                 ; On              ; On            ;
; Auto Resource Sharing                                                ; Off             ; Off           ;
; Maximum Fan-in Per Macrocell -- MAX 7000B/7000AE/3000A/7000S/7000A   ; 100             ; 100           ;
; Ignore translate_off and synthesis_off directives                    ; Off             ; Off           ;
; Show Parameter Settings Tables in Synthesis Report                   ; On              ; On            ;
; HDL message level                                                    ; Level2          ; Level2        ;
; Suppress Register Optimization Related Messages                      ; Off             ; Off           ;
; Number of Removed Registers Reported in Synthesis Report             ; 100             ; 100           ;
; Use smart compilation                                                ; Off             ; Off           ;
+----------------------------------------------------------------------+-----------------+---------------+


+----------------------------------------------------------------------------------------------------------------------------------------------------------------+
; Analysis & Synthesis Source Files Read                                                                                                                         ;
+----------------------------------+-----------------+------------------------------------+----------------------------------------------------------------------+
; File Name with User-Entered Path ; Used in Netlist ; File Type                          ; File Name with Absolute Path                                         ;
+----------------------------------+-----------------+------------------------------------+----------------------------------------------------------------------+
; VGA3.bdf                         ; yes             ; User Block Diagram/Schematic File  ; E:/altera/my projects/VGA/VGA3/VGA3.bdf                              ;
; lpm_mux0.v                       ; yes             ; Other                              ; E:/altera/my projects/VGA/VGA3/lpm_mux0.v                            ;
; lpm_mux.tdf                      ; yes             ; Megafunction                       ; e:/altera/61/quartus/libraries/megafunctions/lpm_mux.tdf             ;
; aglobal61.inc                    ; yes             ; Megafunction                       ; e:/altera/61/quartus/libraries/megafunctions/aglobal61.inc           ;
; muxlut.inc                       ; yes             ; Megafunction                       ; e:/altera/61/quartus/libraries/megafunctions/muxlut.inc              ;
; bypassff.inc                     ; yes             ; Megafunction                       ; e:/altera/61/quartus/libraries/megafunctions/bypassff.inc            ;
; altshift.inc                     ; yes             ; Megafunction                       ; e:/altera/61/quartus/libraries/megafunctions/altshift.inc            ;
; altshift.tdf                     ; yes             ; Megafunction                       ; e:/altera/61/quartus/libraries/megafunctions/altshift.tdf            ;
; muxlut.tdf                       ; yes             ; Megafunction                       ; e:/altera/61/quartus/libraries/megafunctions/muxlut.tdf              ;
; lpm_latch1.v                     ; yes             ; Other                              ; E:/altera/my projects/VGA/VGA3/lpm_latch1.v                          ;
; lpm_latch.tdf                    ; yes             ; Megafunction                       ; e:/altera/61/quartus/libraries/megafunctions/lpm_latch.tdf           ;
; lpm_constant.inc                 ; yes             ; Megafunction                       ; e:/altera/61/quartus/libraries/megafunctions/lpm_constant.inc        ;
; lpm_counter0.v                   ; yes             ; Other                              ; E:/altera/my projects/VGA/VGA3/lpm_counter0.v                        ;
; lpm_counter.tdf                  ; yes             ; Megafunction                       ; e:/altera/61/quartus/libraries/megafunctions/lpm_counter.tdf         ;
; lpm_decode.inc                   ; yes             ; Megafunction                       ; e:/altera/61/quartus/libraries/megafunctions/lpm_decode.inc          ;
; lpm_add_sub.inc                  ; yes             ; Megafunction                       ; e:/altera/61/quartus/libraries/megafunctions/lpm_add_sub.inc         ;
; cmpconst.inc                     ; yes             ; Megafunction                       ; e:/altera/61/quartus/libraries/megafunctions/cmpconst.inc            ;
; lpm_compare.inc                  ; yes             ; Megafunction                       ; e:/altera/61/quartus/libraries/megafunctions/lpm_compare.inc         ;
; lpm_counter.inc                  ; yes             ; Megafunction                       ; e:/altera/61/quartus/libraries/megafunctions/lpm_counter.inc         ;
; dffeea.inc                       ; yes             ; Megafunction                       ; e:/altera/61/quartus/libraries/megafunctions/dffeea.inc              ;
; alt_synch_counter.inc            ; yes             ; Megafunction                       ; e:/altera/61/quartus/libraries/megafunctions/alt_synch_counter.inc   ;
; alt_synch_counter_f.inc          ; yes             ; Megafunction                       ; e:/altera/61/quartus/libraries/megafunctions/alt_synch_counter_f.inc ;
; alt_counter_f10ke.inc            ; yes             ; Megafunction                       ; e:/altera/61/quartus/libraries/megafunctions/alt_counter_f10ke.inc   ;
; alt_counter_stratix.inc          ; yes             ; Megafunction                       ; e:/altera/61/quartus/libraries/megafunctions/alt_counter_stratix.inc ;
+----------------------------------+-----------------+------------------------------------+----------------------------------------------------------------------+


+---------------------------------------------+
; Analysis & Synthesis Resource Usage Summary ;
+----------------------+----------------------+
; Resource             ; Usage                ;
+----------------------+----------------------+
; Logic cells          ; 27                   ;
; Total registers      ; 9                    ;
; I/O pins             ; 21                   ;
; Maximum fan-out node ; VEN_H                ;
; Maximum fan-out      ; 18                   ;
; Total fan-out        ; 117                  ;
; Average fan-out      ; 2.44                 ;
+----------------------+----------------------+


+------------------------------------------------------------------------------------------------------------------------------+
; Analysis & Synthesis Resource Utilization by Entity                                                                          ;
+-------------------------------------------+------------+------+--------------------------------------------------------------+
; Compilation Hierarchy Node                ; Macrocells ; Pins ; Full Hierarchy Name                                          ;
+-------------------------------------------+------------+------+--------------------------------------------------------------+
; |VGA3                                     ; 27         ; 21   ; |VGA3                                                        ;
;    |lpm_counter0:inst|                    ; 9          ; 0    ; |VGA3|lpm_counter0:inst                                      ;
;       |lpm_counter:lpm_counter_component| ; 9          ; 0    ; |VGA3|lpm_counter0:inst|lpm_counter:lpm_counter_component    ;
;    |lpm_latch1:inst5|                     ; 9          ; 0    ; |VGA3|lpm_latch1:inst5                                       ;
;       |lpm_latch:lpm_latch_component|     ; 9          ; 0    ; |VGA3|lpm_latch1:inst5|lpm_latch:lpm_latch_component         ;
;    |lpm_mux0:inst2|                       ; 9          ; 0    ; |VGA3|lpm_mux0:inst2                                         ;
;       |lpm_mux:lpm_mux_component|         ; 9          ; 0    ; |VGA3|lpm_mux0:inst2|lpm_mux:lpm_mux_component               ;
;          |muxlut:$00009|                  ; 1          ; 0    ; |VGA3|lpm_mux0:inst2|lpm_mux:lpm_mux_component|muxlut:$00009 ;
;          |muxlut:$00011|                  ; 1          ; 0    ; |VGA3|lpm_mux0:inst2|lpm_mux:lpm_mux_component|muxlut:$00011 ;
;          |muxlut:$00013|                  ; 1          ; 0    ; |VGA3|lpm_mux0:inst2|lpm_mux:lpm_mux_component|muxlut:$00013 ;
;          |muxlut:$00015|                  ; 1          ; 0    ; |VGA3|lpm_mux0:inst2|lpm_mux:lpm_mux_component|muxlut:$00015 ;
;          |muxlut:$00017|                  ; 1          ; 0    ; |VGA3|lpm_mux0:inst2|lpm_mux:lpm_mux_component|muxlut:$00017 ;
;          |muxlut:$00019|                  ; 1          ; 0    ; |VGA3|lpm_mux0:inst2|lpm_mux:lpm_mux_component|muxlut:$00019 ;
;          |muxlut:$00021|                  ; 1          ; 0    ; |VGA3|lpm_mux0:inst2|lpm_mux:lpm_mux_component|muxlut:$00021 ;
;          |muxlut:$00023|                  ; 1          ; 0    ; |VGA3|lpm_mux0:inst2|lpm_mux:lpm_mux_component|muxlut:$00023 ;
;          |muxlut:$00025|                  ; 1          ; 0    ; |VGA3|lpm_mux0:inst2|lpm_mux:lpm_mux_component|muxlut:$00025 ;
+-------------------------------------------+------------+------+--------------------------------------------------------------+


+----------------------------------------------------------------------------------------------------------+
; User-Specified and Inferred Latches                                                                      ;
+-----------------------------------------------------------+---------------------+------------------------+
; Latch Name                                                ; Latch Enable Signal ; Free of Timing Hazards ;
+-----------------------------------------------------------+---------------------+------------------------+
; lpm_latch1:inst5|lpm_latch:lpm_latch_component|latches[8] ; ALE                 ; yes                    ;
; lpm_latch1:inst5|lpm_latch:lpm_latch_component|latches[7] ; ALE                 ; yes                    ;
; lpm_latch1:inst5|lpm_latch:lpm_latch_component|latches[6] ; ALE                 ; yes                    ;
; lpm_latch1:inst5|lpm_latch:lpm_latch_component|latches[5] ; ALE                 ; yes                    ;
; lpm_latch1:inst5|lpm_latch:lpm_latch_component|latches[4] ; ALE                 ; yes                    ;
; lpm_latch1:inst5|lpm_latch:lpm_latch_component|latches[3] ; ALE                 ; yes                    ;
; lpm_latch1:inst5|lpm_latch:lpm_latch_component|latches[2] ; ALE                 ; yes                    ;
; lpm_latch1:inst5|lpm_latch:lpm_latch_component|latches[1] ; ALE                 ; yes                    ;
; lpm_latch1:inst5|lpm_latch:lpm_latch_component|latches[0] ; ALE                 ; yes                    ;
; Number of user-specified and inferred latches = 9         ;                     ;                        ;
+-----------------------------------------------------------+---------------------+------------------------+
Note: All latches listed above may not be present at the end of synthesis due to various synthesis optimizations.


+---------------------------------------------------------------------------------------+
; Parameter Settings for User Entity Instance: lpm_mux0:inst2|lpm_mux:lpm_mux_component ;
+------------------------+----------+---------------------------------------------------+
; Parameter Name         ; Value    ; Type                                              ;
+------------------------+----------+---------------------------------------------------+
; AUTO_CARRY_CHAINS      ; ON       ; AUTO_CARRY                                        ;
; IGNORE_CARRY_BUFFERS   ; OFF      ; IGNORE_CARRY                                      ;
; AUTO_CASCADE_CHAINS    ; ON       ; AUTO_CASCADE                                      ;
; IGNORE_CASCADE_BUFFERS ; OFF      ; IGNORE_CASCADE                                    ;
; LPM_WIDTH              ; 9        ; Signed Integer                                    ;
; LPM_SIZE               ; 2        ; Signed Integer                                    ;
; LPM_WIDTHS             ; 1        ; Signed Integer                                    ;
; LPM_PIPELINE           ; 0        ; Untyped                                           ;
; CBXI_PARAMETER         ; mux_8bc  ; Untyped                                           ;
; DEVICE_FAMILY          ; MAX3000A ; Untyped                                           ;
+------------------------+----------+---------------------------------------------------+
Note: In order to hide this table in the UI and the text report file, please set the "Show Parameter Settings Tables in Synthesis Report" option in "Analysis and Synthesis Settings -> More Settings" to "Off".


+---------------------------------------------------------------------------------------------+
; Parameter Settings for User Entity Instance: lpm_latch1:inst5|lpm_latch:lpm_latch_component ;
+----------------+--------+-------------------------------------------------------------------+
; Parameter Name ; Value  ; Type                                                              ;
+----------------+--------+-------------------------------------------------------------------+
; LPM_WIDTH      ; 9      ; Signed Integer                                                    ;
; LPM_AVALUE     ; UNUSED ; Untyped                                                           ;
+----------------+--------+-------------------------------------------------------------------+
Note: In order to hide this table in the UI and the text report file, please set the "Show Parameter Settings Tables in Synthesis Report" option in "Analysis and Synthesis Settings -> More Settings" to "Off".


+--------------------------------------------------------------------------------------------------+
; Parameter Settings for User Entity Instance: lpm_counter0:inst|lpm_counter:lpm_counter_component ;
+------------------------+-------------+-----------------------------------------------------------+
; Parameter Name         ; Value       ; Type                                                      ;
+------------------------+-------------+-----------------------------------------------------------+
; AUTO_CARRY_CHAINS      ; ON          ; AUTO_CARRY                                                ;
; IGNORE_CARRY_BUFFERS   ; OFF         ; IGNORE_CARRY                                              ;
; AUTO_CASCADE_CHAINS    ; ON          ; AUTO_CASCADE                                              ;
; IGNORE_CASCADE_BUFFERS ; OFF         ; IGNORE_CASCADE                                            ;
; LPM_WIDTH              ; 9           ; Signed Integer                                            ;
; LPM_DIRECTION          ; UP          ; Untyped                                                   ;
; LPM_MODULUS            ; 0           ; Untyped                                                   ;
; LPM_AVALUE             ; UNUSED      ; Untyped                                                   ;
; LPM_SVALUE             ; UNUSED      ; Untyped                                                   ;
; LPM_PORT_UPDOWN        ; PORT_UNUSED ; Untyped                                                   ;
; DEVICE_FAMILY          ; MAX3000A    ; Untyped                                                   ;
; CARRY_CHAIN            ; MANUAL      ; Untyped                                                   ;
; CARRY_CHAIN_LENGTH     ; 48          ; CARRY_CHAIN_LENGTH                                        ;
; NOT_GATE_PUSH_BACK     ; ON          ; NOT_GATE_PUSH_BACK                                        ;
; CARRY_CNT_EN           ; SMART       ; Untyped                                                   ;
; LABWIDE_SCLR           ; ON          ; Untyped                                                   ;
; USE_NEW_VERSION        ; TRUE        ; Untyped                                                   ;
; CBXI_PARAMETER         ; NOTHING     ; Untyped                                                   ;
+------------------------+-------------+-----------------------------------------------------------+
Note: In order to hide this table in the UI and the text report file, please set the "Show Parameter Settings Tables in Synthesis Report" option in "Analysis and Synthesis Settings -> More Settings" to "Off".


+-------------------------------+
; Analysis & Synthesis Messages ;
+-------------------------------+
Info: *******************************************************************
Info: Running Quartus II Analysis & Synthesis
    Info: Version 6.1 Build 201 11/27/2006 SJ Web Edition
    Info: Processing started: Mon May 07 19:10:22 2007
Info: Command: quartus_map --read_settings_files=on --write_settings_files=off VGA3 -c VGA3
Info: Found 1 design units, including 1 entities, in source file VGA3.bdf
    Info: Found entity 1: VGA3
Info: Elaborating entity "VGA3" for the top level hierarchy
Warning: Using design file lpm_mux0.v, which is not specified as a design file for the current project, but contains definitions for 1 design units and 1 entities in project
    Info: Found entity 1: lpm_mux0
Info: Elaborating entity "lpm_mux0" for hierarchy "lpm_mux0:inst2"
Info: Found 1 design units, including 1 entities, in source file ../../../61/quartus/libraries/megafunctions/lpm_mux.tdf
    Info: Found entity 1: lpm_mux
Info: Elaborating entity "lpm_mux" for hierarchy "lpm_mux0:inst2|lpm_mux:lpm_mux_component"
Info: Elaborated megafunction instantiation "lpm_mux0:inst2|lpm_mux:lpm_mux_component"
Info: Found 1 design units, including 1 entities, in source file ../../../61/quartus/libraries/megafunctions/altshift.tdf
    Info: Found entity 1: altshift
Info: Elaborating entity "altshift" for hierarchy "lpm_mux0:inst2|lpm_mux:lpm_mux_component|altshift:external_latency_ffs"
Info: Elaborated megafunction instantiation "lpm_mux0:inst2|lpm_mux:lpm_mux_component|altshift:external_latency_ffs", which is child of megafunction instantiation "lpm_mux0:inst2|lpm_mux:lpm_mux_component"
Info: Instantiated megafunction "lpm_mux0:inst2|lpm_mux:lpm_mux_component" with the following parameter:
    Info: Parameter "lpm_size" = "2"
    Info: Parameter "lpm_type" = "LPM_MUX"
    Info: Parameter "lpm_width" = "9"
    Info: Parameter "lpm_widths" = "1"
Info: Found 1 design units, including 1 entities, in source file ../../../61/quartus/libraries/megafunctions/muxlut.tdf
    Info: Found entity 1: muxlut
Info: Elaborating entity "muxlut" for hierarchy "lpm_mux0:inst2|lpm_mux:lpm_mux_component|muxlut:$00009"
Info: Elaborated megafunction instantiation "lpm_mux0:inst2|lpm_mux:lpm_mux_component|muxlut:$00009", which is child of megafunction instantiation "lpm_mux0:inst2|lpm_mux:lpm_mux_component"
Info: Instantiated megafunction "lpm_mux0:inst2|lpm_mux:lpm_mux_component" with the following parameter:
    Info: Parameter "lpm_size" = "2"
    Info: Parameter "lpm_type" = "LPM_MUX"
    Info: Parameter "lpm_width" = "9"
    Info: Parameter "lpm_widths" = "1"
Warning: Using design file lpm_latch1.v, which is not specified as a design file for the current project, but contains definitions for 1 design units and 1 entities in project
    Info: Found entity 1: lpm_latch1
Info: Elaborating entity "lpm_latch1" for hierarchy "lpm_latch1:inst5"
Info: Found 1 design units, including 1 entities, in source file ../../../61/quartus/libraries/megafunctions/lpm_latch.tdf
    Info: Found entity 1: lpm_latch
Info: Elaborating entity "lpm_latch" for hierarchy "lpm_latch1:inst5|lpm_latch:lpm_latch_component"
Info: Elaborated megafunction instantiation "lpm_latch1:inst5|lpm_latch:lpm_latch_component"
Warning: Using design file lpm_counter0.v, which is not specified as a design file for the current project, but contains definitions for 1 design units and 1 entities in project
    Info: Found entity 1: lpm_counter0
Info: Elaborating entity "lpm_counter0" for hierarchy "lpm_counter0:inst"
Info: Found 1 design units, including 1 entities, in source file ../../../61/quartus/libraries/megafunctions/lpm_counter.tdf
    Info: Found entity 1: lpm_counter
Info: Elaborating entity "lpm_counter" for hierarchy "lpm_counter0:inst|lpm_counter:lpm_counter_component"
Info: Elaborated megafunction instantiation "lpm_counter0:inst|lpm_counter:lpm_counter_component"
Info: Promoted pin-driven signal(s) to global signal
    Info: Promoted clock signal driven by pin "VEN_H" to global clock signal
    Info: Promoted clear signal driven by pin "VEN_V" to global clear signal
Info: Implemented 48 device resources after synthesis - the final resource count might be different
    Info: Implemented 12 input pins
    Info: Implemented 9 output pins
    Info: Implemented 27 macrocells
Info: Quartus II Analysis & Synthesis was successful. 0 errors, 3 warnings
    Info: Allocated 120 megabytes of memory during processing
    Info: Processing ended: Mon May 07 19:10:24 2007
    Info: Elapsed time: 00:00:02


