Classic Timing Analyzer report for VGA3
Mon May 07 19:10:32 2007
Quartus II Version 6.1 Build 201 11/27/2006 SJ Web Edition


---------------------
; Table of Contents ;
---------------------
  1. Legal Notice
  2. Timing Analyzer Summary
  3. Timing Analyzer Settings
  4. Clock Settings Summary
  5. Clock Setup: 'VEN_H'
  6. tco
  7. tpd
  8. Timing Analyzer Messages



----------------
; Legal Notice ;
----------------
Copyright (C) 1991-2006 Altera Corporation
Your use of Altera Corporation's design tools, logic functions 
and other software and tools, and its AMPP partner logic 
functions, and any output files from any of the foregoing 
(including device programming or simulation files), and any 
associated documentation or information are expressly subject 
to the terms and conditions of the Altera Program License 
Subscription Agreement, Altera MegaCore Function License 
Agreement, or other applicable license agreement, including, 
without limitation, that your use is for the sole purpose of 
programming logic devices manufactured by Altera and sold by 
Altera or its authorized distributors.  Please refer to the 
applicable agreement for further details.



+------------------------------------------------------------------------------------------------------------------------------------------------------------------------------------------------------------------------------------------------------------+
; Timing Analyzer Summary                                                                                                                                                                                                                                    ;
+------------------------------+-------+---------------+----------------------------------+-------------------------------------------------------------+-------------------------------------------------------------+------------+----------+--------------+
; Type                         ; Slack ; Required Time ; Actual Time                      ; From                                                        ; To                                                          ; From Clock ; To Clock ; Failed Paths ;
+------------------------------+-------+---------------+----------------------------------+-------------------------------------------------------------+-------------------------------------------------------------+------------+----------+--------------+
; Worst-case tco               ; N/A   ; None          ; 13.500 ns                        ; lpm_counter0:inst|lpm_counter:lpm_counter_component|dffs[0] ; ADD[0]                                                      ; VEN_H      ; --       ; 0            ;
; Worst-case tpd               ; N/A   ; None          ; 16.800 ns                        ; UCADD[0]                                                    ; ADD[0]                                                      ; --         ; --       ; 0            ;
; Clock Setup: 'VEN_H'         ; N/A   ; None          ; 102.04 MHz ( period = 9.800 ns ) ; lpm_counter0:inst|lpm_counter:lpm_counter_component|dffs[0] ; lpm_counter0:inst|lpm_counter:lpm_counter_component|dffs[8] ; VEN_H      ; VEN_H    ; 0            ;
; Total number of failed paths ;       ;               ;                                  ;                                                             ;                                                             ;            ;          ; 0            ;
+------------------------------+-------+---------------+----------------------------------+-------------------------------------------------------------+-------------------------------------------------------------+------------+----------+--------------+


+------------------------------------------------------------------------------------------------------+
; Timing Analyzer Settings                                                                             ;
+-------------------------------------------------------+--------------------+------+----+-------------+
; Option                                                ; Setting            ; From ; To ; Entity Name ;
+-------------------------------------------------------+--------------------+------+----+-------------+
; Device Name                                           ; EPM3032ALC44-10    ;      ;    ;             ;
; Timing Models                                         ; Final              ;      ;    ;             ;
; Default hold multicycle                               ; Same as Multicycle ;      ;    ;             ;
; Cut paths between unrelated clock domains             ; On                 ;      ;    ;             ;
; Cut off read during write signal paths                ; On                 ;      ;    ;             ;
; Cut off feedback from I/O pins                        ; On                 ;      ;    ;             ;
; Report Combined Fast/Slow Timing                      ; Off                ;      ;    ;             ;
; Ignore Clock Settings                                 ; Off                ;      ;    ;             ;
; Analyze latches as synchronous elements               ; On                 ;      ;    ;             ;
; Enable Recovery/Removal analysis                      ; Off                ;      ;    ;             ;
; Enable Clock Latency                                  ; Off                ;      ;    ;             ;
; Number of source nodes to report per destination node ; 10                 ;      ;    ;             ;
; Number of destination nodes to report                 ; 10                 ;      ;    ;             ;
; Number of paths to report                             ; 200                ;      ;    ;             ;
; Report Minimum Timing Checks                          ; Off                ;      ;    ;             ;
; Use Fast Timing Models                                ; Off                ;      ;    ;             ;
; Report IO Paths Separately                            ; Off                ;      ;    ;             ;
+-------------------------------------------------------+--------------------+------+----+-------------+


+------------------------------------------------------------------------------------------------------------------------------------------------------------------------------------+
; Clock Settings Summary                                                                                                                                                             ;
+-----------------+--------------------+----------+------------------+---------------+--------------+----------+-----------------------+---------------------+--------+--------------+
; Clock Node Name ; Clock Setting Name ; Type     ; Fmax Requirement ; Early Latency ; Late Latency ; Based on ; Multiply Base Fmax by ; Divide Base Fmax by ; Offset ; Phase offset ;
+-----------------+--------------------+----------+------------------+---------------+--------------+----------+-----------------------+---------------------+--------+--------------+
; VEN_H           ;                    ; User Pin ; None             ; 0.000 ns      ; 0.000 ns     ; --       ; N/A                   ; N/A                 ; N/A    ;              ;
+-----------------+--------------------+----------+------------------+---------------+--------------+----------+-----------------------+---------------------+--------+--------------+


+----------------------------------------------------------------------------------------------------------------------------------------------------------------------------------------------------------------------------------------------------------------------------------+
; Clock Setup: 'VEN_H'                                                                                                                                                                                                                                                             ;
+-------+----------------------------------+-------------------------------------------------------------+-------------------------------------------------------------+------------+----------+-----------------------------+---------------------------+-------------------------+
; Slack ; Actual fmax (period)             ; From                                                        ; To                                                          ; From Clock ; To Clock ; Required Setup Relationship ; Required Longest P2P Time ; Actual Longest P2P Time ;
+-------+----------------------------------+-------------------------------------------------------------+-------------------------------------------------------------+------------+----------+-----------------------------+---------------------------+-------------------------+
; N/A   ; 102.04 MHz ( period = 9.800 ns ) ; lpm_counter0:inst|lpm_counter:lpm_counter_component|dffs[0] ; lpm_counter0:inst|lpm_counter:lpm_counter_component|dffs[1] ; VEN_H      ; VEN_H    ; None                        ; None                      ; 5.500 ns                ;
; N/A   ; 102.04 MHz ( period = 9.800 ns ) ; lpm_counter0:inst|lpm_counter:lpm_counter_component|dffs[0] ; lpm_counter0:inst|lpm_counter:lpm_counter_component|dffs[2] ; VEN_H      ; VEN_H    ; None                        ; None                      ; 5.500 ns                ;
; N/A   ; 102.04 MHz ( period = 9.800 ns ) ; lpm_counter0:inst|lpm_counter:lpm_counter_component|dffs[0] ; lpm_counter0:inst|lpm_counter:lpm_counter_component|dffs[3] ; VEN_H      ; VEN_H    ; None                        ; None                      ; 5.500 ns                ;
; N/A   ; 102.04 MHz ( period = 9.800 ns ) ; lpm_counter0:inst|lpm_counter:lpm_counter_component|dffs[0] ; lpm_counter0:inst|lpm_counter:lpm_counter_component|dffs[4] ; VEN_H      ; VEN_H    ; None                        ; None                      ; 5.500 ns                ;
; N/A   ; 102.04 MHz ( period = 9.800 ns ) ; lpm_counter0:inst|lpm_counter:lpm_counter_component|dffs[0] ; lpm_counter0:inst|lpm_counter:lpm_counter_component|dffs[5] ; VEN_H      ; VEN_H    ; None                        ; None                      ; 5.500 ns                ;
; N/A   ; 102.04 MHz ( period = 9.800 ns ) ; lpm_counter0:inst|lpm_counter:lpm_counter_component|dffs[0] ; lpm_counter0:inst|lpm_counter:lpm_counter_component|dffs[6] ; VEN_H      ; VEN_H    ; None                        ; None                      ; 5.500 ns                ;
; N/A   ; 102.04 MHz ( period = 9.800 ns ) ; lpm_counter0:inst|lpm_counter:lpm_counter_component|dffs[0] ; lpm_counter0:inst|lpm_counter:lpm_counter_component|dffs[7] ; VEN_H      ; VEN_H    ; None                        ; None                      ; 5.500 ns                ;
; N/A   ; 102.04 MHz ( period = 9.800 ns ) ; lpm_counter0:inst|lpm_counter:lpm_counter_component|dffs[0] ; lpm_counter0:inst|lpm_counter:lpm_counter_component|dffs[8] ; VEN_H      ; VEN_H    ; None                        ; None                      ; 5.500 ns                ;
; N/A   ; 103.09 MHz ( period = 9.700 ns ) ; lpm_counter0:inst|lpm_counter:lpm_counter_component|dffs[0] ; lpm_counter0:inst|lpm_counter:lpm_counter_component|dffs[0] ; VEN_H      ; VEN_H    ; None                        ; None                      ; 5.400 ns                ;
; N/A   ; 103.09 MHz ( period = 9.700 ns ) ; lpm_counter0:inst|lpm_counter:lpm_counter_component|dffs[1] ; lpm_counter0:inst|lpm_counter:lpm_counter_component|dffs[1] ; VEN_H      ; VEN_H    ; None                        ; None                      ; 5.400 ns                ;
; N/A   ; 103.09 MHz ( period = 9.700 ns ) ; lpm_counter0:inst|lpm_counter:lpm_counter_component|dffs[1] ; lpm_counter0:inst|lpm_counter:lpm_counter_component|dffs[2] ; VEN_H      ; VEN_H    ; None                        ; None                      ; 5.400 ns                ;
; N/A   ; 103.09 MHz ( period = 9.700 ns ) ; lpm_counter0:inst|lpm_counter:lpm_counter_component|dffs[2] ; lpm_counter0:inst|lpm_counter:lpm_counter_component|dffs[2] ; VEN_H      ; VEN_H    ; None                        ; None                      ; 5.400 ns                ;
; N/A   ; 103.09 MHz ( period = 9.700 ns ) ; lpm_counter0:inst|lpm_counter:lpm_counter_component|dffs[1] ; lpm_counter0:inst|lpm_counter:lpm_counter_component|dffs[3] ; VEN_H      ; VEN_H    ; None                        ; None                      ; 5.400 ns                ;
; N/A   ; 103.09 MHz ( period = 9.700 ns ) ; lpm_counter0:inst|lpm_counter:lpm_counter_component|dffs[2] ; lpm_counter0:inst|lpm_counter:lpm_counter_component|dffs[3] ; VEN_H      ; VEN_H    ; None                        ; None                      ; 5.400 ns                ;
; N/A   ; 103.09 MHz ( period = 9.700 ns ) ; lpm_counter0:inst|lpm_counter:lpm_counter_component|dffs[3] ; lpm_counter0:inst|lpm_counter:lpm_counter_component|dffs[3] ; VEN_H      ; VEN_H    ; None                        ; None                      ; 5.400 ns                ;
; N/A   ; 103.09 MHz ( period = 9.700 ns ) ; lpm_counter0:inst|lpm_counter:lpm_counter_component|dffs[1] ; lpm_counter0:inst|lpm_counter:lpm_counter_component|dffs[4] ; VEN_H      ; VEN_H    ; None                        ; None                      ; 5.400 ns                ;
; N/A   ; 103.09 MHz ( period = 9.700 ns ) ; lpm_counter0:inst|lpm_counter:lpm_counter_component|dffs[2] ; lpm_counter0:inst|lpm_counter:lpm_counter_component|dffs[4] ; VEN_H      ; VEN_H    ; None                        ; None                      ; 5.400 ns                ;
; N/A   ; 103.09 MHz ( period = 9.700 ns ) ; lpm_counter0:inst|lpm_counter:lpm_counter_component|dffs[3] ; lpm_counter0:inst|lpm_counter:lpm_counter_component|dffs[4] ; VEN_H      ; VEN_H    ; None                        ; None                      ; 5.400 ns                ;
; N/A   ; 103.09 MHz ( period = 9.700 ns ) ; lpm_counter0:inst|lpm_counter:lpm_counter_component|dffs[4] ; lpm_counter0:inst|lpm_counter:lpm_counter_component|dffs[4] ; VEN_H      ; VEN_H    ; None                        ; None                      ; 5.400 ns                ;
; N/A   ; 103.09 MHz ( period = 9.700 ns ) ; lpm_counter0:inst|lpm_counter:lpm_counter_component|dffs[1] ; lpm_counter0:inst|lpm_counter:lpm_counter_component|dffs[5] ; VEN_H      ; VEN_H    ; None                        ; None                      ; 5.400 ns                ;
; N/A   ; 103.09 MHz ( period = 9.700 ns ) ; lpm_counter0:inst|lpm_counter:lpm_counter_component|dffs[2] ; lpm_counter0:inst|lpm_counter:lpm_counter_component|dffs[5] ; VEN_H      ; VEN_H    ; None                        ; None                      ; 5.400 ns                ;
; N/A   ; 103.09 MHz ( period = 9.700 ns ) ; lpm_counter0:inst|lpm_counter:lpm_counter_component|dffs[3] ; lpm_counter0:inst|lpm_counter:lpm_counter_component|dffs[5] ; VEN_H      ; VEN_H    ; None                        ; None                      ; 5.400 ns                ;
; N/A   ; 103.09 MHz ( period = 9.700 ns ) ; lpm_counter0:inst|lpm_counter:lpm_counter_component|dffs[4] ; lpm_counter0:inst|lpm_counter:lpm_counter_component|dffs[5] ; VEN_H      ; VEN_H    ; None                        ; None                      ; 5.400 ns                ;
; N/A   ; 103.09 MHz ( period = 9.700 ns ) ; lpm_counter0:inst|lpm_counter:lpm_counter_component|dffs[5] ; lpm_counter0:inst|lpm_counter:lpm_counter_component|dffs[5] ; VEN_H      ; VEN_H    ; None                        ; None                      ; 5.400 ns                ;
; N/A   ; 103.09 MHz ( period = 9.700 ns ) ; lpm_counter0:inst|lpm_counter:lpm_counter_component|dffs[1] ; lpm_counter0:inst|lpm_counter:lpm_counter_component|dffs[6] ; VEN_H      ; VEN_H    ; None                        ; None                      ; 5.400 ns                ;
; N/A   ; 103.09 MHz ( period = 9.700 ns ) ; lpm_counter0:inst|lpm_counter:lpm_counter_component|dffs[2] ; lpm_counter0:inst|lpm_counter:lpm_counter_component|dffs[6] ; VEN_H      ; VEN_H    ; None                        ; None                      ; 5.400 ns                ;
; N/A   ; 103.09 MHz ( period = 9.700 ns ) ; lpm_counter0:inst|lpm_counter:lpm_counter_component|dffs[3] ; lpm_counter0:inst|lpm_counter:lpm_counter_component|dffs[6] ; VEN_H      ; VEN_H    ; None                        ; None                      ; 5.400 ns                ;
; N/A   ; 103.09 MHz ( period = 9.700 ns ) ; lpm_counter0:inst|lpm_counter:lpm_counter_component|dffs[4] ; lpm_counter0:inst|lpm_counter:lpm_counter_component|dffs[6] ; VEN_H      ; VEN_H    ; None                        ; None                      ; 5.400 ns                ;
; N/A   ; 103.09 MHz ( period = 9.700 ns ) ; lpm_counter0:inst|lpm_counter:lpm_counter_component|dffs[5] ; lpm_counter0:inst|lpm_counter:lpm_counter_component|dffs[6] ; VEN_H      ; VEN_H    ; None                        ; None                      ; 5.400 ns                ;
; N/A   ; 103.09 MHz ( period = 9.700 ns ) ; lpm_counter0:inst|lpm_counter:lpm_counter_component|dffs[6] ; lpm_counter0:inst|lpm_counter:lpm_counter_component|dffs[6] ; VEN_H      ; VEN_H    ; None                        ; None                      ; 5.400 ns                ;
; N/A   ; 103.09 MHz ( period = 9.700 ns ) ; lpm_counter0:inst|lpm_counter:lpm_counter_component|dffs[1] ; lpm_counter0:inst|lpm_counter:lpm_counter_component|dffs[7] ; VEN_H      ; VEN_H    ; None                        ; None                      ; 5.400 ns                ;
; N/A   ; 103.09 MHz ( period = 9.700 ns ) ; lpm_counter0:inst|lpm_counter:lpm_counter_component|dffs[2] ; lpm_counter0:inst|lpm_counter:lpm_counter_component|dffs[7] ; VEN_H      ; VEN_H    ; None                        ; None                      ; 5.400 ns                ;
; N/A   ; 103.09 MHz ( period = 9.700 ns ) ; lpm_counter0:inst|lpm_counter:lpm_counter_component|dffs[3] ; lpm_counter0:inst|lpm_counter:lpm_counter_component|dffs[7] ; VEN_H      ; VEN_H    ; None                        ; None                      ; 5.400 ns                ;
; N/A   ; 103.09 MHz ( period = 9.700 ns ) ; lpm_counter0:inst|lpm_counter:lpm_counter_component|dffs[4] ; lpm_counter0:inst|lpm_counter:lpm_counter_component|dffs[7] ; VEN_H      ; VEN_H    ; None                        ; None                      ; 5.400 ns                ;
; N/A   ; 103.09 MHz ( period = 9.700 ns ) ; lpm_counter0:inst|lpm_counter:lpm_counter_component|dffs[5] ; lpm_counter0:inst|lpm_counter:lpm_counter_component|dffs[7] ; VEN_H      ; VEN_H    ; None                        ; None                      ; 5.400 ns                ;
; N/A   ; 103.09 MHz ( period = 9.700 ns ) ; lpm_counter0:inst|lpm_counter:lpm_counter_component|dffs[6] ; lpm_counter0:inst|lpm_counter:lpm_counter_component|dffs[7] ; VEN_H      ; VEN_H    ; None                        ; None                      ; 5.400 ns                ;
; N/A   ; 103.09 MHz ( period = 9.700 ns ) ; lpm_counter0:inst|lpm_counter:lpm_counter_component|dffs[7] ; lpm_counter0:inst|lpm_counter:lpm_counter_component|dffs[7] ; VEN_H      ; VEN_H    ; None                        ; None                      ; 5.400 ns                ;
; N/A   ; 103.09 MHz ( period = 9.700 ns ) ; lpm_counter0:inst|lpm_counter:lpm_counter_component|dffs[1] ; lpm_counter0:inst|lpm_counter:lpm_counter_component|dffs[8] ; VEN_H      ; VEN_H    ; None                        ; None                      ; 5.400 ns                ;
; N/A   ; 103.09 MHz ( period = 9.700 ns ) ; lpm_counter0:inst|lpm_counter:lpm_counter_component|dffs[2] ; lpm_counter0:inst|lpm_counter:lpm_counter_component|dffs[8] ; VEN_H      ; VEN_H    ; None                        ; None                      ; 5.400 ns                ;
; N/A   ; 103.09 MHz ( period = 9.700 ns ) ; lpm_counter0:inst|lpm_counter:lpm_counter_component|dffs[3] ; lpm_counter0:inst|lpm_counter:lpm_counter_component|dffs[8] ; VEN_H      ; VEN_H    ; None                        ; None                      ; 5.400 ns                ;
; N/A   ; 103.09 MHz ( period = 9.700 ns ) ; lpm_counter0:inst|lpm_counter:lpm_counter_component|dffs[4] ; lpm_counter0:inst|lpm_counter:lpm_counter_component|dffs[8] ; VEN_H      ; VEN_H    ; None                        ; None                      ; 5.400 ns                ;
; N/A   ; 103.09 MHz ( period = 9.700 ns ) ; lpm_counter0:inst|lpm_counter:lpm_counter_component|dffs[5] ; lpm_counter0:inst|lpm_counter:lpm_counter_component|dffs[8] ; VEN_H      ; VEN_H    ; None                        ; None                      ; 5.400 ns                ;
; N/A   ; 103.09 MHz ( period = 9.700 ns ) ; lpm_counter0:inst|lpm_counter:lpm_counter_component|dffs[6] ; lpm_counter0:inst|lpm_counter:lpm_counter_component|dffs[8] ; VEN_H      ; VEN_H    ; None                        ; None                      ; 5.400 ns                ;
; N/A   ; 103.09 MHz ( period = 9.700 ns ) ; lpm_counter0:inst|lpm_counter:lpm_counter_component|dffs[7] ; lpm_counter0:inst|lpm_counter:lpm_counter_component|dffs[8] ; VEN_H      ; VEN_H    ; None                        ; None                      ; 5.400 ns                ;
; N/A   ; 103.09 MHz ( period = 9.700 ns ) ; lpm_counter0:inst|lpm_counter:lpm_counter_component|dffs[8] ; lpm_counter0:inst|lpm_counter:lpm_counter_component|dffs[8] ; VEN_H      ; VEN_H    ; None                        ; None                      ; 5.400 ns                ;
+-------+----------------------------------+-------------------------------------------------------------+-------------------------------------------------------------+------------+----------+-----------------------------+---------------------------+-------------------------+


+-----------------------------------------------------------------------------------------------------------------------+
; tco                                                                                                                   ;
+-------+--------------+------------+-------------------------------------------------------------+--------+------------+
; Slack ; Required tco ; Actual tco ; From                                                        ; To     ; From Clock ;
+-------+--------------+------------+-------------------------------------------------------------+--------+------------+
; N/A   ; None         ; 13.500 ns  ; lpm_counter0:inst|lpm_counter:lpm_counter_component|dffs[0] ; ADD[0] ; VEN_H      ;
; N/A   ; None         ; 13.400 ns  ; lpm_counter0:inst|lpm_counter:lpm_counter_component|dffs[8] ; ADD[8] ; VEN_H      ;
; N/A   ; None         ; 13.400 ns  ; lpm_counter0:inst|lpm_counter:lpm_counter_component|dffs[7] ; ADD[7] ; VEN_H      ;
; N/A   ; None         ; 13.400 ns  ; lpm_counter0:inst|lpm_counter:lpm_counter_component|dffs[6] ; ADD[6] ; VEN_H      ;
; N/A   ; None         ; 13.400 ns  ; lpm_counter0:inst|lpm_counter:lpm_counter_component|dffs[5] ; ADD[5] ; VEN_H      ;
; N/A   ; None         ; 13.400 ns  ; lpm_counter0:inst|lpm_counter:lpm_counter_component|dffs[4] ; ADD[4] ; VEN_H      ;
; N/A   ; None         ; 13.400 ns  ; lpm_counter0:inst|lpm_counter:lpm_counter_component|dffs[3] ; ADD[3] ; VEN_H      ;
; N/A   ; None         ; 13.400 ns  ; lpm_counter0:inst|lpm_counter:lpm_counter_component|dffs[2] ; ADD[2] ; VEN_H      ;
; N/A   ; None         ; 13.400 ns  ; lpm_counter0:inst|lpm_counter:lpm_counter_component|dffs[1] ; ADD[1] ; VEN_H      ;
+-------+--------------+------------+-------------------------------------------------------------+--------+------------+


+-----------------------------------------------------------------+
; tpd                                                             ;
+-------+-------------------+-----------------+----------+--------+
; Slack ; Required P2P Time ; Actual P2P Time ; From     ; To     ;
+-------+-------------------+-----------------+----------+--------+
; N/A   ; None              ; 16.800 ns       ; UCADD[8] ; ADD[8] ;
; N/A   ; None              ; 16.800 ns       ; ALE      ; ADD[8] ;
; N/A   ; None              ; 16.800 ns       ; ALE      ; ADD[7] ;
; N/A   ; None              ; 16.800 ns       ; UCADD[7] ; ADD[7] ;
; N/A   ; None              ; 16.800 ns       ; ALE      ; ADD[6] ;
; N/A   ; None              ; 16.800 ns       ; UCADD[6] ; ADD[6] ;
; N/A   ; None              ; 16.800 ns       ; ALE      ; ADD[5] ;
; N/A   ; None              ; 16.800 ns       ; UCADD[5] ; ADD[5] ;
; N/A   ; None              ; 16.800 ns       ; ALE      ; ADD[4] ;
; N/A   ; None              ; 16.800 ns       ; UCADD[4] ; ADD[4] ;
; N/A   ; None              ; 16.800 ns       ; ALE      ; ADD[3] ;
; N/A   ; None              ; 16.800 ns       ; UCADD[3] ; ADD[3] ;
; N/A   ; None              ; 16.800 ns       ; ALE      ; ADD[2] ;
; N/A   ; None              ; 16.800 ns       ; UCADD[2] ; ADD[2] ;
; N/A   ; None              ; 16.800 ns       ; ALE      ; ADD[1] ;
; N/A   ; None              ; 16.800 ns       ; UCADD[1] ; ADD[1] ;
; N/A   ; None              ; 16.800 ns       ; ALE      ; ADD[0] ;
; N/A   ; None              ; 16.800 ns       ; UCADD[0] ; ADD[0] ;
; N/A   ; None              ; 10.000 ns       ; VEN_H    ; ADD[8] ;
; N/A   ; None              ; 10.000 ns       ; VEN_H    ; ADD[7] ;
; N/A   ; None              ; 10.000 ns       ; VEN_H    ; ADD[6] ;
; N/A   ; None              ; 10.000 ns       ; VEN_H    ; ADD[5] ;
; N/A   ; None              ; 10.000 ns       ; VEN_H    ; ADD[4] ;
; N/A   ; None              ; 10.000 ns       ; VEN_H    ; ADD[3] ;
; N/A   ; None              ; 10.000 ns       ; VEN_H    ; ADD[2] ;
; N/A   ; None              ; 10.000 ns       ; VEN_H    ; ADD[1] ;
; N/A   ; None              ; 10.000 ns       ; VEN_H    ; ADD[0] ;
+-------+-------------------+-----------------+----------+--------+


+--------------------------+
; Timing Analyzer Messages ;
+--------------------------+
Info: *******************************************************************
Info: Running Quartus II Classic Timing Analyzer
    Info: Version 6.1 Build 201 11/27/2006 SJ Web Edition
    Info: Processing started: Mon May 07 19:10:31 2007
Info: Command: quartus_tan --read_settings_files=off --write_settings_files=off VGA3 -c VGA3
Info: Started post-fitting delay annotation
Info: Delay annotation completed successfully
Warning: Timing Analysis does not support the analysis of latches as synchronous elements for the currently selected device family
Warning: Found combinational loop of 1 nodes
    Warning: Node "lpm_latch1:inst5|lpm_latch:lpm_latch_component|latches[0]~106"
Warning: Found combinational loop of 1 nodes
    Warning: Node "lpm_latch1:inst5|lpm_latch:lpm_latch_component|latches[1]~102"
Warning: Found combinational loop of 1 nodes
    Warning: Node "lpm_latch1:inst5|lpm_latch:lpm_latch_component|latches[2]~98"
Warning: Found combinational loop of 1 nodes
    Warning: Node "lpm_latch1:inst5|lpm_latch:lpm_latch_component|latches[3]~94"
Warning: Found combinational loop of 1 nodes
    Warning: Node "lpm_latch1:inst5|lpm_latch:lpm_latch_component|latches[4]~90"
Warning: Found combinational loop of 1 nodes
    Warning: Node "lpm_latch1:inst5|lpm_latch:lpm_latch_component|latches[5]~86"
Warning: Found combinational loop of 1 nodes
    Warning: Node "lpm_latch1:inst5|lpm_latch:lpm_latch_component|latches[6]~82"
Warning: Found combinational loop of 1 nodes
    Warning: Node "lpm_latch1:inst5|lpm_latch:lpm_latch_component|latches[7]~78"
Warning: Found combinational loop of 1 nodes
    Warning: Node "lpm_latch1:inst5|lpm_latch:lpm_latch_component|latches[8]~74"
Warning: Found pins functioning as undefined clocks and/or memory enables
    Info: Assuming node "VEN_H" is an undefined clock
Info: Clock "VEN_H" has Internal fmax of 102.04 MHz between source register "lpm_counter0:inst|lpm_counter:lpm_counter_component|dffs[0]" and destination register "lpm_counter0:inst|lpm_counter:lpm_counter_component|dffs[1]" (period= 9.8 ns)
    Info: + Longest register to register delay is 5.500 ns
        Info: 1: + IC(0.000 ns) + CELL(0.000 ns) = 0.000 ns; Loc. = LC4; Fanout = 10; REG Node = 'lpm_counter0:inst|lpm_counter:lpm_counter_component|dffs[0]'
        Info: 2: + IC(2.200 ns) + CELL(3.300 ns) = 5.500 ns; Loc. = LC9; Fanout = 9; REG Node = 'lpm_counter0:inst|lpm_counter:lpm_counter_component|dffs[1]'
        Info: Total cell delay = 3.300 ns ( 60.00 % )
        Info: Total interconnect delay = 2.200 ns ( 40.00 % )
    Info: - Smallest clock skew is 0.000 ns
        Info: + Shortest clock path from clock "VEN_H" to destination register is 3.400 ns
            Info: 1: + IC(0.000 ns) + CELL(2.100 ns) = 2.100 ns; Loc. = PIN_43; Fanout = 27; CLK Node = 'VEN_H'
            Info: 2: + IC(0.000 ns) + CELL(1.300 ns) = 3.400 ns; Loc. = LC9; Fanout = 9; REG Node = 'lpm_counter0:inst|lpm_counter:lpm_counter_component|dffs[1]'
            Info: Total cell delay = 3.400 ns ( 100.00 % )
        Info: - Longest clock path from clock "VEN_H" to source register is 3.400 ns
            Info: 1: + IC(0.000 ns) + CELL(2.100 ns) = 2.100 ns; Loc. = PIN_43; Fanout = 27; CLK Node = 'VEN_H'
            Info: 2: + IC(0.000 ns) + CELL(1.300 ns) = 3.400 ns; Loc. = LC4; Fanout = 10; REG Node = 'lpm_counter0:inst|lpm_counter:lpm_counter_component|dffs[0]'
            Info: Total cell delay = 3.400 ns ( 100.00 % )
    Info: + Micro clock to output delay of source is 1.500 ns
    Info: + Micro setup delay of destination is 2.800 ns
Info: tco from clock "VEN_H" to destination pin "ADD[0]" through register "lpm_counter0:inst|lpm_counter:lpm_counter_component|dffs[0]" is 13.500 ns
    Info: + Longest clock path from clock "VEN_H" to source register is 3.400 ns
        Info: 1: + IC(0.000 ns) + CELL(2.100 ns) = 2.100 ns; Loc. = PIN_43; Fanout = 27; CLK Node = 'VEN_H'
        Info: 2: + IC(0.000 ns) + CELL(1.300 ns) = 3.400 ns; Loc. = LC4; Fanout = 10; REG Node = 'lpm_counter0:inst|lpm_counter:lpm_counter_component|dffs[0]'
        Info: Total cell delay = 3.400 ns ( 100.00 % )
    Info: + Micro clock to output delay of source is 1.500 ns
    Info: + Longest register to pin delay is 8.600 ns
        Info: 1: + IC(0.000 ns) + CELL(0.000 ns) = 0.000 ns; Loc. = LC4; Fanout = 10; REG Node = 'lpm_counter0:inst|lpm_counter:lpm_counter_component|dffs[0]'
        Info: 2: + IC(2.200 ns) + CELL(4.600 ns) = 6.800 ns; Loc. = LC17; Fanout = 1; COMB Node = 'lpm_mux0:inst2|lpm_mux:lpm_mux_component|muxlut:$00009|result_node~11'
        Info: 3: + IC(0.000 ns) + CELL(1.800 ns) = 8.600 ns; Loc. = PIN_41; Fanout = 0; PIN Node = 'ADD[0]'
        Info: Total cell delay = 6.400 ns ( 74.42 % )
        Info: Total interconnect delay = 2.200 ns ( 25.58 % )
Info: Longest tpd from source pin "UCADD[8]" to destination pin "ADD[8]" is 16.800 ns
    Info: 1: + IC(0.000 ns) + CELL(1.500 ns) = 1.500 ns; Loc. = PIN_16; Fanout = 3; PIN Node = 'UCADD[8]'
    Info: 2: + IC(0.000 ns) + CELL(6.700 ns) = 8.200 ns; Loc. = LC6; Fanout = 3; COMB LOOP Node = 'lpm_latch1:inst5|lpm_latch:lpm_latch_component|latches[8]~74'
        Info: Loc. = LC6; Node "lpm_latch1:inst5|lpm_latch:lpm_latch_component|latches[8]~74"
    Info: 3: + IC(2.200 ns) + CELL(4.600 ns) = 15.000 ns; Loc. = LC28; Fanout = 1; COMB Node = 'lpm_mux0:inst2|lpm_mux:lpm_mux_component|muxlut:$00025|result_node~11'
    Info: 4: + IC(0.000 ns) + CELL(1.800 ns) = 16.800 ns; Loc. = PIN_28; Fanout = 0; PIN Node = 'ADD[8]'
    Info: Total cell delay = 14.600 ns ( 86.90 % )
    Info: Total interconnect delay = 2.200 ns ( 13.10 % )
Info: Quartus II Classic Timing Analyzer was successful. 0 errors, 20 warnings
    Info: Allocated 96 megabytes of memory during processing
    Info: Processing ended: Mon May 07 19:10:32 2007
    Info: Elapsed time: 00:00:01


