This is pdfeTeX, Version 3.141592-1.20a-rc7.2-2.2 (MiKTeX 2.4) (preloaded format=latex 2005.4.16)  25 APR 2005 20:31
entering extended mode
**refman.tex
(refman.tex
LaTeX2e <2003/12/01>
Babel <v3.8a> and hyphenation patterns for english, french, german, ngerman, du
mylang, nohyphenation, loaded.
(C:\texmf\tex\latex\base\book.cls
Document Class: book 2004/02/16 v1.4f Standard LaTeX document class
(C:\texmf\tex\latex\base\bk10.clo
File: bk10.clo 2004/02/16 v1.4f Standard LaTeX file (size option)
)
\c@part=\count79
\c@chapter=\count80
\c@section=\count81
\c@subsection=\count82
\c@subsubsection=\count83
\c@paragraph=\count84
\c@subparagraph=\count85
\c@figure=\count86
\c@table=\count87
\abovecaptionskip=\skip41
\belowcaptionskip=\skip42
\bibindent=\dimen102
) (C:\texmf\tex\latex\ltxmisc\a4wide.sty
Package: a4wide 1994/08/30

(C:\localtexmf\tex\latex\ntgclass\a4.sty
Package: a4 1999/03/03 v1.2f A4 based page layout
)) (C:\texmf\tex\latex\base\makeidx.sty
Package: makeidx 2000/03/29 v1.0m Standard LaTeX package
) (C:\localtexmf\tex\latex\fancyhdr\fancyhdr.sty
\headwidth=\dimen103
)
(C:\texmf\tex\latex\graphics\graphicx.sty
Package: graphicx 1999/02/16 v1.0f Enhanced LaTeX Graphics (DPC,SPQR)

(C:\texmf\tex\latex\graphics\keyval.sty
Package: keyval 1999/03/16 v1.13 key=value parser (DPC)
\KV@toks@=\toks14
)
(C:\texmf\tex\latex\graphics\graphics.sty
Package: graphics 2001/07/07 v1.0n Standard LaTeX Graphics (DPC,SPQR)
 (C:\texmf\tex\latex\graphics\trig.sty
Package: trig 1999/03/16 v1.09 sin cos tan (DPC)
) (C:\texmf\tex\latex\00miktex\graphics.cfg
File: graphics.cfg 2003/03/12 v1.1 MiKTeX 'graphics' configuration
)
Package graphics Info: Driver file: pdftex.def on input line 80.

(C:\texmf\tex\latex\graphics\pdftex.def
File: pdftex.def 2002/06/19 v0.03k graphics/color for pdftex
\Gread@gobject=\count88
))
\Gin@req@height=\dimen104
\Gin@req@width=\dimen105
)
(C:\texmf\tex\latex\tools\multicol.sty
Package: multicol 2004/02/14 v1.6e multicolumn formatting (FMi)
\c@tracingmulticols=\count89
\mult@box=\box26
\multicol@leftmargin=\dimen106
\c@unbalance=\count90
\c@collectmore=\count91
\doublecol@number=\count92
\multicoltolerance=\count93
\multicolpretolerance=\count94
\full@width=\dimen107
\page@free=\dimen108
\premulticols=\dimen109
\postmulticols=\dimen110
\multicolsep=\skip43
\multicolbaselineskip=\skip44
\partial@page=\box27
\last@line=\box28
\mult@rightbox=\box29
\mult@grightbox=\box30
\mult@gfirstbox=\box31
\mult@firstbox=\box32
\@tempa=\box33
\@tempa=\box34
\@tempa=\box35
\@tempa=\box36
\@tempa=\box37
\@tempa=\box38
\@tempa=\box39
\@tempa=\box40
\@tempa=\box41
\@tempa=\box42
\@tempa=\box43
\@tempa=\box44
\@tempa=\box45
\@tempa=\box46
\@tempa=\box47
\@tempa=\box48
\@tempa=\box49
\c@columnbadness=\count95
\c@finalcolumnbadness=\count96
\last@try=\dimen111
\multicolovershoot=\dimen112
\multicolundershoot=\dimen113
\mult@nat@firstbox=\box50
\colbreak@box=\box51
) (C:\texmf\tex\latex\float\float.sty
Package: float 2001/11/08 v1.3d Float enhancements (AL)
\c@float@type=\count97
\float@exts=\toks15
\float@box=\box52
\@float@everytoks=\toks16
\@floatcapt=\box53
)
(C:\texmf\tex\latex\base\textcomp.sty
Package: textcomp 2004/02/22 v1.99f Standard LaTeX package
Package textcomp Info: Sub-encoding information:
(textcomp)               5 = only ISO-Adobe without \textcurrency
(textcomp)               4 = 5 + \texteuro
(textcomp)               3 = 4 + \textohm
(textcomp)               2 = 3 + \textestimated + \textcurrency
(textcomp)               1 = TS1 - \textcircled - \t
(textcomp)               0 = TS1 (full)
(textcomp)             Font families with sub-encoding setting implement
(textcomp)             only a restricted character set as indicated.
(textcomp)             Family '?' is the default used for unknown fonts.
(textcomp)             See the documentation for details.
Package textcomp Info: Setting ? sub-encoding to TS1/1 on input line 71.
 (C:\texmf\tex\latex\base\ts1enc.def
File: ts1enc.def 2001/06/05 v3.0e (jk/car/fm) Standard LaTeX file
)
LaTeX Info: Redefining \oldstylenums on input line 266.
Package textcomp Info: Setting cmr sub-encoding to TS1/0 on input line 281.
Package textcomp Info: Setting cmss sub-encoding to TS1/0 on input line 282.
Package textcomp Info: Setting cmtt sub-encoding to TS1/0 on input line 283.
Package textcomp Info: Setting cmvtt sub-encoding to TS1/0 on input line 284.
Package textcomp Info: Setting cmbr sub-encoding to TS1/0 on input line 285.
Package textcomp Info: Setting cmtl sub-encoding to TS1/0 on input line 286.
Package textcomp Info: Setting ccr sub-encoding to TS1/0 on input line 287.
Package textcomp Info: Setting ptm sub-encoding to TS1/4 on input line 288.
Package textcomp Info: Setting pcr sub-encoding to TS1/4 on input line 289.
Package textcomp Info: Setting phv sub-encoding to TS1/4 on input line 290.
Package textcomp Info: Setting ppl sub-encoding to TS1/3 on input line 291.
Package textcomp Info: Setting pag sub-encoding to TS1/4 on input line 292.
Package textcomp Info: Setting pbk sub-encoding to TS1/4 on input line 293.
Package textcomp Info: Setting pnc sub-encoding to TS1/4 on input line 294.
Package textcomp Info: Setting pzc sub-encoding to TS1/4 on input line 295.
Package textcomp Info: Setting bch sub-encoding to TS1/4 on input line 296.
Package textcomp Info: Setting put sub-encoding to TS1/5 on input line 297.
Package textcomp Info: Setting uag sub-encoding to TS1/5 on input line 298.
Package textcomp Info: Setting ugq sub-encoding to TS1/5 on input line 299.
Package textcomp Info: Setting ul8 sub-encoding to TS1/4 on input line 300.
Package textcomp Info: Setting ul9 sub-encoding to TS1/4 on input line 301.
Package textcomp Info: Setting augie sub-encoding to TS1/5 on input line 302.
Package textcomp Info: Setting dayrom sub-encoding to TS1/3 on input line 303.
Package textcomp Info: Setting dayroms sub-encoding to TS1/3 on input line 304.

Package textcomp Info: Setting pxr sub-encoding to TS1/0 on input line 305.
Package textcomp Info: Setting pxss sub-encoding to TS1/0 on input line 306.
Package textcomp Info: Setting pxtt sub-encoding to TS1/0 on input line 307.
Package textcomp Info: Setting txr sub-encoding to TS1/0 on input line 308.
Package textcomp Info: Setting txss sub-encoding to TS1/0 on input line 309.
Package textcomp Info: Setting txtt sub-encoding to TS1/0 on input line 310.
Package textcomp Info: Setting futs sub-encoding to TS1/4 on input line 311.
Package textcomp Info: Setting futx sub-encoding to TS1/4 on input line 312.
Package textcomp Info: Setting futj sub-encoding to TS1/4 on input line 313.
Package textcomp Info: Setting hlh sub-encoding to TS1/3 on input line 314.
Package textcomp Info: Setting hls sub-encoding to TS1/3 on input line 315.
Package textcomp Info: Setting hlst sub-encoding to TS1/3 on input line 316.
Package textcomp Info: Setting hlct sub-encoding to TS1/5 on input line 317.
Package textcomp Info: Setting hlx sub-encoding to TS1/5 on input line 318.
Package textcomp Info: Setting hlce sub-encoding to TS1/5 on input line 319.
Package textcomp Info: Setting hlcn sub-encoding to TS1/5 on input line 320.
Package textcomp Info: Setting hlcw sub-encoding to TS1/5 on input line 321.
Package textcomp Info: Setting hlcf sub-encoding to TS1/5 on input line 322.
Package textcomp Info: Setting pplx sub-encoding to TS1/3 on input line 323.
Package textcomp Info: Setting pplj sub-encoding to TS1/3 on input line 324.
Package textcomp Info: Setting ptmx sub-encoding to TS1/4 on input line 325.
Package textcomp Info: Setting ptmj sub-encoding to TS1/4 on input line 326.
)
(C:\texmf\tex\latex\base\alltt.sty
Package: alltt 1997/06/16 v2.0g defines alltt environment
) (C:\texmf\tex\latex\psnfss\times.sty
Package: times 2004/01/26 PSNFSS-v9.1b (SPQR) 
)
(C:\texmf\tex\latex\hyperref\hyperref.sty
Package: hyperref 2003/11/30 v6.74m Hypertext links for LaTeX
\@linkdim=\dimen114
\Hy@linkcounter=\count98
\Hy@pagecounter=\count99

(C:\texmf\tex\latex\hyperref\pd1enc.def
File: pd1enc.def 2003/11/30 v6.74m Hyperref: PDFDocEncoding definition (HO)
)
(C:\texmf\tex\latex\00miktex\hyperref.cfg
File: hyperref.cfg 2003/03/08 v1.0 MiKTeX 'hyperref' configuration
)
Package hyperref Info: Option `colorlinks' set `true' on input line 1830.
Package hyperref Info: Hyper figures OFF on input line 1880.
Package hyperref Info: Link nesting OFF on input line 1885.
Package hyperref Info: Hyper index ON on input line 1888.
Package hyperref Info: Plain pages ON on input line 1893.
Package hyperref Info: Backreferencing ON on input line 1898.

Implicit mode ON; LaTeX internals redefined
Package hyperref Info: Bookmarks ON on input line 2004.
(C:\texmf\tex\latex\hyperref\backref.sty
Package: backref 2003/03/20 v1.23 Bibliographical back referencing
) (C:\texmf\tex\latex\ltxmisc\url.sty
\Urlmuskip=\muskip10
Package: url 2004/03/15  ver 3.1  Verb mode for urls, etc.
)
LaTeX Info: Redefining \url on input line 2143.
\Fld@menulength=\count100
\Field@Width=\dimen115
\Fld@charsize=\dimen116
\Choice@toks=\toks17
\Field@toks=\toks18
Package hyperref Info: Hyper figures OFF on input line 2618.
Package hyperref Info: Link nesting OFF on input line 2623.
Package hyperref Info: Hyper index ON on input line 2626.
Package hyperref Info: backreferencing ON on input line 2631.
Package hyperref Info: Link coloring ON on input line 2636.
\c@Item=\count101
\c@Hfootnote=\count102
)
*hyperref using driver hpdftex*
(C:\texmf\tex\latex\hyperref\hpdftex.def
File: hpdftex.def 2003/11/30 v6.74m Hyperref driver for pdfTeX
 (C:\texmf\tex\latex\psnfss\pifont.sty
Package: pifont 2004/01/26 PSNFSS-v9.1b Pi font support (SPQR) 
LaTeX Font Info:    Try loading font information for U+pzd on input line 63.

(C:\texmf\tex\latex\psnfss\upzd.fd
File: upzd.fd 2001/06/04 font definitions for U/pzd.
)
LaTeX Font Info:    Try loading font information for U+psy on input line 64.
 (C:\texmf\tex\latex\psnfss\upsy.fd
File: upsy.fd 2001/06/04 font definitions for U/psy.
))
\Fld@listcount=\count103
\@outlinefile=\write3
)
(doxygen.sty
Package: doxygen 
 (C:\texmf\tex\latex\tools\calc.sty
Package: calc 1998/07/07 v4.1b Infix arithmetic (KKT,FJ)
\calc@Acount=\count104
\calc@Bcount=\count105
\calc@Adimen=\dimen117
\calc@Bdimen=\dimen118
\calc@Askip=\skip45
\calc@Bskip=\skip46
LaTeX Info: Redefining \setlength on input line 59.
LaTeX Info: Redefining \addtolength on input line 60.
\calc@denominator=\count106
)
(C:\texmf\tex\latex\tools\array.sty
Package: array 2003/12/17 v2.4a Tabular extension package (FMi)
\col@sep=\dimen119
\extrarowheight=\dimen120
\NC@list=\toks19
\extratabsurround=\skip47
\backup@length=\skip48
)
\tmplength=\skip49
) (C:\texmf\tex\latex\base\fontenc.sty
Package: fontenc 2004/02/22 v1.99f Standard LaTeX package

(C:\texmf\tex\latex\base\t1enc.def
File: t1enc.def 2004/02/22 v1.99f Standard LaTeX file
LaTeX Font Info:    Redeclaring font encoding T1 on input line 43.
))
\@indexfile=\write4

Writing index file refman.idx
(refman.aux (class_byte_array.aux) (interface_flow_state.aux) (class_hmac.aux)
(class_kryptoknight.aux) (class_kryptoknight_1_1_tijd_klok.aux)
(interface_mode_state.aux) (class_nonce.aux) (interface_waiting_state.aux))
LaTeX Font Info:    Checking defaults for OML/cmm/m/it on input line 29.
LaTeX Font Info:    ... okay on input line 29.
LaTeX Font Info:    Checking defaults for T1/cmr/m/n on input line 29.
LaTeX Font Info:    ... okay on input line 29.
LaTeX Font Info:    Checking defaults for OT1/cmr/m/n on input line 29.
LaTeX Font Info:    ... okay on input line 29.
LaTeX Font Info:    Checking defaults for OMS/cmsy/m/n on input line 29.
LaTeX Font Info:    ... okay on input line 29.
LaTeX Font Info:    Checking defaults for OMX/cmex/m/n on input line 29.
LaTeX Font Info:    ... okay on input line 29.
LaTeX Font Info:    Checking defaults for U/cmr/m/n on input line 29.
LaTeX Font Info:    ... okay on input line 29.
LaTeX Font Info:    Checking defaults for TS1/cmr/m/n on input line 29.
LaTeX Font Info:    Try loading font information for TS1+cmr on input line 29.

(C:\texmf\tex\latex\base\ts1cmr.fd
File: ts1cmr.fd 1999/05/25 v2.5h Standard LaTeX font definitions
)
LaTeX Font Info:    ... okay on input line 29.
LaTeX Font Info:    Checking defaults for PD1/pdf/m/n on input line 29.
LaTeX Font Info:    ... okay on input line 29.
LaTeX Font Info:    Try loading font information for T1+ptm on input line 29.
 (C:\texmf\tex\latex\psnfss\t1ptm.fd
File: t1ptm.fd 2001/06/04 font definitions for T1/ptm.
)
(C:\texmf\tex\context\base\supp-pdf.tex (C:\texmf\tex\context\base\supp-mis.tex
loading : Context Support Macros / Miscellaneous 
\protectiondepth=\count107
\scratchcounter=\count108
\scratchtoks=\toks20
\scratchdimen=\dimen121
\scratchskip=\skip50
\scratchmuskip=\muskip11
\scratchbox=\box54
\scratchread=\read1
\scratchwrite=\write5
\zeropoint=\dimen122
\onepoint=\dimen123
\onebasepoint=\dimen124
\minusone=\count109
\thousandpoint=\dimen125
\onerealpoint=\dimen126
\emptytoks=\toks21
\nextbox=\box55
\nextdepth=\dimen127
\everyline=\toks22
\!!counta=\count110
\!!countb=\count111
\recursecounter=\count112
)
loading : Context Support Macros / PDF (2004.03.26)
\nofMPsegments=\count113
\nofMParguments=\count114
\everyMPtoPDFconversion=\toks23
) (C:\texmf\tex\latex\graphics\color.sty
Package: color 1999/02/16 v1.0i Standard LaTeX Color (DPC)
LaTeX Info: Redefining \color on input line 71.
 (C:\texmf\tex\latex\00miktex\color.cfg
File: color.cfg 2003/03/08 v1.0 MiKTeX 'color' configuration
)
Package color Info: Driver file: pdftex.def on input line 125.
)
Package hyperref Info: Link coloring ON on input line 29.
 (C:\texmf\tex\latex\hyperref\nameref.sty
Package: nameref 2003/12/03 v2.21 Cross-referencing by name of section
\c@section@level=\count115
)
LaTeX Info: Redefining \ref on input line 29.
LaTeX Info: Redefining \pageref on input line 29.
 (refman.out) (refman.out) [1


{sfonts.map}] [2

]
LaTeX Font Info:    Font shape `T1/ptm/bx/n' in size <24.88> not available
(Font)              Font shape `T1/ptm/b/n' tried instead on input line 42.
 (refman.toc
LaTeX Font Info:    Font shape `T1/ptm/bx/n' in size <10> not available
(Font)              Font shape `T1/ptm/b/n' tried instead on input line 1.
LaTeX Font Info:    External font `cmex10' loaded for size
(Font)              <7> on input line 2.
LaTeX Font Info:    External font `cmex10' loaded for size
(Font)              <5> on input line 2.
)
\tf@toc=\write6

! pdfTeX warning (ext4): destination with the same identifier (name{page.1}) ha
s been already used, duplicate ignored
<to be read again> 
                   \penalty 
l.43 \clearemptydoublepage
                           [1

]
! pdfTeX warning (ext4): destination with the same identifier (name{page.2}) ha
s been already used, duplicate ignored
<to be read again> 
                   \penalty 
l.43 \clearemptydoublepage
                           [2

]
Chapter 1.
LaTeX Font Info:    Font shape `T1/ptm/bx/n' in size <20.74> not available
(Font)              Font shape `T1/ptm/b/n' tried instead on input line 45.
(main.tex
LaTeX Font Info:    Font shape `T1/ptm/bx/n' in size <14.4> not available
(Font)              Font shape `T1/ptm/b/n' tried instead on input line 1.
LaTeX Font Info:    Font shape `T1/ptm/bx/n' in size <12> not available
(Font)              Font shape `T1/ptm/b/n' tried instead on input line 2.
LaTeX Font Info:    Try loading font information for TS1+ptm on input line 6.
 (C:\texmf\tex\latex\psnfss\ts1ptm.fd
File: ts1ptm.fd 2001/06/04 font definitions for TS1/ptm.
)
LaTeX Font Info:    Try loading font information for T1+pcr on input line 6.

(C:\texmf\tex\latex\psnfss\t1pcr.fd
File: t1pcr.fd 2001/06/04 font definitions for T1/pcr.
)
Underfull \hbox (badness 2635) in paragraph at lines 6--6
[]\T1/ptm/m/n/10 COMPTECHDOC, Au-then-ti-ca-tion pro-to-cols [][]\T1/pcr/m/n/10
 http://www.comptechdoc.org/[][] \T1/ptm/m/n/10 in-de-pen-
 []


Underfull \hbox (badness 10000) in paragraph at lines 6--6
[]\T1/ptm/m/n/10 INFOSYSSEC, The Se-cu-rity Por-tal for In-for-ma-tion Sys-tem 
Se-cu-rity Pro-fes-sion-als
 []

! pdfTeX warning (ext4): destination with the same identifier (name{page.1}) ha
s been already used, duplicate ignored
<to be read again> 
                   \penalty 
l.6 ...ication and Key Distribution System \item M
                                                  OLVA K., et al., Authentic...
[1

]
Overfull \hbox (8.98183pt too wide) in paragraph at lines 15--15
[]\T1/ptm/m/n/10 DAVIES R., Hard-ware Ran-dom Num-ber Gen-er-a-tors, [][]\T1/pc
r/m/n/10 http://www.robertnz.net/hwrng.htm[][] 
 []


Overfull \hbox (227.6937pt too wide) in paragraph at lines 15--15
[]\T1/ptm/m/n/10 INTEL, [][]\T1/pcr/m/n/10 http://web.archive.org/web/200402290
05150/http://developer.intel.com/design/security/rng/rngppr.htm[][] 
 []


Underfull \hbox (badness 10000) in paragraph at lines 15--15
[]\T1/ptm/m/n/10 LOGUE A., Hard-ware Ran-dom Num-ber Gen-er-a-tor, May 2002
 []


Overfull \hbox (4.3517pt too wide) in paragraph at lines 15--15
[]\T1/ptm/m/n/10 UNER E., Gen-er-at-ing Ran-dom Num-bers, Em-bed-ded.com [][]\T
1/pcr/m/n/10 http://www.embedded.com/show-
 []


Overfull \hbox (47.35243pt too wide) in paragraph at lines 15--15
[]\T1/ptm/m/n/10 WIKIPEDIA, Hard-ware Ran-dom Num-ber Gen-er-a-tor, [][]\T1/pcr
/m/n/10 http://en.wikipedia.org/wiki/Hardware_-
 []

! pdfTeX warning (ext4): destination with the same identifier (name{page.2}) ha
s been already used, duplicate ignored
<to be read again> 
                   \penalty 
l.15 ...\_\-random\_\-number\_\-generator} \item W
                                                  ILLWARE, Hardware Random B...
LaTeX Font Info:    Font shape `T1/ptm/bx/n' in size <7> not available
(Font)              Font shape `T1/ptm/b/n' tried instead on input line 15.
[2]
Overfull \hbox (8.54247pt too wide) in paragraph at lines 15--15
[]\T1/ptm/m/n/10 WILLWARE, Hard-ware Ran-dom Bit Gen-er-a-tor, [][]\T1/pcr/m/n/
10 http://willware.net:8080/hw-rng.html[][] 
 []


Underfull \hbox (badness 2726) in paragraph at lines 18--18
[]\T1/ptm/m/n/10 ELECTRONIC DE-SIGN, Wide-Band Ana-log White-Noise Gen-er-a-tor
, No-vem-ber 3, 1997,
 []

) [3] [4

]
Chapter 2.
(annotated.tex
Underfull \hbox (badness 10000) detected at line 3
[][]
 []


Underfull \hbox (badness 10000) detected at line 4
[][]
 []


Underfull \hbox (badness 10000) detected at line 5
[][]
 []


Underfull \hbox (badness 10000) detected at line 6
[][]
 []


Underfull \hbox (badness 10000) detected at line 7
[][]
 []


Underfull \hbox (badness 10000) detected at line 8
[][]
 []


Underfull \hbox (badness 10000) detected at line 9
[][]
 []


Underfull \hbox (badness 10000) detected at line 10
[][]
 []


Underfull \hbox (badness 10000) detected at line 11
[][]
 []

) [5] [6

]
Chapter 3.
(class_auth_packet.tex
LaTeX Font Info:    Font shape `T1/ptm/bx/it' in size <10> not available
(Font)              Font shape `T1/ptm/b/it' tried instead on input line 45.

Underfull \hbox (badness 10000) in paragraph at lines 50--50

 []

[7]
Underfull \hbox (badness 10000) in paragraph at lines 62--62

 []


Underfull \hbox (badness 10000) in paragraph at lines 74--74

 []


Underfull \hbox (badness 10000) in paragraph at lines 89--89

 []


Underfull \hbox (badness 10000) in paragraph at lines 94--94

 []


Underfull \hbox (badness 10000) in paragraph at lines 103--103

 []


Underfull \hbox (badness 10000) in paragraph at lines 108--108

 []

[8]
Underfull \hbox (badness 10000) in paragraph at lines 117--117

 []


Underfull \hbox (badness 10000) in paragraph at lines 122--122

 []


Underfull \hbox (badness 10000) in paragraph at lines 131--131

 []


Underfull \hbox (badness 10000) in paragraph at lines 136--136

 []


Underfull \hbox (badness 10000) in paragraph at lines 145--145

 []


Underfull \hbox (badness 10000) in paragraph at lines 154--154

 []


Underfull \hbox (badness 10000) in paragraph at lines 163--163

 []


Underfull \hbox (badness 10000) in paragraph at lines 172--172

 []

[9]
Underfull \hbox (badness 10000) in paragraph at lines 181--181

 []


Underfull \hbox (badness 10000) in paragraph at lines 193--193

 []


Underfull \hbox (badness 10000) in paragraph at lines 198--198

 []

) [10] (class_byte_array.tex
Underfull \hbox (badness 10000) in paragraph at lines 40--40

 []


Underfull \hbox (badness 10000) in paragraph at lines 52--52

 []

) [11

] (interface_flow_state.tex
Underfull \hbox (badness 10000) detected at line 12
[][]
 []


Underfull \hbox (badness 10000) detected at line 12
[][]
 []


Underfull \hbox (badness 10000) detected at line 17
[][]
 []


Underfull \hbox (badness 10000) detected at line 17
[][]
 []


Underfull \hbox (badness 10000) detected at line 22
[][]
 []


Underfull \hbox (badness 10000) detected at line 22
[][]
 []

) [12


] (class_hmac.tex
Underfull \hbox (badness 10000) in paragraph at lines 30--30

 []


Underfull \hbox (badness 10000) in paragraph at lines 39--39

 []


Underfull \hbox (badness 10000) in paragraph at lines 44--44

 []


Underfull \hbox (badness 10000) in paragraph at lines 53--53

 []

) [13


] (class_kryptoknight.tex
Underfull \hbox (badness 10000) detected at line 42
[][]
 []


Underfull \hbox (badness 10000) detected at line 42
[][]
 []


Underfull \hbox (badness 10000) detected at line 47
[][]
 []


Underfull \hbox (badness 10000) detected at line 47
[][]
 []


Underfull \hbox (badness 10000) detected at line 52
[][]
 []


Underfull \hbox (badness 10000) detected at line 52
[][]
 []


Underfull \hbox (badness 10000) detected at line 57
[][]
 []


Underfull \hbox (badness 10000) detected at line 57
[][]
 []

[14


]
Underfull \hbox (badness 10000) in paragraph at lines 79--79

 []


Underfull \hbox (badness 10000) in paragraph at lines 94--94

 []


Underfull \hbox (badness 10000) in paragraph at lines 106--106

 []


Underfull \hbox (badness 10000) in paragraph at lines 111--111

 []


Underfull \hbox (badness 10000) in paragraph at lines 120--120

 []


Underfull \hbox (badness 10000) in paragraph at lines 125--125

 []

[15]
Underfull \hbox (badness 10000) in paragraph at lines 141--141

 []


Underfull \hbox (badness 10000) in paragraph at lines 153--153

 []

) [16] (class_kryptoknight_1_1_tijd_klok.tex
Underfull \hbox (badness 10000) detected at line 26
[][]
 []


Underfull \hbox (badness 10000) detected at line 26
[][]
 []


Underfull \hbox (badness 10000) detected at line 31
[][]
 []


Underfull \hbox (badness 10000) detected at line 31
[][]
 []


Underfull \hbox (badness 10000) in paragraph at lines 48--48

 []


Underfull \hbox (badness 10000) in paragraph at lines 63--63

 []

[17


]) [18] (interface_mode_state.tex) [19


] (class_nonce.tex
Underfull \hbox (badness 10000) in paragraph at lines 38--38

 []


Underfull \hbox (badness 10000) in paragraph at lines 43--43

 []

) [20


] (interface_waiting_state.tex
Underfull \hbox (badness 10000) detected at line 12
[][]
 []


Underfull \hbox (badness 10000) detected at line 12
[][]
 []


Underfull \hbox (badness 10000) detected at line 17
[][]
 []


Underfull \hbox (badness 10000) detected at line 17
[][]
 []


Underfull \hbox (badness 10000) detected at line 22
[][]
 []


Underfull \hbox (badness 10000) detected at line 22
[][]
 []

) [21


] (refman.ind [22


] [23

]) (refman.aux (class_byte_array.aux)
(interface_flow_state.aux) (class_hmac.aux) (class_kryptoknight.aux)
(class_kryptoknight_1_1_tijd_klok.aux) (interface_mode_state.aux)
(class_nonce.aux) (interface_waiting_state.aux)) ) 
Here is how much of TeX's memory you used:
 4407 strings out of 95519
 56487 string characters out of 1189651
 109040 words of memory out of 1106672
 6939 multiletter control sequences out of 35000
 42638 words of font info for 46 fonts, out of 500000 for 1000
 14 hyphenation exceptions out of 607
 34i,13n,43p,2143b,350s stack positions out of 1500i,500n,5000p,200000b,32768s
 514 PDF objects out of 300000
 186 named destinations out of 300000
 137 words of extra memory for PDF output out of 65536
{r.enc}
Output written on refman.pdf (27 pages, 103640 bytes).
