C51 COMPILER V8.02   MAIN                                                                  01/10/2008 11:34:38 PAGE 1   


C51 COMPILER V8.02, COMPILATION OF MODULE MAIN
OBJECT MODULE PLACED IN main.OBJ
COMPILER INVOKED BY: C:\Keil\C51\BIN\C51.EXE main.c BROWSE DEBUG OBJECTEXTEND

line level    source

   1          #include <REG51.h>
   2          #include <stdio.h> 
   3          
   4          main()
   5                  {
   6   1              char NumbersCode[10]={0x3f,0x06,0x5b,0x4f,0x66,0x6d,0x7d,0x27,0x7f,0x6f};
   7   1              char Number=0;
   8   1      
   9   1              SCON  = 0x50; /*        SCON: mode 1, 8-bit UART, enable rcvr                   */
  10   1          TMOD |= 0x20; /*    TMOD: timer 1, mode 2, 8-bit reload                     */
  11   1          TH1   = 0xfd; /*    TH1:  reload value for 9600 baud @ 11.0592MHz   */
  12   1          TR1   = 1;    /*    TR1:  timer 1 run                                       */
  13   1          TI    = 1;    /*    TI:   set TI to send first char of UART                 */
  14   1              //ES=1;
  15   1              //EA=1;
  16   1              P2 = NumbersCode[Number];
  17   1              
  18   1              while(1)
  19   1                      {
  20   2                      //printf ("\n Enter Number Between 0&9\n");
  21   2                      while(RI==0);
  22   2                      RI=0;
  23   2                      Number=SBUF;
  24   2                      P2 = NumbersCode[Number&0x0f];
  25   2                      SBUF=++Number;
  26   2                      }
  27   1              }


MODULE INFORMATION:   STATIC OVERLAYABLE
   CODE SIZE        =     61    ----
   CONSTANT SIZE    =     10    ----
   XDATA SIZE       =   ----    ----
   PDATA SIZE       =   ----    ----
   DATA SIZE        =   ----      10
   IDATA SIZE       =   ----    ----
   BIT SIZE         =   ----    ----
END OF MODULE INFORMATION.


C51 COMPILATION COMPLETE.  0 WARNING(S),  0 ERROR(S)
