C51 COMPILER V8.02   MAIN                                                                  01/02/2008 10:21:30 PAGE 1   


C51 COMPILER V8.02, COMPILATION OF MODULE MAIN
OBJECT MODULE PLACED IN main.OBJ
COMPILER INVOKED BY: C:\Keil\C51\BIN\C51.EXE main.c BROWSE DEBUG OBJECTEXTEND

line level    source

   1          #include <reg51.h>
   2          
   3          char Counter=0;
   4          char NumbersCode[10]={0x3f,0x06,0x5b,0x4f,0x66,0x6d,0x7d,0x27,0x7f,0x6f};
   5          
   6          void Delay(unsigned int MS)
   7                  {
   8   1              unsigned int delay;
   9   1              for(delay=0;delay<MS;delay++);
  10   1              }
  11          
  12          
  13          
  14          void externa0 (void) interrupt 0 using 0  
  15                  {
  16   1              EX0=0;
  17   1              Delay(500);
  18   1              if(P3_2==0)
  19   1                      {
  20   2                      Counter++;
  21   2                      if(Counter>9)
  22   2                              Counter=0;
  23   2                      P2 = ~NumbersCode[Counter];
  24   2                      }
  25   1          EX0=1;
  26   1              }
  27          
  28          
  29          main()
  30                  {
  31   1              EX0=1;
  32   1              IT0=1;
  33   1              EA=1;
  34   1              P2 = ~NumbersCode[Counter];
  35   1              while(1)
  36   1                      {
  37   2      
  38   2                      }
  39   1              }


MODULE INFORMATION:   STATIC OVERLAYABLE
   CODE SIZE        =     84    ----
   CONSTANT SIZE    =   ----    ----
   XDATA SIZE       =   ----    ----
   PDATA SIZE       =   ----    ----
   DATA SIZE        =     11    ----
   IDATA SIZE       =   ----    ----
   BIT SIZE         =   ----    ----
END OF MODULE INFORMATION.


C51 COMPILATION COMPLETE.  0 WARNING(S),  0 ERROR(S)
