Release 9.1.03i Map J.33
Xilinx Mapping Report File for Design 'TopLevel'

Design Information
------------------
Command Line   : C:\Xilinx91i\bin\nt\map.exe -ise E:/xproj/vga/vga.ise -intstyle
ise -p xc3s200-ft256-5 -cm area -pr b -k 4 -c 100 -o TopLevel_map.ncd
TopLevel.ngd TopLevel.pcf 
Target Device  : xc3s200
Target Package : ft256
Target Speed   : -5
Mapper Version : spartan3 -- $Revision: 1.36 $
Mapped Date    : Mon Feb 25 20:28:12 2008

Design Summary
--------------
Number of errors:      0
Number of warnings:    2
Logic Utilization:
  Number of Slice Flip Flops:         215 out of   3,840    5%
  Number of 4 input LUTs:             399 out of   3,840   10%
Logic Distribution:
  Number of occupied Slices:                          289 out of   1,920   15%
    Number of Slices containing only related logic:     289 out of     289  100%
    Number of Slices containing unrelated logic:          0 out of     289    0%
      *See NOTES below for an explanation of the effects of unrelated logic
Total Number of 4 input LUTs:            474 out of   3,840   12%
  Number used as logic:                399
  Number used as a route-thru:          63
  Number used for Dual Port RAMs:       12
    (Two LUTs used per Dual Port RAM)
  Number of bonded IOBs:               54 out of     173   31%
    IOB Flip Flops:                    14
  Number of Block RAMs:                6 out of      12   50%
  Number of MULT18X18s:                1 out of      12    8%
  Number of GCLKs:                     3 out of       8   37%

Total equivalent gate count for design:  402,975
Additional JTAG gate count for IOBs:  2,592
Peak Memory Usage:  146 MB
Total REAL time to MAP completion:  6 secs 
Total CPU time to MAP completion:   4 secs 

NOTES:

   Related logic is defined as being logic that shares connectivity - e.g. two
   LUTs are "related" if they share common inputs.  When assembling slices,
   Map gives priority to combine logic that is related.  Doing so results in
   the best timing performance.

   Unrelated logic shares no connectivity.  Map will only begin packing
   unrelated logic into a slice once 99% of the slices are occupied through
   related logic packing.

   Note that once logic distribution reaches the 99% level through related
   logic packing, this does not mean the device is completely utilized.
   Unrelated logic packing will then begin, continuing until all usable LUTs
   and FFs are occupied.  Depending on your timing budget, increased levels of
   unrelated logic packing may adversely affect the overall timing performance
   of your design.

Table of Contents
-----------------
Section 1 - Errors
Section 2 - Warnings
Section 3 - Informational
Section 4 - Removed Logic Summary
Section 5 - Removed Logic
Section 6 - IOB Properties
Section 7 - RPMs
Section 8 - Guide Report
Section 9 - Area Group and Partition Summary
Section 10 - Modular Design Summary
Section 11 - Timing Report
Section 12 - Configuration String Information
Section 13 - Control Set Information

Section 1 - Errors
------------------

Section 2 - Warnings
--------------------
WARNING:LIT:243 - Logical network AvrInterface/vga1/BackGround/N1 has no load.
WARNING:LIT:395 - The above warning message base_net_load_rule is repeated 22
   more times for the following (max. 5 shown):
   AvrInterface/vga1/BackGround/N0,
   AvrInterface/vga1/BackGround/BU2/qdpo<0>,
   AvrInterface/vga1/BackGround/BU2/U0/gen_dp_ram.dpram_inst/qdpo_int<0>,
   AvrInterface/vga1/BackGround/BU2/U0/gen_dp_ram.dpram_inst/qdpo_int<1>,
   AvrInterface/vga1/BackGround/BU2/U0/gen_dp_ram.dpram_inst/qdpo_int<2>
   To see the details of these warning messages, please use the -detail switch.

Section 3 - Informational
-------------------------
INFO:MapLib:562 - No environment variables are currently set.
INFO:MapLib:863 - The following Virtex BUFG(s) is/are being retargeted to
   Virtex2 BUFGMUX(s) with input tied to I0 and Select pin tied to constant 0:
   BUFG symbol "BUFG1" (output signal=clk),
   BUFGP symbol "ale_BUFGP" (output signal=ale_BUFGP),
   BUFGP symbol "wd_BUFGP" (output signal=wd_BUFGP)

Section 4 - Removed Logic Summary
---------------------------------
  26 block(s) removed
   8 block(s) optimized away
  23 signal(s) removed

Section 5 - Removed Logic
-------------------------

The trimmed logic report below shows the logic removed from your design due to
sourceless or loadless signals, and VCC or ground connections.  If the removal
of a signal or symbol results in the subsequent removal of an additional signal
or symbol, the message explaining that second removal will be indented.  This
indentation will be repeated as a chain of related logic is removed.

To quickly locate the original cause for the removal of a chain of logic, look
above the place where that logic is listed in the trimming report, then locate
the lines that are least indented (begin at the leftmost edge).

The signal "AvrInterface/vga1/charram/BU2/N1" is sourceless and has been
removed.
The signal "AvrInterface/vga1/BackGround/N1" is sourceless and has been removed.
The signal "AvrInterface/vga1/BackGround/N0" is sourceless and has been removed.
The signal "AvrInterface/vga1/BackGround/BU2/qdpo<0>" is sourceless and has been
removed.
The signal
"AvrInterface/vga1/BackGround/BU2/U0/gen_dp_ram.dpram_inst/qdpo_int<0>" is
sourceless and has been removed.
The signal
"AvrInterface/vga1/BackGround/BU2/U0/gen_dp_ram.dpram_inst/qdpo_int<1>" is
sourceless and has been removed.
The signal
"AvrInterface/vga1/BackGround/BU2/U0/gen_dp_ram.dpram_inst/qdpo_int<2>" is
sourceless and has been removed.
The signal
"AvrInterface/vga1/BackGround/BU2/U0/gen_dp_ram.dpram_inst/qspo_int<0>" is
sourceless and has been removed.
The signal
"AvrInterface/vga1/BackGround/BU2/U0/gen_dp_ram.dpram_inst/qspo_int<1>" is
sourceless and has been removed.
The signal
"AvrInterface/vga1/BackGround/BU2/U0/gen_dp_ram.dpram_inst/qspo_int<2>" is
sourceless and has been removed.
The signal "AvrInterface/vga1/BackGround/BU2/N2" is sourceless and has been
removed.
The signal "AvrInterface/vga1/ForeGround/N1" is sourceless and has been removed.
The signal "AvrInterface/vga1/ForeGround/N0" is sourceless and has been removed.
The signal "AvrInterface/vga1/ForeGround/BU2/qdpo<0>" is sourceless and has been
removed.
The signal
"AvrInterface/vga1/ForeGround/BU2/U0/gen_dp_ram.dpram_inst/qdpo_int<0>" is
sourceless and has been removed.
The signal
"AvrInterface/vga1/ForeGround/BU2/U0/gen_dp_ram.dpram_inst/qdpo_int<1>" is
sourceless and has been removed.
The signal
"AvrInterface/vga1/ForeGround/BU2/U0/gen_dp_ram.dpram_inst/qdpo_int<2>" is
sourceless and has been removed.
The signal
"AvrInterface/vga1/ForeGround/BU2/U0/gen_dp_ram.dpram_inst/qspo_int<0>" is
sourceless and has been removed.
The signal
"AvrInterface/vga1/ForeGround/BU2/U0/gen_dp_ram.dpram_inst/qspo_int<1>" is
sourceless and has been removed.
The signal
"AvrInterface/vga1/ForeGround/BU2/U0/gen_dp_ram.dpram_inst/qspo_int<2>" is
sourceless and has been removed.
The signal "AvrInterface/vga1/ForeGround/BU2/N2" is sourceless and has been
removed.
The signal
"AvrInterface/vga1/RowMult1/BU2/U0/gCCM.iCCM/emb_mult_ccm.mult18_ccm.mult18_arra
y/Pdelay/N0" is sourceless and has been removed.
The signal
"AvrInterface/vga1/RowMult1/BU2/U0/gCCM.iCCM/emb_mult_ccm.mult18_ccm.mult18_arra
y/Pdelay/N1" is sourceless and has been removed.
Unused block
"AvrInterface/vga1/BackGround/BU2/U0/gen_dp_ram.dpram_inst/qdpo_int_0" (FF)
removed.
Unused block
"AvrInterface/vga1/BackGround/BU2/U0/gen_dp_ram.dpram_inst/qdpo_int_1" (FF)
removed.
Unused block
"AvrInterface/vga1/BackGround/BU2/U0/gen_dp_ram.dpram_inst/qdpo_int_2" (FF)
removed.
Unused block
"AvrInterface/vga1/BackGround/BU2/U0/gen_dp_ram.dpram_inst/qspo_int_0" (FF)
removed.
Unused block
"AvrInterface/vga1/BackGround/BU2/U0/gen_dp_ram.dpram_inst/qspo_int_1" (FF)
removed.
Unused block
"AvrInterface/vga1/BackGround/BU2/U0/gen_dp_ram.dpram_inst/qspo_int_2" (FF)
removed.
Unused block "AvrInterface/vga1/BackGround/BU2/XST_GND" (ZERO) removed.
Unused block "AvrInterface/vga1/BackGround/BU2/XST_VCC" (ONE) removed.
Unused block "AvrInterface/vga1/BackGround/GND" (ZERO) removed.
Unused block "AvrInterface/vga1/BackGround/VCC" (ONE) removed.
Unused block
"AvrInterface/vga1/ForeGround/BU2/U0/gen_dp_ram.dpram_inst/qdpo_int_0" (FF)
removed.
Unused block
"AvrInterface/vga1/ForeGround/BU2/U0/gen_dp_ram.dpram_inst/qdpo_int_1" (FF)
removed.
Unused block
"AvrInterface/vga1/ForeGround/BU2/U0/gen_dp_ram.dpram_inst/qdpo_int_2" (FF)
removed.
Unused block
"AvrInterface/vga1/ForeGround/BU2/U0/gen_dp_ram.dpram_inst/qspo_int_0" (FF)
removed.
Unused block
"AvrInterface/vga1/ForeGround/BU2/U0/gen_dp_ram.dpram_inst/qspo_int_1" (FF)
removed.
Unused block
"AvrInterface/vga1/ForeGround/BU2/U0/gen_dp_ram.dpram_inst/qspo_int_2" (FF)
removed.
Unused block "AvrInterface/vga1/ForeGround/BU2/XST_GND" (ZERO) removed.
Unused block "AvrInterface/vga1/ForeGround/BU2/XST_VCC" (ONE) removed.
Unused block "AvrInterface/vga1/ForeGround/GND" (ZERO) removed.
Unused block "AvrInterface/vga1/ForeGround/VCC" (ONE) removed.
Unused block
"AvrInterface/vga1/RowMult1/BU2/U0/gCCM.iCCM/emb_mult_ccm.mult18_ccm.mult18_arra
y/Pdelay/XST_GND" (ZERO) removed.
Unused block
"AvrInterface/vga1/RowMult1/BU2/U0/gCCM.iCCM/emb_mult_ccm.mult18_ccm.mult18_arra
y/Pdelay/XST_VCC" (ONE) removed.
Unused block "AvrInterface/vga1/RowMult1/GND" (ZERO) removed.
Unused block "AvrInterface/vga1/RowMult1/VCC" (ONE) removed.
Unused block "AvrInterface/vga1/charram/GND" (ZERO) removed.
Unused block "AvrInterface/vga1/charram/VCC" (ONE) removed.

Optimized Block(s):
TYPE 		BLOCK
GND 		AvrInterface/vga1/RowMult1/BU2/XST_GND
VCC 		AvrInterface/vga1/RowMult1/BU2/XST_VCC
GND 		AvrInterface/vga1/charram/BU2/XST_GND
VCC 		AvrInterface/vga1/charram/BU2/XST_VCC
GND 		AvrInterface/vga1/font/GND
VCC 		AvrInterface/vga1/font/VCC
GND 		XST_GND
VCC 		XST_VCC

To enable printing of redundant blocks removed and signals merged, set the
detailed map report option and rerun map.

Section 6 - IOB Properties
--------------------------

+------------------------------------------------------------------------------------------------------------------------+
| IOB Name                           | Type    | Direction | IO Standard | Drive    | Slew | Reg (s)  | Resistor | IOB   |
|                                    |         |           |             | Strength | Rate |          |          | Delay |
+------------------------------------------------------------------------------------------------------------------------+
| B                                  | IOB     | OUTPUT    | LVCMOS25    | 24       | FAST | OFF1     |          |       |
| G                                  | IOB     | OUTPUT    | LVCMOS25    | 24       | FAST | OFF1     |          |       |
| H                                  | IOB     | OUTPUT    | LVCMOS25    | 12       | SLOW |          |          |       |
| R                                  | IOB     | OUTPUT    | LVCMOS25    | 24       | FAST | OFF1     |          |       |
| V                                  | IOB     | OUTPUT    | LVCMOS25    | 12       | FAST |          |          |       |
| a<0>                               | IOB     | INPUT     | LVCMOS25    |          |      |          |          |       |
| a<1>                               | IOB     | INPUT     | LVCMOS25    |          |      |          |          |       |
| a<2>                               | IOB     | INPUT     | LVCMOS25    |          |      |          |          |       |
| a<3>                               | IOB     | INPUT     | LVCMOS25    |          |      | INFF1    |          | IFD   |
| a<4>                               | IOB     | INPUT     | LVCMOS25    |          |      | INFF1    |          | IFD   |
| a<5>                               | IOB     | INPUT     | LVCMOS25    |          |      | INFF1    |          | IFD   |
| a<6>                               | IOB     | INPUT     | LVCMOS25    |          |      |          |          |       |
| a<7>                               | IOB     | INPUT     | LVCMOS25    |          |      |          |          |       |
| ad<0>                              | IOB     | BIDIR     | LVCMOS25    | 12       | SLOW | INFF1    |          | IFD   |
| ad<1>                              | IOB     | BIDIR     | LVCMOS25    | 12       | SLOW | INFF1    |          | IFD   |
| ad<2>                              | IOB     | BIDIR     | LVCMOS25    | 12       | SLOW | INFF1    |          | IFD   |
| ad<3>                              | IOB     | BIDIR     | LVCMOS25    | 12       | SLOW | INFF1    |          | IFD   |
| ad<4>                              | IOB     | BIDIR     | LVCMOS25    | 12       | SLOW | INFF1    |          | IFD   |
| ad<5>                              | IOB     | BIDIR     | LVCMOS25    | 12       | SLOW | INFF1    |          | IFD   |
| ad<6>                              | IOB     | BIDIR     | LVCMOS25    | 12       | SLOW | INFF1    |          | IFD   |
| ad<7>                              | IOB     | BIDIR     | LVCMOS25    | 12       | SLOW | INFF1    |          | IFD   |
| ale                                | IOB     | INPUT     | LVCMOS25    |          |      |          |          |       |
| clkin                              | IOB     | INPUT     | LVCMOS25    |          |      |          |          |       |
| db<0>                              | IOB     | OUTPUT    | LVCMOS25    | 12       | SLOW |          |          |       |
| db<1>                              | IOB     | OUTPUT    | LVCMOS25    | 12       | SLOW |          |          |       |
| db<2>                              | IOB     | OUTPUT    | LVCMOS25    | 12       | SLOW |          |          |       |
| db<3>                              | IOB     | OUTPUT    | LVCMOS25    | 12       | SLOW |          |          |       |
| db<4>                              | IOB     | OUTPUT    | LVCMOS25    | 12       | SLOW |          |          |       |
| db<5>                              | IOB     | OUTPUT    | LVCMOS25    | 12       | SLOW |          |          |       |
| db<6>                              | IOB     | OUTPUT    | LVCMOS25    | 12       | SLOW |          |          |       |
| db<7>                              | IOB     | OUTPUT    | LVCMOS25    | 12       | SLOW |          |          |       |
| irq                                | IOB     | OUTPUT    | LVCMOS25    | 12       | SLOW |          |          |       |
| led<0>                             | IOB     | OUTPUT    | LVCMOS25    | 12       | SLOW |          |          |       |
| led<1>                             | IOB     | OUTPUT    | LVCMOS25    | 12       | SLOW |          |          |       |
| led<2>                             | IOB     | OUTPUT    | LVCMOS25    | 12       | SLOW |          |          |       |
| led<3>                             | IOB     | OUTPUT    | LVCMOS25    | 12       | SLOW |          |          |       |
| led<4>                             | IOB     | OUTPUT    | LVCMOS25    | 12       | SLOW |          |          |       |
| led<5>                             | IOB     | OUTPUT    | LVCMOS25    | 12       | SLOW |          |          |       |
| led<6>                             | IOB     | OUTPUT    | LVCMOS25    | 12       | SLOW |          |          |       |
| led<7>                             | IOB     | OUTPUT    | LVCMOS25    | 12       | SLOW |          |          |       |
| leddig<0>                          | IOB     | OUTPUT    | LVCMOS25    | 12       | SLOW |          |          |       |
| leddig<1>                          | IOB     | OUTPUT    | LVCMOS25    | 12       | SLOW |          |          |       |
| leddig<2>                          | IOB     | OUTPUT    | LVCMOS25    | 12       | SLOW |          |          |       |
| leddig<3>                          | IOB     | OUTPUT    | LVCMOS25    | 12       | SLOW |          |          |       |
| ledseg<0>                          | IOB     | OUTPUT    | LVCMOS25    | 12       | SLOW |          |          |       |
| ledseg<1>                          | IOB     | OUTPUT    | LVCMOS25    | 12       | SLOW |          |          |       |
| ledseg<2>                          | IOB     | OUTPUT    | LVCMOS25    | 12       | SLOW |          |          |       |
| ledseg<3>                          | IOB     | OUTPUT    | LVCMOS25    | 12       | SLOW |          |          |       |
| ledseg<4>                          | IOB     | OUTPUT    | LVCMOS25    | 12       | SLOW |          |          |       |
| ledseg<5>                          | IOB     | OUTPUT    | LVCMOS25    | 12       | SLOW |          |          |       |
| ledseg<6>                          | IOB     | OUTPUT    | LVCMOS25    | 12       | SLOW |          |          |       |
| rd                                 | IOB     | INPUT     | LVCMOS25    |          |      |          |          |       |
| tirq                               | IOB     | OUTPUT    | LVCMOS25    | 12       | SLOW |          |          |       |
| wd                                 | IOB     | INPUT     | LVCMOS25    |          |      |          |          |       |
+------------------------------------------------------------------------------------------------------------------------+

Section 7 - RPMs
----------------

Section 8 - Guide Report
------------------------
Guide not run on this design.

Section 9 - Area Group and Partition Summary
--------------------------------------------

Partition Implementation Status
-------------------------------

  No Partitions were found in this design.

-------------------------------

Area Group Information
----------------------

  No area groups were found in this design.


----------------------

Section 10 - Modular Design Summary
-----------------------------------
Modular Design not used for this design.

Section 11 - Timing Report
--------------------------
This design was not run using timing mode.

Section 12 - Configuration String Details
-----------------------------------------
Use the "-detail" map option to print out Configuration Strings

Section 13 - Control Set Information
------------------------------------
No control set information for this architecture.
