--------------------------------------------------------------------------------
Release 9.2.04i Trace 
Copyright (c) 1995-2007 Xilinx, Inc.  All rights reserved.

C:\STLDEV\Xilinx92\bin\nt\trce.exe -ise C:/xproj/vga/vga.ise -intstyle ise -e 3
-s 5 -xml vga vga.ncd -o vga.twr vga.pcf

Design file:              vga.ncd
Physical constraint file: vga.pcf
Device,package,speed:     xc3s200,ft256,-5 (PRODUCTION 1.39 2007-10-19)
Report level:             error report

Environment Variable      Effect 
--------------------      ------ 
NONE                      No environment variables were set
--------------------------------------------------------------------------------

INFO:Timing:2698 - No timing constraints found, doing default enumeration.
INFO:Timing:2752 - To get complete path coverage, use the unconstrained paths 
   option. All paths that are not constrained will be reported in the 
   unconstrained paths section(s) of the report.
INFO:Timing:3339 - The clock-to-out numbers in this timing report are based on 
   a 50 Ohm transmission line loading model.  For the details of this model, 
   and for more information on accounting for different loading conditions, 
   please see the device datasheet.



Data Sheet report:
-----------------
All values displayed in nanoseconds (ns)

Setup/Hold to clock clk
------------+------------+------------+------------------+--------+
            |  Setup to  |  Hold to   |                  | Clock  |
Source      | clk (edge) | clk (edge) |Internal Clock(s) | Phase  |
------------+------------+------------+------------------+--------+
A<0>        |    4.454(R)|   -0.320(R)|clk_BUFGP         |   0.000|
A<1>        |    5.235(R)|   -0.401(R)|clk_BUFGP         |   0.000|
A<2>        |    6.102(R)|   -0.318(R)|clk_BUFGP         |   0.000|
A<3>        |    3.779(R)|   -0.321(R)|clk_BUFGP         |   0.000|
A<4>        |    6.521(R)|   -0.480(R)|clk_BUFGP         |   0.000|
A<5>        |    6.723(R)|   -0.428(R)|clk_BUFGP         |   0.000|
A<6>        |    6.695(R)|   -0.798(R)|clk_BUFGP         |   0.000|
A<7>        |    6.380(R)|   -0.537(R)|clk_BUFGP         |   0.000|
A<8>        |    6.386(R)|   -0.821(R)|clk_BUFGP         |   0.000|
A<9>        |    6.905(R)|   -0.511(R)|clk_BUFGP         |   0.000|
A<10>       |    6.798(R)|   -0.403(R)|clk_BUFGP         |   0.000|
A<11>       |    8.620(R)|   -0.271(R)|clk_BUFGP         |   0.000|
A<12>       |    8.309(R)|   -0.400(R)|clk_BUFGP         |   0.000|
A<13>       |    6.480(R)|   -0.324(R)|clk_BUFGP         |   0.000|
A<14>       |    5.858(R)|   -0.843(R)|clk_BUFGP         |   0.000|
A<15>       |    6.034(R)|   -1.737(R)|clk_BUFGP         |   0.000|
D<0>        |    3.157(R)|   -0.799(R)|clk_BUFGP         |   0.000|
D<1>        |    1.882(R)|    0.667(R)|clk_BUFGP         |   0.000|
D<2>        |    2.814(R)|    0.433(R)|clk_BUFGP         |   0.000|
D<3>        |    2.436(R)|    0.667(R)|clk_BUFGP         |   0.000|
D<4>        |    4.495(R)|    0.693(R)|clk_BUFGP         |   0.000|
D<5>        |    2.542(R)|    0.693(R)|clk_BUFGP         |   0.000|
D<6>        |    4.198(R)|    0.433(R)|clk_BUFGP         |   0.000|
D<7>        |    2.961(R)|    0.693(R)|clk_BUFGP         |   0.000|
wd          |    5.078(R)|   -0.930(R)|clk_BUFGP         |   0.000|
------------+------------+------------+------------------+--------+

Clock clk to Pad
------------+------------+------------------+--------+
            | clk (edge) |                  | Clock  |
Destination |   to PAD   |Internal Clock(s) | Phase  |
------------+------------+------------------+--------+
B           |    6.404(R)|clk_BUFGP         |   0.000|
G           |    6.404(R)|clk_BUFGP         |   0.000|
H           |    9.105(R)|clk_BUFGP         |   0.000|
O<0>        |   14.524(R)|clk_BUFGP         |   0.000|
O<1>        |   14.417(R)|clk_BUFGP         |   0.000|
O<2>        |   15.348(R)|clk_BUFGP         |   0.000|
O<3>        |   14.460(R)|clk_BUFGP         |   0.000|
O<4>        |   13.934(R)|clk_BUFGP         |   0.000|
O<5>        |   13.525(R)|clk_BUFGP         |   0.000|
O<6>        |   13.700(R)|clk_BUFGP         |   0.000|
O<7>        |   14.290(R)|clk_BUFGP         |   0.000|
R           |    6.404(R)|clk_BUFGP         |   0.000|
V           |    8.792(R)|clk_BUFGP         |   0.000|
------------+------------+------------------+--------+

Clock to Setup on destination clock clk
---------------+---------+---------+---------+---------+
               | Src:Rise| Src:Fall| Src:Rise| Src:Fall|
Source Clock   |Dest:Rise|Dest:Rise|Dest:Fall|Dest:Fall|
---------------+---------+---------+---------+---------+
clk            |   11.551|         |         |         |
---------------+---------+---------+---------+---------+

Pad to Pad
---------------+---------------+---------+
Source Pad     |Destination Pad|  Delay  |
---------------+---------------+---------+
A<0>           |O<0>           |   10.770|
A<0>           |O<1>           |   11.605|
A<0>           |O<2>           |   11.904|
A<0>           |O<3>           |   11.733|
A<0>           |O<4>           |   11.719|
A<0>           |O<5>           |   11.347|
A<1>           |O<0>           |   11.209|
A<1>           |O<1>           |   11.750|
A<1>           |O<2>           |   11.421|
A<1>           |O<3>           |   11.803|
A<1>           |O<4>           |   12.080|
A<1>           |O<5>           |   11.708|
A<2>           |O<0>           |   11.057|
A<2>           |O<1>           |   11.593|
A<2>           |O<2>           |   11.893|
A<2>           |O<3>           |   11.407|
A<2>           |O<4>           |   11.386|
A<2>           |O<5>           |   11.014|
A<3>           |O<0>           |   11.064|
A<3>           |O<1>           |   11.314|
A<3>           |O<2>           |   11.612|
A<3>           |O<3>           |   12.289|
A<3>           |O<4>           |   11.692|
A<3>           |O<5>           |   10.877|
A<4>           |O<0>           |   11.247|
A<4>           |O<1>           |   11.534|
A<4>           |O<2>           |   11.709|
A<4>           |O<3>           |   11.207|
A<4>           |O<4>           |   11.188|
A<4>           |O<5>           |   11.114|
A<4>           |O<6>           |   11.250|
A<5>           |O<0>           |   11.449|
A<5>           |O<1>           |   11.736|
A<5>           |O<2>           |   11.911|
A<5>           |O<3>           |   11.409|
A<5>           |O<4>           |   11.390|
A<5>           |O<5>           |   11.316|
A<5>           |O<6>           |   11.452|
A<6>           |O<0>           |   11.421|
A<6>           |O<1>           |   11.708|
A<6>           |O<2>           |   11.883|
A<6>           |O<3>           |   11.381|
A<6>           |O<4>           |   11.362|
A<6>           |O<5>           |   11.288|
A<6>           |O<6>           |   11.424|
A<7>           |O<0>           |   11.106|
A<7>           |O<1>           |   11.393|
A<7>           |O<2>           |   11.568|
A<7>           |O<3>           |   11.066|
A<7>           |O<4>           |   11.047|
A<7>           |O<5>           |   10.973|
A<7>           |O<6>           |   11.109|
A<8>           |O<0>           |   11.112|
A<8>           |O<1>           |   11.399|
A<8>           |O<2>           |   11.574|
A<8>           |O<3>           |   11.072|
A<8>           |O<4>           |   11.053|
A<8>           |O<5>           |   10.979|
A<8>           |O<6>           |   11.115|
A<9>           |O<0>           |   11.631|
A<9>           |O<1>           |   11.918|
A<9>           |O<2>           |   12.093|
A<9>           |O<3>           |   11.591|
A<9>           |O<4>           |   11.572|
A<9>           |O<5>           |   11.498|
A<9>           |O<6>           |   11.634|
A<10>          |O<0>           |   11.524|
A<10>          |O<1>           |   11.811|
A<10>          |O<2>           |   11.986|
A<10>          |O<3>           |   11.484|
A<10>          |O<4>           |   11.465|
A<10>          |O<5>           |   11.391|
A<10>          |O<6>           |   11.527|
A<11>          |O<0>           |   13.346|
A<11>          |O<1>           |   13.633|
A<11>          |O<2>           |   13.808|
A<11>          |O<3>           |   13.306|
A<11>          |O<4>           |   13.287|
A<11>          |O<5>           |   13.213|
A<11>          |O<6>           |   13.349|
A<11>          |O<7>           |   10.537|
A<12>          |O<0>           |   13.035|
A<12>          |O<1>           |   13.322|
A<12>          |O<2>           |   13.497|
A<12>          |O<3>           |   12.995|
A<12>          |O<4>           |   12.976|
A<12>          |O<5>           |   12.902|
A<12>          |O<6>           |   13.038|
A<12>          |O<7>           |   11.097|
A<13>          |O<0>           |   11.512|
A<13>          |O<1>           |   11.618|
A<13>          |O<2>           |   11.789|
A<13>          |O<3>           |   11.351|
A<13>          |O<4>           |   11.021|
A<13>          |O<5>           |   10.896|
A<13>          |O<6>           |   11.032|
A<13>          |O<7>           |   10.915|
A<14>          |O<0>           |   10.584|
A<14>          |O<1>           |   10.871|
A<14>          |O<2>           |   11.046|
A<14>          |O<3>           |   10.544|
A<14>          |O<4>           |   10.525|
A<14>          |O<5>           |   10.451|
A<14>          |O<6>           |   10.587|
A<14>          |O<7>           |    8.342|
A<15>          |O<0>           |   10.760|
A<15>          |O<1>           |   11.047|
A<15>          |O<2>           |   11.222|
A<15>          |O<3>           |   10.720|
A<15>          |O<4>           |   10.701|
A<15>          |O<5>           |   10.627|
A<15>          |O<6>           |   10.763|
A<15>          |O<7>           |    9.995|
---------------+---------------+---------+


Analysis completed Wed Jan 09 07:31:24 2008 
--------------------------------------------------------------------------------

Trace Settings:
-------------------------
Trace Settings 

Peak Memory Usage: 77 MB



