C51 COMPILER V8.02   MAIN                                                                  01/24/2008 08:26:19 PAGE 1   


C51 COMPILER V8.02, COMPILATION OF MODULE MAIN
OBJECT MODULE PLACED IN main.OBJ
COMPILER INVOKED BY: C:\Keil\C51\BIN\C51.EXE main.c BROWSE DEBUG OBJECTEXTEND

line level    source

   1          #include<REG51.h>
   2          
   3          #define Row1  P2_2
   4          #define Row2  P2_1
   5          #define Row3  P2_0
   6          
   7          #define ColA  P2_3
   8          #define ColB  P2_4
   9          #define ColC  P2_5
  10          #define ColD  P2_6
  11          
  12          
  13          char KPread(void)
  14                  {
  15   1              ColA=0;
  16   1              if(Row1==0)
  17   1                      {
  18   2                      ColA=1;
  19   2                      return 1;
  20   2                      }
  21   1              if(Row2==0)
  22   1                      {
  23   2                      ColA=1;
  24   2                      return 2;
  25   2                      }
  26   1              if(Row3==0)
  27   1                      {
  28   2                      ColA=1;
  29   2                      return 3;
  30   2                      }
  31   1      
  32   1      ////////////////////
  33   1              ColA=1;
  34   1              ColB=0;
  35   1              if(Row1==0)
  36   1                      {
  37   2                      ColB=1;
  38   2                      return 4;
  39   2                      }
  40   1              if(Row2==0)
  41   1                      {
  42   2                      ColB=1;
  43   2                      return 5;
  44   2                      }
  45   1              if(Row3==0)
  46   1                      {
  47   2                      ColB=1;
  48   2                      return 6;
  49   2                      }
  50   1      ////////////////////
  51   1              ColB=1;
  52   1              ColC=0;
  53   1              if(Row1==0)
  54   1                      {
  55   2                      ColC=1;
C51 COMPILER V8.02   MAIN                                                                  01/24/2008 08:26:19 PAGE 2   

  56   2                      return 7;
  57   2                      }
  58   1              if(Row2==0)
  59   1                      {
  60   2                      ColC=1;
  61   2                      return 8;
  62   2                      }
  63   1              if(Row3==0)
  64   1                      {
  65   2                      ColC=1;
  66   2                      return 9;
  67   2                      }
  68   1      ////////////////////
  69   1              ColD=0;
  70   1              ColC=1;
  71   1              if(Row1==0)
  72   1                      {
  73   2                      ColD=1;
  74   2                      return '*';
  75   2                      }
  76   1              if(Row2==0)
  77   1                      {
  78   2                      ColD=1;
  79   2                      return 0;
  80   2                      }
  81   1              if(Row3==0)
  82   1                      {
  83   2                      ColD=1;
  84   2                      return '#';
  85   2                      }
  86   1              ColD=1;
  87   1      ////////////////////
  88   1              }
  89          
  90          main()
  91                  {
  92   1              char NumbersCode[10]={0x3f,0x06,0x5b,0x4f,0x66,0x6d,0x7d,0x27,0x7f,0x6f};
  93   1              Row1 = 1;
  94   1              Row2 = 1;
  95   1              Row3 = 1;
  96   1              ColA = 1;
  97   1              ColB = 1;
  98   1              ColC = 1;
  99   1              ColD = 1;
 100   1      
 101   1              while(1)
 102   1                      {
 103   2                      P3=NumbersCode[KPread()];
 104   2                      }
 105   1              }


MODULE INFORMATION:   STATIC OVERLAYABLE
   CODE SIZE        =    158    ----
   CONSTANT SIZE    =     10    ----
   XDATA SIZE       =   ----    ----
   PDATA SIZE       =   ----    ----
   DATA SIZE        =   ----      10
   IDATA SIZE       =   ----    ----
   BIT SIZE         =   ----    ----
END OF MODULE INFORMATION.


C51 COMPILATION COMPLETE.  0 WARNING(S),  0 ERROR(S)
