















































]2;avrasm2.exe -S labels.tmp -I Include/ -fI -W+ie -C V3 -o AttoBASICV231.hex -d AttoBASICV231.obj -e AttoBASICV231.eep -m AttoBAS








































































AVRASM:AVRmacroassembler2.1.42 (build1796Sep15200910:48:36)
Copyright(C)1995-2009ATMELCorporation

AttoBASICV231.asm(885):Includingfile'Include/Defs_Constants.inc'
Include/Defs_Constants.inc(1):Includingfile 'Include/m328def.inc'
Include/Defs_Constants.inc(13):Including file'Include\Defs_Register.inc'
Include\Defs_Register.inc(50):warning:Register r30 alreadydefinedbythe.DEFdirective
Include/Defs_Constants.inc(13):info: 'Include\Defs_Register.inc'includedfromhere
AttoBASICV231.asm(885):info:'Include/Defs_Constants.inc'includedfromhere
Include/Defs_Constants.inc(14): Including file 'Include\Defs_Pinout.inc'
Include/Defs_Constants.inc(15): Including file'Include\Defs_Timers.inc'
Include/Defs_Constants.inc(134):Systemclockprescalersetto1
Include/Defs_Constants.inc(386):Includingfile'Include\Defs_PWM.inc'
Include/Defs_Constants.inc(479):Includingfile'Include/Defs_DHT.inc'
Include/Defs_Constants.inc(486):Including file'Include/Defs_OWR.inc'
Include/Defs_Constants.inc(499):Includingfile 'Include/Defs_NRF.inc'
Include/Defs_Constants.inc(537):Includingfile'Include/Defs_RTC.inc'
Include/Defs_Constants.inc(544): IncluIdingfile'Include\Defs_DDS.inc'
AttoBASICV231.asm(886):Includingfile 'Include/Defs_ADC.inc'
AttoBASICV231.asm(898):Includingfile'Include/Defs_USART.inc'
AttoBASICV231.asm(906):Includingfile'Include/Macro_IO.inc'
AttoBASICV231.asm(907):Including file 'Include/Macro_Misc.inc'
AttoBASICV231.asm(908):Includingfile'Include/Macro_Delays.inc'
AttoBASICV231.asm(909):Includingfile'Include/Macro_AttoBASIC.inc'
AttoBASICV231.asm(916):Includingfile'Include/Data_RAM.inc'
AttoBASICV231.asm(917):Includingfile'Include/Data_EEP.inc'
AttoBASICV231.asm(926):Including file 'Include/Code_Vectors.inc'
AttoBASICV231.asm(3078):Includingfile 'Include/Code_Editing.inc'
AttoBASICV231.asm(3079): Including file 'Include/Code_EFS.inc'
AttoBASICV231.asm(3080):Includingfile'include/Code_Math.inc'
AttoBASICV231.asm(3081):Includingfile'Include/Code_ERRPROC.inc'
AttoBASICV231.asm(3086):Includingfile'Include/Code_SPI.inc'
AttoBASICV231.asm(3088):Includingfile'Include/Code_PORTIO.inc'
AttoBASICV231.asm(3090):Includingfile'Include/Code_PWM.inc'
AttoBASICV231.asm(3092):Includingfile'Include/Code_Operators.inc'
AttoBASICV231.asm(3093):Includingfile 'Include/Code_
Analog.inc'AttoBASICV231.asm(3094):Includingfile'Include/Code_DataBytes.inc'
AttoBASICV231.asm(3102):Includingfile'Include/Code_Dat
aFile.inc'Include/Code_DataFile.inc(2):Including file 'Include/Defs_DATAFILE.inc'
AttoBASICV231.asm(3105):Includingfile'Include/Code_LOP
WR.inc'AttoBASICV231.asm(3108): Includingfile'Include/Code_DDS.inc'
AttoBASICV231.asm(3110):Includingfile'Include/Cod
e_Init.inc'AttoBASICV231.asm(3112):Includingfile'Include/Code_RTC.inc'
AttoBASICV231.asm(3115):Includingfile'Include/Code_DHT.in
c'
AttoBASICV231.asm(3118):Includingfile'Include/Code_NRF.inc'
AttoBASICV231.asm(3121):Includingfile'Include/Code_OWR.inc'
AttoBASICV231.asm(3125):Includingfile'Include/Code_Debug.inc'
AttoBASICV231.asm(3137):Includingfile'Include/Code_BLDR.inc'
AttoBASICV231.asm(3137): Including file 'Include/Code_BLDR.inc'AttoBASICV231.asm(3346):Includingfile'Include/Data_Cmds.inc'
AttoBASICV231.asm(3347):Includingfile'Include/Data_Msgs.inc'
AttoBASICV231.asm(3347): Including file 'Include/Data_Msgs.inc'AttoBASICV231.asm(3349):Includingfile'Include/Data_DR_Prog.inc
'
AttoBASICV231.asm(3392):Includingfile'Incl
ude/Data_SqrWav.inc'AttoBASICV231.asm(3398):Includingfile'Include/Code_Bootloader.inc'
Include/Code_Bootloader.inc(30):Includingfile'Include/Code_BootloaderCDC-m328-8mhz.inc'
Include/Defs_Constants.inc(148):UsingFCLK@8MHz
Include/Defs_Constants.inc(148): Using FCLK @ 8MHzInclude/Defs_DHT.inc(4): Enabling DHT Sensor Support
Include/Defs_DHT.inc(200):Usingdivi
de by 8 for DHT timing.
Include/Defs_OWR.inc(4):Enabling1-WireSupport
Include/Defs_OWR.inc(4): Enabling 1-Wire SupportInclude/Defs_USART.inc(15):Usingbaudrateof19200forFCLK>4MHz
Include/Code_Bootloader.inc(29):Notice:BootloaderCDCform328@8MHze
nabled

ATmega328memoryusesummary[bytes]:
ATmega328 memory use summary [bytes]:Segment   Begin    End      Code   Data   Used    Size   Use%
---------------------------------------------------------------
[.cseg]0x0000000x008000116903600152903276846.7%
[.dseg]0x0001000x000900013451345204865.7%
[.eseg]0x0000000x0003ff0416416102440.6%

Assemblycomplete,0errors.1warnings
Assembly complete, 0 errors. 1 warnings>