















































]2;avrasm2.exe -S labels.tmp -I Include/ -fI -W+ie -C V3 -o AttoBASICV231.hex -d AttoBASICV231.obj -e AttoBASICV231.eep -m AttoBAS








































































AVRASM:AVRmacroassembler2.1.42 (build1796Sep15200910:48:36)
Copyright(C)1995-2009ATMELCorporation

AttoBASICV231.asm(885):Includingfile'Include/Defs_Constants.inc'
Include/Defs_Constants.inc(1): Including file 'Include/m328def.inc'
Include/Defs_Constants.inc(13):Includingfile'Include\Defs_Register.inc'
Include\Defs_Register.inc(50):warning:Registerr30alreadydefinedbythe.DEFdirective
Include/Defs_Constants.inc(13): info: 'Include\Defs_Register.inc'includedfromhere
AttoBASICV231.asm(885):info:'Include/Defs_Constants.inc'includedfrom here
Inclu
de/Defs_Constants.inc(14):Includingfile'Include\Defs_Pinout.inc'
Include/Defs_Constants.inc(15): Including file 'Include\Defs_Timers.inc'
Include/Defs_Constants.inc(91):warning:Preprocessor:Redefinitionofmacro 'BTLDR'
AttoBASICV231.asm(885):info:'Include/Defs_Constants.inc'includedfromhere
Include/Defs_Constants.inc(4):info:Previous definitionof'BTLDR'
Include/Defs_Constants.inc(134):Systemclockprescalersetto1
Include/Defs_Constants.inc(386): Including file 'Include\Defs_PWM.inc'
Include/Defs_Constants.inc(479):Includingfile'Include/Defs_DHT.inc'
Include/Defs_Constants.inc(486):Includingfile'Include/Defs_OWR.inc'
Include/Defs_Constants.inc(499):Includingfile'Include/Defs_NRF.inc'
Include/Defs_Constants.inc(537):Includingfile'Include/Defs_RTC.inc'
Include/Defs_Constants.inc(544):Includingfile'Include\Defs_DDS.inc'
AttoBASICV231.asm(886):Includingfile'Include/Defs_ADC.inc'
AttoBASICV231.asm(898):Including file 'Include/Defs_USART.inc'
AttoBASICV231.asm(906):Includingfile'Include/Macro_IO.inc'
AttoBASICV231.asm(907):Includingfile'Include/Macro_Misc.inc'
AttoBASICV231.asm(908):Including file 'Include/Macro_Delays.inc'
AttoBASICV231.asm(909):Includingfile'Include/Macro_AttoBASIC.inc'
AttoBASICV231.asm(916):Includingfile'Include/Data_RAM.inc'
AttoBASICV231.asm(917):Includingfile'Include/Data_EEP.inc'
AttoBASICV231.asm(926): Includingfile'Include/Code_Vectors.inc'
AttoBASICV231.asm(3078):Includingfile'Include/Code_Editing.inc'
AttoBASICV231.asm(3079):Includingfile'Include/Code_EFS.inc'
AttoABASICV231.asm(3080):Includingfile'include
/Code_Math.inc'
AttoBASICV231.asm(3080): Including file 'include/Code_Math.inc'AttoBASICV231.asm(3081):Includingfile'Include/Code_ERRPROC.inc'
AttoBASICV231.asm(3086): Includingfile'Include/Code_SPI.inc'
AttoBASICV231.asm(3086): Including file 'Include/Code_SPI.inc'AttoBASICV231.asm(3088):Includingfile'Include/Code_PORTIO
.inc'
AttoBASICV231.asm(3090): Including file 'Include/Code_PWM.inc'
AttoBASICV231.asm(3090): Including file 'Include/Code_PWM.inc'AttoBASICV231.asm(3092):Includingfile'Include/Code_Operators.inc'
AttoBASICV231.asm(3093):Includingfile'Include/Code_Analog.inc'
AttoBASICV231.asm(3094):Includingfile'Include/Code_DataBytes.inc'
AttoBASICV231.asm(3102):Includingfile'Include/Code_DataFile.inc'
Include/Code_DataFile.inc(2):Includingfile'Include/Defs_DATAFILE.in
c'
AttoBASICV231.asm(3105):Includingfile'Include/Code_LOPWR.inc'
AttoBASICV231.asm(3108):Includingfile'Include/Code_DDS.inc'
AttoBASICV231.asm(3110):Includingfile'Include/Code_Init.inc'
AttoBASICV231.asm(3110): Including file 'Include/Code_Init.inc'AttoBASICV231.asm(3112):Including file 'Include/Code_RTC.inc'
AttoBASICV231.asm(3115):Includingfile'Include/Code_DHT.inc'
AttoBASICV231.asm(3115): Including file 'Include/Code_DHT.inc'AttoBASICV231.asm(3118):Includingfile'Include/Code_NRF.inc'
AttoBASICV231.asm(3121): Including file 'Include/Code_OWR.inc'
AttoBASICV231.asm(3125):Includingfile'Include/Code_Debug.inc'
AttoBASICV231.asm(3137):Includingfile'Include/Code_BLDR.in
c'
AttoBASICV231.asm(3346):Includingfile'Include/Data_Cmds.inc'
AttoBASICV231.asm(3346): Including file 'Include/Data_Cmds.inc'AttoBASICV231.asm(3347):Includingfile'Include/Data_Msgs.inc'
AttoBASICV231.asm(3349):Includingfile'Include/Data_DR_Prog.inc'
AttoBASICV231.asm(3392):Includingfile'Include/Data_SqrWav.inc'
AttoBASICV231.asm(3392): Including file 'Include/Data_SqrWav.inc'AttoBASICV231.asm(3398):Including file'Include/Code_Bootl
oader.inc'Include/Code_Bootloader.inc(30):Includingfile 'Include/Code_BootloaderCDC-m328-8mhz.inc'
Include/Defs_Constants.inc(148):UsingFCLK@8MHz
Include/Defs_Constants.inc(148): Using FCLK @ 8MHzInclude/Defs_DHT.inc(4):EnablingDHTSen
sor SupportInclude/Defs_DHT.inc(200):Usingdivideby8forDHTtiming.
Include/Defs_OWR.inc(4): Enabling1-WireSupport
Include/Defs_USART.inc(15):Usingbaudrateof19200forFCLK>4MHz
Include/Code_Bootloader.inc(29):Notice:BootloaderCDCform328@8MHzenabled

ATmega328memory use summary[bytes]:
Segment   Begin    End      Code   Data   Used    Size   Use%
---------------------------------------------------------------
[.cseg]0x0000000x008000116903600152903276846.7%
[.dseg]0x0001000x00090001345   1345204865.7%
[.eseg]0x0000000x0003ff0416416102440.6%

Assemblycomplete,0errors.2warnings
>