















































]2;avrasm2.exe -S labels.tmp -I Include/ -fI -W+ie -C V3 -o AttoBASICV231.hex -d AttoBASICV231.obj -e AttoBASICV231.eep -m AttoBAS








































































AVRASM:AVRmacroassembler2.1.42 (build1796Sep152009 10:48:36)
Copyright (C) 1995-2009ATMELCorporation

AttoBASICV231.asm(885):Includingfile'Include/Defs_Constants.inc'
Include/Defs_Constants.inc(1):Includingfile'Include/m328def.inc'
Include/Defs_Constants.inc(13):Includingfile'Include\Defs_Register.inc'
Include\Defs_Register.inc(50):warning:Registerr30alreadydefinedbythe.DEFdirective
Include/Defs_Constants.inc(13):info:'Include\Defs_Register.inc'includedfromhere
A
ttoBASICV231.asm(885):info:'Include/Defs_Constants.inc'includedfromhere
Include/Defs_Constants.inc(14):Includingfile'Include\Defs_Pinout.inc'
Include/Defs_Constants.inc(15):Includingfile'Include\Defs_Timers.inc'
Include/Defs_Constants.inc(134):Systemclockprescalersetto1
Include/Defs_Constants.inc(386):Includingfile'Include\Defs_PWM.inc'
Include/Defs_Constants.inc(479): Includingfile'Include/Defs_DHT.inc'
Include/Defs_Constants.inc(486):Includingfile'Include/Defs_OWR.inc'
Include/Defs_Constants.inc(499): Includingfile'Include/Defs_NRF.inc'
Include/Defs_Constants.inc(537):Includingfile'Include/Defs_RTC.inc'
Include/Defs_Constants.inc(544):Includingfile'Include\Defs_DDS.inc'
AttoBASICV231.asm(886):Includingfile'Include/Defs_ADC.inc'
AttoBASICV231.asm(898):Includingfile'Include/Defs_USART.inc'
AttoBASICV231.asm(901):Includingfile 'Include/Defs_TWI.inc'
Include/Defs_TWI.inc(111): Includingfile'Include\Macro_TWI.inc'
AttoBASICV231.asAttm(906):Includingfile'Include/Macro_IO.inc'
AttoBASICV231.asm(907):Includingfile'Include/Macro_Misc.inc'
AttoBASICV231.asm(908): Including file 'Include/Macro_Delays.inc'
AttoBASICV231.asm(909):Includingfile'Include/Macro_AttoBASIC.inc'
AttoBASICV231.asm(916): Includingfile'Include/Data_RAM.inc'
AttoBASICV231.asm(917): Includingfile'Include/Data_EEP.inc'
AttoBASICV231.asm(926):Includingfile'Include/Code_Vectors.inc'
AttoBASICV231.asm(3078):Includingfile 'Include/Code_Editing.inc'
AttoBASICV231.asm(3079):Including file 'Include/Code_EFS.inc'
AttoBASICV231.asm(3080):Includingfile'include/Code_Math.inc'
AttoBASICV231.asm(3081):Includingfile'Include/Code_ERRPROC.inc'
AttoBASICV231.asm(3083): Includingfile'Include/Code_TWI.inc'
AttoBASICV231.asm(3086):Includingfile'Include/Code_SPI.inc'
AttoBASICV231.asm(3088):Includingfile'Include/Code_PORTIO.inc'
AttoBASICV231.asm(3090):Includingfile'Incl
ude/Code_PWM.inc'AttoBASICV231.asm(3092):Includingfile'Include/Code_Operators.in
c'
AttoBASICV231.asm(3093):Includingfile'Include/Code_Analog.inc'
AttoBASICV231.asm(3094):Includingfile'Include/Code_DataBytes.inc'
AttoBASICV231.asm(3096):Includingfile'Include/Code_ICP.inc'
Include/Code_ICP.inc(2):Includingfile'Include/Defs_ICP.inc'
Include/Code_ICP.inc(2): Including file 'Include/Defs_ICP.inc'AttoBASICV231.asm(3099):Includingfile'Include
/Code_DS.inc'AttoBASICV231.asm(3102):Includingfile'Include/Code_DataFile.inc'
Include/Code_DataFile.inc(2):Including file 'Include/Defs_DATAFILE.inc
'
AttoBASICV231.asm(3105):Includingfile'Include/Code_LOPWR.inc'
AttoBASICV231.asm(3105): Including file 'Include/Code_LOPWR.inc'AttoBASICV231.asm(3108):Includingfile'Include/Code_DDS.inc'
AttoBASICV231.asm(3110):Includingfile 'Include/Code_Init.inc'
AttoBASICV231.asm(3112):Includingfile'Include/Code_RTC.inc'
AttoBASICV231.asm(3115):Includingfile'Include/Code_DHT.inc'
AttoBASICV231.asm(3118): Includingfile 'Include/Code_NRF.inc'
AttoBASICV231.asm(3121):Includingfile'Include/Code_OWR.inc'
AttoBASICV231.asm(3125): Includingfile'Include/Code_Debug.inc'
AttoBASICV231.asm(3137):Including file 'Include/Code_BLDR.inc'
AttoBASICV231.Atasm(3346):Includingfile'Include/Data_Cmds.inc'
AttoBASICV231.asm(3347):Includingfile'Include/Data_Msgs.inc'
AttoBASICV231.asm(3392):Includingfile'Include/Data_SqrWav.inc'
AttoBASICV231.asm(3398):Includingfile 'Include/Code_Bootloader.inc'
Include/Code_Bootloader.inc(27):Includingfile 'Include/Code_BootloaderCDC-m328-4mhz.inc'
Include/Defs_Constants.inc(142):UsingFCLK@4MH
z
Include/Defs_DHT.inc(4):EnablingDHTSensorSupport
Include/Defs_DHT.inc(200):Usingdivide by 8 for DHT timing.
Include/Defs_OWR.inc(4):Enabling1-WireSupport
Include/Defs_USART.inc(12):Usingbaudrateof19200
for FCLK = 4MHzInclude/Defs_TWI.inc(25):OnlyTWI@100Kavailable
Include/Defs_TWI.inc(25): Only TWI @ 100K availableInclude/Code_Init.inc(164):EnablingPort-PinPullupsfor DS interface.
Include/Code_Bootloader.inc(26):Notice:BootloaderCDCform328@4MHzenabled

ATmega328memoryusesummary [bytes]:
Segment   Begin    End      Code   Data   Used    Size   Use%
---------------------------------------------------------------
[.cseg]0x0000000x00800012664   4104  167683276851.2%
[.cseg] 0x000000 0x008000  12664   4104  16768   32768  51.2%.dseg[.]0x0001000x0009000204820482048100.0%
[.eseg] 0x000000 0x0[003ff0416416102440.6%
Assembly complete,0errors.1warnings
>