Added Component: Designator=C1(CAPPR2-5X6.8)
Added Component: Designator=C2(CAPPR2-5X6.8)
Added Component: Designator=C3(CAPPR2-5X6.8)
Added Component: Designator=C4(CAPPR2-5X6.8)
Added Component: Designator=C5(CAPPR2-5X6.8)
Added Component: Designator=C6(CAPPR2-5X6.8)
Added Component: Designator=C7(CAPPR2-5X6.8)
Added Component: Designator=JP1(HDR1X5)
Added Component: Designator=JP2(HDR1X5)
Added Component: Designator=MK1(PIN2)
Added Component: Designator=R1(AXIAL-0.3)
Added Component: Designator=R2(AXIAL-0.3)
Added Component: Designator=R3(AXIAL-0.3)
Added Component: Designator=R4(AXIAL-0.3)
Added Component: Designator=R5(AXIAL-0.3)
Added Component: Designator=R6(AXIAL-0.3)
Added Component: Designator=R7(AXIAL-0.3)
Added Component: Designator=R8(AXIAL-0.3)
Added Component: Designator=R9(AXIAL-0.3)
Added Component: Designator=R10(AXIAL-0.3)
Added Component: Designator=R11(AXIAL-0.3)
Added Component: Designator=R12(AXIAL-0.3)
Added Component: Designator=R13(AXIAL-0.3)
Added Component: Designator=R14(AXIAL-0.3)
Added Component: Designator=R15(AXIAL-0.3)
Added Component: Designator=U1(20P3)
Added Component: Designator=U2(626-05)
Added Component: Designator=U3(N16E)
Added Component: Designator=U4(221A-09)
Added Component: Designator=U5(221A-09)
Added Net: Name=NetJP1_4
