Added Component: Designator=C1(CAPPR2-5X6.8)
Added Component: Designator=C2(CAPPR2-5X6.8)
Added Component: Designator=C3(CAPPR2-5X6.8)
Added Component: Designator=C4(CAPPR2-5X6.8)
Added Component: Designator=C5(CAPPR2-5X6.8)
Added Component: Designator=C6(CAPPR2-5X6.8)
Added Component: Designator=C7(CAPPR2-5X6.8)
Added Component: Designator=JP1(HDR1X5)
Added Component: Designator=JP2(HDR1X5)
Added Component: Designator=MK1(PIN2)
Added Component: Designator=R1(AXIAL-0.3)
Added Component: Designator=R2(AXIAL-0.3)
Added Component: Designator=R3(AXIAL-0.3)
Added Component: Designator=R4(AXIAL-0.3)
Added Component: Designator=R5(AXIAL-0.3)
Added Component: Designator=R6(AXIAL-0.3)
Added Component: Designator=R7(AXIAL-0.3)
Added Component: Designator=R8(AXIAL-0.3)
Added Component: Designator=R9(AXIAL-0.3)
Added Component: Designator=R10(AXIAL-0.3)
Added Component: Designator=R11(AXIAL-0.3)
Added Component: Designator=R12(AXIAL-0.3)
Added Component: Designator=R13(AXIAL-0.3)
Added Component: Designator=R14(AXIAL-0.3)
Added Component: Designator=R15(AXIAL-0.3)
Added Component: Designator=U1(20P3)
Added Component: Designator=U2(626-05)
Added Component: Designator=U3(N16E)
Added Component: Designator=U4(221A-09)
Added Component: Designator=U5(221A-09)
Added Pin To Net: NetName=NetC1_1 Pin=C1-1
Added Pin To Net: NetName=GND Pin=C1-2
Added Pin To Net: NetName=NetC2_1 Pin=C2-1
Added Pin To Net: NetName=GND Pin=C2-2
Added Pin To Net: NetName=NetC3_1 Pin=C3-1
Added Pin To Net: NetName=NetC3_2 Pin=C3-2
Added Pin To Net: NetName=NetC4_1 Pin=C4-1
Added Pin To Net: NetName=NetC4_2 Pin=C4-2
Added Pin To Net: NetName=NetC5_1 Pin=C5-1
Added Pin To Net: NetName=GND Pin=C5-2
Added Pin To Net: NetName=VCC Pin=C6-1
Added Pin To Net: NetName=GND Pin=C6-2
Added Pin To Net: NetName=NetC4_1 Pin=C7-1
Added Pin To Net: NetName=NetC7_2 Pin=C7-2
Added Pin To Net: NetName=GND Pin=JP1-1
Added Pin To Net: NetName=GND Pin=JP1-2
Added Pin To Net: NetName=NetJP1_4 Pin=JP1-4
Added Pin To Net: NetName=NetJP1_4 Pin=JP1-5
Added Pin To Net: NetName=GND Pin=JP2-1
Added Pin To Net: NetName=GND Pin=JP2-2
Added Pin To Net: NetName=NetC7_2 Pin=JP2-3
Added Pin To Net: NetName=GND Pin=JP2-4
Added Pin To Net: NetName=GND Pin=JP2-5
Added Pin To Net: NetName=NetC3_1 Pin=MK1-1
Added Pin To Net: NetName=GND Pin=MK1-2
Added Pin To Net: NetName=NetC1_1 Pin=R1-1
Added Pin To Net: NetName=NetC5_1 Pin=R1-2
Added Pin To Net: NetName=GND Pin=R2-1
Added Pin To Net: NetName=NetC1_1 Pin=R2-2
Added Pin To Net: NetName=NetR3_1 Pin=R3-1
Added Pin To Net: NetName=NetC4_1 Pin=R3-2
Added Pin To Net: NetName=NetC2_1 Pin=R4-1
Added Pin To Net: NetName=NetC3_1 Pin=R4-2
Added Pin To Net: NetName=NetC5_1 Pin=R5-1
Added Pin To Net: NetName=NetC2_1 Pin=R5-2
Added Pin To Net: NetName=NetR6_1 Pin=R6-1
Added Pin To Net: NetName=NetC3_2 Pin=R6-2
Added Pin To Net: NetName=NetR7_1 Pin=R7-1
Added Pin To Net: NetName=NetC3_2 Pin=R7-2
Added Pin To Net: NetName=NetR8_1 Pin=R8-1
Added Pin To Net: NetName=NetC3_2 Pin=R8-2
Added Pin To Net: NetName=NetR9_1 Pin=R9-1
Added Pin To Net: NetName=NetC3_2 Pin=R9-2
Added Pin To Net: NetName=NetR10_1 Pin=R10-1
Added Pin To Net: NetName=NetC3_2 Pin=R10-2
Added Pin To Net: NetName=NetR11_1 Pin=R11-1
Added Pin To Net: NetName=NetC3_2 Pin=R11-2
Added Pin To Net: NetName=NetR12_1 Pin=R12-1
Added Pin To Net: NetName=NetC3_2 Pin=R12-2
Added Pin To Net: NetName=NetR13_1 Pin=R13-1
Added Pin To Net: NetName=NetC3_2 Pin=R13-2
Added Pin To Net: NetName=GND Pin=R14-1
Added Pin To Net: NetName=NetC4_2 Pin=R14-2
Added Pin To Net: NetName=VCC Pin=R15-1
Added Pin To Net: NetName=NetC4_2 Pin=R15-2
Added Pin To Net: NetName=VCC Pin=U1-5
Added Pin To Net: NetName=GND Pin=U1-6
Added Pin To Net: NetName=NetC4_2 Pin=U1-9
Added Pin To Net: NetName=VCC Pin=U1-10
Added Pin To Net: NetName=VCC Pin=U1-15
Added Pin To Net: NetName=GND Pin=U1-16
Added Pin To Net: NetName=NetU1_18 Pin=U1-18
Added Pin To Net: NetName=NetU1_19 Pin=U1-19
Added Pin To Net: NetName=NetU1_20 Pin=U1-20
Added Pin To Net: NetName=NetC4_1 Pin=U2-1
Added Pin To Net: NetName=NetR3_1 Pin=U2-2
Added Pin To Net: NetName=NetC1_1 Pin=U2-3
Added Pin To Net: NetName=GND Pin=U2-4
Added Pin To Net: NetName=NetC5_1 Pin=U2-8
Added Pin To Net: NetName=NetR9_1 Pin=U3-1
Added Pin To Net: NetName=NetR7_1 Pin=U3-2
Added Pin To Net: NetName=NetR3_1 Pin=U3-3
Added Pin To Net: NetName=NetR6_1 Pin=U3-4
Added Pin To Net: NetName=NetR8_1 Pin=U3-5
Added Pin To Net: NetName=GND Pin=U3-6
Added Pin To Net: NetName=GND Pin=U3-7
Added Pin To Net: NetName=GND Pin=U3-8
Added Pin To Net: NetName=NetU1_18 Pin=U3-9
Added Pin To Net: NetName=NetU1_19 Pin=U3-10
Added Pin To Net: NetName=NetU1_20 Pin=U3-11
Added Pin To Net: NetName=NetR10_1 Pin=U3-12
Added Pin To Net: NetName=NetR13_1 Pin=U3-13
Added Pin To Net: NetName=NetR12_1 Pin=U3-14
Added Pin To Net: NetName=NetR11_1 Pin=U3-15
Added Pin To Net: NetName=NetC5_1 Pin=U3-16
Added Pin To Net: NetName=NetJP1_4 Pin=U4-1
Added Pin To Net: NetName=GND Pin=U4-2
Added Pin To Net: NetName=VCC Pin=U4-3
Added Pin To Net: NetName=GND Pin=U5-1
Added Pin To Net: NetName=GND Pin=U5-2
Added Pin To Net: NetName=NetC5_1 Pin=U5-3
Added Member To Class: ClassName=Sheet2 Member=Component C1 47u
Added Member To Class: ClassName=Sheet2 Member=Component C2 47u
Added Member To Class: ClassName=Sheet2 Member=Component C3 47u
Added Member To Class: ClassName=Sheet2 Member=Component C4 47u
Added Member To Class: ClassName=Sheet2 Member=Component C5 47u
Added Member To Class: ClassName=Sheet2 Member=Component C6 47u
Added Member To Class: ClassName=Sheet2 Member=Component C7 47u
Added Member To Class: ClassName=Sheet2 Member=Component JP1 Header 5
Added Member To Class: ClassName=Sheet2 Member=Component JP2 Header 5
Added Member To Class: ClassName=Sheet2 Member=Component MK1 Mic2
Added Member To Class: ClassName=Sheet2 Member=Component R1 10K
Added Member To Class: ClassName=Sheet2 Member=Component R2 10K
Added Member To Class: ClassName=Sheet2 Member=Component R3 470K
Added Member To Class: ClassName=Sheet2 Member=Component R4 39K
Added Member To Class: ClassName=Sheet2 Member=Component R5 4.7K
Added Member To Class: ClassName=Sheet2 Member=Component R6 1K
Added Member To Class: ClassName=Sheet2 Member=Component R7 1.5K
Added Member To Class: ClassName=Sheet2 Member=Component R8 2.7K
Added Member To Class: ClassName=Sheet2 Member=Component R9 3.9K
Added Member To Class: ClassName=Sheet2 Member=Component R10 6.8K
Added Member To Class: ClassName=Sheet2 Member=Component R11 12K
Added Member To Class: ClassName=Sheet2 Member=Component R12 22k
Added Member To Class: ClassName=Sheet2 Member=Component R13 39K
Added Member To Class: ClassName=Sheet2 Member=Component R14 10K
Added Member To Class: ClassName=Sheet2 Member=Component R15 10K
Added Member To Class: ClassName=Sheet2 Member=Component U1 ATtiny26L-8PI
Added Member To Class: ClassName=Sheet2 Member=Component U2 MC4558ACP1
Added Member To Class: ClassName=Sheet2 Member=Component U3 CD4051BCN
Added Member To Class: ClassName=Sheet2 Member=Component U4 MC78M05ACT
Added Member To Class: ClassName=Sheet2 Member=Component U5 MC78M12ACT
