Added Component: Designator=C1(CAPPR2-5X6.8)
Added Component: Designator=C2(CAPPR2-5X6.8)
Added Component: Designator=C3(CAPPR2-5X6.8)
Added Component: Designator=C4(CAPPR2-5X6.8)
Added Component: Designator=C5(CAPPR2-5X6.8)
Added Component: Designator=C6(CAPPR2-5X6.8)
Added Component: Designator=C7(CAPPR2-5X6.8)
Added Component: Designator=JP1(HDR1X5)
Added Component: Designator=JP2(HDR1X5)
Added Component: Designator=MK1(PIN2)
Added Component: Designator=R1(AXIAL-0.3)
Added Component: Designator=R2(AXIAL-0.3)
Added Component: Designator=R3(AXIAL-0.3)
Added Component: Designator=R4(AXIAL-0.3)
Added Component: Designator=R5(AXIAL-0.3)
Added Component: Designator=R6(AXIAL-0.3)
Added Component: Designator=R7(AXIAL-0.3)
Added Component: Designator=R8(AXIAL-0.3)
Added Component: Designator=R9(AXIAL-0.3)
Added Component: Designator=R10(AXIAL-0.3)
Added Component: Designator=R11(AXIAL-0.3)
Added Component: Designator=R12(AXIAL-0.3)
Added Component: Designator=R13(AXIAL-0.3)
Added Component: Designator=R14(AXIAL-0.3)
Added Component: Designator=R15(AXIAL-0.3)
Added Component: Designator=U1(20P3)
Added Component: Designator=U2(626-05)
Added Component: Designator=U3(N16E)
Added Component: Designator=U4(221A-09)
Added Component: Designator=U5(221A-09)
Added Net: Name=GND
Added Net: Name=NetC1_1
Added Net: Name=NetC2_1
Added Net: Name=NetC3_1
Added Net: Name=NetC3_2
Added Net: Name=NetC4_1
Added Net: Name=NetC4_2
Added Net: Name=NetC5_1
Added Net: Name=NetC7_2
Added Net: Name=NetR3_1
Added Net: Name=NetR6_1
Added Net: Name=NetR7_1
Added Net: Name=NetR8_1
Added Net: Name=NetR9_1
Added Net: Name=NetR10_1
Added Net: Name=NetR11_1
Added Net: Name=NetR12_1
Added Net: Name=NetR13_1
Added Net: Name=NetU1_18
Added Net: Name=NetU1_19
Added Net: Name=NetU1_20
Added Net: Name=VCC
Added Class: Name=Sheet2
Added Room: Name=Sheet2
