Analysis & Synthesis report for VGA1
Thu May 10 12:45:30 2007
Quartus II Version 6.1 Build 201 11/27/2006 SJ Web Edition


---------------------
; Table of Contents ;
---------------------
  1. Legal Notice
  2. Analysis & Synthesis Summary
  3. Analysis & Synthesis Settings
  4. Analysis & Synthesis Source Files Read
  5. Analysis & Synthesis Resource Usage Summary
  6. Analysis & Synthesis Resource Utilization by Entity
  7. Parameter Settings for User Entity Instance: lpm_compare1:inst2|lpm_compare:lpm_compare_component
  8. Parameter Settings for User Entity Instance: lpm_counter0:inst|lpm_counter:lpm_counter_component
  9. Parameter Settings for User Entity Instance: lpm_counter2:inst24|lpm_counter:lpm_counter_component
 10. Parameter Settings for User Entity Instance: lpm_compare0:inst1|lpm_compare:lpm_compare_component
 11. Parameter Settings for User Entity Instance: lpm_compare7:inst17|lpm_compare:lpm_compare_component
 12. Parameter Settings for User Entity Instance: lpm_counter1:inst14|lpm_counter:lpm_counter_component
 13. Parameter Settings for User Entity Instance: lpm_compare8:inst18|lpm_compare:lpm_compare_component
 14. Parameter Settings for User Entity Instance: lpm_compare4:inst8|lpm_compare:lpm_compare_component
 15. Parameter Settings for User Entity Instance: lpm_compare3:inst4|lpm_compare:lpm_compare_component
 16. Parameter Settings for User Entity Instance: lpm_compare6:inst16|lpm_compare:lpm_compare_component
 17. Parameter Settings for User Entity Instance: lpm_compare5:inst15|lpm_compare:lpm_compare_component
 18. Parameter Settings for User Entity Instance: lpm_dff0:inst22|lpm_ff:lpm_ff_component
 19. Parameter Settings for User Entity Instance: lpm_compare2:inst3|lpm_compare:lpm_compare_component
 20. Analysis & Synthesis Messages



----------------
; Legal Notice ;
----------------
Copyright (C) 1991-2006 Altera Corporation
Your use of Altera Corporation's design tools, logic functions 
and other software and tools, and its AMPP partner logic 
functions, and any output files from any of the foregoing 
(including device programming or simulation files), and any 
associated documentation or information are expressly subject 
to the terms and conditions of the Altera Program License 
Subscription Agreement, Altera MegaCore Function License 
Agreement, or other applicable license agreement, including, 
without limitation, that your use is for the sole purpose of 
programming logic devices manufactured by Altera and sold by 
Altera or its authorized distributors.  Please refer to the 
applicable agreement for further details.



+-----------------------------------------------------------------------+
; Analysis & Synthesis Summary                                          ;
+-----------------------------+-----------------------------------------+
; Analysis & Synthesis Status ; Successful - Thu May 10 12:45:30 2007   ;
; Quartus II Version          ; 6.1 Build 201 11/27/2006 SJ Web Edition ;
; Revision Name               ; VGA1                                    ;
; Top-level Entity Name       ; VGA1                                    ;
; Family                      ; MAX3000A                                ;
; Total macrocells            ; 36                                      ;
; Total pins                  ; 22                                      ;
+-----------------------------+-----------------------------------------+


+--------------------------------------------------------------------------------------------------------+
; Analysis & Synthesis Settings                                                                          ;
+----------------------------------------------------------------------+-----------------+---------------+
; Option                                                               ; Setting         ; Default Value ;
+----------------------------------------------------------------------+-----------------+---------------+
; Device                                                               ; EPM3064ALC44-10 ;               ;
; Top-level entity name                                                ; VGA1            ; VGA1          ;
; Family name                                                          ; MAX3000A        ; Stratix       ;
; Create Debugging Nodes for IP Cores                                  ; Off             ; Off           ;
; Preserve fewer node names                                            ; On              ; On            ;
; Disable OpenCore Plus hardware evaluation                            ; Off             ; Off           ;
; Verilog Version                                                      ; Verilog_2001    ; Verilog_2001  ;
; VHDL Version                                                         ; VHDL93          ; VHDL93        ;
; State Machine Processing                                             ; Auto            ; Auto          ;
; Safe State Machine                                                   ; Off             ; Off           ;
; Extract Verilog State Machines                                       ; On              ; On            ;
; Extract VHDL State Machines                                          ; On              ; On            ;
; Ignore Verilog initial constructs                                    ; Off             ; Off           ;
; Add Pass-Through Logic to Inferred RAMs                              ; On              ; On            ;
; NOT Gate Push-Back                                                   ; On              ; On            ;
; Power-Up Don't Care                                                  ; On              ; On            ;
; Remove Duplicate Registers                                           ; On              ; On            ;
; Ignore CARRY Buffers                                                 ; Off             ; Off           ;
; Ignore CASCADE Buffers                                               ; Off             ; Off           ;
; Ignore GLOBAL Buffers                                                ; Off             ; Off           ;
; Ignore ROW GLOBAL Buffers                                            ; Off             ; Off           ;
; Ignore LCELL Buffers -- MAX 7000B/7000AE/3000A/7000S/7000A           ; Auto            ; Auto          ;
; Ignore SOFT Buffers -- MAX 7000B/7000AE/3000A/7000S/7000A            ; Off             ; Off           ;
; Limit AHDL Integers to 32 Bits                                       ; Off             ; Off           ;
; Optimization Technique -- MAX 7000B/7000AE/3000A/7000S/7000A         ; Speed           ; Speed         ;
; Allow XOR Gate Usage                                                 ; On              ; On            ;
; Auto Logic Cell Insertion                                            ; On              ; On            ;
; Parallel Expander Chain Length -- MAX 7000B/7000AE/3000A/7000S/7000A ; 4               ; 4             ;
; Auto Parallel Expanders                                              ; On              ; On            ;
; Auto Open-Drain Pins                                                 ; On              ; On            ;
; Auto Resource Sharing                                                ; Off             ; Off           ;
; Maximum Fan-in Per Macrocell -- MAX 7000B/7000AE/3000A/7000S/7000A   ; 100             ; 100           ;
; Ignore translate_off and synthesis_off directives                    ; Off             ; Off           ;
; Show Parameter Settings Tables in Synthesis Report                   ; On              ; On            ;
; HDL message level                                                    ; Level2          ; Level2        ;
; Suppress Register Optimization Related Messages                      ; Off             ; Off           ;
; Number of Removed Registers Reported in Synthesis Report             ; 100             ; 100           ;
; Use smart compilation                                                ; Off             ; Off           ;
+----------------------------------------------------------------------+-----------------+---------------+


+----------------------------------------------------------------------------------------------------------------------------------------------------------------+
; Analysis & Synthesis Source Files Read                                                                                                                         ;
+----------------------------------+-----------------+------------------------------------+----------------------------------------------------------------------+
; File Name with User-Entered Path ; Used in Netlist ; File Type                          ; File Name with Absolute Path                                         ;
+----------------------------------+-----------------+------------------------------------+----------------------------------------------------------------------+
; VGA1.bdf                         ; yes             ; User Block Diagram/Schematic File  ; E:/altera/my projects/VGA/VGA1_new/VGA1.bdf                          ;
; lpm_compare1.v                   ; yes             ; Other                              ; E:/altera/my projects/VGA/VGA1_new/lpm_compare1.v                    ;
; lpm_compare.tdf                  ; yes             ; Megafunction                       ; e:/altera/61/quartus/libraries/megafunctions/lpm_compare.tdf         ;
; comptree.inc                     ; yes             ; Megafunction                       ; e:/altera/61/quartus/libraries/megafunctions/comptree.inc            ;
; altshift.inc                     ; yes             ; Megafunction                       ; e:/altera/61/quartus/libraries/megafunctions/altshift.inc            ;
; aglobal61.inc                    ; yes             ; Megafunction                       ; e:/altera/61/quartus/libraries/megafunctions/aglobal61.inc           ;
; comptree.tdf                     ; yes             ; Megafunction                       ; e:/altera/61/quartus/libraries/megafunctions/comptree.tdf            ;
; cmpchain.inc                     ; yes             ; Megafunction                       ; e:/altera/61/quartus/libraries/megafunctions/cmpchain.inc            ;
; lpm_constant.inc                 ; yes             ; Megafunction                       ; e:/altera/61/quartus/libraries/megafunctions/lpm_constant.inc        ;
; cmpchain.tdf                     ; yes             ; Megafunction                       ; e:/altera/61/quartus/libraries/megafunctions/cmpchain.tdf            ;
; altshift.tdf                     ; yes             ; Megafunction                       ; e:/altera/61/quartus/libraries/megafunctions/altshift.tdf            ;
; lpm_counter0.v                   ; yes             ; Other                              ; E:/altera/my projects/VGA/VGA1_new/lpm_counter0.v                    ;
; lpm_counter.tdf                  ; yes             ; Megafunction                       ; e:/altera/61/quartus/libraries/megafunctions/lpm_counter.tdf         ;
; lpm_decode.inc                   ; yes             ; Megafunction                       ; e:/altera/61/quartus/libraries/megafunctions/lpm_decode.inc          ;
; lpm_add_sub.inc                  ; yes             ; Megafunction                       ; e:/altera/61/quartus/libraries/megafunctions/lpm_add_sub.inc         ;
; cmpconst.inc                     ; yes             ; Megafunction                       ; e:/altera/61/quartus/libraries/megafunctions/cmpconst.inc            ;
; lpm_compare.inc                  ; yes             ; Megafunction                       ; e:/altera/61/quartus/libraries/megafunctions/lpm_compare.inc         ;
; lpm_counter.inc                  ; yes             ; Megafunction                       ; e:/altera/61/quartus/libraries/megafunctions/lpm_counter.inc         ;
; dffeea.inc                       ; yes             ; Megafunction                       ; e:/altera/61/quartus/libraries/megafunctions/dffeea.inc              ;
; alt_synch_counter.inc            ; yes             ; Megafunction                       ; e:/altera/61/quartus/libraries/megafunctions/alt_synch_counter.inc   ;
; alt_synch_counter_f.inc          ; yes             ; Megafunction                       ; e:/altera/61/quartus/libraries/megafunctions/alt_synch_counter_f.inc ;
; alt_counter_f10ke.inc            ; yes             ; Megafunction                       ; e:/altera/61/quartus/libraries/megafunctions/alt_counter_f10ke.inc   ;
; alt_counter_stratix.inc          ; yes             ; Megafunction                       ; e:/altera/61/quartus/libraries/megafunctions/alt_counter_stratix.inc ;
; lpm_add_sub.tdf                  ; yes             ; Megafunction                       ; e:/altera/61/quartus/libraries/megafunctions/lpm_add_sub.tdf         ;
; addcore.inc                      ; yes             ; Megafunction                       ; e:/altera/61/quartus/libraries/megafunctions/addcore.inc             ;
; look_add.inc                     ; yes             ; Megafunction                       ; e:/altera/61/quartus/libraries/megafunctions/look_add.inc            ;
; bypassff.inc                     ; yes             ; Megafunction                       ; e:/altera/61/quartus/libraries/megafunctions/bypassff.inc            ;
; alt_stratix_add_sub.inc          ; yes             ; Megafunction                       ; e:/altera/61/quartus/libraries/megafunctions/alt_stratix_add_sub.inc ;
; alt_mercury_add_sub.inc          ; yes             ; Megafunction                       ; e:/altera/61/quartus/libraries/megafunctions/alt_mercury_add_sub.inc ;
; addcore.tdf                      ; yes             ; Megafunction                       ; e:/altera/61/quartus/libraries/megafunctions/addcore.tdf             ;
; a_csnbuffer.inc                  ; yes             ; Megafunction                       ; e:/altera/61/quartus/libraries/megafunctions/a_csnbuffer.inc         ;
; a_csnbuffer.tdf                  ; yes             ; Megafunction                       ; e:/altera/61/quartus/libraries/megafunctions/a_csnbuffer.tdf         ;
; lpm_constant.tdf                 ; yes             ; Megafunction                       ; e:/altera/61/quartus/libraries/megafunctions/lpm_constant.tdf        ;
; cmpconst.tdf                     ; yes             ; Megafunction                       ; e:/altera/61/quartus/libraries/megafunctions/cmpconst.tdf            ;
; lpm_counter2.v                   ; yes             ; Other                              ; E:/altera/my projects/VGA/VGA1_new/lpm_counter2.v                    ;
; lpm_compare0.v                   ; yes             ; Other                              ; E:/altera/my projects/VGA/VGA1_new/lpm_compare0.v                    ;
; lpm_compare7.v                   ; yes             ; Other                              ; E:/altera/my projects/VGA/VGA1_new/lpm_compare7.v                    ;
; lpm_counter1.v                   ; yes             ; Other                              ; E:/altera/my projects/VGA/VGA1_new/lpm_counter1.v                    ;
; look_add.tdf                     ; yes             ; Megafunction                       ; e:/altera/61/quartus/libraries/megafunctions/look_add.tdf            ;
; lpm_compare8.v                   ; yes             ; Other                              ; E:/altera/my projects/VGA/VGA1_new/lpm_compare8.v                    ;
; lpm_compare4.v                   ; yes             ; Other                              ; E:/altera/my projects/VGA/VGA1_new/lpm_compare4.v                    ;
; lpm_compare3.v                   ; yes             ; Other                              ; E:/altera/my projects/VGA/VGA1_new/lpm_compare3.v                    ;
; lpm_compare6.v                   ; yes             ; Other                              ; E:/altera/my projects/VGA/VGA1_new/lpm_compare6.v                    ;
; lpm_compare5.v                   ; yes             ; Other                              ; E:/altera/my projects/VGA/VGA1_new/lpm_compare5.v                    ;
; lpm_dff0.v                       ; yes             ; Other                              ; E:/altera/my projects/VGA/VGA1_new/lpm_dff0.v                        ;
; lpm_ff.tdf                       ; yes             ; Megafunction                       ; e:/altera/61/quartus/libraries/megafunctions/lpm_ff.tdf              ;
; lpm_compare2.v                   ; yes             ; Other                              ; E:/altera/my projects/VGA/VGA1_new/lpm_compare2.v                    ;
+----------------------------------+-----------------+------------------------------------+----------------------------------------------------------------------+


+--------------------------------------------------------------------------------------+
; Analysis & Synthesis Resource Usage Summary                                          ;
+----------------------+---------------------------------------------------------------+
; Resource             ; Usage                                                         ;
+----------------------+---------------------------------------------------------------+
; Logic cells          ; 36                                                            ;
; Total registers      ; 33                                                            ;
; I/O pins             ; 22                                                            ;
; Shareable expanders  ; 1                                                             ;
; Parallel expanders   ; 1                                                             ;
; Maximum fan-out node ; lpm_counter2:inst24|lpm_counter:lpm_counter_component|dffs[0] ;
; Maximum fan-out      ; 24                                                            ;
; Total fan-out        ; 342                                                           ;
; Average fan-out      ; 5.80                                                          ;
+----------------------+---------------------------------------------------------------+


+-----------------------------------------------------------------------------------------------------------------------------+
; Analysis & Synthesis Resource Utilization by Entity                                                                         ;
+-------------------------------------------+------------+------+-------------------------------------------------------------+
; Compilation Hierarchy Node                ; Macrocells ; Pins ; Full Hierarchy Name                                         ;
+-------------------------------------------+------------+------+-------------------------------------------------------------+
; |VGA1                                     ; 36         ; 22   ; |VGA1                                                       ;
;    |lpm_counter0:inst|                    ; 6          ; 0    ; |VGA1|lpm_counter0:inst                                     ;
;       |lpm_counter:lpm_counter_component| ; 6          ; 0    ; |VGA1|lpm_counter0:inst|lpm_counter:lpm_counter_component   ;
;    |lpm_counter1:inst14|                  ; 11         ; 0    ; |VGA1|lpm_counter1:inst14                                   ;
;       |lpm_counter:lpm_counter_component| ; 11         ; 0    ; |VGA1|lpm_counter1:inst14|lpm_counter:lpm_counter_component ;
;    |lpm_counter2:inst24|                  ; 4          ; 0    ; |VGA1|lpm_counter2:inst24                                   ;
;       |lpm_counter:lpm_counter_component| ; 4          ; 0    ; |VGA1|lpm_counter2:inst24|lpm_counter:lpm_counter_component ;
;    |lpm_dff0:inst22|                      ; 8          ; 0    ; |VGA1|lpm_dff0:inst22                                       ;
;       |lpm_ff:lpm_ff_component|           ; 8          ; 0    ; |VGA1|lpm_dff0:inst22|lpm_ff:lpm_ff_component               ;
+-------------------------------------------+------------+------+-------------------------------------------------------------+


+---------------------------------------------------------------------------------------------------+
; Parameter Settings for User Entity Instance: lpm_compare1:inst2|lpm_compare:lpm_compare_component ;
+------------------------+----------+---------------------------------------------------------------+
; Parameter Name         ; Value    ; Type                                                          ;
+------------------------+----------+---------------------------------------------------------------+
; lpm_width              ; 6        ; Signed Integer                                                ;
; LPM_REPRESENTATION     ; UNSIGNED ; Untyped                                                       ;
; LPM_PIPELINE           ; 0        ; Untyped                                                       ;
; CHAIN_SIZE             ; 8        ; Untyped                                                       ;
; ONE_INPUT_IS_CONSTANT  ; YES      ; Untyped                                                       ;
; CARRY_CHAIN            ; MANUAL   ; Untyped                                                       ;
; CASCADE_CHAIN          ; MANUAL   ; Untyped                                                       ;
; CARRY_CHAIN_LENGTH     ; 48       ; CARRY_CHAIN_LENGTH                                            ;
; CASCADE_CHAIN_LENGTH   ; 2        ; CASCADE_CHAIN_LENGTH                                          ;
; DEVICE_FAMILY          ; MAX3000A ; Untyped                                                       ;
; CBXI_PARAMETER         ; NOTHING  ; Untyped                                                       ;
; AUTO_CARRY_CHAINS      ; ON       ; AUTO_CARRY                                                    ;
; IGNORE_CARRY_BUFFERS   ; OFF      ; IGNORE_CARRY                                                  ;
; AUTO_CASCADE_CHAINS    ; ON       ; AUTO_CASCADE                                                  ;
; IGNORE_CASCADE_BUFFERS ; OFF      ; IGNORE_CASCADE                                                ;
+------------------------+----------+---------------------------------------------------------------+
Note: In order to hide this table in the UI and the text report file, please set the "Show Parameter Settings Tables in Synthesis Report" option in "Analysis and Synthesis Settings -> More Settings" to "Off".


+--------------------------------------------------------------------------------------------------+
; Parameter Settings for User Entity Instance: lpm_counter0:inst|lpm_counter:lpm_counter_component ;
+------------------------+-------------+-----------------------------------------------------------+
; Parameter Name         ; Value       ; Type                                                      ;
+------------------------+-------------+-----------------------------------------------------------+
; AUTO_CARRY_CHAINS      ; ON          ; AUTO_CARRY                                                ;
; IGNORE_CARRY_BUFFERS   ; OFF         ; IGNORE_CARRY                                              ;
; AUTO_CASCADE_CHAINS    ; ON          ; AUTO_CASCADE                                              ;
; IGNORE_CASCADE_BUFFERS ; OFF         ; IGNORE_CASCADE                                            ;
; LPM_WIDTH              ; 6           ; Signed Integer                                            ;
; LPM_DIRECTION          ; UP          ; Untyped                                                   ;
; LPM_MODULUS            ; 50          ; Signed Integer                                            ;
; LPM_AVALUE             ; UNUSED      ; Untyped                                                   ;
; LPM_SVALUE             ; UNUSED      ; Untyped                                                   ;
; LPM_PORT_UPDOWN        ; PORT_UNUSED ; Untyped                                                   ;
; DEVICE_FAMILY          ; MAX3000A    ; Untyped                                                   ;
; CARRY_CHAIN            ; MANUAL      ; Untyped                                                   ;
; CARRY_CHAIN_LENGTH     ; 48          ; CARRY_CHAIN_LENGTH                                        ;
; NOT_GATE_PUSH_BACK     ; ON          ; NOT_GATE_PUSH_BACK                                        ;
; CARRY_CNT_EN           ; SMART       ; Untyped                                                   ;
; LABWIDE_SCLR           ; ON          ; Untyped                                                   ;
; USE_NEW_VERSION        ; TRUE        ; Untyped                                                   ;
; CBXI_PARAMETER         ; NOTHING     ; Untyped                                                   ;
+------------------------+-------------+-----------------------------------------------------------+
Note: In order to hide this table in the UI and the text report file, please set the "Show Parameter Settings Tables in Synthesis Report" option in "Analysis and Synthesis Settings -> More Settings" to "Off".


+----------------------------------------------------------------------------------------------------+
; Parameter Settings for User Entity Instance: lpm_counter2:inst24|lpm_counter:lpm_counter_component ;
+------------------------+-------------+-------------------------------------------------------------+
; Parameter Name         ; Value       ; Type                                                        ;
+------------------------+-------------+-------------------------------------------------------------+
; AUTO_CARRY_CHAINS      ; ON          ; AUTO_CARRY                                                  ;
; IGNORE_CARRY_BUFFERS   ; OFF         ; IGNORE_CARRY                                                ;
; AUTO_CASCADE_CHAINS    ; ON          ; AUTO_CASCADE                                                ;
; IGNORE_CASCADE_BUFFERS ; OFF         ; IGNORE_CASCADE                                              ;
; LPM_WIDTH              ; 4           ; Signed Integer                                              ;
; LPM_DIRECTION          ; UP          ; Untyped                                                     ;
; LPM_MODULUS            ; 0           ; Untyped                                                     ;
; LPM_AVALUE             ; UNUSED      ; Untyped                                                     ;
; LPM_SVALUE             ; UNUSED      ; Untyped                                                     ;
; LPM_PORT_UPDOWN        ; PORT_UNUSED ; Untyped                                                     ;
; DEVICE_FAMILY          ; MAX3000A    ; Untyped                                                     ;
; CARRY_CHAIN            ; MANUAL      ; Untyped                                                     ;
; CARRY_CHAIN_LENGTH     ; 48          ; CARRY_CHAIN_LENGTH                                          ;
; NOT_GATE_PUSH_BACK     ; ON          ; NOT_GATE_PUSH_BACK                                          ;
; CARRY_CNT_EN           ; SMART       ; Untyped                                                     ;
; LABWIDE_SCLR           ; ON          ; Untyped                                                     ;
; USE_NEW_VERSION        ; TRUE        ; Untyped                                                     ;
; CBXI_PARAMETER         ; NOTHING     ; Untyped                                                     ;
+------------------------+-------------+-------------------------------------------------------------+
Note: In order to hide this table in the UI and the text report file, please set the "Show Parameter Settings Tables in Synthesis Report" option in "Analysis and Synthesis Settings -> More Settings" to "Off".


+---------------------------------------------------------------------------------------------------+
; Parameter Settings for User Entity Instance: lpm_compare0:inst1|lpm_compare:lpm_compare_component ;
+------------------------+----------+---------------------------------------------------------------+
; Parameter Name         ; Value    ; Type                                                          ;
+------------------------+----------+---------------------------------------------------------------+
; lpm_width              ; 6        ; Signed Integer                                                ;
; LPM_REPRESENTATION     ; UNSIGNED ; Untyped                                                       ;
; LPM_PIPELINE           ; 0        ; Untyped                                                       ;
; CHAIN_SIZE             ; 8        ; Untyped                                                       ;
; ONE_INPUT_IS_CONSTANT  ; YES      ; Untyped                                                       ;
; CARRY_CHAIN            ; MANUAL   ; Untyped                                                       ;
; CASCADE_CHAIN          ; MANUAL   ; Untyped                                                       ;
; CARRY_CHAIN_LENGTH     ; 48       ; CARRY_CHAIN_LENGTH                                            ;
; CASCADE_CHAIN_LENGTH   ; 2        ; CASCADE_CHAIN_LENGTH                                          ;
; DEVICE_FAMILY          ; MAX3000A ; Untyped                                                       ;
; CBXI_PARAMETER         ; NOTHING  ; Untyped                                                       ;
; AUTO_CARRY_CHAINS      ; ON       ; AUTO_CARRY                                                    ;
; IGNORE_CARRY_BUFFERS   ; OFF      ; IGNORE_CARRY                                                  ;
; AUTO_CASCADE_CHAINS    ; ON       ; AUTO_CASCADE                                                  ;
; IGNORE_CASCADE_BUFFERS ; OFF      ; IGNORE_CASCADE                                                ;
+------------------------+----------+---------------------------------------------------------------+
Note: In order to hide this table in the UI and the text report file, please set the "Show Parameter Settings Tables in Synthesis Report" option in "Analysis and Synthesis Settings -> More Settings" to "Off".


+----------------------------------------------------------------------------------------------------+
; Parameter Settings for User Entity Instance: lpm_compare7:inst17|lpm_compare:lpm_compare_component ;
+------------------------+----------+----------------------------------------------------------------+
; Parameter Name         ; Value    ; Type                                                           ;
+------------------------+----------+----------------------------------------------------------------+
; lpm_width              ; 10       ; Signed Integer                                                 ;
; LPM_REPRESENTATION     ; UNSIGNED ; Untyped                                                        ;
; LPM_PIPELINE           ; 0        ; Untyped                                                        ;
; CHAIN_SIZE             ; 8        ; Untyped                                                        ;
; ONE_INPUT_IS_CONSTANT  ; YES      ; Untyped                                                        ;
; CARRY_CHAIN            ; MANUAL   ; Untyped                                                        ;
; CASCADE_CHAIN          ; MANUAL   ; Untyped                                                        ;
; CARRY_CHAIN_LENGTH     ; 48       ; CARRY_CHAIN_LENGTH                                             ;
; CASCADE_CHAIN_LENGTH   ; 2        ; CASCADE_CHAIN_LENGTH                                           ;
; DEVICE_FAMILY          ; MAX3000A ; Untyped                                                        ;
; CBXI_PARAMETER         ; NOTHING  ; Untyped                                                        ;
; AUTO_CARRY_CHAINS      ; ON       ; AUTO_CARRY                                                     ;
; IGNORE_CARRY_BUFFERS   ; OFF      ; IGNORE_CARRY                                                   ;
; AUTO_CASCADE_CHAINS    ; ON       ; AUTO_CASCADE                                                   ;
; IGNORE_CASCADE_BUFFERS ; OFF      ; IGNORE_CASCADE                                                 ;
+------------------------+----------+----------------------------------------------------------------+
Note: In order to hide this table in the UI and the text report file, please set the "Show Parameter Settings Tables in Synthesis Report" option in "Analysis and Synthesis Settings -> More Settings" to "Off".


+----------------------------------------------------------------------------------------------------+
; Parameter Settings for User Entity Instance: lpm_counter1:inst14|lpm_counter:lpm_counter_component ;
+------------------------+-------------+-------------------------------------------------------------+
; Parameter Name         ; Value       ; Type                                                        ;
+------------------------+-------------+-------------------------------------------------------------+
; AUTO_CARRY_CHAINS      ; ON          ; AUTO_CARRY                                                  ;
; IGNORE_CARRY_BUFFERS   ; OFF         ; IGNORE_CARRY                                                ;
; AUTO_CASCADE_CHAINS    ; ON          ; AUTO_CASCADE                                                ;
; IGNORE_CASCADE_BUFFERS ; OFF         ; IGNORE_CASCADE                                              ;
; LPM_WIDTH              ; 10          ; Signed Integer                                              ;
; LPM_DIRECTION          ; UP          ; Untyped                                                     ;
; LPM_MODULUS            ; 525         ; Signed Integer                                              ;
; LPM_AVALUE             ; UNUSED      ; Untyped                                                     ;
; LPM_SVALUE             ; UNUSED      ; Untyped                                                     ;
; LPM_PORT_UPDOWN        ; PORT_UNUSED ; Untyped                                                     ;
; DEVICE_FAMILY          ; MAX3000A    ; Untyped                                                     ;
; CARRY_CHAIN            ; MANUAL      ; Untyped                                                     ;
; CARRY_CHAIN_LENGTH     ; 48          ; CARRY_CHAIN_LENGTH                                          ;
; NOT_GATE_PUSH_BACK     ; ON          ; NOT_GATE_PUSH_BACK                                          ;
; CARRY_CNT_EN           ; SMART       ; Untyped                                                     ;
; LABWIDE_SCLR           ; ON          ; Untyped                                                     ;
; USE_NEW_VERSION        ; TRUE        ; Untyped                                                     ;
; CBXI_PARAMETER         ; NOTHING     ; Untyped                                                     ;
+------------------------+-------------+-------------------------------------------------------------+
Note: In order to hide this table in the UI and the text report file, please set the "Show Parameter Settings Tables in Synthesis Report" option in "Analysis and Synthesis Settings -> More Settings" to "Off".


+----------------------------------------------------------------------------------------------------+
; Parameter Settings for User Entity Instance: lpm_compare8:inst18|lpm_compare:lpm_compare_component ;
+------------------------+----------+----------------------------------------------------------------+
; Parameter Name         ; Value    ; Type                                                           ;
+------------------------+----------+----------------------------------------------------------------+
; lpm_width              ; 10       ; Signed Integer                                                 ;
; LPM_REPRESENTATION     ; UNSIGNED ; Untyped                                                        ;
; LPM_PIPELINE           ; 0        ; Untyped                                                        ;
; CHAIN_SIZE             ; 8        ; Untyped                                                        ;
; ONE_INPUT_IS_CONSTANT  ; YES      ; Untyped                                                        ;
; CARRY_CHAIN            ; MANUAL   ; Untyped                                                        ;
; CASCADE_CHAIN          ; MANUAL   ; Untyped                                                        ;
; CARRY_CHAIN_LENGTH     ; 48       ; CARRY_CHAIN_LENGTH                                             ;
; CASCADE_CHAIN_LENGTH   ; 2        ; CASCADE_CHAIN_LENGTH                                           ;
; DEVICE_FAMILY          ; MAX3000A ; Untyped                                                        ;
; CBXI_PARAMETER         ; NOTHING  ; Untyped                                                        ;
; AUTO_CARRY_CHAINS      ; ON       ; AUTO_CARRY                                                     ;
; IGNORE_CARRY_BUFFERS   ; OFF      ; IGNORE_CARRY                                                   ;
; AUTO_CASCADE_CHAINS    ; ON       ; AUTO_CASCADE                                                   ;
; IGNORE_CASCADE_BUFFERS ; OFF      ; IGNORE_CASCADE                                                 ;
+------------------------+----------+----------------------------------------------------------------+
Note: In order to hide this table in the UI and the text report file, please set the "Show Parameter Settings Tables in Synthesis Report" option in "Analysis and Synthesis Settings -> More Settings" to "Off".


+---------------------------------------------------------------------------------------------------+
; Parameter Settings for User Entity Instance: lpm_compare4:inst8|lpm_compare:lpm_compare_component ;
+------------------------+----------+---------------------------------------------------------------+
; Parameter Name         ; Value    ; Type                                                          ;
+------------------------+----------+---------------------------------------------------------------+
; lpm_width              ; 6        ; Signed Integer                                                ;
; LPM_REPRESENTATION     ; UNSIGNED ; Untyped                                                       ;
; LPM_PIPELINE           ; 0        ; Untyped                                                       ;
; CHAIN_SIZE             ; 8        ; Untyped                                                       ;
; ONE_INPUT_IS_CONSTANT  ; YES      ; Untyped                                                       ;
; CARRY_CHAIN            ; MANUAL   ; Untyped                                                       ;
; CASCADE_CHAIN          ; MANUAL   ; Untyped                                                       ;
; CARRY_CHAIN_LENGTH     ; 48       ; CARRY_CHAIN_LENGTH                                            ;
; CASCADE_CHAIN_LENGTH   ; 2        ; CASCADE_CHAIN_LENGTH                                          ;
; DEVICE_FAMILY          ; MAX3000A ; Untyped                                                       ;
; CBXI_PARAMETER         ; NOTHING  ; Untyped                                                       ;
; AUTO_CARRY_CHAINS      ; ON       ; AUTO_CARRY                                                    ;
; IGNORE_CARRY_BUFFERS   ; OFF      ; IGNORE_CARRY                                                  ;
; AUTO_CASCADE_CHAINS    ; ON       ; AUTO_CASCADE                                                  ;
; IGNORE_CASCADE_BUFFERS ; OFF      ; IGNORE_CASCADE                                                ;
+------------------------+----------+---------------------------------------------------------------+
Note: In order to hide this table in the UI and the text report file, please set the "Show Parameter Settings Tables in Synthesis Report" option in "Analysis and Synthesis Settings -> More Settings" to "Off".


+---------------------------------------------------------------------------------------------------+
; Parameter Settings for User Entity Instance: lpm_compare3:inst4|lpm_compare:lpm_compare_component ;
+------------------------+----------+---------------------------------------------------------------+
; Parameter Name         ; Value    ; Type                                                          ;
+------------------------+----------+---------------------------------------------------------------+
; lpm_width              ; 6        ; Signed Integer                                                ;
; LPM_REPRESENTATION     ; UNSIGNED ; Untyped                                                       ;
; LPM_PIPELINE           ; 0        ; Untyped                                                       ;
; CHAIN_SIZE             ; 8        ; Untyped                                                       ;
; ONE_INPUT_IS_CONSTANT  ; YES      ; Untyped                                                       ;
; CARRY_CHAIN            ; MANUAL   ; Untyped                                                       ;
; CASCADE_CHAIN          ; MANUAL   ; Untyped                                                       ;
; CARRY_CHAIN_LENGTH     ; 48       ; CARRY_CHAIN_LENGTH                                            ;
; CASCADE_CHAIN_LENGTH   ; 2        ; CASCADE_CHAIN_LENGTH                                          ;
; DEVICE_FAMILY          ; MAX3000A ; Untyped                                                       ;
; CBXI_PARAMETER         ; NOTHING  ; Untyped                                                       ;
; AUTO_CARRY_CHAINS      ; ON       ; AUTO_CARRY                                                    ;
; IGNORE_CARRY_BUFFERS   ; OFF      ; IGNORE_CARRY                                                  ;
; AUTO_CASCADE_CHAINS    ; ON       ; AUTO_CASCADE                                                  ;
; IGNORE_CASCADE_BUFFERS ; OFF      ; IGNORE_CASCADE                                                ;
+------------------------+----------+---------------------------------------------------------------+
Note: In order to hide this table in the UI and the text report file, please set the "Show Parameter Settings Tables in Synthesis Report" option in "Analysis and Synthesis Settings -> More Settings" to "Off".


+----------------------------------------------------------------------------------------------------+
; Parameter Settings for User Entity Instance: lpm_compare6:inst16|lpm_compare:lpm_compare_component ;
+------------------------+----------+----------------------------------------------------------------+
; Parameter Name         ; Value    ; Type                                                           ;
+------------------------+----------+----------------------------------------------------------------+
; lpm_width              ; 10       ; Signed Integer                                                 ;
; LPM_REPRESENTATION     ; UNSIGNED ; Untyped                                                        ;
; LPM_PIPELINE           ; 0        ; Untyped                                                        ;
; CHAIN_SIZE             ; 8        ; Untyped                                                        ;
; ONE_INPUT_IS_CONSTANT  ; YES      ; Untyped                                                        ;
; CARRY_CHAIN            ; MANUAL   ; Untyped                                                        ;
; CASCADE_CHAIN          ; MANUAL   ; Untyped                                                        ;
; CARRY_CHAIN_LENGTH     ; 48       ; CARRY_CHAIN_LENGTH                                             ;
; CASCADE_CHAIN_LENGTH   ; 2        ; CASCADE_CHAIN_LENGTH                                           ;
; DEVICE_FAMILY          ; MAX3000A ; Untyped                                                        ;
; CBXI_PARAMETER         ; NOTHING  ; Untyped                                                        ;
; AUTO_CARRY_CHAINS      ; ON       ; AUTO_CARRY                                                     ;
; IGNORE_CARRY_BUFFERS   ; OFF      ; IGNORE_CARRY                                                   ;
; AUTO_CASCADE_CHAINS    ; ON       ; AUTO_CASCADE                                                   ;
; IGNORE_CASCADE_BUFFERS ; OFF      ; IGNORE_CASCADE                                                 ;
+------------------------+----------+----------------------------------------------------------------+
Note: In order to hide this table in the UI and the text report file, please set the "Show Parameter Settings Tables in Synthesis Report" option in "Analysis and Synthesis Settings -> More Settings" to "Off".


+----------------------------------------------------------------------------------------------------+
; Parameter Settings for User Entity Instance: lpm_compare5:inst15|lpm_compare:lpm_compare_component ;
+------------------------+----------+----------------------------------------------------------------+
; Parameter Name         ; Value    ; Type                                                           ;
+------------------------+----------+----------------------------------------------------------------+
; lpm_width              ; 10       ; Signed Integer                                                 ;
; LPM_REPRESENTATION     ; UNSIGNED ; Untyped                                                        ;
; LPM_PIPELINE           ; 0        ; Untyped                                                        ;
; CHAIN_SIZE             ; 8        ; Untyped                                                        ;
; ONE_INPUT_IS_CONSTANT  ; YES      ; Untyped                                                        ;
; CARRY_CHAIN            ; MANUAL   ; Untyped                                                        ;
; CASCADE_CHAIN          ; MANUAL   ; Untyped                                                        ;
; CARRY_CHAIN_LENGTH     ; 48       ; CARRY_CHAIN_LENGTH                                             ;
; CASCADE_CHAIN_LENGTH   ; 2        ; CASCADE_CHAIN_LENGTH                                           ;
; DEVICE_FAMILY          ; MAX3000A ; Untyped                                                        ;
; CBXI_PARAMETER         ; NOTHING  ; Untyped                                                        ;
; AUTO_CARRY_CHAINS      ; ON       ; AUTO_CARRY                                                     ;
; IGNORE_CARRY_BUFFERS   ; OFF      ; IGNORE_CARRY                                                   ;
; AUTO_CASCADE_CHAINS    ; ON       ; AUTO_CASCADE                                                   ;
; IGNORE_CASCADE_BUFFERS ; OFF      ; IGNORE_CASCADE                                                 ;
+------------------------+----------+----------------------------------------------------------------+
Note: In order to hide this table in the UI and the text report file, please set the "Show Parameter Settings Tables in Synthesis Report" option in "Analysis and Synthesis Settings -> More Settings" to "Off".


+--------------------------------------------------------------------------------------+
; Parameter Settings for User Entity Instance: lpm_dff0:inst22|lpm_ff:lpm_ff_component ;
+------------------------+----------+--------------------------------------------------+
; Parameter Name         ; Value    ; Type                                             ;
+------------------------+----------+--------------------------------------------------+
; LPM_WIDTH              ; 8        ; Signed Integer                                   ;
; LPM_AVALUE             ; UNUSED   ; Untyped                                          ;
; LPM_SVALUE             ; UNUSED   ; Untyped                                          ;
; LPM_FFTYPE             ; DFF      ; Untyped                                          ;
; DEVICE_FAMILY          ; MAX3000A ; Untyped                                          ;
; CBXI_PARAMETER         ; NOTHING  ; Untyped                                          ;
; AUTO_CARRY_CHAINS      ; ON       ; AUTO_CARRY                                       ;
; IGNORE_CARRY_BUFFERS   ; OFF      ; IGNORE_CARRY                                     ;
; AUTO_CASCADE_CHAINS    ; ON       ; AUTO_CASCADE                                     ;
; IGNORE_CASCADE_BUFFERS ; OFF      ; IGNORE_CASCADE                                   ;
+------------------------+----------+--------------------------------------------------+
Note: In order to hide this table in the UI and the text report file, please set the "Show Parameter Settings Tables in Synthesis Report" option in "Analysis and Synthesis Settings -> More Settings" to "Off".


+---------------------------------------------------------------------------------------------------+
; Parameter Settings for User Entity Instance: lpm_compare2:inst3|lpm_compare:lpm_compare_component ;
+------------------------+----------+---------------------------------------------------------------+
; Parameter Name         ; Value    ; Type                                                          ;
+------------------------+----------+---------------------------------------------------------------+
; lpm_width              ; 6        ; Signed Integer                                                ;
; LPM_REPRESENTATION     ; UNSIGNED ; Untyped                                                       ;
; LPM_PIPELINE           ; 0        ; Untyped                                                       ;
; CHAIN_SIZE             ; 8        ; Untyped                                                       ;
; ONE_INPUT_IS_CONSTANT  ; YES      ; Untyped                                                       ;
; CARRY_CHAIN            ; MANUAL   ; Untyped                                                       ;
; CASCADE_CHAIN          ; MANUAL   ; Untyped                                                       ;
; CARRY_CHAIN_LENGTH     ; 48       ; CARRY_CHAIN_LENGTH                                            ;
; CASCADE_CHAIN_LENGTH   ; 2        ; CASCADE_CHAIN_LENGTH                                          ;
; DEVICE_FAMILY          ; MAX3000A ; Untyped                                                       ;
; CBXI_PARAMETER         ; NOTHING  ; Untyped                                                       ;
; AUTO_CARRY_CHAINS      ; ON       ; AUTO_CARRY                                                    ;
; IGNORE_CARRY_BUFFERS   ; OFF      ; IGNORE_CARRY                                                  ;
; AUTO_CASCADE_CHAINS    ; ON       ; AUTO_CASCADE                                                  ;
; IGNORE_CASCADE_BUFFERS ; OFF      ; IGNORE_CASCADE                                                ;
+------------------------+----------+---------------------------------------------------------------+
Note: In order to hide this table in the UI and the text report file, please set the "Show Parameter Settings Tables in Synthesis Report" option in "Analysis and Synthesis Settings -> More Settings" to "Off".


+-------------------------------+
; Analysis & Synthesis Messages ;
+-------------------------------+
Info: *******************************************************************
Info: Running Quartus II Analysis & Synthesis
    Info: Version 6.1 Build 201 11/27/2006 SJ Web Edition
    Info: Processing started: Thu May 10 12:45:25 2007
Info: Command: quartus_map --read_settings_files=on --write_settings_files=off VGA1 -c VGA1
Info: Found 1 design units, including 1 entities, in source file VGA1.bdf
    Info: Found entity 1: VGA1
Info: Elaborating entity "VGA1" for the top level hierarchy
Warning: Using design file lpm_compare1.v, which is not specified as a design file for the current project, but contains definitions for 1 design units and 1 entities in project
    Info: Found entity 1: lpm_compare1
Info: Elaborating entity "lpm_compare1" for hierarchy "lpm_compare1:inst2"
Info: Found 1 design units, including 1 entities, in source file ../../../61/quartus/libraries/megafunctions/lpm_compare.tdf
    Info: Found entity 1: lpm_compare
Info: Elaborating entity "lpm_compare" for hierarchy "lpm_compare1:inst2|lpm_compare:lpm_compare_component"
Info: Elaborated megafunction instantiation "lpm_compare1:inst2|lpm_compare:lpm_compare_component"
Info: Found 1 design units, including 1 entities, in source file ../../../61/quartus/libraries/megafunctions/comptree.tdf
    Info: Found entity 1: comptree
Info: Elaborating entity "comptree" for hierarchy "lpm_compare1:inst2|lpm_compare:lpm_compare_component|comptree:comparator"
Info: Elaborated megafunction instantiation "lpm_compare1:inst2|lpm_compare:lpm_compare_component|comptree:comparator", which is child of megafunction instantiation "lpm_compare1:inst2|lpm_compare:lpm_compare_component"
Info: Instantiated megafunction "lpm_compare1:inst2|lpm_compare:lpm_compare_component" with the following parameter:
    Info: Parameter "lpm_hint" = "ONE_INPUT_IS_CONSTANT=YES"
    Info: Parameter "lpm_representation" = "UNSIGNED"
    Info: Parameter "lpm_type" = "LPM_COMPARE"
    Info: Parameter "lpm_width" = "6"
Info: Found 1 design units, including 1 entities, in source file ../../../61/quartus/libraries/megafunctions/cmpchain.tdf
    Info: Found entity 1: cmpchain
Info: Elaborating entity "cmpchain" for hierarchy "lpm_compare1:inst2|lpm_compare:lpm_compare_component|comptree:comparator|cmpchain:cmp_end"
Info: Elaborated megafunction instantiation "lpm_compare1:inst2|lpm_compare:lpm_compare_component|comptree:comparator|cmpchain:cmp_end", which is child of megafunction instantiation "lpm_compare1:inst2|lpm_compare:lpm_compare_component"
Info: Instantiated megafunction "lpm_compare1:inst2|lpm_compare:lpm_compare_component" with the following parameter:
    Info: Parameter "lpm_hint" = "ONE_INPUT_IS_CONSTANT=YES"
    Info: Parameter "lpm_representation" = "UNSIGNED"
    Info: Parameter "lpm_type" = "LPM_COMPARE"
    Info: Parameter "lpm_width" = "6"
Info: Found 1 design units, including 1 entities, in source file ../../../61/quartus/libraries/megafunctions/altshift.tdf
    Info: Found entity 1: altshift
Info: Elaborating entity "altshift" for hierarchy "lpm_compare1:inst2|lpm_compare:lpm_compare_component|altshift:aeb_ext_lat_ffs"
Info: Elaborated megafunction instantiation "lpm_compare1:inst2|lpm_compare:lpm_compare_component|altshift:aeb_ext_lat_ffs", which is child of megafunction instantiation "lpm_compare1:inst2|lpm_compare:lpm_compare_component"
Info: Instantiated megafunction "lpm_compare1:inst2|lpm_compare:lpm_compare_component" with the following parameter:
    Info: Parameter "lpm_hint" = "ONE_INPUT_IS_CONSTANT=YES"
    Info: Parameter "lpm_representation" = "UNSIGNED"
    Info: Parameter "lpm_type" = "LPM_COMPARE"
    Info: Parameter "lpm_width" = "6"
Warning: Using design file lpm_counter0.v, which is not specified as a design file for the current project, but contains definitions for 1 design units and 1 entities in project
    Info: Found entity 1: lpm_counter0
Info: Elaborating entity "lpm_counter0" for hierarchy "lpm_counter0:inst"
Info: Found 1 design units, including 1 entities, in source file ../../../61/quartus/libraries/megafunctions/lpm_counter.tdf
    Info: Found entity 1: lpm_counter
Info: Elaborating entity "lpm_counter" for hierarchy "lpm_counter0:inst|lpm_counter:lpm_counter_component"
Info: Elaborated megafunction instantiation "lpm_counter0:inst|lpm_counter:lpm_counter_component"
Info: Found 1 design units, including 1 entities, in source file ../../../61/quartus/libraries/megafunctions/lpm_add_sub.tdf
    Info: Found entity 1: lpm_add_sub
Info: Elaborating entity "lpm_add_sub" for hierarchy "lpm_counter0:inst|lpm_counter:lpm_counter_component|lpm_add_sub:add_sub"
Info: Elaborated megafunction instantiation "lpm_counter0:inst|lpm_counter:lpm_counter_component|lpm_add_sub:add_sub", which is child of megafunction instantiation "lpm_counter0:inst|lpm_counter:lpm_counter_component"
Info: Instantiated megafunction "lpm_counter0:inst|lpm_counter:lpm_counter_component" with the following parameter:
    Info: Parameter "lpm_direction" = "UP"
    Info: Parameter "lpm_modulus" = "50"
    Info: Parameter "lpm_port_updown" = "PORT_UNUSED"
    Info: Parameter "lpm_type" = "LPM_COUNTER"
    Info: Parameter "lpm_width" = "6"
Info: Found 1 design units, including 1 entities, in source file ../../../61/quartus/libraries/megafunctions/addcore.tdf
    Info: Found entity 1: addcore
Info: Elaborating entity "addcore" for hierarchy "lpm_counter0:inst|lpm_counter:lpm_counter_component|lpm_add_sub:add_sub|addcore:adder"
Info: Elaborated megafunction instantiation "lpm_counter0:inst|lpm_counter:lpm_counter_component|lpm_add_sub:add_sub|addcore:adder", which is child of megafunction instantiation "lpm_counter0:inst|lpm_counter:lpm_counter_component"
Info: Instantiated megafunction "lpm_counter0:inst|lpm_counter:lpm_counter_component" with the following parameter:
    Info: Parameter "lpm_direction" = "UP"
    Info: Parameter "lpm_modulus" = "50"
    Info: Parameter "lpm_port_updown" = "PORT_UNUSED"
    Info: Parameter "lpm_type" = "LPM_COUNTER"
    Info: Parameter "lpm_width" = "6"
Info: Found 1 design units, including 1 entities, in source file ../../../61/quartus/libraries/megafunctions/a_csnbuffer.tdf
    Info: Found entity 1: a_csnbuffer
Info: Elaborating entity "a_csnbuffer" for hierarchy "lpm_counter0:inst|lpm_counter:lpm_counter_component|lpm_add_sub:add_sub|addcore:adder|a_csnbuffer:oflow_node"
Info: Elaborated megafunction instantiation "lpm_counter0:inst|lpm_counter:lpm_counter_component|lpm_add_sub:add_sub|addcore:adder|a_csnbuffer:oflow_node", which is child of megafunction instantiation "lpm_counter0:inst|lpm_counter:lpm_counter_component"
Info: Instantiated megafunction "lpm_counter0:inst|lpm_counter:lpm_counter_component" with the following parameter:
    Info: Parameter "lpm_direction" = "UP"
    Info: Parameter "lpm_modulus" = "50"
    Info: Parameter "lpm_port_updown" = "PORT_UNUSED"
    Info: Parameter "lpm_type" = "LPM_COUNTER"
    Info: Parameter "lpm_width" = "6"
Info: Elaborating entity "a_csnbuffer" for hierarchy "lpm_counter0:inst|lpm_counter:lpm_counter_component|lpm_add_sub:add_sub|addcore:adder|a_csnbuffer:result_node"
Info: Elaborated megafunction instantiation "lpm_counter0:inst|lpm_counter:lpm_counter_component|lpm_add_sub:add_sub|addcore:adder|a_csnbuffer:result_node", which is child of megafunction instantiation "lpm_counter0:inst|lpm_counter:lpm_counter_component"
Info: Instantiated megafunction "lpm_counter0:inst|lpm_counter:lpm_counter_component" with the following parameter:
    Info: Parameter "lpm_direction" = "UP"
    Info: Parameter "lpm_modulus" = "50"
    Info: Parameter "lpm_port_updown" = "PORT_UNUSED"
    Info: Parameter "lpm_type" = "LPM_COUNTER"
    Info: Parameter "lpm_width" = "6"
Info: Elaborating entity "addcore" for hierarchy "lpm_counter0:inst|lpm_counter:lpm_counter_component|lpm_add_sub:add_sub|addcore:adder|addcore:adder[0]"
Info: Elaborated megafunction instantiation "lpm_counter0:inst|lpm_counter:lpm_counter_component|lpm_add_sub:add_sub|addcore:adder|addcore:adder[0]", which is child of megafunction instantiation "lpm_counter0:inst|lpm_counter:lpm_counter_component"
Info: Instantiated megafunction "lpm_counter0:inst|lpm_counter:lpm_counter_component" with the following parameter:
    Info: Parameter "lpm_direction" = "UP"
    Info: Parameter "lpm_modulus" = "50"
    Info: Parameter "lpm_port_updown" = "PORT_UNUSED"
    Info: Parameter "lpm_type" = "LPM_COUNTER"
    Info: Parameter "lpm_width" = "6"
Info: Elaborating entity "a_csnbuffer" for hierarchy "lpm_counter0:inst|lpm_counter:lpm_counter_component|lpm_add_sub:add_sub|addcore:adder|addcore:adder[0]|a_csnbuffer:oflow_node"
Info: Elaborated megafunction instantiation "lpm_counter0:inst|lpm_counter:lpm_counter_component|lpm_add_sub:add_sub|addcore:adder|addcore:adder[0]|a_csnbuffer:oflow_node", which is child of megafunction instantiation "lpm_counter0:inst|lpm_counter:lpm_counter_component"
Info: Instantiated megafunction "lpm_counter0:inst|lpm_counter:lpm_counter_component" with the following parameter:
    Info: Parameter "lpm_direction" = "UP"
    Info: Parameter "lpm_modulus" = "50"
    Info: Parameter "lpm_port_updown" = "PORT_UNUSED"
    Info: Parameter "lpm_type" = "LPM_COUNTER"
    Info: Parameter "lpm_width" = "6"
Info: Elaborating entity "a_csnbuffer" for hierarchy "lpm_counter0:inst|lpm_counter:lpm_counter_component|lpm_add_sub:add_sub|addcore:adder|addcore:adder[0]|a_csnbuffer:result_node"
Info: Elaborated megafunction instantiation "lpm_counter0:inst|lpm_counter:lpm_counter_component|lpm_add_sub:add_sub|addcore:adder|addcore:adder[0]|a_csnbuffer:result_node", which is child of megafunction instantiation "lpm_counter0:inst|lpm_counter:lpm_counter_component"
Info: Instantiated megafunction "lpm_counter0:inst|lpm_counter:lpm_counter_component" with the following parameter:
    Info: Parameter "lpm_direction" = "UP"
    Info: Parameter "lpm_modulus" = "50"
    Info: Parameter "lpm_port_updown" = "PORT_UNUSED"
    Info: Parameter "lpm_type" = "LPM_COUNTER"
    Info: Parameter "lpm_width" = "6"
Info: Elaborating entity "altshift" for hierarchy "lpm_counter0:inst|lpm_counter:lpm_counter_component|lpm_add_sub:add_sub|altshift:result_ext_latency_ffs"
Info: Elaborated megafunction instantiation "lpm_counter0:inst|lpm_counter:lpm_counter_component|lpm_add_sub:add_sub|altshift:result_ext_latency_ffs", which is child of megafunction instantiation "lpm_counter0:inst|lpm_counter:lpm_counter_component"
Info: Instantiated megafunction "lpm_counter0:inst|lpm_counter:lpm_counter_component" with the following parameter:
    Info: Parameter "lpm_direction" = "UP"
    Info: Parameter "lpm_modulus" = "50"
    Info: Parameter "lpm_port_updown" = "PORT_UNUSED"
    Info: Parameter "lpm_type" = "LPM_COUNTER"
    Info: Parameter "lpm_width" = "6"
Info: Found 1 design units, including 1 entities, in source file ../../../61/quartus/libraries/megafunctions/lpm_constant.tdf
    Info: Found entity 1: lpm_constant
Info: Elaborating entity "lpm_constant" for hierarchy "lpm_counter0:inst|lpm_counter:lpm_counter_component|lpm_constant:scdw"
Info: Elaborated megafunction instantiation "lpm_counter0:inst|lpm_counter:lpm_counter_component|lpm_constant:scdw", which is child of megafunction instantiation "lpm_counter0:inst|lpm_counter:lpm_counter_component"
Info: Instantiated megafunction "lpm_counter0:inst|lpm_counter:lpm_counter_component" with the following parameter:
    Info: Parameter "lpm_direction" = "UP"
    Info: Parameter "lpm_modulus" = "50"
    Info: Parameter "lpm_port_updown" = "PORT_UNUSED"
    Info: Parameter "lpm_type" = "LPM_COUNTER"
    Info: Parameter "lpm_width" = "6"
Info: Found 1 design units, including 1 entities, in source file ../../../61/quartus/libraries/megafunctions/cmpconst.tdf
    Info: Found entity 1: cmpconst
Info: Elaborating entity "cmpconst" for hierarchy "lpm_counter0:inst|lpm_counter:lpm_counter_component|cmpconst:$00036"
Info: Elaborated megafunction instantiation "lpm_counter0:inst|lpm_counter:lpm_counter_component|cmpconst:$00036", which is child of megafunction instantiation "lpm_counter0:inst|lpm_counter:lpm_counter_component"
Info: Instantiated megafunction "lpm_counter0:inst|lpm_counter:lpm_counter_component" with the following parameter:
    Info: Parameter "lpm_direction" = "UP"
    Info: Parameter "lpm_modulus" = "50"
    Info: Parameter "lpm_port_updown" = "PORT_UNUSED"
    Info: Parameter "lpm_type" = "LPM_COUNTER"
    Info: Parameter "lpm_width" = "6"
Warning: Using design file lpm_counter2.v, which is not specified as a design file for the current project, but contains definitions for 1 design units and 1 entities in project
    Info: Found entity 1: lpm_counter2
Info: Elaborating entity "lpm_counter2" for hierarchy "lpm_counter2:inst24"
Info: Elaborating entity "lpm_counter" for hierarchy "lpm_counter2:inst24|lpm_counter:lpm_counter_component"
Info: Elaborated megafunction instantiation "lpm_counter2:inst24|lpm_counter:lpm_counter_component"
Warning: Using design file lpm_compare0.v, which is not specified as a design file for the current project, but contains definitions for 1 design units and 1 entities in project
    Info: Found entity 1: lpm_compare0
Info: Elaborating entity "lpm_compare0" for hierarchy "lpm_compare0:inst1"
Info: Elaborating entity "lpm_compare" for hierarchy "lpm_compare0:inst1|lpm_compare:lpm_compare_component"
Info: Elaborated megafunction instantiation "lpm_compare0:inst1|lpm_compare:lpm_compare_component"
Warning: Using design file lpm_compare7.v, which is not specified as a design file for the current project, but contains definitions for 1 design units and 1 entities in project
    Info: Found entity 1: lpm_compare7
Info: Elaborating entity "lpm_compare7" for hierarchy "lpm_compare7:inst17"
Info: Elaborating entity "lpm_compare" for hierarchy "lpm_compare7:inst17|lpm_compare:lpm_compare_component"
Info: Elaborated megafunction instantiation "lpm_compare7:inst17|lpm_compare:lpm_compare_component"
Info: Elaborating entity "comptree" for hierarchy "lpm_compare7:inst17|lpm_compare:lpm_compare_component|comptree:comparator"
Info: Elaborated megafunction instantiation "lpm_compare7:inst17|lpm_compare:lpm_compare_component|comptree:comparator", which is child of megafunction instantiation "lpm_compare7:inst17|lpm_compare:lpm_compare_component"
Info: Instantiated megafunction "lpm_compare7:inst17|lpm_compare:lpm_compare_component" with the following parameter:
    Info: Parameter "lpm_hint" = "ONE_INPUT_IS_CONSTANT=YES"
    Info: Parameter "lpm_representation" = "UNSIGNED"
    Info: Parameter "lpm_type" = "LPM_COMPARE"
    Info: Parameter "lpm_width" = "10"
Info: Elaborating entity "cmpchain" for hierarchy "lpm_compare7:inst17|lpm_compare:lpm_compare_component|comptree:comparator|cmpchain:cmp_end"
Info: Elaborated megafunction instantiation "lpm_compare7:inst17|lpm_compare:lpm_compare_component|comptree:comparator|cmpchain:cmp_end", which is child of megafunction instantiation "lpm_compare7:inst17|lpm_compare:lpm_compare_component"
Info: Instantiated megafunction "lpm_compare7:inst17|lpm_compare:lpm_compare_component" with the following parameter:
    Info: Parameter "lpm_hint" = "ONE_INPUT_IS_CONSTANT=YES"
    Info: Parameter "lpm_representation" = "UNSIGNED"
    Info: Parameter "lpm_type" = "LPM_COMPARE"
    Info: Parameter "lpm_width" = "10"
Warning: Using design file lpm_counter1.v, which is not specified as a design file for the current project, but contains definitions for 1 design units and 1 entities in project
    Info: Found entity 1: lpm_counter1
Info: Elaborating entity "lpm_counter1" for hierarchy "lpm_counter1:inst14"
Info: Elaborating entity "lpm_counter" for hierarchy "lpm_counter1:inst14|lpm_counter:lpm_counter_component"
Info: Elaborated megafunction instantiation "lpm_counter1:inst14|lpm_counter:lpm_counter_component"
Info: Elaborating entity "lpm_add_sub" for hierarchy "lpm_counter1:inst14|lpm_counter:lpm_counter_component|lpm_add_sub:add_sub"
Info: Elaborated megafunction instantiation "lpm_counter1:inst14|lpm_counter:lpm_counter_component|lpm_add_sub:add_sub", which is child of megafunction instantiation "lpm_counter1:inst14|lpm_counter:lpm_counter_component"
Info: Instantiated megafunction "lpm_counter1:inst14|lpm_counter:lpm_counter_component" with the following parameter:
    Info: Parameter "lpm_direction" = "UP"
    Info: Parameter "lpm_modulus" = "525"
    Info: Parameter "lpm_port_updown" = "PORT_UNUSED"
    Info: Parameter "lpm_type" = "LPM_COUNTER"
    Info: Parameter "lpm_width" = "10"
Info: Elaborating entity "addcore" for hierarchy "lpm_counter1:inst14|lpm_counter:lpm_counter_component|lpm_add_sub:add_sub|addcore:adder[1]"
Info: Elaborated megafunction instantiation "lpm_counter1:inst14|lpm_counter:lpm_counter_component|lpm_add_sub:add_sub|addcore:adder[1]", which is child of megafunction instantiation "lpm_counter1:inst14|lpm_counter:lpm_counter_component"
Info: Instantiated megafunction "lpm_counter1:inst14|lpm_counter:lpm_counter_component" with the following parameter:
    Info: Parameter "lpm_direction" = "UP"
    Info: Parameter "lpm_modulus" = "525"
    Info: Parameter "lpm_port_updown" = "PORT_UNUSED"
    Info: Parameter "lpm_type" = "LPM_COUNTER"
    Info: Parameter "lpm_width" = "10"
Info: Elaborating entity "addcore" for hierarchy "lpm_counter1:inst14|lpm_counter:lpm_counter_component|lpm_add_sub:add_sub|addcore:adder[0]"
Info: Elaborated megafunction instantiation "lpm_counter1:inst14|lpm_counter:lpm_counter_component|lpm_add_sub:add_sub|addcore:adder[0]", which is child of megafunction instantiation "lpm_counter1:inst14|lpm_counter:lpm_counter_component"
Info: Instantiated megafunction "lpm_counter1:inst14|lpm_counter:lpm_counter_component" with the following parameter:
    Info: Parameter "lpm_direction" = "UP"
    Info: Parameter "lpm_modulus" = "525"
    Info: Parameter "lpm_port_updown" = "PORT_UNUSED"
    Info: Parameter "lpm_type" = "LPM_COUNTER"
    Info: Parameter "lpm_width" = "10"
Info: Found 1 design units, including 1 entities, in source file ../../../61/quartus/libraries/megafunctions/look_add.tdf
    Info: Found entity 1: look_add
Info: Elaborating entity "look_add" for hierarchy "lpm_counter1:inst14|lpm_counter:lpm_counter_component|lpm_add_sub:add_sub|look_add:look_ahead_unit"
Info: Elaborated megafunction instantiation "lpm_counter1:inst14|lpm_counter:lpm_counter_component|lpm_add_sub:add_sub|look_add:look_ahead_unit", which is child of megafunction instantiation "lpm_counter1:inst14|lpm_counter:lpm_counter_component"
Info: Instantiated megafunction "lpm_counter1:inst14|lpm_counter:lpm_counter_component" with the following parameter:
    Info: Parameter "lpm_direction" = "UP"
    Info: Parameter "lpm_modulus" = "525"
    Info: Parameter "lpm_port_updown" = "PORT_UNUSED"
    Info: Parameter "lpm_type" = "LPM_COUNTER"
    Info: Parameter "lpm_width" = "10"
Info: Elaborating entity "altshift" for hierarchy "lpm_counter1:inst14|lpm_counter:lpm_counter_component|lpm_add_sub:add_sub|altshift:result_ext_latency_ffs"
Info: Elaborated megafunction instantiation "lpm_counter1:inst14|lpm_counter:lpm_counter_component|lpm_add_sub:add_sub|altshift:result_ext_latency_ffs", which is child of megafunction instantiation "lpm_counter1:inst14|lpm_counter:lpm_counter_component"
Info: Instantiated megafunction "lpm_counter1:inst14|lpm_counter:lpm_counter_component" with the following parameter:
    Info: Parameter "lpm_direction" = "UP"
    Info: Parameter "lpm_modulus" = "525"
    Info: Parameter "lpm_port_updown" = "PORT_UNUSED"
    Info: Parameter "lpm_type" = "LPM_COUNTER"
    Info: Parameter "lpm_width" = "10"
Info: Elaborating entity "lpm_constant" for hierarchy "lpm_counter1:inst14|lpm_counter:lpm_counter_component|lpm_constant:scdw"
Info: Elaborated megafunction instantiation "lpm_counter1:inst14|lpm_counter:lpm_counter_component|lpm_constant:scdw", which is child of megafunction instantiation "lpm_counter1:inst14|lpm_counter:lpm_counter_component"
Info: Instantiated megafunction "lpm_counter1:inst14|lpm_counter:lpm_counter_component" with the following parameter:
    Info: Parameter "lpm_direction" = "UP"
    Info: Parameter "lpm_modulus" = "525"
    Info: Parameter "lpm_port_updown" = "PORT_UNUSED"
    Info: Parameter "lpm_type" = "LPM_COUNTER"
    Info: Parameter "lpm_width" = "10"
Info: Elaborating entity "cmpconst" for hierarchy "lpm_counter1:inst14|lpm_counter:lpm_counter_component|cmpconst:$00036"
Info: Elaborated megafunction instantiation "lpm_counter1:inst14|lpm_counter:lpm_counter_component|cmpconst:$00036", which is child of megafunction instantiation "lpm_counter1:inst14|lpm_counter:lpm_counter_component"
Info: Instantiated megafunction "lpm_counter1:inst14|lpm_counter:lpm_counter_component" with the following parameter:
    Info: Parameter "lpm_direction" = "UP"
    Info: Parameter "lpm_modulus" = "525"
    Info: Parameter "lpm_port_updown" = "PORT_UNUSED"
    Info: Parameter "lpm_type" = "LPM_COUNTER"
    Info: Parameter "lpm_width" = "10"
Warning: Using design file lpm_compare8.v, which is not specified as a design file for the current project, but contains definitions for 1 design units and 1 entities in project
    Info: Found entity 1: lpm_compare8
Info: Elaborating entity "lpm_compare8" for hierarchy "lpm_compare8:inst18"
Warning: Using design file lpm_compare4.v, which is not specified as a design file for the current project, but contains definitions for 1 design units and 1 entities in project
    Info: Found entity 1: lpm_compare4
Info: Elaborating entity "lpm_compare4" for hierarchy "lpm_compare4:inst8"
Warning: Using design file lpm_compare3.v, which is not specified as a design file for the current project, but contains definitions for 1 design units and 1 entities in project
    Info: Found entity 1: lpm_compare3
Info: Elaborating entity "lpm_compare3" for hierarchy "lpm_compare3:inst4"
Warning: Using design file lpm_compare6.v, which is not specified as a design file for the current project, but contains definitions for 1 design units and 1 entities in project
    Info: Found entity 1: lpm_compare6
Info: Elaborating entity "lpm_compare6" for hierarchy "lpm_compare6:inst16"
Warning: Using design file lpm_compare5.v, which is not specified as a design file for the current project, but contains definitions for 1 design units and 1 entities in project
    Info: Found entity 1: lpm_compare5
Info: Elaborating entity "lpm_compare5" for hierarchy "lpm_compare5:inst15"
Info: Elaborating entity "lpm_compare" for hierarchy "lpm_compare5:inst15|lpm_compare:lpm_compare_component"
Info: Elaborated megafunction instantiation "lpm_compare5:inst15|lpm_compare:lpm_compare_component"
Warning: Using design file lpm_dff0.v, which is not specified as a design file for the current project, but contains definitions for 1 design units and 1 entities in project
    Info: Found entity 1: lpm_dff0
Info: Elaborating entity "lpm_dff0" for hierarchy "lpm_dff0:inst22"
Info: Found 1 design units, including 1 entities, in source file ../../../61/quartus/libraries/megafunctions/lpm_ff.tdf
    Info: Found entity 1: lpm_ff
Info: Elaborating entity "lpm_ff" for hierarchy "lpm_dff0:inst22|lpm_ff:lpm_ff_component"
Info: Elaborated megafunction instantiation "lpm_dff0:inst22|lpm_ff:lpm_ff_component"
Warning: Using design file lpm_compare2.v, which is not specified as a design file for the current project, but contains definitions for 1 design units and 1 entities in project
    Info: Found entity 1: lpm_compare2
Info: Elaborating entity "lpm_compare2" for hierarchy "lpm_compare2:inst3"
Info: Ignored 17 buffer(s)
    Info: Ignored 17 SOFT buffer(s)
Info: Promoted pin-driven signal(s) to global signal
    Info: Promoted clock signal driven by pin "CLK" to global clock signal
Info: Implemented 59 device resources after synthesis - the final resource count might be different
    Info: Implemented 9 input pins
    Info: Implemented 13 output pins
    Info: Implemented 36 macrocells
    Info: Implemented 1 shareable expanders
Info: Quartus II Analysis & Synthesis was successful. 0 errors, 13 warnings
    Info: Allocated 131 megabytes of memory during processing
    Info: Processing ended: Thu May 10 12:45:30 2007
    Info: Elapsed time: 00:00:05


