Assembler report for VGA1
Thu May 10 12:45:38 2007
Quartus II Version 6.1 Build 201 11/27/2006 SJ Web Edition


---------------------
; Table of Contents ;
---------------------
  1. Legal Notice
  2. Assembler Summary
  3. Assembler Settings
  4. Assembler Generated Files
  5. Assembler Device Options: E:/altera/my projects/VGA/VGA1_new/VGA1.pof
  6. Assembler Messages



----------------
; Legal Notice ;
----------------
Copyright (C) 1991-2006 Altera Corporation
Your use of Altera Corporation's design tools, logic functions 
and other software and tools, and its AMPP partner logic 
functions, and any output files from any of the foregoing 
(including device programming or simulation files), and any 
associated documentation or information are expressly subject 
to the terms and conditions of the Altera Program License 
Subscription Agreement, Altera MegaCore Function License 
Agreement, or other applicable license agreement, including, 
without limitation, that your use is for the sole purpose of 
programming logic devices manufactured by Altera and sold by 
Altera or its authorized distributors.  Please refer to the 
applicable agreement for further details.



+---------------------------------------------------------------+
; Assembler Summary                                             ;
+-----------------------+---------------------------------------+
; Assembler Status      ; Successful - Thu May 10 12:45:38 2007 ;
; Revision Name         ; VGA1                                  ;
; Top-level Entity Name ; VGA1                                  ;
; Family                ; MAX3000A                              ;
; Device                ; EPM3064ALC44-10                       ;
+-----------------------+---------------------------------------+


+-----------------------------------------------------------------------------------------------------------+
; Assembler Settings                                                                                        ;
+--------------------------------------------------------------------------------+----------+---------------+
; Option                                                                         ; Setting  ; Default Value ;
+--------------------------------------------------------------------------------+----------+---------------+
; Generate Serial Vector Format File (.svf) for Target Device                    ; Off      ; Off           ;
; Generate In System Configuration File (.isc) for Target Device                 ; Off      ; Off           ;
; Generate a JEDEC STAPL Format File (.jam) for Target Device                    ; Off      ; Off           ;
; Generate an uncompressed Jam STAPL Byte Code 2.0 File (.jbc) for Target Device ; Off      ; Off           ;
; Generate a compressed Jam STAPL Byte Code 2.0 File (.jbc) for Target Device    ; On       ; On            ;
; Compression mode                                                               ; Off      ; Off           ;
; Clock source for configuration device                                          ; Internal ; Internal      ;
; Clock frequency of the configuration device                                    ; 10 MHZ   ; 10 MHz        ;
; Divide clock frequency by                                                      ; 1        ; 1             ;
; JTAG user code for target device                                               ; Ffffffff ; Ffffffff      ;
; Auto user code                                                                 ; Off      ; Off           ;
; Security bit                                                                   ; Off      ; Off           ;
; Configuration device auto user code                                            ; Off      ; Off           ;
; Generate Tabular Text File (.ttf) For Target Device                            ; Off      ; Off           ;
; Generate Raw Binary File (.rbf) For Target Device                              ; Off      ; Off           ;
; Generate Hexadecimal (Intel-Format) Output File (.hexout) for Target Device    ; Off      ; Off           ;
; Hexadecimal Output File start address                                          ; 0        ; 0             ;
; Hexadecimal Output File count direction                                        ; Up       ; Up            ;
; Use smart compilation                                                          ; Off      ; Off           ;
+--------------------------------------------------------------------------------+----------+---------------+


+---------------------------------------------+
; Assembler Generated Files                   ;
+---------------------------------------------+
; File Name                                   ;
+---------------------------------------------+
; E:/altera/my projects/VGA/VGA1_new/VGA1.pof ;
+---------------------------------------------+


+-----------------------------------------------------------------------+
; Assembler Device Options: E:/altera/my projects/VGA/VGA1_new/VGA1.pof ;
+----------------+------------------------------------------------------+
; Option         ; Setting                                              ;
+----------------+------------------------------------------------------+
; Device         ; EPM3064ALC44-10                                      ;
; JTAG usercode  ; 0x00000000                                           ;
; Checksum       ; 0x000C5F01                                           ;
+----------------+------------------------------------------------------+


+--------------------+
; Assembler Messages ;
+--------------------+
Info: *******************************************************************
Info: Running Quartus II Assembler
    Info: Version 6.1 Build 201 11/27/2006 SJ Web Edition
    Info: Processing started: Thu May 10 12:45:34 2007
Info: Command: quartus_asm --read_settings_files=off --write_settings_files=off VGA1 -c VGA1
Info: Assembler is generating device programming files
Info: Quartus II Assembler was successful. 0 errors, 0 warnings
    Info: Allocated 106 megabytes of memory during processing
    Info: Processing ended: Thu May 10 12:45:38 2007
    Info: Elapsed time: 00:00:04


