Classic Timing Analyzer report for VGA1
Thu May 10 12:45:40 2007
Quartus II Version 6.1 Build 201 11/27/2006 SJ Web Edition


---------------------
; Table of Contents ;
---------------------
  1. Legal Notice
  2. Timing Analyzer Summary
  3. Timing Analyzer Settings
  4. Clock Settings Summary
  5. Clock Setup: 'CLK'
  6. tsu
  7. tco
  8. th
  9. Timing Analyzer Messages



----------------
; Legal Notice ;
----------------
Copyright (C) 1991-2006 Altera Corporation
Your use of Altera Corporation's design tools, logic functions 
and other software and tools, and its AMPP partner logic 
functions, and any output files from any of the foregoing 
(including device programming or simulation files), and any 
associated documentation or information are expressly subject 
to the terms and conditions of the Altera Program License 
Subscription Agreement, Altera MegaCore Function License 
Agreement, or other applicable license agreement, including, 
without limitation, that your use is for the sole purpose of 
programming logic devices manufactured by Altera and sold by 
Altera or its authorized distributors.  Please refer to the 
applicable agreement for further details.



+--------------------------------------------------------------------------------------------------------------------------------------------------------------------------------------------------------------------------------------------------------------+
; Timing Analyzer Summary                                                                                                                                                                                                                                      ;
+------------------------------+-------+---------------+----------------------------------+-------------------------------------------------------------+---------------------------------------------------------------+------------+----------+--------------+
; Type                         ; Slack ; Required Time ; Actual Time                      ; From                                                        ; To                                                            ; From Clock ; To Clock ; Failed Paths ;
+------------------------------+-------+---------------+----------------------------------+-------------------------------------------------------------+---------------------------------------------------------------+------------+----------+--------------+
; Worst-case tsu               ; N/A   ; None          ; 6.200 ns                         ; RAMDATA[7]                                                  ; lpm_dff0:inst22|lpm_ff:lpm_ff_component|dffs[7]               ; --         ; CLK      ; 0            ;
; Worst-case tco               ; N/A   ; None          ; 20.600 ns                        ; inst20                                                      ; VINTR                                                         ; CLK        ; --       ; 0            ;
; Worst-case th                ; N/A   ; None          ; -2.000 ns                        ; RAMDATA[7]                                                  ; lpm_dff0:inst22|lpm_ff:lpm_ff_component|dffs[7]               ; --         ; CLK      ; 0            ;
; Clock Setup: 'CLK'           ; N/A   ; None          ; 90.91 MHz ( period = 11.000 ns ) ; lpm_counter0:inst|lpm_counter:lpm_counter_component|dffs[4] ; lpm_counter1:inst14|lpm_counter:lpm_counter_component|dffs[0] ; CLK        ; CLK      ; 0            ;
; Total number of failed paths ;       ;               ;                                  ;                                                             ;                                                               ;            ;          ; 0            ;
+------------------------------+-------+---------------+----------------------------------+-------------------------------------------------------------+---------------------------------------------------------------+------------+----------+--------------+


+------------------------------------------------------------------------------------------------------+
; Timing Analyzer Settings                                                                             ;
+-------------------------------------------------------+--------------------+------+----+-------------+
; Option                                                ; Setting            ; From ; To ; Entity Name ;
+-------------------------------------------------------+--------------------+------+----+-------------+
; Device Name                                           ; EPM3064ALC44-10    ;      ;    ;             ;
; Timing Models                                         ; Final              ;      ;    ;             ;
; Default hold multicycle                               ; Same as Multicycle ;      ;    ;             ;
; Cut paths between unrelated clock domains             ; On                 ;      ;    ;             ;
; Cut off read during write signal paths                ; On                 ;      ;    ;             ;
; Cut off feedback from I/O pins                        ; On                 ;      ;    ;             ;
; Report Combined Fast/Slow Timing                      ; Off                ;      ;    ;             ;
; Ignore Clock Settings                                 ; Off                ;      ;    ;             ;
; Analyze latches as synchronous elements               ; On                 ;      ;    ;             ;
; Enable Recovery/Removal analysis                      ; Off                ;      ;    ;             ;
; Enable Clock Latency                                  ; Off                ;      ;    ;             ;
; Number of source nodes to report per destination node ; 10                 ;      ;    ;             ;
; Number of destination nodes to report                 ; 10                 ;      ;    ;             ;
; Number of paths to report                             ; 200                ;      ;    ;             ;
; Report Minimum Timing Checks                          ; Off                ;      ;    ;             ;
; Use Fast Timing Models                                ; Off                ;      ;    ;             ;
; Report IO Paths Separately                            ; Off                ;      ;    ;             ;
+-------------------------------------------------------+--------------------+------+----+-------------+


+------------------------------------------------------------------------------------------------------------------------------------------------------------------------------------+
; Clock Settings Summary                                                                                                                                                             ;
+-----------------+--------------------+----------+------------------+---------------+--------------+----------+-----------------------+---------------------+--------+--------------+
; Clock Node Name ; Clock Setting Name ; Type     ; Fmax Requirement ; Early Latency ; Late Latency ; Based on ; Multiply Base Fmax by ; Divide Base Fmax by ; Offset ; Phase offset ;
+-----------------+--------------------+----------+------------------+---------------+--------------+----------+-----------------------+---------------------+--------+--------------+
; CLK             ;                    ; User Pin ; None             ; 0.000 ns      ; 0.000 ns     ; --       ; N/A                   ; N/A                 ; N/A    ;              ;
+-----------------+--------------------+----------+------------------+---------------+--------------+----------+-----------------------+---------------------+--------+--------------+


+-------------------------------------------------------------------------------------------------------------------------------------------------------------------------------------------------------------------------------------------------------------------------------------------------------------------------------------------+
; Clock Setup: 'CLK'                                                                                                                                                                                                                                                                                                                        ;
+-----------------------------------------+-----------------------------------------------------+---------------------------------------------------------------+---------------------------------------------------------------+------------+----------+-----------------------------+---------------------------+-------------------------+
; Slack                                   ; Actual fmax (period)                                ; From                                                          ; To                                                            ; From Clock ; To Clock ; Required Setup Relationship ; Required Longest P2P Time ; Actual Longest P2P Time ;
+-----------------------------------------+-----------------------------------------------------+---------------------------------------------------------------+---------------------------------------------------------------+------------+----------+-----------------------------+---------------------------+-------------------------+
; N/A                                     ; 90.91 MHz ( period = 11.000 ns )                    ; lpm_counter0:inst|lpm_counter:lpm_counter_component|dffs[0]   ; lpm_counter1:inst14|lpm_counter:lpm_counter_component|dffs[0] ; CLK        ; CLK      ; None                        ; None                      ; 6.500 ns                ;
; N/A                                     ; 90.91 MHz ( period = 11.000 ns )                    ; lpm_counter0:inst|lpm_counter:lpm_counter_component|dffs[1]   ; lpm_counter1:inst14|lpm_counter:lpm_counter_component|dffs[0] ; CLK        ; CLK      ; None                        ; None                      ; 6.500 ns                ;
; N/A                                     ; 90.91 MHz ( period = 11.000 ns )                    ; lpm_counter0:inst|lpm_counter:lpm_counter_component|dffs[3]   ; lpm_counter1:inst14|lpm_counter:lpm_counter_component|dffs[0] ; CLK        ; CLK      ; None                        ; None                      ; 6.500 ns                ;
; N/A                                     ; 90.91 MHz ( period = 11.000 ns )                    ; lpm_counter0:inst|lpm_counter:lpm_counter_component|dffs[2]   ; lpm_counter1:inst14|lpm_counter:lpm_counter_component|dffs[0] ; CLK        ; CLK      ; None                        ; None                      ; 6.500 ns                ;
; N/A                                     ; 90.91 MHz ( period = 11.000 ns )                    ; lpm_counter0:inst|lpm_counter:lpm_counter_component|dffs[5]   ; lpm_counter1:inst14|lpm_counter:lpm_counter_component|dffs[0] ; CLK        ; CLK      ; None                        ; None                      ; 6.500 ns                ;
; N/A                                     ; 90.91 MHz ( period = 11.000 ns )                    ; lpm_counter0:inst|lpm_counter:lpm_counter_component|dffs[4]   ; lpm_counter1:inst14|lpm_counter:lpm_counter_component|dffs[0] ; CLK        ; CLK      ; None                        ; None                      ; 6.500 ns                ;
; N/A                                     ; 91.74 MHz ( period = 10.900 ns )                    ; lpm_counter1:inst14|lpm_counter:lpm_counter_component|dffs[4] ; lpm_counter1:inst14|lpm_counter:lpm_counter_component|dffs[0] ; CLK        ; CLK      ; None                        ; None                      ; 6.400 ns                ;
; N/A                                     ; 91.74 MHz ( period = 10.900 ns )                    ; lpm_counter1:inst14|lpm_counter:lpm_counter_component|dffs[1] ; lpm_counter1:inst14|lpm_counter:lpm_counter_component|dffs[0] ; CLK        ; CLK      ; None                        ; None                      ; 6.400 ns                ;
; N/A                                     ; 91.74 MHz ( period = 10.900 ns )                    ; lpm_counter1:inst14|lpm_counter:lpm_counter_component|dffs[0] ; lpm_counter1:inst14|lpm_counter:lpm_counter_component|dffs[0] ; CLK        ; CLK      ; None                        ; None                      ; 6.400 ns                ;
; N/A                                     ; 91.74 MHz ( period = 10.900 ns )                    ; lpm_counter1:inst14|lpm_counter:lpm_counter_component|dffs[8] ; lpm_counter1:inst14|lpm_counter:lpm_counter_component|dffs[0] ; CLK        ; CLK      ; None                        ; None                      ; 6.400 ns                ;
; N/A                                     ; 91.74 MHz ( period = 10.900 ns )                    ; lpm_counter1:inst14|lpm_counter:lpm_counter_component|dffs[7] ; lpm_counter1:inst14|lpm_counter:lpm_counter_component|dffs[0] ; CLK        ; CLK      ; None                        ; None                      ; 6.400 ns                ;
; N/A                                     ; 91.74 MHz ( period = 10.900 ns )                    ; lpm_counter1:inst14|lpm_counter:lpm_counter_component|dffs[6] ; lpm_counter1:inst14|lpm_counter:lpm_counter_component|dffs[0] ; CLK        ; CLK      ; None                        ; None                      ; 6.400 ns                ;
; N/A                                     ; 91.74 MHz ( period = 10.900 ns )                    ; lpm_counter1:inst14|lpm_counter:lpm_counter_component|dffs[5] ; lpm_counter1:inst14|lpm_counter:lpm_counter_component|dffs[0] ; CLK        ; CLK      ; None                        ; None                      ; 6.400 ns                ;
; N/A                                     ; 91.74 MHz ( period = 10.900 ns )                    ; lpm_counter1:inst14|lpm_counter:lpm_counter_component|dffs[3] ; lpm_counter1:inst14|lpm_counter:lpm_counter_component|dffs[0] ; CLK        ; CLK      ; None                        ; None                      ; 6.400 ns                ;
; N/A                                     ; 91.74 MHz ( period = 10.900 ns )                    ; lpm_counter1:inst14|lpm_counter:lpm_counter_component|dffs[9] ; lpm_counter1:inst14|lpm_counter:lpm_counter_component|dffs[0] ; CLK        ; CLK      ; None                        ; None                      ; 6.400 ns                ;
; N/A                                     ; 91.74 MHz ( period = 10.900 ns )                    ; lpm_counter1:inst14|lpm_counter:lpm_counter_component|dffs[2] ; lpm_counter1:inst14|lpm_counter:lpm_counter_component|dffs[0] ; CLK        ; CLK      ; None                        ; None                      ; 6.400 ns                ;
; N/A                                     ; 97.09 MHz ( period = 10.300 ns )                    ; inst20                                                        ; inst20                                                        ; CLK        ; CLK      ; None                        ; None                      ; 5.800 ns                ;
; N/A                                     ; 98.04 MHz ( period = 10.200 ns )                    ; inst13                                                        ; inst13                                                        ; CLK        ; CLK      ; None                        ; None                      ; 5.700 ns                ;
; N/A                                     ; 99.01 MHz ( period = 10.100 ns )                    ; lpm_counter2:inst24|lpm_counter:lpm_counter_component|dffs[0] ; lpm_counter2:inst24|lpm_counter:lpm_counter_component|dffs[1] ; CLK        ; CLK      ; None                        ; None                      ; 5.600 ns                ;
; N/A                                     ; 99.01 MHz ( period = 10.100 ns )                    ; lpm_counter2:inst24|lpm_counter:lpm_counter_component|dffs[0] ; lpm_counter2:inst24|lpm_counter:lpm_counter_component|dffs[2] ; CLK        ; CLK      ; None                        ; None                      ; 5.600 ns                ;
; N/A                                     ; 99.01 MHz ( period = 10.100 ns )                    ; lpm_counter2:inst24|lpm_counter:lpm_counter_component|dffs[1] ; lpm_counter2:inst24|lpm_counter:lpm_counter_component|dffs[2] ; CLK        ; CLK      ; None                        ; None                      ; 5.600 ns                ;
; N/A                                     ; 99.01 MHz ( period = 10.100 ns )                    ; lpm_counter2:inst24|lpm_counter:lpm_counter_component|dffs[0] ; lpm_counter2:inst24|lpm_counter:lpm_counter_component|dffs[3] ; CLK        ; CLK      ; None                        ; None                      ; 5.600 ns                ;
; N/A                                     ; 99.01 MHz ( period = 10.100 ns )                    ; lpm_counter2:inst24|lpm_counter:lpm_counter_component|dffs[1] ; lpm_counter2:inst24|lpm_counter:lpm_counter_component|dffs[3] ; CLK        ; CLK      ; None                        ; None                      ; 5.600 ns                ;
; N/A                                     ; 99.01 MHz ( period = 10.100 ns )                    ; lpm_counter2:inst24|lpm_counter:lpm_counter_component|dffs[2] ; lpm_counter2:inst24|lpm_counter:lpm_counter_component|dffs[3] ; CLK        ; CLK      ; None                        ; None                      ; 5.600 ns                ;
; N/A                                     ; 99.01 MHz ( period = 10.100 ns )                    ; lpm_counter0:inst|lpm_counter:lpm_counter_component|dffs[0]   ; lpm_counter0:inst|lpm_counter:lpm_counter_component|dffs[1]   ; CLK        ; CLK      ; None                        ; None                      ; 5.600 ns                ;
; N/A                                     ; 99.01 MHz ( period = 10.100 ns )                    ; lpm_counter0:inst|lpm_counter:lpm_counter_component|dffs[1]   ; lpm_counter0:inst|lpm_counter:lpm_counter_component|dffs[1]   ; CLK        ; CLK      ; None                        ; None                      ; 5.600 ns                ;
; N/A                                     ; 99.01 MHz ( period = 10.100 ns )                    ; lpm_counter0:inst|lpm_counter:lpm_counter_component|dffs[3]   ; lpm_counter0:inst|lpm_counter:lpm_counter_component|dffs[1]   ; CLK        ; CLK      ; None                        ; None                      ; 5.600 ns                ;
; N/A                                     ; 99.01 MHz ( period = 10.100 ns )                    ; lpm_counter0:inst|lpm_counter:lpm_counter_component|dffs[2]   ; lpm_counter0:inst|lpm_counter:lpm_counter_component|dffs[1]   ; CLK        ; CLK      ; None                        ; None                      ; 5.600 ns                ;
; N/A                                     ; 99.01 MHz ( period = 10.100 ns )                    ; lpm_counter0:inst|lpm_counter:lpm_counter_component|dffs[5]   ; lpm_counter0:inst|lpm_counter:lpm_counter_component|dffs[1]   ; CLK        ; CLK      ; None                        ; None                      ; 5.600 ns                ;
; N/A                                     ; 99.01 MHz ( period = 10.100 ns )                    ; lpm_counter0:inst|lpm_counter:lpm_counter_component|dffs[4]   ; lpm_counter0:inst|lpm_counter:lpm_counter_component|dffs[1]   ; CLK        ; CLK      ; None                        ; None                      ; 5.600 ns                ;
; N/A                                     ; 99.01 MHz ( period = 10.100 ns )                    ; lpm_counter0:inst|lpm_counter:lpm_counter_component|dffs[0]   ; lpm_counter0:inst|lpm_counter:lpm_counter_component|dffs[3]   ; CLK        ; CLK      ; None                        ; None                      ; 5.600 ns                ;
; N/A                                     ; 99.01 MHz ( period = 10.100 ns )                    ; lpm_counter0:inst|lpm_counter:lpm_counter_component|dffs[1]   ; lpm_counter0:inst|lpm_counter:lpm_counter_component|dffs[3]   ; CLK        ; CLK      ; None                        ; None                      ; 5.600 ns                ;
; N/A                                     ; 99.01 MHz ( period = 10.100 ns )                    ; lpm_counter0:inst|lpm_counter:lpm_counter_component|dffs[2]   ; lpm_counter0:inst|lpm_counter:lpm_counter_component|dffs[3]   ; CLK        ; CLK      ; None                        ; None                      ; 5.600 ns                ;
; N/A                                     ; 99.01 MHz ( period = 10.100 ns )                    ; lpm_counter0:inst|lpm_counter:lpm_counter_component|dffs[0]   ; lpm_counter0:inst|lpm_counter:lpm_counter_component|dffs[2]   ; CLK        ; CLK      ; None                        ; None                      ; 5.600 ns                ;
; N/A                                     ; 99.01 MHz ( period = 10.100 ns )                    ; lpm_counter0:inst|lpm_counter:lpm_counter_component|dffs[1]   ; lpm_counter0:inst|lpm_counter:lpm_counter_component|dffs[2]   ; CLK        ; CLK      ; None                        ; None                      ; 5.600 ns                ;
; N/A                                     ; 99.01 MHz ( period = 10.100 ns )                    ; lpm_counter0:inst|lpm_counter:lpm_counter_component|dffs[0]   ; lpm_counter0:inst|lpm_counter:lpm_counter_component|dffs[5]   ; CLK        ; CLK      ; None                        ; None                      ; 5.600 ns                ;
; N/A                                     ; 99.01 MHz ( period = 10.100 ns )                    ; lpm_counter0:inst|lpm_counter:lpm_counter_component|dffs[1]   ; lpm_counter0:inst|lpm_counter:lpm_counter_component|dffs[5]   ; CLK        ; CLK      ; None                        ; None                      ; 5.600 ns                ;
; N/A                                     ; 99.01 MHz ( period = 10.100 ns )                    ; lpm_counter0:inst|lpm_counter:lpm_counter_component|dffs[3]   ; lpm_counter0:inst|lpm_counter:lpm_counter_component|dffs[5]   ; CLK        ; CLK      ; None                        ; None                      ; 5.600 ns                ;
; N/A                                     ; 99.01 MHz ( period = 10.100 ns )                    ; lpm_counter0:inst|lpm_counter:lpm_counter_component|dffs[2]   ; lpm_counter0:inst|lpm_counter:lpm_counter_component|dffs[5]   ; CLK        ; CLK      ; None                        ; None                      ; 5.600 ns                ;
; N/A                                     ; 99.01 MHz ( period = 10.100 ns )                    ; lpm_counter0:inst|lpm_counter:lpm_counter_component|dffs[5]   ; lpm_counter0:inst|lpm_counter:lpm_counter_component|dffs[5]   ; CLK        ; CLK      ; None                        ; None                      ; 5.600 ns                ;
; N/A                                     ; 99.01 MHz ( period = 10.100 ns )                    ; lpm_counter0:inst|lpm_counter:lpm_counter_component|dffs[4]   ; lpm_counter0:inst|lpm_counter:lpm_counter_component|dffs[5]   ; CLK        ; CLK      ; None                        ; None                      ; 5.600 ns                ;
; N/A                                     ; 99.01 MHz ( period = 10.100 ns )                    ; lpm_counter0:inst|lpm_counter:lpm_counter_component|dffs[0]   ; lpm_counter0:inst|lpm_counter:lpm_counter_component|dffs[4]   ; CLK        ; CLK      ; None                        ; None                      ; 5.600 ns                ;
; N/A                                     ; 99.01 MHz ( period = 10.100 ns )                    ; lpm_counter0:inst|lpm_counter:lpm_counter_component|dffs[1]   ; lpm_counter0:inst|lpm_counter:lpm_counter_component|dffs[4]   ; CLK        ; CLK      ; None                        ; None                      ; 5.600 ns                ;
; N/A                                     ; 99.01 MHz ( period = 10.100 ns )                    ; lpm_counter0:inst|lpm_counter:lpm_counter_component|dffs[3]   ; lpm_counter0:inst|lpm_counter:lpm_counter_component|dffs[4]   ; CLK        ; CLK      ; None                        ; None                      ; 5.600 ns                ;
; N/A                                     ; 99.01 MHz ( period = 10.100 ns )                    ; lpm_counter0:inst|lpm_counter:lpm_counter_component|dffs[2]   ; lpm_counter0:inst|lpm_counter:lpm_counter_component|dffs[4]   ; CLK        ; CLK      ; None                        ; None                      ; 5.600 ns                ;
; N/A                                     ; 99.01 MHz ( period = 10.100 ns )                    ; lpm_counter0:inst|lpm_counter:lpm_counter_component|dffs[5]   ; lpm_counter0:inst|lpm_counter:lpm_counter_component|dffs[4]   ; CLK        ; CLK      ; None                        ; None                      ; 5.600 ns                ;
; N/A                                     ; 99.01 MHz ( period = 10.100 ns )                    ; lpm_counter0:inst|lpm_counter:lpm_counter_component|dffs[4]   ; lpm_counter0:inst|lpm_counter:lpm_counter_component|dffs[4]   ; CLK        ; CLK      ; None                        ; None                      ; 5.600 ns                ;
; N/A                                     ; 99.01 MHz ( period = 10.100 ns )                    ; lpm_counter0:inst|lpm_counter:lpm_counter_component|dffs[0]   ; lpm_counter1:inst14|lpm_counter:lpm_counter_component|dffs[4] ; CLK        ; CLK      ; None                        ; None                      ; 5.600 ns                ;
; N/A                                     ; 99.01 MHz ( period = 10.100 ns )                    ; lpm_counter0:inst|lpm_counter:lpm_counter_component|dffs[1]   ; lpm_counter1:inst14|lpm_counter:lpm_counter_component|dffs[4] ; CLK        ; CLK      ; None                        ; None                      ; 5.600 ns                ;
; N/A                                     ; 99.01 MHz ( period = 10.100 ns )                    ; lpm_counter0:inst|lpm_counter:lpm_counter_component|dffs[3]   ; lpm_counter1:inst14|lpm_counter:lpm_counter_component|dffs[4] ; CLK        ; CLK      ; None                        ; None                      ; 5.600 ns                ;
; N/A                                     ; 99.01 MHz ( period = 10.100 ns )                    ; lpm_counter0:inst|lpm_counter:lpm_counter_component|dffs[2]   ; lpm_counter1:inst14|lpm_counter:lpm_counter_component|dffs[4] ; CLK        ; CLK      ; None                        ; None                      ; 5.600 ns                ;
; N/A                                     ; 99.01 MHz ( period = 10.100 ns )                    ; lpm_counter0:inst|lpm_counter:lpm_counter_component|dffs[5]   ; lpm_counter1:inst14|lpm_counter:lpm_counter_component|dffs[4] ; CLK        ; CLK      ; None                        ; None                      ; 5.600 ns                ;
; N/A                                     ; 99.01 MHz ( period = 10.100 ns )                    ; lpm_counter0:inst|lpm_counter:lpm_counter_component|dffs[4]   ; lpm_counter1:inst14|lpm_counter:lpm_counter_component|dffs[4] ; CLK        ; CLK      ; None                        ; None                      ; 5.600 ns                ;
; N/A                                     ; 99.01 MHz ( period = 10.100 ns )                    ; lpm_counter0:inst|lpm_counter:lpm_counter_component|dffs[0]   ; lpm_counter1:inst14|lpm_counter:lpm_counter_component|dffs[1] ; CLK        ; CLK      ; None                        ; None                      ; 5.600 ns                ;
; N/A                                     ; 99.01 MHz ( period = 10.100 ns )                    ; lpm_counter0:inst|lpm_counter:lpm_counter_component|dffs[1]   ; lpm_counter1:inst14|lpm_counter:lpm_counter_component|dffs[1] ; CLK        ; CLK      ; None                        ; None                      ; 5.600 ns                ;
; N/A                                     ; 99.01 MHz ( period = 10.100 ns )                    ; lpm_counter0:inst|lpm_counter:lpm_counter_component|dffs[3]   ; lpm_counter1:inst14|lpm_counter:lpm_counter_component|dffs[1] ; CLK        ; CLK      ; None                        ; None                      ; 5.600 ns                ;
; N/A                                     ; 99.01 MHz ( period = 10.100 ns )                    ; lpm_counter0:inst|lpm_counter:lpm_counter_component|dffs[2]   ; lpm_counter1:inst14|lpm_counter:lpm_counter_component|dffs[1] ; CLK        ; CLK      ; None                        ; None                      ; 5.600 ns                ;
; N/A                                     ; 99.01 MHz ( period = 10.100 ns )                    ; lpm_counter0:inst|lpm_counter:lpm_counter_component|dffs[5]   ; lpm_counter1:inst14|lpm_counter:lpm_counter_component|dffs[1] ; CLK        ; CLK      ; None                        ; None                      ; 5.600 ns                ;
; N/A                                     ; 99.01 MHz ( period = 10.100 ns )                    ; lpm_counter0:inst|lpm_counter:lpm_counter_component|dffs[4]   ; lpm_counter1:inst14|lpm_counter:lpm_counter_component|dffs[1] ; CLK        ; CLK      ; None                        ; None                      ; 5.600 ns                ;
; N/A                                     ; 99.01 MHz ( period = 10.100 ns )                    ; lpm_counter0:inst|lpm_counter:lpm_counter_component|dffs[0]   ; lpm_counter1:inst14|lpm_counter:lpm_counter_component|dffs[8] ; CLK        ; CLK      ; None                        ; None                      ; 5.600 ns                ;
; N/A                                     ; 99.01 MHz ( period = 10.100 ns )                    ; lpm_counter0:inst|lpm_counter:lpm_counter_component|dffs[1]   ; lpm_counter1:inst14|lpm_counter:lpm_counter_component|dffs[8] ; CLK        ; CLK      ; None                        ; None                      ; 5.600 ns                ;
; N/A                                     ; 99.01 MHz ( period = 10.100 ns )                    ; lpm_counter0:inst|lpm_counter:lpm_counter_component|dffs[3]   ; lpm_counter1:inst14|lpm_counter:lpm_counter_component|dffs[8] ; CLK        ; CLK      ; None                        ; None                      ; 5.600 ns                ;
; N/A                                     ; 99.01 MHz ( period = 10.100 ns )                    ; lpm_counter0:inst|lpm_counter:lpm_counter_component|dffs[2]   ; lpm_counter1:inst14|lpm_counter:lpm_counter_component|dffs[8] ; CLK        ; CLK      ; None                        ; None                      ; 5.600 ns                ;
; N/A                                     ; 99.01 MHz ( period = 10.100 ns )                    ; lpm_counter0:inst|lpm_counter:lpm_counter_component|dffs[5]   ; lpm_counter1:inst14|lpm_counter:lpm_counter_component|dffs[8] ; CLK        ; CLK      ; None                        ; None                      ; 5.600 ns                ;
; N/A                                     ; 99.01 MHz ( period = 10.100 ns )                    ; lpm_counter0:inst|lpm_counter:lpm_counter_component|dffs[4]   ; lpm_counter1:inst14|lpm_counter:lpm_counter_component|dffs[8] ; CLK        ; CLK      ; None                        ; None                      ; 5.600 ns                ;
; N/A                                     ; 99.01 MHz ( period = 10.100 ns )                    ; lpm_counter0:inst|lpm_counter:lpm_counter_component|dffs[0]   ; lpm_counter1:inst14|lpm_counter:lpm_counter_component|dffs[7] ; CLK        ; CLK      ; None                        ; None                      ; 5.600 ns                ;
; N/A                                     ; 99.01 MHz ( period = 10.100 ns )                    ; lpm_counter0:inst|lpm_counter:lpm_counter_component|dffs[1]   ; lpm_counter1:inst14|lpm_counter:lpm_counter_component|dffs[7] ; CLK        ; CLK      ; None                        ; None                      ; 5.600 ns                ;
; N/A                                     ; 99.01 MHz ( period = 10.100 ns )                    ; lpm_counter0:inst|lpm_counter:lpm_counter_component|dffs[3]   ; lpm_counter1:inst14|lpm_counter:lpm_counter_component|dffs[7] ; CLK        ; CLK      ; None                        ; None                      ; 5.600 ns                ;
; N/A                                     ; 99.01 MHz ( period = 10.100 ns )                    ; lpm_counter0:inst|lpm_counter:lpm_counter_component|dffs[2]   ; lpm_counter1:inst14|lpm_counter:lpm_counter_component|dffs[7] ; CLK        ; CLK      ; None                        ; None                      ; 5.600 ns                ;
; N/A                                     ; 99.01 MHz ( period = 10.100 ns )                    ; lpm_counter0:inst|lpm_counter:lpm_counter_component|dffs[5]   ; lpm_counter1:inst14|lpm_counter:lpm_counter_component|dffs[7] ; CLK        ; CLK      ; None                        ; None                      ; 5.600 ns                ;
; N/A                                     ; 99.01 MHz ( period = 10.100 ns )                    ; lpm_counter0:inst|lpm_counter:lpm_counter_component|dffs[4]   ; lpm_counter1:inst14|lpm_counter:lpm_counter_component|dffs[7] ; CLK        ; CLK      ; None                        ; None                      ; 5.600 ns                ;
; N/A                                     ; 99.01 MHz ( period = 10.100 ns )                    ; lpm_counter0:inst|lpm_counter:lpm_counter_component|dffs[0]   ; lpm_counter1:inst14|lpm_counter:lpm_counter_component|dffs[6] ; CLK        ; CLK      ; None                        ; None                      ; 5.600 ns                ;
; N/A                                     ; 99.01 MHz ( period = 10.100 ns )                    ; lpm_counter0:inst|lpm_counter:lpm_counter_component|dffs[1]   ; lpm_counter1:inst14|lpm_counter:lpm_counter_component|dffs[6] ; CLK        ; CLK      ; None                        ; None                      ; 5.600 ns                ;
; N/A                                     ; 99.01 MHz ( period = 10.100 ns )                    ; lpm_counter0:inst|lpm_counter:lpm_counter_component|dffs[3]   ; lpm_counter1:inst14|lpm_counter:lpm_counter_component|dffs[6] ; CLK        ; CLK      ; None                        ; None                      ; 5.600 ns                ;
; N/A                                     ; 99.01 MHz ( period = 10.100 ns )                    ; lpm_counter0:inst|lpm_counter:lpm_counter_component|dffs[2]   ; lpm_counter1:inst14|lpm_counter:lpm_counter_component|dffs[6] ; CLK        ; CLK      ; None                        ; None                      ; 5.600 ns                ;
; N/A                                     ; 99.01 MHz ( period = 10.100 ns )                    ; lpm_counter0:inst|lpm_counter:lpm_counter_component|dffs[5]   ; lpm_counter1:inst14|lpm_counter:lpm_counter_component|dffs[6] ; CLK        ; CLK      ; None                        ; None                      ; 5.600 ns                ;
; N/A                                     ; 99.01 MHz ( period = 10.100 ns )                    ; lpm_counter0:inst|lpm_counter:lpm_counter_component|dffs[4]   ; lpm_counter1:inst14|lpm_counter:lpm_counter_component|dffs[6] ; CLK        ; CLK      ; None                        ; None                      ; 5.600 ns                ;
; N/A                                     ; 99.01 MHz ( period = 10.100 ns )                    ; lpm_counter0:inst|lpm_counter:lpm_counter_component|dffs[0]   ; lpm_counter1:inst14|lpm_counter:lpm_counter_component|dffs[5] ; CLK        ; CLK      ; None                        ; None                      ; 5.600 ns                ;
; N/A                                     ; 99.01 MHz ( period = 10.100 ns )                    ; lpm_counter0:inst|lpm_counter:lpm_counter_component|dffs[1]   ; lpm_counter1:inst14|lpm_counter:lpm_counter_component|dffs[5] ; CLK        ; CLK      ; None                        ; None                      ; 5.600 ns                ;
; N/A                                     ; 99.01 MHz ( period = 10.100 ns )                    ; lpm_counter0:inst|lpm_counter:lpm_counter_component|dffs[3]   ; lpm_counter1:inst14|lpm_counter:lpm_counter_component|dffs[5] ; CLK        ; CLK      ; None                        ; None                      ; 5.600 ns                ;
; N/A                                     ; 99.01 MHz ( period = 10.100 ns )                    ; lpm_counter0:inst|lpm_counter:lpm_counter_component|dffs[2]   ; lpm_counter1:inst14|lpm_counter:lpm_counter_component|dffs[5] ; CLK        ; CLK      ; None                        ; None                      ; 5.600 ns                ;
; N/A                                     ; 99.01 MHz ( period = 10.100 ns )                    ; lpm_counter0:inst|lpm_counter:lpm_counter_component|dffs[5]   ; lpm_counter1:inst14|lpm_counter:lpm_counter_component|dffs[5] ; CLK        ; CLK      ; None                        ; None                      ; 5.600 ns                ;
; N/A                                     ; 99.01 MHz ( period = 10.100 ns )                    ; lpm_counter0:inst|lpm_counter:lpm_counter_component|dffs[4]   ; lpm_counter1:inst14|lpm_counter:lpm_counter_component|dffs[5] ; CLK        ; CLK      ; None                        ; None                      ; 5.600 ns                ;
; N/A                                     ; 99.01 MHz ( period = 10.100 ns )                    ; lpm_counter0:inst|lpm_counter:lpm_counter_component|dffs[0]   ; lpm_counter1:inst14|lpm_counter:lpm_counter_component|dffs[3] ; CLK        ; CLK      ; None                        ; None                      ; 5.600 ns                ;
; N/A                                     ; 99.01 MHz ( period = 10.100 ns )                    ; lpm_counter0:inst|lpm_counter:lpm_counter_component|dffs[1]   ; lpm_counter1:inst14|lpm_counter:lpm_counter_component|dffs[3] ; CLK        ; CLK      ; None                        ; None                      ; 5.600 ns                ;
; N/A                                     ; 99.01 MHz ( period = 10.100 ns )                    ; lpm_counter0:inst|lpm_counter:lpm_counter_component|dffs[3]   ; lpm_counter1:inst14|lpm_counter:lpm_counter_component|dffs[3] ; CLK        ; CLK      ; None                        ; None                      ; 5.600 ns                ;
; N/A                                     ; 99.01 MHz ( period = 10.100 ns )                    ; lpm_counter0:inst|lpm_counter:lpm_counter_component|dffs[2]   ; lpm_counter1:inst14|lpm_counter:lpm_counter_component|dffs[3] ; CLK        ; CLK      ; None                        ; None                      ; 5.600 ns                ;
; N/A                                     ; 99.01 MHz ( period = 10.100 ns )                    ; lpm_counter0:inst|lpm_counter:lpm_counter_component|dffs[5]   ; lpm_counter1:inst14|lpm_counter:lpm_counter_component|dffs[3] ; CLK        ; CLK      ; None                        ; None                      ; 5.600 ns                ;
; N/A                                     ; 99.01 MHz ( period = 10.100 ns )                    ; lpm_counter0:inst|lpm_counter:lpm_counter_component|dffs[4]   ; lpm_counter1:inst14|lpm_counter:lpm_counter_component|dffs[3] ; CLK        ; CLK      ; None                        ; None                      ; 5.600 ns                ;
; N/A                                     ; 99.01 MHz ( period = 10.100 ns )                    ; lpm_counter0:inst|lpm_counter:lpm_counter_component|dffs[0]   ; lpm_counter1:inst14|lpm_counter:lpm_counter_component|dffs[9] ; CLK        ; CLK      ; None                        ; None                      ; 5.600 ns                ;
; N/A                                     ; 99.01 MHz ( period = 10.100 ns )                    ; lpm_counter0:inst|lpm_counter:lpm_counter_component|dffs[1]   ; lpm_counter1:inst14|lpm_counter:lpm_counter_component|dffs[9] ; CLK        ; CLK      ; None                        ; None                      ; 5.600 ns                ;
; N/A                                     ; 99.01 MHz ( period = 10.100 ns )                    ; lpm_counter0:inst|lpm_counter:lpm_counter_component|dffs[3]   ; lpm_counter1:inst14|lpm_counter:lpm_counter_component|dffs[9] ; CLK        ; CLK      ; None                        ; None                      ; 5.600 ns                ;
; N/A                                     ; 99.01 MHz ( period = 10.100 ns )                    ; lpm_counter0:inst|lpm_counter:lpm_counter_component|dffs[2]   ; lpm_counter1:inst14|lpm_counter:lpm_counter_component|dffs[9] ; CLK        ; CLK      ; None                        ; None                      ; 5.600 ns                ;
; N/A                                     ; 99.01 MHz ( period = 10.100 ns )                    ; lpm_counter0:inst|lpm_counter:lpm_counter_component|dffs[5]   ; lpm_counter1:inst14|lpm_counter:lpm_counter_component|dffs[9] ; CLK        ; CLK      ; None                        ; None                      ; 5.600 ns                ;
; N/A                                     ; 99.01 MHz ( period = 10.100 ns )                    ; lpm_counter0:inst|lpm_counter:lpm_counter_component|dffs[4]   ; lpm_counter1:inst14|lpm_counter:lpm_counter_component|dffs[9] ; CLK        ; CLK      ; None                        ; None                      ; 5.600 ns                ;
; N/A                                     ; 99.01 MHz ( period = 10.100 ns )                    ; lpm_counter0:inst|lpm_counter:lpm_counter_component|dffs[0]   ; lpm_counter1:inst14|lpm_counter:lpm_counter_component|dffs[2] ; CLK        ; CLK      ; None                        ; None                      ; 5.600 ns                ;
; N/A                                     ; 99.01 MHz ( period = 10.100 ns )                    ; lpm_counter0:inst|lpm_counter:lpm_counter_component|dffs[1]   ; lpm_counter1:inst14|lpm_counter:lpm_counter_component|dffs[2] ; CLK        ; CLK      ; None                        ; None                      ; 5.600 ns                ;
; N/A                                     ; 99.01 MHz ( period = 10.100 ns )                    ; lpm_counter0:inst|lpm_counter:lpm_counter_component|dffs[3]   ; lpm_counter1:inst14|lpm_counter:lpm_counter_component|dffs[2] ; CLK        ; CLK      ; None                        ; None                      ; 5.600 ns                ;
; N/A                                     ; 99.01 MHz ( period = 10.100 ns )                    ; lpm_counter0:inst|lpm_counter:lpm_counter_component|dffs[2]   ; lpm_counter1:inst14|lpm_counter:lpm_counter_component|dffs[2] ; CLK        ; CLK      ; None                        ; None                      ; 5.600 ns                ;
; N/A                                     ; 99.01 MHz ( period = 10.100 ns )                    ; lpm_counter0:inst|lpm_counter:lpm_counter_component|dffs[5]   ; lpm_counter1:inst14|lpm_counter:lpm_counter_component|dffs[2] ; CLK        ; CLK      ; None                        ; None                      ; 5.600 ns                ;
; N/A                                     ; 99.01 MHz ( period = 10.100 ns )                    ; lpm_counter0:inst|lpm_counter:lpm_counter_component|dffs[4]   ; lpm_counter1:inst14|lpm_counter:lpm_counter_component|dffs[2] ; CLK        ; CLK      ; None                        ; None                      ; 5.600 ns                ;
; N/A                                     ; 99.01 MHz ( period = 10.100 ns )                    ; lpm_counter0:inst|lpm_counter:lpm_counter_component|dffs[0]   ; inst13                                                        ; CLK        ; CLK      ; None                        ; None                      ; 5.600 ns                ;
; N/A                                     ; 99.01 MHz ( period = 10.100 ns )                    ; lpm_counter0:inst|lpm_counter:lpm_counter_component|dffs[1]   ; inst13                                                        ; CLK        ; CLK      ; None                        ; None                      ; 5.600 ns                ;
; N/A                                     ; 99.01 MHz ( period = 10.100 ns )                    ; lpm_counter0:inst|lpm_counter:lpm_counter_component|dffs[3]   ; inst13                                                        ; CLK        ; CLK      ; None                        ; None                      ; 5.600 ns                ;
; N/A                                     ; 99.01 MHz ( period = 10.100 ns )                    ; lpm_counter0:inst|lpm_counter:lpm_counter_component|dffs[2]   ; inst13                                                        ; CLK        ; CLK      ; None                        ; None                      ; 5.600 ns                ;
; N/A                                     ; 99.01 MHz ( period = 10.100 ns )                    ; lpm_counter0:inst|lpm_counter:lpm_counter_component|dffs[5]   ; inst13                                                        ; CLK        ; CLK      ; None                        ; None                      ; 5.600 ns                ;
; N/A                                     ; 99.01 MHz ( period = 10.100 ns )                    ; lpm_counter0:inst|lpm_counter:lpm_counter_component|dffs[4]   ; inst13                                                        ; CLK        ; CLK      ; None                        ; None                      ; 5.600 ns                ;
; N/A                                     ; 99.01 MHz ( period = 10.100 ns )                    ; lpm_counter0:inst|lpm_counter:lpm_counter_component|dffs[0]   ; inst10                                                        ; CLK        ; CLK      ; None                        ; None                      ; 5.600 ns                ;
; N/A                                     ; 99.01 MHz ( period = 10.100 ns )                    ; lpm_counter0:inst|lpm_counter:lpm_counter_component|dffs[1]   ; inst10                                                        ; CLK        ; CLK      ; None                        ; None                      ; 5.600 ns                ;
; N/A                                     ; 99.01 MHz ( period = 10.100 ns )                    ; lpm_counter0:inst|lpm_counter:lpm_counter_component|dffs[3]   ; inst10                                                        ; CLK        ; CLK      ; None                        ; None                      ; 5.600 ns                ;
; N/A                                     ; 99.01 MHz ( period = 10.100 ns )                    ; lpm_counter0:inst|lpm_counter:lpm_counter_component|dffs[2]   ; inst10                                                        ; CLK        ; CLK      ; None                        ; None                      ; 5.600 ns                ;
; N/A                                     ; 99.01 MHz ( period = 10.100 ns )                    ; lpm_counter0:inst|lpm_counter:lpm_counter_component|dffs[5]   ; inst10                                                        ; CLK        ; CLK      ; None                        ; None                      ; 5.600 ns                ;
; N/A                                     ; 99.01 MHz ( period = 10.100 ns )                    ; lpm_counter0:inst|lpm_counter:lpm_counter_component|dffs[4]   ; inst10                                                        ; CLK        ; CLK      ; None                        ; None                      ; 5.600 ns                ;
; N/A                                     ; 99.01 MHz ( period = 10.100 ns )                    ; lpm_counter0:inst|lpm_counter:lpm_counter_component|dffs[0]   ; inst12                                                        ; CLK        ; CLK      ; None                        ; None                      ; 5.600 ns                ;
; N/A                                     ; 99.01 MHz ( period = 10.100 ns )                    ; lpm_counter0:inst|lpm_counter:lpm_counter_component|dffs[1]   ; inst12                                                        ; CLK        ; CLK      ; None                        ; None                      ; 5.600 ns                ;
; N/A                                     ; 99.01 MHz ( period = 10.100 ns )                    ; lpm_counter0:inst|lpm_counter:lpm_counter_component|dffs[3]   ; inst12                                                        ; CLK        ; CLK      ; None                        ; None                      ; 5.600 ns                ;
; N/A                                     ; 99.01 MHz ( period = 10.100 ns )                    ; lpm_counter0:inst|lpm_counter:lpm_counter_component|dffs[2]   ; inst12                                                        ; CLK        ; CLK      ; None                        ; None                      ; 5.600 ns                ;
; N/A                                     ; 99.01 MHz ( period = 10.100 ns )                    ; lpm_counter0:inst|lpm_counter:lpm_counter_component|dffs[5]   ; inst12                                                        ; CLK        ; CLK      ; None                        ; None                      ; 5.600 ns                ;
; N/A                                     ; 99.01 MHz ( period = 10.100 ns )                    ; lpm_counter0:inst|lpm_counter:lpm_counter_component|dffs[4]   ; inst12                                                        ; CLK        ; CLK      ; None                        ; None                      ; 5.600 ns                ;
; N/A                                     ; 99.01 MHz ( period = 10.100 ns )                    ; inst12                                                        ; inst12                                                        ; CLK        ; CLK      ; None                        ; None                      ; 5.600 ns                ;
; N/A                                     ; 100.00 MHz ( period = 10.000 ns )                   ; lpm_counter1:inst14|lpm_counter:lpm_counter_component|dffs[1] ; lpm_counter1:inst14|lpm_counter:lpm_counter_component|dffs[8] ; CLK        ; CLK      ; None                        ; None                      ; 5.500 ns                ;
; N/A                                     ; 100.00 MHz ( period = 10.000 ns )                   ; lpm_counter1:inst14|lpm_counter:lpm_counter_component|dffs[0] ; lpm_counter1:inst14|lpm_counter:lpm_counter_component|dffs[8] ; CLK        ; CLK      ; None                        ; None                      ; 5.500 ns                ;
; N/A                                     ; 100.00 MHz ( period = 10.000 ns )                   ; lpm_counter1:inst14|lpm_counter:lpm_counter_component|dffs[8] ; lpm_counter1:inst14|lpm_counter:lpm_counter_component|dffs[8] ; CLK        ; CLK      ; None                        ; None                      ; 5.500 ns                ;
; N/A                                     ; 100.00 MHz ( period = 10.000 ns )                   ; lpm_counter1:inst14|lpm_counter:lpm_counter_component|dffs[7] ; lpm_counter1:inst14|lpm_counter:lpm_counter_component|dffs[8] ; CLK        ; CLK      ; None                        ; None                      ; 5.500 ns                ;
; N/A                                     ; 100.00 MHz ( period = 10.000 ns )                   ; lpm_counter1:inst14|lpm_counter:lpm_counter_component|dffs[6] ; lpm_counter1:inst14|lpm_counter:lpm_counter_component|dffs[8] ; CLK        ; CLK      ; None                        ; None                      ; 5.500 ns                ;
; N/A                                     ; 100.00 MHz ( period = 10.000 ns )                   ; lpm_counter1:inst14|lpm_counter:lpm_counter_component|dffs[5] ; lpm_counter1:inst14|lpm_counter:lpm_counter_component|dffs[8] ; CLK        ; CLK      ; None                        ; None                      ; 5.500 ns                ;
; N/A                                     ; 100.00 MHz ( period = 10.000 ns )                   ; lpm_counter1:inst14|lpm_counter:lpm_counter_component|dffs[3] ; lpm_counter1:inst14|lpm_counter:lpm_counter_component|dffs[8] ; CLK        ; CLK      ; None                        ; None                      ; 5.500 ns                ;
; N/A                                     ; 100.00 MHz ( period = 10.000 ns )                   ; lpm_counter1:inst14|lpm_counter:lpm_counter_component|dffs[2] ; lpm_counter1:inst14|lpm_counter:lpm_counter_component|dffs[8] ; CLK        ; CLK      ; None                        ; None                      ; 5.500 ns                ;
; N/A                                     ; 100.00 MHz ( period = 10.000 ns )                   ; lpm_counter1:inst14|lpm_counter:lpm_counter_component|dffs[4] ; lpm_counter1:inst14|lpm_counter:lpm_counter_component|dffs[7] ; CLK        ; CLK      ; None                        ; None                      ; 5.500 ns                ;
; N/A                                     ; 100.00 MHz ( period = 10.000 ns )                   ; lpm_counter1:inst14|lpm_counter:lpm_counter_component|dffs[1] ; lpm_counter1:inst14|lpm_counter:lpm_counter_component|dffs[7] ; CLK        ; CLK      ; None                        ; None                      ; 5.500 ns                ;
; N/A                                     ; 100.00 MHz ( period = 10.000 ns )                   ; lpm_counter1:inst14|lpm_counter:lpm_counter_component|dffs[0] ; lpm_counter1:inst14|lpm_counter:lpm_counter_component|dffs[7] ; CLK        ; CLK      ; None                        ; None                      ; 5.500 ns                ;
; N/A                                     ; 100.00 MHz ( period = 10.000 ns )                   ; lpm_counter1:inst14|lpm_counter:lpm_counter_component|dffs[7] ; lpm_counter1:inst14|lpm_counter:lpm_counter_component|dffs[7] ; CLK        ; CLK      ; None                        ; None                      ; 5.500 ns                ;
; N/A                                     ; 100.00 MHz ( period = 10.000 ns )                   ; lpm_counter1:inst14|lpm_counter:lpm_counter_component|dffs[6] ; lpm_counter1:inst14|lpm_counter:lpm_counter_component|dffs[7] ; CLK        ; CLK      ; None                        ; None                      ; 5.500 ns                ;
; N/A                                     ; 100.00 MHz ( period = 10.000 ns )                   ; lpm_counter1:inst14|lpm_counter:lpm_counter_component|dffs[5] ; lpm_counter1:inst14|lpm_counter:lpm_counter_component|dffs[7] ; CLK        ; CLK      ; None                        ; None                      ; 5.500 ns                ;
; N/A                                     ; 100.00 MHz ( period = 10.000 ns )                   ; lpm_counter1:inst14|lpm_counter:lpm_counter_component|dffs[3] ; lpm_counter1:inst14|lpm_counter:lpm_counter_component|dffs[7] ; CLK        ; CLK      ; None                        ; None                      ; 5.500 ns                ;
; N/A                                     ; 100.00 MHz ( period = 10.000 ns )                   ; lpm_counter1:inst14|lpm_counter:lpm_counter_component|dffs[2] ; lpm_counter1:inst14|lpm_counter:lpm_counter_component|dffs[7] ; CLK        ; CLK      ; None                        ; None                      ; 5.500 ns                ;
; N/A                                     ; 100.00 MHz ( period = 10.000 ns )                   ; lpm_counter1:inst14|lpm_counter:lpm_counter_component|dffs[4] ; lpm_counter1:inst14|lpm_counter:lpm_counter_component|dffs[6] ; CLK        ; CLK      ; None                        ; None                      ; 5.500 ns                ;
; N/A                                     ; 100.00 MHz ( period = 10.000 ns )                   ; lpm_counter1:inst14|lpm_counter:lpm_counter_component|dffs[1] ; lpm_counter1:inst14|lpm_counter:lpm_counter_component|dffs[6] ; CLK        ; CLK      ; None                        ; None                      ; 5.500 ns                ;
; N/A                                     ; 100.00 MHz ( period = 10.000 ns )                   ; lpm_counter1:inst14|lpm_counter:lpm_counter_component|dffs[0] ; lpm_counter1:inst14|lpm_counter:lpm_counter_component|dffs[6] ; CLK        ; CLK      ; None                        ; None                      ; 5.500 ns                ;
; N/A                                     ; 100.00 MHz ( period = 10.000 ns )                   ; lpm_counter1:inst14|lpm_counter:lpm_counter_component|dffs[6] ; lpm_counter1:inst14|lpm_counter:lpm_counter_component|dffs[6] ; CLK        ; CLK      ; None                        ; None                      ; 5.500 ns                ;
; N/A                                     ; 100.00 MHz ( period = 10.000 ns )                   ; lpm_counter1:inst14|lpm_counter:lpm_counter_component|dffs[5] ; lpm_counter1:inst14|lpm_counter:lpm_counter_component|dffs[6] ; CLK        ; CLK      ; None                        ; None                      ; 5.500 ns                ;
; N/A                                     ; 100.00 MHz ( period = 10.000 ns )                   ; lpm_counter1:inst14|lpm_counter:lpm_counter_component|dffs[3] ; lpm_counter1:inst14|lpm_counter:lpm_counter_component|dffs[6] ; CLK        ; CLK      ; None                        ; None                      ; 5.500 ns                ;
; N/A                                     ; 100.00 MHz ( period = 10.000 ns )                   ; lpm_counter1:inst14|lpm_counter:lpm_counter_component|dffs[2] ; lpm_counter1:inst14|lpm_counter:lpm_counter_component|dffs[6] ; CLK        ; CLK      ; None                        ; None                      ; 5.500 ns                ;
; N/A                                     ; 100.00 MHz ( period = 10.000 ns )                   ; lpm_counter1:inst14|lpm_counter:lpm_counter_component|dffs[4] ; lpm_counter1:inst14|lpm_counter:lpm_counter_component|dffs[5] ; CLK        ; CLK      ; None                        ; None                      ; 5.500 ns                ;
; N/A                                     ; 100.00 MHz ( period = 10.000 ns )                   ; lpm_counter1:inst14|lpm_counter:lpm_counter_component|dffs[1] ; lpm_counter1:inst14|lpm_counter:lpm_counter_component|dffs[5] ; CLK        ; CLK      ; None                        ; None                      ; 5.500 ns                ;
; N/A                                     ; 100.00 MHz ( period = 10.000 ns )                   ; lpm_counter1:inst14|lpm_counter:lpm_counter_component|dffs[0] ; lpm_counter1:inst14|lpm_counter:lpm_counter_component|dffs[5] ; CLK        ; CLK      ; None                        ; None                      ; 5.500 ns                ;
; N/A                                     ; 100.00 MHz ( period = 10.000 ns )                   ; lpm_counter1:inst14|lpm_counter:lpm_counter_component|dffs[5] ; lpm_counter1:inst14|lpm_counter:lpm_counter_component|dffs[5] ; CLK        ; CLK      ; None                        ; None                      ; 5.500 ns                ;
; N/A                                     ; 100.00 MHz ( period = 10.000 ns )                   ; lpm_counter1:inst14|lpm_counter:lpm_counter_component|dffs[3] ; lpm_counter1:inst14|lpm_counter:lpm_counter_component|dffs[5] ; CLK        ; CLK      ; None                        ; None                      ; 5.500 ns                ;
; N/A                                     ; 100.00 MHz ( period = 10.000 ns )                   ; lpm_counter1:inst14|lpm_counter:lpm_counter_component|dffs[2] ; lpm_counter1:inst14|lpm_counter:lpm_counter_component|dffs[5] ; CLK        ; CLK      ; None                        ; None                      ; 5.500 ns                ;
; N/A                                     ; 100.00 MHz ( period = 10.000 ns )                   ; lpm_counter1:inst14|lpm_counter:lpm_counter_component|dffs[4] ; lpm_counter1:inst14|lpm_counter:lpm_counter_component|dffs[3] ; CLK        ; CLK      ; None                        ; None                      ; 5.500 ns                ;
; N/A                                     ; 100.00 MHz ( period = 10.000 ns )                   ; lpm_counter1:inst14|lpm_counter:lpm_counter_component|dffs[1] ; lpm_counter1:inst14|lpm_counter:lpm_counter_component|dffs[3] ; CLK        ; CLK      ; None                        ; None                      ; 5.500 ns                ;
; N/A                                     ; 100.00 MHz ( period = 10.000 ns )                   ; lpm_counter1:inst14|lpm_counter:lpm_counter_component|dffs[0] ; lpm_counter1:inst14|lpm_counter:lpm_counter_component|dffs[3] ; CLK        ; CLK      ; None                        ; None                      ; 5.500 ns                ;
; N/A                                     ; 100.00 MHz ( period = 10.000 ns )                   ; lpm_counter1:inst14|lpm_counter:lpm_counter_component|dffs[8] ; lpm_counter1:inst14|lpm_counter:lpm_counter_component|dffs[3] ; CLK        ; CLK      ; None                        ; None                      ; 5.500 ns                ;
; N/A                                     ; 100.00 MHz ( period = 10.000 ns )                   ; lpm_counter1:inst14|lpm_counter:lpm_counter_component|dffs[7] ; lpm_counter1:inst14|lpm_counter:lpm_counter_component|dffs[3] ; CLK        ; CLK      ; None                        ; None                      ; 5.500 ns                ;
; N/A                                     ; 100.00 MHz ( period = 10.000 ns )                   ; lpm_counter1:inst14|lpm_counter:lpm_counter_component|dffs[6] ; lpm_counter1:inst14|lpm_counter:lpm_counter_component|dffs[3] ; CLK        ; CLK      ; None                        ; None                      ; 5.500 ns                ;
; N/A                                     ; 100.00 MHz ( period = 10.000 ns )                   ; lpm_counter1:inst14|lpm_counter:lpm_counter_component|dffs[5] ; lpm_counter1:inst14|lpm_counter:lpm_counter_component|dffs[3] ; CLK        ; CLK      ; None                        ; None                      ; 5.500 ns                ;
; N/A                                     ; 100.00 MHz ( period = 10.000 ns )                   ; lpm_counter1:inst14|lpm_counter:lpm_counter_component|dffs[3] ; lpm_counter1:inst14|lpm_counter:lpm_counter_component|dffs[3] ; CLK        ; CLK      ; None                        ; None                      ; 5.500 ns                ;
; N/A                                     ; 100.00 MHz ( period = 10.000 ns )                   ; lpm_counter1:inst14|lpm_counter:lpm_counter_component|dffs[9] ; lpm_counter1:inst14|lpm_counter:lpm_counter_component|dffs[3] ; CLK        ; CLK      ; None                        ; None                      ; 5.500 ns                ;
; N/A                                     ; 100.00 MHz ( period = 10.000 ns )                   ; lpm_counter1:inst14|lpm_counter:lpm_counter_component|dffs[2] ; lpm_counter1:inst14|lpm_counter:lpm_counter_component|dffs[3] ; CLK        ; CLK      ; None                        ; None                      ; 5.500 ns                ;
; N/A                                     ; 100.00 MHz ( period = 10.000 ns )                   ; lpm_counter1:inst14|lpm_counter:lpm_counter_component|dffs[4] ; lpm_counter1:inst14|lpm_counter:lpm_counter_component|dffs[9] ; CLK        ; CLK      ; None                        ; None                      ; 5.500 ns                ;
; N/A                                     ; 100.00 MHz ( period = 10.000 ns )                   ; lpm_counter1:inst14|lpm_counter:lpm_counter_component|dffs[1] ; lpm_counter1:inst14|lpm_counter:lpm_counter_component|dffs[9] ; CLK        ; CLK      ; None                        ; None                      ; 5.500 ns                ;
; N/A                                     ; 100.00 MHz ( period = 10.000 ns )                   ; lpm_counter1:inst14|lpm_counter:lpm_counter_component|dffs[0] ; lpm_counter1:inst14|lpm_counter:lpm_counter_component|dffs[9] ; CLK        ; CLK      ; None                        ; None                      ; 5.500 ns                ;
; N/A                                     ; 100.00 MHz ( period = 10.000 ns )                   ; lpm_counter1:inst14|lpm_counter:lpm_counter_component|dffs[8] ; lpm_counter1:inst14|lpm_counter:lpm_counter_component|dffs[9] ; CLK        ; CLK      ; None                        ; None                      ; 5.500 ns                ;
; N/A                                     ; 100.00 MHz ( period = 10.000 ns )                   ; lpm_counter1:inst14|lpm_counter:lpm_counter_component|dffs[7] ; lpm_counter1:inst14|lpm_counter:lpm_counter_component|dffs[9] ; CLK        ; CLK      ; None                        ; None                      ; 5.500 ns                ;
; N/A                                     ; 100.00 MHz ( period = 10.000 ns )                   ; lpm_counter1:inst14|lpm_counter:lpm_counter_component|dffs[6] ; lpm_counter1:inst14|lpm_counter:lpm_counter_component|dffs[9] ; CLK        ; CLK      ; None                        ; None                      ; 5.500 ns                ;
; N/A                                     ; 100.00 MHz ( period = 10.000 ns )                   ; lpm_counter1:inst14|lpm_counter:lpm_counter_component|dffs[5] ; lpm_counter1:inst14|lpm_counter:lpm_counter_component|dffs[9] ; CLK        ; CLK      ; None                        ; None                      ; 5.500 ns                ;
; N/A                                     ; 100.00 MHz ( period = 10.000 ns )                   ; lpm_counter1:inst14|lpm_counter:lpm_counter_component|dffs[3] ; lpm_counter1:inst14|lpm_counter:lpm_counter_component|dffs[9] ; CLK        ; CLK      ; None                        ; None                      ; 5.500 ns                ;
; N/A                                     ; 100.00 MHz ( period = 10.000 ns )                   ; lpm_counter1:inst14|lpm_counter:lpm_counter_component|dffs[9] ; lpm_counter1:inst14|lpm_counter:lpm_counter_component|dffs[9] ; CLK        ; CLK      ; None                        ; None                      ; 5.500 ns                ;
; N/A                                     ; 100.00 MHz ( period = 10.000 ns )                   ; lpm_counter1:inst14|lpm_counter:lpm_counter_component|dffs[2] ; lpm_counter1:inst14|lpm_counter:lpm_counter_component|dffs[9] ; CLK        ; CLK      ; None                        ; None                      ; 5.500 ns                ;
; N/A                                     ; 100.00 MHz ( period = 10.000 ns )                   ; lpm_counter1:inst14|lpm_counter:lpm_counter_component|dffs[4] ; lpm_counter1:inst14|lpm_counter:lpm_counter_component|dffs[2] ; CLK        ; CLK      ; None                        ; None                      ; 5.500 ns                ;
; N/A                                     ; 100.00 MHz ( period = 10.000 ns )                   ; lpm_counter1:inst14|lpm_counter:lpm_counter_component|dffs[1] ; lpm_counter1:inst14|lpm_counter:lpm_counter_component|dffs[2] ; CLK        ; CLK      ; None                        ; None                      ; 5.500 ns                ;
; N/A                                     ; 100.00 MHz ( period = 10.000 ns )                   ; lpm_counter1:inst14|lpm_counter:lpm_counter_component|dffs[0] ; lpm_counter1:inst14|lpm_counter:lpm_counter_component|dffs[2] ; CLK        ; CLK      ; None                        ; None                      ; 5.500 ns                ;
; N/A                                     ; 100.00 MHz ( period = 10.000 ns )                   ; lpm_counter1:inst14|lpm_counter:lpm_counter_component|dffs[8] ; lpm_counter1:inst14|lpm_counter:lpm_counter_component|dffs[2] ; CLK        ; CLK      ; None                        ; None                      ; 5.500 ns                ;
; N/A                                     ; 100.00 MHz ( period = 10.000 ns )                   ; lpm_counter1:inst14|lpm_counter:lpm_counter_component|dffs[7] ; lpm_counter1:inst14|lpm_counter:lpm_counter_component|dffs[2] ; CLK        ; CLK      ; None                        ; None                      ; 5.500 ns                ;
; N/A                                     ; 100.00 MHz ( period = 10.000 ns )                   ; lpm_counter1:inst14|lpm_counter:lpm_counter_component|dffs[6] ; lpm_counter1:inst14|lpm_counter:lpm_counter_component|dffs[2] ; CLK        ; CLK      ; None                        ; None                      ; 5.500 ns                ;
; N/A                                     ; 100.00 MHz ( period = 10.000 ns )                   ; lpm_counter1:inst14|lpm_counter:lpm_counter_component|dffs[5] ; lpm_counter1:inst14|lpm_counter:lpm_counter_component|dffs[2] ; CLK        ; CLK      ; None                        ; None                      ; 5.500 ns                ;
; N/A                                     ; 100.00 MHz ( period = 10.000 ns )                   ; lpm_counter1:inst14|lpm_counter:lpm_counter_component|dffs[3] ; lpm_counter1:inst14|lpm_counter:lpm_counter_component|dffs[2] ; CLK        ; CLK      ; None                        ; None                      ; 5.500 ns                ;
; N/A                                     ; 100.00 MHz ( period = 10.000 ns )                   ; lpm_counter1:inst14|lpm_counter:lpm_counter_component|dffs[9] ; lpm_counter1:inst14|lpm_counter:lpm_counter_component|dffs[2] ; CLK        ; CLK      ; None                        ; None                      ; 5.500 ns                ;
; N/A                                     ; 100.00 MHz ( period = 10.000 ns )                   ; lpm_counter1:inst14|lpm_counter:lpm_counter_component|dffs[2] ; lpm_counter1:inst14|lpm_counter:lpm_counter_component|dffs[2] ; CLK        ; CLK      ; None                        ; None                      ; 5.500 ns                ;
; N/A                                     ; 100.00 MHz ( period = 10.000 ns )                   ; inst10                                                        ; inst10                                                        ; CLK        ; CLK      ; None                        ; None                      ; 5.500 ns                ;
; N/A                                     ; 100.00 MHz ( period = 10.000 ns )                   ; lpm_counter1:inst14|lpm_counter:lpm_counter_component|dffs[4] ; inst20                                                        ; CLK        ; CLK      ; None                        ; None                      ; 5.500 ns                ;
; N/A                                     ; 100.00 MHz ( period = 10.000 ns )                   ; lpm_counter1:inst14|lpm_counter:lpm_counter_component|dffs[1] ; inst20                                                        ; CLK        ; CLK      ; None                        ; None                      ; 5.500 ns                ;
; N/A                                     ; 100.00 MHz ( period = 10.000 ns )                   ; lpm_counter1:inst14|lpm_counter:lpm_counter_component|dffs[0] ; inst20                                                        ; CLK        ; CLK      ; None                        ; None                      ; 5.500 ns                ;
; N/A                                     ; 100.00 MHz ( period = 10.000 ns )                   ; lpm_counter1:inst14|lpm_counter:lpm_counter_component|dffs[8] ; inst20                                                        ; CLK        ; CLK      ; None                        ; None                      ; 5.500 ns                ;
; N/A                                     ; 100.00 MHz ( period = 10.000 ns )                   ; lpm_counter1:inst14|lpm_counter:lpm_counter_component|dffs[7] ; inst20                                                        ; CLK        ; CLK      ; None                        ; None                      ; 5.500 ns                ;
; N/A                                     ; 100.00 MHz ( period = 10.000 ns )                   ; lpm_counter1:inst14|lpm_counter:lpm_counter_component|dffs[6] ; inst20                                                        ; CLK        ; CLK      ; None                        ; None                      ; 5.500 ns                ;
; N/A                                     ; 100.00 MHz ( period = 10.000 ns )                   ; lpm_counter1:inst14|lpm_counter:lpm_counter_component|dffs[5] ; inst20                                                        ; CLK        ; CLK      ; None                        ; None                      ; 5.500 ns                ;
; N/A                                     ; 100.00 MHz ( period = 10.000 ns )                   ; lpm_counter1:inst14|lpm_counter:lpm_counter_component|dffs[3] ; inst20                                                        ; CLK        ; CLK      ; None                        ; None                      ; 5.500 ns                ;
; N/A                                     ; 100.00 MHz ( period = 10.000 ns )                   ; lpm_counter1:inst14|lpm_counter:lpm_counter_component|dffs[9] ; inst20                                                        ; CLK        ; CLK      ; None                        ; None                      ; 5.500 ns                ;
; N/A                                     ; 100.00 MHz ( period = 10.000 ns )                   ; lpm_counter1:inst14|lpm_counter:lpm_counter_component|dffs[2] ; inst20                                                        ; CLK        ; CLK      ; None                        ; None                      ; 5.500 ns                ;
; N/A                                     ; 100.00 MHz ( period = 10.000 ns )                   ; lpm_counter1:inst14|lpm_counter:lpm_counter_component|dffs[4] ; inst19                                                        ; CLK        ; CLK      ; None                        ; None                      ; 5.500 ns                ;
; N/A                                     ; 100.00 MHz ( period = 10.000 ns )                   ; lpm_counter1:inst14|lpm_counter:lpm_counter_component|dffs[1] ; inst19                                                        ; CLK        ; CLK      ; None                        ; None                      ; 5.500 ns                ;
; N/A                                     ; 100.00 MHz ( period = 10.000 ns )                   ; lpm_counter1:inst14|lpm_counter:lpm_counter_component|dffs[0] ; inst19                                                        ; CLK        ; CLK      ; None                        ; None                      ; 5.500 ns                ;
; N/A                                     ; 100.00 MHz ( period = 10.000 ns )                   ; lpm_counter1:inst14|lpm_counter:lpm_counter_component|dffs[8] ; inst19                                                        ; CLK        ; CLK      ; None                        ; None                      ; 5.500 ns                ;
; N/A                                     ; 100.00 MHz ( period = 10.000 ns )                   ; lpm_counter1:inst14|lpm_counter:lpm_counter_component|dffs[7] ; inst19                                                        ; CLK        ; CLK      ; None                        ; None                      ; 5.500 ns                ;
; N/A                                     ; 100.00 MHz ( period = 10.000 ns )                   ; lpm_counter1:inst14|lpm_counter:lpm_counter_component|dffs[6] ; inst19                                                        ; CLK        ; CLK      ; None                        ; None                      ; 5.500 ns                ;
; N/A                                     ; 100.00 MHz ( period = 10.000 ns )                   ; lpm_counter1:inst14|lpm_counter:lpm_counter_component|dffs[5] ; inst19                                                        ; CLK        ; CLK      ; None                        ; None                      ; 5.500 ns                ;
; N/A                                     ; 100.00 MHz ( period = 10.000 ns )                   ; lpm_counter1:inst14|lpm_counter:lpm_counter_component|dffs[3] ; inst19                                                        ; CLK        ; CLK      ; None                        ; None                      ; 5.500 ns                ;
; N/A                                     ; 100.00 MHz ( period = 10.000 ns )                   ; lpm_counter1:inst14|lpm_counter:lpm_counter_component|dffs[9] ; inst19                                                        ; CLK        ; CLK      ; None                        ; None                      ; 5.500 ns                ;
; N/A                                     ; 100.00 MHz ( period = 10.000 ns )                   ; lpm_counter1:inst14|lpm_counter:lpm_counter_component|dffs[2] ; inst19                                                        ; CLK        ; CLK      ; None                        ; None                      ; 5.500 ns                ;
; Timing analysis restricted to 200 rows. ; To change the limit use Settings (Assignments menu) ;                                                               ;                                                               ;            ;          ;                             ;                           ;                         ;
+-----------------------------------------+-----------------------------------------------------+---------------------------------------------------------------+---------------------------------------------------------------+------------+----------+-----------------------------+---------------------------+-------------------------+


+-------------------------------------------------------------------------------------------------------------+
; tsu                                                                                                         ;
+-------+--------------+------------+------------+-------------------------------------------------+----------+
; Slack ; Required tsu ; Actual tsu ; From       ; To                                              ; To Clock ;
+-------+--------------+------------+------------+-------------------------------------------------+----------+
; N/A   ; None         ; 6.200 ns   ; RAMDATA[0] ; lpm_dff0:inst22|lpm_ff:lpm_ff_component|dffs[0] ; CLK      ;
; N/A   ; None         ; 6.200 ns   ; RAMDATA[1] ; lpm_dff0:inst22|lpm_ff:lpm_ff_component|dffs[1] ; CLK      ;
; N/A   ; None         ; 6.200 ns   ; RAMDATA[2] ; lpm_dff0:inst22|lpm_ff:lpm_ff_component|dffs[2] ; CLK      ;
; N/A   ; None         ; 6.200 ns   ; RAMDATA[3] ; lpm_dff0:inst22|lpm_ff:lpm_ff_component|dffs[3] ; CLK      ;
; N/A   ; None         ; 6.200 ns   ; RAMDATA[4] ; lpm_dff0:inst22|lpm_ff:lpm_ff_component|dffs[4] ; CLK      ;
; N/A   ; None         ; 6.200 ns   ; RAMDATA[5] ; lpm_dff0:inst22|lpm_ff:lpm_ff_component|dffs[5] ; CLK      ;
; N/A   ; None         ; 6.200 ns   ; RAMDATA[6] ; lpm_dff0:inst22|lpm_ff:lpm_ff_component|dffs[6] ; CLK      ;
; N/A   ; None         ; 6.200 ns   ; RAMDATA[7] ; lpm_dff0:inst22|lpm_ff:lpm_ff_component|dffs[7] ; CLK      ;
+-------+--------------+------------+------------+-------------------------------------------------+----------+


+---------------------------------------------------------------------------------------------------------------+
; tco                                                                                                           ;
+-------+--------------+------------+-------------------------------------------------+------------+------------+
; Slack ; Required tco ; Actual tco ; From                                            ; To         ; From Clock ;
+-------+--------------+------------+-------------------------------------------------+------------+------------+
; N/A   ; None         ; 20.600 ns  ; inst20                                          ; VENH       ; CLK        ;
; N/A   ; None         ; 20.600 ns  ; inst20                                          ; VINTR      ; CLK        ;
; N/A   ; None         ; 20.500 ns  ; inst13                                          ; VENH       ; CLK        ;
; N/A   ; None         ; 20.400 ns  ; inst12                                          ; VINTR      ; CLK        ;
; N/A   ; None         ; 13.500 ns  ; inst20                                          ; VENV       ; CLK        ;
; N/A   ; None         ; 13.500 ns  ; inst19                                          ; VSYNC      ; CLK        ;
; N/A   ; None         ; 13.500 ns  ; inst10                                          ; HSYNC      ; CLK        ;
; N/A   ; None         ; 7.000 ns   ; lpm_dff0:inst22|lpm_ff:lpm_ff_component|dffs[0] ; DACDATA[0] ; CLK        ;
; N/A   ; None         ; 7.000 ns   ; lpm_dff0:inst22|lpm_ff:lpm_ff_component|dffs[1] ; DACDATA[1] ; CLK        ;
; N/A   ; None         ; 7.000 ns   ; lpm_dff0:inst22|lpm_ff:lpm_ff_component|dffs[2] ; DACDATA[2] ; CLK        ;
; N/A   ; None         ; 7.000 ns   ; lpm_dff0:inst22|lpm_ff:lpm_ff_component|dffs[3] ; DACDATA[3] ; CLK        ;
; N/A   ; None         ; 7.000 ns   ; lpm_dff0:inst22|lpm_ff:lpm_ff_component|dffs[4] ; DACDATA[4] ; CLK        ;
; N/A   ; None         ; 7.000 ns   ; lpm_dff0:inst22|lpm_ff:lpm_ff_component|dffs[5] ; DACDATA[5] ; CLK        ;
; N/A   ; None         ; 7.000 ns   ; lpm_dff0:inst22|lpm_ff:lpm_ff_component|dffs[6] ; DACDATA[6] ; CLK        ;
; N/A   ; None         ; 7.000 ns   ; lpm_dff0:inst22|lpm_ff:lpm_ff_component|dffs[7] ; DACDATA[7] ; CLK        ;
+-------+--------------+------------+-------------------------------------------------+------------+------------+


+-------------------------------------------------------------------------------------------------------------------+
; th                                                                                                                ;
+---------------+-------------+-----------+------------+-------------------------------------------------+----------+
; Minimum Slack ; Required th ; Actual th ; From       ; To                                              ; To Clock ;
+---------------+-------------+-----------+------------+-------------------------------------------------+----------+
; N/A           ; None        ; -2.000 ns ; RAMDATA[0] ; lpm_dff0:inst22|lpm_ff:lpm_ff_component|dffs[0] ; CLK      ;
; N/A           ; None        ; -2.000 ns ; RAMDATA[1] ; lpm_dff0:inst22|lpm_ff:lpm_ff_component|dffs[1] ; CLK      ;
; N/A           ; None        ; -2.000 ns ; RAMDATA[2] ; lpm_dff0:inst22|lpm_ff:lpm_ff_component|dffs[2] ; CLK      ;
; N/A           ; None        ; -2.000 ns ; RAMDATA[3] ; lpm_dff0:inst22|lpm_ff:lpm_ff_component|dffs[3] ; CLK      ;
; N/A           ; None        ; -2.000 ns ; RAMDATA[4] ; lpm_dff0:inst22|lpm_ff:lpm_ff_component|dffs[4] ; CLK      ;
; N/A           ; None        ; -2.000 ns ; RAMDATA[5] ; lpm_dff0:inst22|lpm_ff:lpm_ff_component|dffs[5] ; CLK      ;
; N/A           ; None        ; -2.000 ns ; RAMDATA[6] ; lpm_dff0:inst22|lpm_ff:lpm_ff_component|dffs[6] ; CLK      ;
; N/A           ; None        ; -2.000 ns ; RAMDATA[7] ; lpm_dff0:inst22|lpm_ff:lpm_ff_component|dffs[7] ; CLK      ;
+---------------+-------------+-----------+------------+-------------------------------------------------+----------+


+--------------------------+
; Timing Analyzer Messages ;
+--------------------------+
Info: *******************************************************************
Info: Running Quartus II Classic Timing Analyzer
    Info: Version 6.1 Build 201 11/27/2006 SJ Web Edition
    Info: Processing started: Thu May 10 12:45:39 2007
Info: Command: quartus_tan --read_settings_files=off --write_settings_files=off VGA1 -c VGA1
Info: Started post-fitting delay annotation
Info: Delay annotation completed successfully
Warning: Timing Analysis does not support the analysis of latches as synchronous elements for the currently selected device family
Warning: Found pins functioning as undefined clocks and/or memory enables
    Info: Assuming node "CLK" is an undefined clock
Warning: Found 4 node(s) in clock paths which may be acting as ripple and/or gated clocks -- node(s) analyzed as buffer(s) resulting in clock skew
    Info: Detected ripple clock "lpm_counter2:inst24|lpm_counter:lpm_counter_component|dffs[3]" as buffer
    Info: Detected ripple clock "lpm_counter2:inst24|lpm_counter:lpm_counter_component|dffs[2]" as buffer
    Info: Detected ripple clock "lpm_counter2:inst24|lpm_counter:lpm_counter_component|dffs[1]" as buffer
    Info: Detected ripple clock "lpm_counter2:inst24|lpm_counter:lpm_counter_component|dffs[0]" as buffer
Info: Clock "CLK" has Internal fmax of 90.91 MHz between source register "lpm_counter0:inst|lpm_counter:lpm_counter_component|dffs[0]" and destination register "lpm_counter1:inst14|lpm_counter:lpm_counter_component|dffs[0]" (period= 11.0 ns)
    Info: + Longest register to register delay is 6.500 ns
        Info: 1: + IC(0.000 ns) + CELL(0.000 ns) = 0.000 ns; Loc. = LC43; Fanout = 29; REG Node = 'lpm_counter0:inst|lpm_counter:lpm_counter_component|dffs[0]'
        Info: 2: + IC(2.400 ns) + CELL(1.200 ns) = 3.600 ns; Loc. = LC56; Fanout = 1; COMB Node = 'lpm_counter1:inst14|lpm_counter:lpm_counter_component|dffs[0]~123'
        Info: 3: + IC(0.000 ns) + CELL(2.900 ns) = 6.500 ns; Loc. = LC57; Fanout = 23; REG Node = 'lpm_counter1:inst14|lpm_counter:lpm_counter_component|dffs[0]'
        Info: Total cell delay = 4.100 ns ( 63.08 % )
        Info: Total interconnect delay = 2.400 ns ( 36.92 % )
    Info: - Smallest clock skew is 0.000 ns
        Info: + Shortest clock path from clock "CLK" to destination register is 10.100 ns
            Info: 1: + IC(0.000 ns) + CELL(2.300 ns) = 2.300 ns; Loc. = PIN_43; Fanout = 12; CLK Node = 'CLK'
            Info: 2: + IC(0.000 ns) + CELL(2.900 ns) = 5.200 ns; Loc. = LC1; Fanout = 25; REG Node = 'lpm_counter2:inst24|lpm_counter:lpm_counter_component|dffs[0]'
            Info: 3: + IC(2.400 ns) + CELL(2.500 ns) = 10.100 ns; Loc. = LC57; Fanout = 23; REG Node = 'lpm_counter1:inst14|lpm_counter:lpm_counter_component|dffs[0]'
            Info: Total cell delay = 7.700 ns ( 76.24 % )
            Info: Total interconnect delay = 2.400 ns ( 23.76 % )
        Info: - Longest clock path from clock "CLK" to source register is 10.100 ns
            Info: 1: + IC(0.000 ns) + CELL(2.300 ns) = 2.300 ns; Loc. = PIN_43; Fanout = 12; CLK Node = 'CLK'
            Info: 2: + IC(0.000 ns) + CELL(2.900 ns) = 5.200 ns; Loc. = LC1; Fanout = 25; REG Node = 'lpm_counter2:inst24|lpm_counter:lpm_counter_component|dffs[0]'
            Info: 3: + IC(2.400 ns) + CELL(2.500 ns) = 10.100 ns; Loc. = LC43; Fanout = 29; REG Node = 'lpm_counter0:inst|lpm_counter:lpm_counter_component|dffs[0]'
            Info: Total cell delay = 7.700 ns ( 76.24 % )
            Info: Total interconnect delay = 2.400 ns ( 23.76 % )
    Info: + Micro clock to output delay of source is 1.600 ns
    Info: + Micro setup delay of destination is 2.900 ns
Info: tsu for register "lpm_dff0:inst22|lpm_ff:lpm_ff_component|dffs[0]" (data pin = "RAMDATA[0]", clock pin = "CLK") is 6.200 ns
    Info: + Longest pin to register delay is 6.900 ns
        Info: 1: + IC(0.000 ns) + CELL(1.400 ns) = 1.400 ns; Loc. = PIN_5; Fanout = 1; PIN Node = 'RAMDATA[0]'
        Info: 2: + IC(2.300 ns) + CELL(3.200 ns) = 6.900 ns; Loc. = LC19; Fanout = 1; REG Node = 'lpm_dff0:inst22|lpm_ff:lpm_ff_component|dffs[0]'
        Info: Total cell delay = 4.600 ns ( 66.67 % )
        Info: Total interconnect delay = 2.300 ns ( 33.33 % )
    Info: + Micro setup delay of destination is 2.900 ns
    Info: - Shortest clock path from clock "CLK" to destination register is 3.600 ns
        Info: 1: + IC(0.000 ns) + CELL(2.300 ns) = 2.300 ns; Loc. = PIN_43; Fanout = 12; CLK Node = 'CLK'
        Info: 2: + IC(0.000 ns) + CELL(1.300 ns) = 3.600 ns; Loc. = LC19; Fanout = 1; REG Node = 'lpm_dff0:inst22|lpm_ff:lpm_ff_component|dffs[0]'
        Info: Total cell delay = 3.600 ns ( 100.00 % )
Info: tco from clock "CLK" to destination pin "VENH" through register "inst20" is 20.600 ns
    Info: + Longest clock path from clock "CLK" to source register is 10.100 ns
        Info: 1: + IC(0.000 ns) + CELL(2.300 ns) = 2.300 ns; Loc. = PIN_43; Fanout = 12; CLK Node = 'CLK'
        Info: 2: + IC(0.000 ns) + CELL(2.900 ns) = 5.200 ns; Loc. = LC1; Fanout = 25; REG Node = 'lpm_counter2:inst24|lpm_counter:lpm_counter_component|dffs[0]'
        Info: 3: + IC(2.400 ns) + CELL(2.500 ns) = 10.100 ns; Loc. = LC64; Fanout = 8; REG Node = 'inst20'
        Info: Total cell delay = 7.700 ns ( 76.24 % )
        Info: Total interconnect delay = 2.400 ns ( 23.76 % )
    Info: + Micro clock to output delay of source is 1.600 ns
    Info: + Longest register to pin delay is 8.900 ns
        Info: 1: + IC(0.000 ns) + CELL(0.000 ns) = 0.000 ns; Loc. = LC64; Fanout = 8; REG Node = 'inst20'
        Info: 2: + IC(2.600 ns) + CELL(4.500 ns) = 7.100 ns; Loc. = LC62; Fanout = 1; COMB Node = 'inst5~24'
        Info: 3: + IC(0.000 ns) + CELL(1.800 ns) = 8.900 ns; Loc. = PIN_40; Fanout = 0; PIN Node = 'VENH'
        Info: Total cell delay = 6.300 ns ( 70.79 % )
        Info: Total interconnect delay = 2.600 ns ( 29.21 % )
Info: th for register "lpm_dff0:inst22|lpm_ff:lpm_ff_component|dffs[0]" (data pin = "RAMDATA[0]", clock pin = "CLK") is -2.000 ns
    Info: + Longest clock path from clock "CLK" to destination register is 3.600 ns
        Info: 1: + IC(0.000 ns) + CELL(2.300 ns) = 2.300 ns; Loc. = PIN_43; Fanout = 12; CLK Node = 'CLK'
        Info: 2: + IC(0.000 ns) + CELL(1.300 ns) = 3.600 ns; Loc. = LC19; Fanout = 1; REG Node = 'lpm_dff0:inst22|lpm_ff:lpm_ff_component|dffs[0]'
        Info: Total cell delay = 3.600 ns ( 100.00 % )
    Info: + Micro hold delay of destination is 1.300 ns
    Info: - Shortest pin to register delay is 6.900 ns
        Info: 1: + IC(0.000 ns) + CELL(1.400 ns) = 1.400 ns; Loc. = PIN_5; Fanout = 1; PIN Node = 'RAMDATA[0]'
        Info: 2: + IC(2.300 ns) + CELL(3.200 ns) = 6.900 ns; Loc. = LC19; Fanout = 1; REG Node = 'lpm_dff0:inst22|lpm_ff:lpm_ff_component|dffs[0]'
        Info: Total cell delay = 4.600 ns ( 66.67 % )
        Info: Total interconnect delay = 2.300 ns ( 33.33 % )
Info: Quartus II Classic Timing Analyzer was successful. 0 errors, 3 warnings
    Info: Allocated 96 megabytes of memory during processing
    Info: Processing ended: Thu May 10 12:45:40 2007
    Info: Elapsed time: 00:00:01


