                        .area text(rom, con, rel)
 0000                   .dbfile board.i
 0000                   .dbfile "C:\Documents and Settings\JimC\Desktop\RTOS\board.c"
 0000                   .dbfunc e OSIdlingHook _OSIdlingHook#Fvv fV
                        .even
 0000           _OSIdlingHook#Fvv::
 0000                   .dbline -1
 0000                   .dbline 18
 0000                   .dbline 19
 0000 8895              sleep
 0002                   .dbline -2
 0002           L7:
 0002                   .dbline 0 ; func end
 0002 0895              ret
 0004                   .dbend
 0004                   .dbfunc e port_init _port_init#Fvv fV
                        .even
 0004           _port_init#Fvv::
 0004                   .dbline -1
 0004                   .dbline 26
 0004                   .dbline 28
 0004 2224              clr R2
 0006 28BA              out 0x18,R2
 0008                   .dbline 29
 0008 8FEF              ldi R24,255
 000A 87BB              out 0x17,R24
 000C                   .dbline 30
 000C 25BA              out 0x15,R2
 000E                   .dbline 31
 000E 24BA              out 0x14,R2
 0010                   .dbline 32
 0010 22BA              out 0x12,R2
 0012                   .dbline 33
 0012 21BA              out 0x11,R2
 0014                   .dbline -2
 0014           L8:
 0014                   .dbline 0 ; func end
 0014 0895              ret
 0016                   .dbend
 0016                   .dbfunc e timer2_init _timer2_init#Fvv fV
                        .even
 0016           _timer2_init#Fvv::
 0016                   .dbline -1
 0016                   .dbline 41
 0016                   .dbline 42
 0016 2224              clr R2
 0018 25BC              out 0x25,R2
 001A                   .dbline 43
 001A 22BC              out 0x22,R2
 001C                   .dbline 44
 001C 81E7              ldi R24,113
 001E 84BD              out 0x24,R24
 0020                   .dbline 45
 0020 8FE8              ldi R24,143
 0022 83BD              out 0x23,R24
 0024                   .dbline 46
 0024 87E0              ldi R24,7
 0026 85BD              out 0x25,R24
 0028                   .dbline -2
 0028           L9:
 0028                   .dbline 0 ; func end
 0028 0895              ret
 002A                   .dbend
                        .area vector(rom, abs)
                        .org 16
 0010 0C940000          jmp _timer2_ovf_isr
                        .area text(rom, con, rel)
 002A                   .dbfile "C:\Documents and Settings\JimC\Desktop\RTOS\board.c"
 002A                   .dbfunc e timer2_ovf_isr _timer2_ovf_isr#Fvv fV
                        .even
 002A           _timer2_ovf_isr#Fvv::
 002A 0A92              st -y,R0
 002C 1A92              st -y,R1
 002E 2A92              st -y,R2
 0030 3A92              st -y,R3
 0032 4A92              st -y,R4
 0034 5A92              st -y,R5
 0036 6A92              st -y,R6
 0038 7A92              st -y,R7
 003A 8A92              st -y,R8
 003C 9A92              st -y,R9
 003E 0A93              st -y,R16
 0040 1A93              st -y,R17
 0042 2A93              st -y,R18
 0044 3A93              st -y,R19
 0046 8A93              st -y,R24
 0048 9A93              st -y,R25
 004A AA93              st -y,R26
 004C BA93              st -y,R27
 004E EA93              st -y,R30
 0050 FA93              st -y,R31
 0052 0FB6              IN R0,63
 0054 0A92              st -y,R0
 0056                   .dbline -1
 0056                   .dbline 51
 0056                   .dbline 52
 0056 81E7              ldi R24,113
 0058 84BD              out 0x24,R24
 005A                   .dbline 61
 005A 0E940000          xcall _OSTimer#Fhv
 005E                   .dbline -2
 005E           L10:
 005E                   .dbline 0 ; func end
 005E 0990              ld R0,y+
 0060 0FBE              OUT 63,R0
 0062 F991              ld R31,y+
 0064 E991              ld R30,y+
 0066 B991              ld R27,y+
 0068 A991              ld R26,y+
 006A 9991              ld R25,y+
 006C 8991              ld R24,y+
 006E 3991              ld R19,y+
 0070 2991              ld R18,y+
 0072 1991              ld R17,y+
 0074 0991              ld R16,y+
 0076 9990              ld R9,y+
 0078 8990              ld R8,y+
 007A 7990              ld R7,y+
 007C 6990              ld R6,y+
 007E 5990              ld R5,y+
 0080 4990              ld R4,y+
 0082 3990              ld R3,y+
 0084 2990              ld R2,y+
 0086 1990              ld R1,y+
 0088 0990              ld R0,y+
 008A 1895              reti
 008C                   .dbend
 008C                   .dbfunc e panel_init _panel_init#Fvv fV
                        .even
 008C           _panel_init#Fvv::
 008C                   .dbline -1
 008C                   .dbline 69
 008C                   .dbline 71
 008C F894              cli
 008E                   .dbline 72
 008E BADF              xcall _port_init#Fvv
 0090                   .dbline 73
 0090 C2DF              xcall _timer2_init#Fvv
 0092                   .dbline 75
 0092 80E4              ldi R24,64
 0094 85BF              out 0x35,R24
 0096                   .dbline 76
 0096 2224              clr R2
 0098 2BBE              out 0x3b,R2
 009A                   .dbline 77
 009A 89BF              out 0x39,R24
 009C                   .dbline -2
 009C           L11:
 009C                   .dbline 0 ; func end
 009C 0895              ret
 009E                   .dbend
