                        .area text(rom, con, rel)
 0000                   .dbfile salvomem.i
                        .area bss(ram, con, rel)
 0000                   .dbfile salvomem.i
 0000           _OSframeP#j::
 0000                   .blkb 2
 0002                   .dbfile "C:\Documents and Settings\JimC\Desktop\RTOS\salvomem.c"
 0002                   .dbsym e OSframeP _OSframeP#j i
 0002           _OSlostTicks#h::
 0002                   .blkb 1
 0003                   .dbsym e OSlostTicks _OSlostTicks#h c
 0003           _OSdelayQP#Pus3_tcb::
 0003                   .blkb 2
 0005                   .dbstruct 0 2 .1
 0005                   .dbfield 0 prio F[0:4]
 0005                   .dbfield 0 state F[4:3]
 0005                   .dbfield 0 yielded F[7:1]
 0005                   .dbfield 0 frameSize F[8:8]
 0005                   .dbend
 0005                   .dbunion 0 2 .2
 0005                   .dbfield 0 bits S[.1]
 0005                   .dbfield 0 value i
 0005                   .dbend
 0005                   .dbunion 0 2 .3
 0005                   .dbfield 0 rawTFP i
 0005                   .dbfield 0 tFP pfV
 0005                   .dbend
 0005                   .dbunion 0 2 .4
 0005                   .dbfield 0 nextTcbP pS[tcb]
 0005                   .dbfield 0 runStatus S[.1]
 0005                   .dbend
 0005                   .dbunion 0 1 .5
 0005                   .dbfield 0 delay c
 0005                   .dbend
 0005                   .dbstruct 0 7 tcb
 0005                   .dbfield 0 status S[.2]
 0005                   .dbfield 2 u3 S[.3]
 0005                   .dbfield 4 u2 S[.4]
 0005                   .dbfield 6 dly S[.5]
 0005                   .dbend
 0005                   .dbsym e OSdelayQP _OSdelayQP#Pus3_tcb pS[tcb]
 0005           _OSsigQoutP#Pus3_tcb::
 0005                   .blkb 2
 0007                   .dbsym e OSsigQoutP _OSsigQoutP#Pus3_tcb pS[tcb]
 0007           _OSsigQinP#Pus3_tcb::
 0007                   .blkb 2
 0009                   .dbsym e OSsigQinP _OSsigQinP#Pus3_tcb pS[tcb]
 0009           _OSecbArea#A_us3_ecb::
 0009                   .blkb 8
 0011                   .dbunion 0 1 .6
 0011                   .dbfield 0 binSem c
 0011                   .dbfield 0 sem c
 0011                   .dbend
 0011                   .dbstruct 0 4 ecb
 0011                   .dbfield 0 tcbP pS[tcb]
 0011                   .dbfield 2 event S[.6]
 0011                   .dbfield 3 type c
 0011                   .dbend
 0011                   .dbsym e OSecbArea _OSecbArea#A_us3_ecb A[8:2]S[ecb]
 0011           _OScTcbP#Pus3_tcb::
 0011                   .blkb 2
 0013                   .dbsym e OScTcbP _OScTcbP#Pus3_tcb pS[tcb]
 0013           _OSeligQP#Pus3_tcb::
 0013                   .blkb 2
 0015                   .dbsym e OSeligQP _OSeligQP#Pus3_tcb pS[tcb]
 0015           _OStcbArea#A_us3_tcb::
 0015                   .blkb 56
 004D                   .dbsym e OStcbArea _OStcbArea#A_us3_tcb A[56:8]S[tcb]
