AutoECO Report
FILE-A: E:\0043\HARDWARE\IGRID.MAX
FILE-B: E:\0043\HARDWARE\IGRID.MNL
If "*EOF*" immediately follows, no changes were made
Adding footprint SW/PUSH/TYPEI
Adding footprint 1N4148
Adding footprint SUP60N/VERT
Adding footprint FUSE/HOR
Adding footprint RELAY12VDC/DP
Adding footprint RESISTOR 1/4W/HOR
Adding footprint TL42S-120-416
Adding footprint BS170
Adding footprint 3POLE(SCREW)
Adding footprint LED5MM
Adding footprint LCDMODULE(2X16)/TYPEI
Adding footprint CAPACITOR CERAMIC/S01
Adding footprint PCBHOLE1
Adding footprint CRYSTAL/VERT
Adding footprint ATTINY2313/DIP
Adding footprint HEADER(2PIN)/SIP/VERT
Adding footprint LM78XX/VERT
Adding footprint BC547
Adding footprint W04M
Adding footprint CAPACITOR EL/S02
Adding footprint CAPACITOR EL/S01
Adding package SW_PUSHBUTTON
Adding package 1N4148
Adding package SUP60N06
Adding package FUSE/PCB/HOR
Adding package 772-P-2C
Adding package RESISTOR_1/4W_AXIAL
Adding package TRANSFO/PCB/1X
Adding package BS170/TO92
Adding package 3POLE(SCREW)
Adding package LED5MM
Adding package LCD_MODULE-TYPEI
Adding package CAPACITOR_CERAMIC/S00
Adding package PCBHOLE/TYPE1
Adding package CRYSTAL/VERT
Adding package ATTINY2313(II)
Adding package HDER(2)/VERT/MALE
Adding package LM78XX
Adding package BC547A
Adding package BRIDGE
Adding package CAPACITOR_ELECTROLYTIC/S00
Adding component SW5
Adding component D4
Adding component T3
Adding component D1
Adding component D2
Adding component F1
Adding component K1
Adding component R6
Adding component TRANSFO1
Adding component T2
Adding component R9
Adding component R7
Adding component CON1
Adding component CON2
Adding component D6
Adding component R1
Adding component LCD1
Adding component C2
Adding component HOLE1
Adding component HOLE2
Adding component HOLE3
Adding component C3
Adding component Y1
Adding component HOLE4
Adding component SW1
Adding component SW2
Adding component SW3
Adding component SW4
Adding component C8
Adding component IC1
Adding component R10
Adding component CON3
Adding component R2
Adding component R3
Adding component R4
Adding component D5
Adding component R5
Adding component IC2
Adding component T4
Adding component BR1
Adding component R11
Adding component C7
Adding component D7
Adding component D3
Adding component C5
Adding component C1
Adding component T1
Adding component R8
Adding component SW6
Adding net N20771
Adding net N20831
Adding net N12068
Adding net N12078
Adding net N25565
Adding net LOAD
Adding net N09973
Adding net LED-
Adding net LED+
Adding net PHASE
Adding net LINE
Adding net GND_EARTH
Adding net GND_SIGNAL
Adding net +VBATT
Adding net BUZZ
Adding net D4
Adding net D5
Adding net N08283
Adding net N00838
Adding net N08289
Adding net ON/OFF
Adding net PD1
Adding net RS
Adding net D6
Adding net PD0
Adding net PD3
Adding net PD2
Adding net E
Adding net D7
Adding net +5V
Adding net N04583
Adding net GND
Adding net N04768
Adding net N08682
Adding net BYPASS
Adding net N06695
Adding net BACKLIT
Adding net N18220
Adding net ACSEC(2)
Adding net ACSEC(1)
Deleting net DEFAULT
*EOF*
No errors found
