















































]2;avrasm2.exe -S labels.tmp -I Include/ -fI -W+ie -C V3 -o AttoBASICV231.hex -d AttoBASICV231.obj -e AttoBASICV231.eep -m AttoBAS








































































AVRASM:AVRmacroassembler2.1.42(build1796Sep15200910:48:36)
Copyright(C)1995-2009ATMELCorporation

AttoBAASICV231.asm(885):Including file'Include/Defs_Constants.inc'
Include/Defs_Constants.inc(1):Includingfile'Include/m2560def.inc'
Include/Defs_Constants.inc(13):Includingfile'Include\Defs_Register.inc'
Include\Defs_Register.inc(50):warning:Registerr30alreadydefinedbythe.DEFdirective
Include/Defs_Constants.inc(13): info:'Include\Defs_Register.inc' includedfromhere
A
ttoBASICV231.asm(885)A:info: 'Include/Defs_Constants.inc'includedfromhere
Include/Defs_ConsIntants.inc(14): Including file 'Include\Defs_Pinout.inc'
Include/Defs_Constants.inc(15): Including file 'Include\Defs_Timers.inc'
Include/Defs_Constants.inc(134): System clockprescalersetto  1
Include/Defs_Constants.inc(386): Including file'Include\Defs_PWM.inc'
Include/Defs_Constants.inc(479): Including file 'Include/Defs_DHT.inc'
Include/Defs_Constants.inc(486):Includingfile'Include/Defs_OWR.inc'
Include/Defs_Constants.inc(499):Includingfile'Include/Defs_NRF.inc'
Include/Defs_Constants.inc(537):Including file 'Include/Defs_RTC.inc'
Include/Defs_Constants.inc(544):Includingfile'Include\Defs_DDS.inc'
AttoBASICV231.asm(886):Including file'Include/Defs_ADC.inc'
AttoBASICV231.asm(898): Includingfile 'Include/Defs_USART.inc'
AttoBASICV231.asm(901): Including file 'Include/Defs_TWI.inc'
Include/Defs_TWI.inc(111):Includingfile'Include\Macro_TWI.inc'
AttoBAAtSICV231.asm(906): Includingfile'Include/Macro_IO.inc'
AttoBASICV231.asm(907):Includingfile'Include/Macro_Misc.inc'
AttoBASICV231.asm(908):Includingfile'Include/Macro_Delays.inc'
AttoBASICV231.asm(909):Includingfile'Include/Macro_AttoBASIC.inc'
Att
oBASAtICV231.asm(916):Includingfile 'Include/Data_RAM.inc'
AttoBASICV231.asm(917):Including file 'Include/Data_EEP.inc'
AttoBASICV231.asm(926): Includingfile'Include/Code_Vectors.inc'
AttoBASICV231.asm(3078): Including file 'Include/Code_Editing.inc'
AttoBASICV231.asm(3079):Includingfile'Include/Code_EFS.inc'
AttoBASICV231.asm(3080):Includingfile 'include/Code_Math.inc'
AttoBASICV231.asm(3081): Including file'Include/Code_ERRPROC.inc'
AttoBASICV231.asm(3083):Includingfile'Include/Code_TWI.inc'
AttoBASICV231.asm(3086):Includingfile'Include/Code_SPI.inc'
AttoBASICV231.asm(3088):Including file'Include/Code_PORTIO.inc
'
AttoBASICV231.asm(3090):Includingfile'Include/Code_PWM.inc'
AttoBASICV231.asm(3092):Includingfile'Include/Code_Operators.inc'
AttoBASICV231.asm(3093):Includingfile'Include/Code_Analog.inc'
AttoBASICV231.asm(3094):Includingfile'Include/Code_DataBytes.inc'
AttoBASICV231.asm(3096):Includingfile'Include/Code_ICP.inc'
Include/Code_ICP.inc(2):Includingfile'Include/Defs_ICP.
inc'
AttoBASICV231.asm(3099):Includingfile'Include/Code_DS.inc'
AttoBASICV231.asm(3102):Includingfile'Include/Code_DataFile.inc'
Include/Code_DataFile.inc(2):Includingfile'Include/Defs_DATAFILE.inc'
AttoBASICV231.asm(3105):Includingfile'Include/Code_LOPWR.inc'
AttoBASICV231.asm(3105): Including file 'Include/Code_LOPWR.inc'AttoABASICV231.asm(3108): Includingfile'Include/Code_DDS.inc'
AttoBASICV231.asm(3110):Includingfile'Include/Code_Init.inc'
AttoBASICV231.asm(3112): Including file 'Include/Code_RTC.inc'
AttoBASICV231.asm(3115): Including file 'Include/Code_DHT.inc'
AttoBASICV231.asm(3118):Includingfile'Include/Code_NRF.inc'
AttoBASICV231.asm(3118): Including file 'Include/Code_NRF.inc'AttoBASICV231.asm(3121):Includingfile'Inclu
de/Code_OWR.inc'AttoBASICV231.asm(3125): Including file'Include/Code_Debug.inc'
AttoABASICV231.asm(3137):Includingfile'Include/Code_BLDR.inc
'
AttoBASICV231.asm(3346):Includingfile'Include/Data_Cmds.inc'
AttoBASICV231.asm(3347):Includingfile'Include/Data_Msgs.inc'
AttoBASICV231.asm(3392):Includingfile'Include/Data_SqrWav.inc'
AttoBASICV231.asm(3398): Includingfile'Include/Code_Bootloader.inc'
Include/Code_Bootloader.inc(78):Includingfile'Include/Code_BootloaderCDC-m2560-4mhz.inc'
Include/Defs_Constants.inc(142):UsingFCLK@4MHz
Include/Defs_DHT.inc(4):Enabling DHTSensorSupport
Include/Defs_DHT.inc(200):Usingdivideby8forDHTtiming.
Include/Defs_OWR.inc(4): EnaIbling1-WireSupport
Include/Defs_USART.inc(12):Usingbaudrateof19200forFCLK=4MHz
Include/Defs_TWI.inc(25):OnlyTWI@100Kavailable
Include/Defs_TWI.inc(25): Only TWI @ 100K availableInclude/Code_Init.inc(164):EnablingPort-PinPullupsforDSinterface.
Include/Code_Bootloader.inc(77):Notice:BootloaderCDCform2560@4MHzenabled
Include/Code_BootloaderCDC-m2560-4mhz.inc(684):warning:.cseg.db misalignment-paddingzerobyte
Include/Code_BootloaderCDC-m2560-4mhz.inc(684): warning: .cseg .db misalignment - padding zero byteclude/Code_Bootloader.inc(78):info:'Include/Code_BootloaderCDC-m2560-4mhz.inc'includedfromhere
Include/Code_Bootloader.inc(78): info: 'Include/Code_BootloaderCDC-m2560-4mhz.inc' included from hereAttoBASICV231.asm(3398): info: 'Include/Code_Bootloader.inc'includedfromhere

ATmega2560memoryusesummary[bytes]:
Segment   Begin    End      Code   Data   Used    Size   Use%
---------------------------------------------------------------
[.cseg][0x0000000x0400001290612288251942621449.6%
[.dseg] 0x0002000x0022000819281928192100.0%
[.dseg] 0x000200 0x002200      0   8192   8192    8192 100.0%eseg]0x0000000x000fff0416416409610.2%

Assembly complete, 0 errors.2warnings
>