















































]2;avrasm2.exe -S labels.tmp -I Include/ -fI -W+ie -C V3 -o AttoBASICV231.hex -d AttoBASICV231.obj -e AttoBASICV231.eep -m AttoBAS








































































AVRASM:AVRmacroassembler2.1.42(build1796 Sep 15 2009 10:48:36)
Copyright(C)1995-2009ATMELCorporation

AttoBASICV231.asm(885):Includingfile'Include/Defs_Constants.inc'
Include/Defs_Constants.inc(1):Includingfile'Include/m2560def.inc'
Include/Defs_Constants.inc(13):Includingfile'Include\Defs_Register.inc'
Include\Defs_Register.inc(50):warning:Registerr30alreadydefinedbythe.DEFdirective
Include/Defs_Constants.inc(13):info:'Include\Defs_Register.inc'includedfromhere
AttoBASICV231.asm(885): info: 'Include/Defs_Constants.inc'includedfromhere
Include/Defs_Constants.inc(14):Includingfile'Include\Defs_Pinout.inc'
Include/Defs_Constants.inc(15):Includingfile'Include\Defs_Timers.inc'
Include/Defs_Constants.inc(134): Systemclockprescalersetto1
Include/Defs_Constants.inc(386):Including file 'Include\Defs_PWM.inc'
Include/Defs_Constants.inc(479):Includingfile 'Include/Defs_DHT.inc'
Include/Defs_Constants.inc(486):Includingfile'Include/Defs_OWR.inc'
Include/Defs_Constants.inc(499):Includingfile'Include/Defs_NRF.inc'
Include/Defs_Constants.inc(537):Including file'Include/Defs_RTC.inc'
Include/Defs_Constants.inc(544):Includingfile'Include\Defs_DDS.inc'
AttoBASICV231.asm(886):Includingfile'Include/Defs_ADC.inc'
AttoBASICV231.asm(898):Includingfile'Include/Defs_USART.inc'
AttoBASICV231.asm(901):Includingfile 'Include/Defs_TWI.inc'
Include/Defs_TWI.inc(111): Includingfile'Include\Macro_TWI.inc'
AttoBASICV231.asm(906):Including file 'Include/Macro_IO.inc'
AttoBASICV231.asm(907):Includingfile'Include/Macro_Misc.inc'
AttoBASICV231.asm(908):Includingfile'Include/Macro_Delays.inc'
AttoBASICV231.asm(909): Includingfile'Include/Macro_AttoBASIC.inc'
AttoBASICV231.asm(916):Includingfile'Include/Data_RAM.inc'
AttoBASICV231.asm(917):Includingfile'Include/Data_EEP.inc'
AttoBASICV231.asm(926):Includingfile'Include/Code_Vectors.inc'
AttoBASICV231.asm(3078):Includingfile'Include/Code_Editing.inc'
AttoBASICV231.asm(3079):Includingfile'Include/Code_EFS.inc'
AttoBASICV231.asm(3080):Includingfile'include/Code_Math.inc'
AttoBASICV231.asm(3081): Includingfile'Include/Code_ERRPROC.inc
'
AttoBASICV231.asm(3083): Includingfile 'Include/Code_TWI.inc'
AttoBASICV231.asm(3086):Includingfile'Include/Code_SPI.inc'
AttoBASICV231.asm(3088):Includingfile'Include/Code_PORTIO.inc'
AttoBASICV231.asm(3090):Includingfile'Include/Code_PWM.inc'
AttoBASICV231.asm(3092):Includingfile'Include/Code_Operators.inc'
AttoBASICV231.asm(3093):Includingfile'Include/Code_Analog.inc'
AttoBASICV231.asm(3094):Includingfile'Include/Code_DataBytes.inc'
AttoBASICV231.asm(3096):Includingfile'Include/Code_ICP.inc'
Include/Code_ICP.inc(2):I
Include/Code_ICP.inc(2): Including file 'Include/Defs_ICP.inc'AttoBASICV231At.asm(3099):Includingfile'Include/Code_DS.inc'
AttoBASICV231.asm(3102):Includingfile'Include/Code_DataFile.inc'
Include/Code_DataFile.inc(2):Includingfile'Include/Defs_DATAFILE.inc'
AttoBASICV231.asm(3105):Includingfile'Include/Code_LOPWR.inc'
AttoBASICV231.asm(3108): Includingfile'Include/Code_DDS.inc'
AttoBASICV231.asm(3110):Includingfile'Include/Code_Init.inc'
AttoBASICV231.asm(3112):Includingfile'Include/Code_RTC.inc'
AttoBASICV231.asm(3115):Includingfile'Include/Code_DHT.inc'
AttoBASICV231.asm(3118): Includingfile'Include/Code_NRF.inc'
AttoBASICV231.asm(3121):Incl
AttoBASICV231.asm(3121): Including file 'Include/Code_OWR.inc'AttoBASICV231.asm(3125):Including file 'Include/Code_Debug.inc'
AttoBASICV231.asm(3137):Includingfile'Include/Code_BLDR
.inc'
AttoBASICV231.asm(3346):Includingfile'Include/Data_Cmds
.inc'
AttoBASICV231.asm(3347):Includingfile'Include/Data_Ms
gs.inc'AttoBASICV231.asm(3392):Includingfile'Include/Data_SqrWav.inc'
AttoBASICV231.asm(3398): Includingfile'Include/Code_Bootloader.inc'
Include/Code_Bootloader.inc(81):Includingfile'Include/Code_BootloaderCDC-m2560-8mhz.inc'
Include/Code_Bootloader.inc(81): Including file 'Include/Code_BootloaderCDC-m2560-8mhz.inc'Include/Defs_Constants.inc(148):UsingFCLK@8MHz
Include/Defs_DHT.inc(4): EnablingDHTSensorSupport
Include/Defs_DHT.inc(200):Usingdivideby8forDHTtiming.
Include/Defs_OWR.inc(4):Enabling1-WireSupport
Include/Defs_USART.inc(15):Usingbaud rate of 19200 forFCLK >4MHz
Include/Defs_TWI.inc(25): Only TWI@100Kavailable
Include/Code_Init.inc(164):EnablingPort-PinPullupsforDSinterface.
Include/Code_Init.inc(164): Enabling Port-Pin Pullups for DS interface.Include/Code_Bootloader.inc(80):Notice:BootloaderCDCform2560@8MHzenabled
Include/Code_BootloaderCDC-m2560-8mhz.inc(684):warning:.cseg.db misalignment-padding zerobyte
Include/Code_Bootloader.inc(81):info:'Include/Code_BootloaderCDC-m2560-8mhz.inc'includedfromhere
AttoBASICV231.asm(3398): info: 'Include/Code_Bootloader.inc'includedfromhere
AttoBASICV231.asm(3398): info: 'Include/Code_Bootloader.inc' included from here
ATmega2560memoryusesummary[bytes]:
Segment   Begin    End      Code   Data   Used    Size   Use%
---------------------------------------------------------------
[.cseg] 0x0000000x04000012906  12288251942621449.6%
[.cseg] 0x000000 0x040000  12906  12288  25194  262144   9.6%dseg]0x0002000x002200081928192819
2 100.0%
[.ese[g]0x0000000x000fff0416416409610.2%

Assemblycomplete,0 errors. 2 warnings
>