   1               		.file	"threads.c"
   2               	__SREG__ = 0x3f
   3               	__SP_H__ = 0x3e
   4               	__SP_L__ = 0x3d
   5               	__CCP__  = 0x34
   6               	__tmp_reg__ = 0
   7               	__zero_reg__ = 1
   8               		.global __do_copy_data
   9               		.global __do_clear_bss
  17               	.Ltext0:
  18               	.global	next_thread
  20               	next_thread:
  21               	.LFB2:
  22               	.LM1:
  23               	/* prologue: naked */
  24               	/* frame size = 0 */
  25               	.LM2:
  26               	/* #APP */
  27               	 ;  114 "threads.c" 1
  28 0000 0F92      		push r0 
  29 0002 1F92      		push r1 
  30 0004 2F92      		push r2 
  31 0006 3F92      		push r3 
  32 0008 4F92      		push r4 
  33 000a 5F92      		push r5 
  34 000c 6F92      		push r6 
  35 000e 7F92      		push r7 
  36 0010 8F92      		push r8 
  37 0012 9F92      		push r9 
  38 0014 AF92      		push r10 
  39 0016 BF92      		push r11 
  40 0018 CF92      		push r12 
  41 001a DF92      		push r13 
  42 001c EF92      		push r14 
  43 001e FF92      		push r15 
  44 0020 0F93      		push r16 
  45 0022 1F93      		push r17 
  46 0024 2F93      		push r18 
  47 0026 3F93      		push r19 
  48 0028 4F93      		push r20 
  49 002a 5F93      		push r21 
  50 002c 6F93      		push r22 
  51 002e 7F93      		push r23 
  52 0030 8F93      		push r24 
  53 0032 9F93      		push r25 
  54 0034 AF93      		push r26 
  55 0036 BF93      		push r27 
  56 0038 CF93      		push r28 
  57 003a DF93      		push r29 
  58 003c EF93      		push r30 
  59 003e FF93      		push r31 
  60 0040 1FB6      		in r1, __SREG__ 
  61 0042 1F92      		push r1 
  62 0044 F894      		cli 
  63 0046 0DB6      		in r0, __SP_L__ 
  64 0048 0092 0000 		sts savedsp, r0 
  65 004c 0EB6      		in r0, __SP_H__ 
  66 004e 0092 0000 		sts savedsp+1, r0 
  67 0052 1FBE      		out __SREG__,r1 
  68 0054 1124      		clr r1 
  69               		
  70               	 ;  0 "" 2
  71               	.LM3:
  72               	/* #NOAPP */
  73 0056 8091 0000 		lds r24,current_thread
  74 005a E82F      		mov r30,r24
  75 005c F0E0      		ldi r31,lo8(0)
  76 005e EE0F      		lsl r30
  77 0060 FF1F      		rol r31
  78 0062 E050      		subi r30,lo8(-(stackp))
  79 0064 F040      		sbci r31,hi8(-(stackp))
  80 0066 2091 0000 		lds r18,savedsp
  81 006a 3091 0000 		lds r19,(savedsp)+1
  82 006e 3183      		std Z+1,r19
  83 0070 2083      		st Z,r18
  84               	.LM4:
  85 0072 8F5F      		subi r24,lo8(-(1))
  86 0074 8093 0000 		sts current_thread,r24
  87               	.LM5:
  88 0078 8330      		cpi r24,lo8(3)
  89 007a 01F4      		brne .L2
  90               	.LM6:
  91 007c 1092 0000 		sts current_thread,__zero_reg__
  92               	.L2:
  93               	.LM7:
  94 0080 E091 0000 		lds r30,current_thread
  95 0084 F0E0      		ldi r31,lo8(0)
  96 0086 EE0F      		lsl r30
  97 0088 FF1F      		rol r31
  98 008a E050      		subi r30,lo8(-(stackp))
  99 008c F040      		sbci r31,hi8(-(stackp))
 100 008e 8081      		ld r24,Z
 101 0090 9181      		ldd r25,Z+1
 102 0092 9093 0000 		sts (savedsp)+1,r25
 103 0096 8093 0000 		sts savedsp,r24
 104               	.LM8:
 105               	/* #APP */
 106               	 ;  120 "threads.c" 1
 107 009a F894      		cli 
 108 009c C091 0000 		lds r28, savedsp 
 109 00a0 CDBF      		out __SP_L__, r28 
 110 00a2 D091 0000 		lds r29, savedsp+1 
 111 00a6 DEBF      		out __SP_H__, r29 
 112 00a8 0F90      		pop r0 
 113 00aa 0FBE      		out __SREG__, r0 
 114 00ac FF91      		pop r31 
 115 00ae EF91      		pop r30 
 116 00b0 DF91      		pop r29 
 117 00b2 CF91      		pop r28 
 118 00b4 BF91      		pop r27 
 119 00b6 AF91      		pop r26 
 120 00b8 9F91      		pop r25 
 121 00ba 8F91      		pop r24 
 122 00bc 7F91      		pop r23 
 123 00be 6F91      		pop r22 
 124 00c0 5F91      		pop r21 
 125 00c2 4F91      		pop r20 
 126 00c4 3F91      		pop r19 
 127 00c6 2F91      		pop r18 
 128 00c8 1F91      		pop r17 
 129 00ca 0F91      		pop r16 
 130 00cc FF90      		pop r15 
 131 00ce EF90      		pop r14 
 132 00d0 DF90      		pop r13 
 133 00d2 CF90      		pop r12 
 134 00d4 BF90      		pop r11 
 135 00d6 AF90      		pop r10 
 136 00d8 9F90      		pop r9 
 137 00da 8F90      		pop r8 
 138 00dc 7F90      		pop r7 
 139 00de 6F90      		pop r6 
 140 00e0 5F90      		pop r5 
 141 00e2 4F90      		pop r4 
 142 00e4 3F90      		pop r3 
 143 00e6 2F90      		pop r2 
 144 00e8 1F90      		pop r1 
 145 00ea 0F90      		pop r0 
 146               		
 147               	 ;  0 "" 2
 148               	.LM9:
 149               	 ;  121 "threads.c" 1
 150 00ec 0895      		ret
 151               	 ;  0 "" 2
 152               	/* epilogue start */
 153               	.LM10:
 154               	/* #NOAPP */
 155               	.LFE2:
 157               	.global	makethreads
 159               	makethreads:
 160               	.LFB3:
 161               	.LM11:
 162               	/* prologue: naked */
 163               	/* frame size = 0 */
 164               	.LM12:
 165               	/* #APP */
 166               	 ;  126 "threads.c" 1
 167 00ee 0F92      		push r0 
 168 00f0 1F92      		push r1 
 169 00f2 2F92      		push r2 
 170 00f4 3F92      		push r3 
 171 00f6 4F92      		push r4 
 172 00f8 5F92      		push r5 
 173 00fa 6F92      		push r6 
 174 00fc 7F92      		push r7 
 175 00fe 8F92      		push r8 
 176 0100 9F92      		push r9 
 177 0102 AF92      		push r10 
 178 0104 BF92      		push r11 
 179 0106 CF92      		push r12 
 180 0108 DF92      		push r13 
 181 010a EF92      		push r14 
 182 010c FF92      		push r15 
 183 010e 0F93      		push r16 
 184 0110 1F93      		push r17 
 185 0112 2F93      		push r18 
 186 0114 3F93      		push r19 
 187 0116 4F93      		push r20 
 188 0118 5F93      		push r21 
 189 011a 6F93      		push r22 
 190 011c 7F93      		push r23 
 191 011e 8F93      		push r24 
 192 0120 9F93      		push r25 
 193 0122 AF93      		push r26 
 194 0124 BF93      		push r27 
 195 0126 CF93      		push r28 
 196 0128 DF93      		push r29 
 197 012a EF93      		push r30 
 198 012c FF93      		push r31 
 199 012e 1FB6      		in r1, __SREG__ 
 200 0130 1F92      		push r1 
 201 0132 F894      		cli 
 202 0134 0DB6      		in r0, __SP_L__ 
 203 0136 0092 0000 		sts savedsp, r0 
 204 013a 0EB6      		in r0, __SP_H__ 
 205 013c 0092 0000 		sts savedsp+1, r0 
 206 0140 1FBE      		out __SREG__,r1 
 207 0142 1124      		clr r1 
 208               		
 209               	 ;  0 "" 2
 210               	.LM13:
 211               	/* #NOAPP */
 212 0144 E091 0000 		lds r30,savedsp
 213 0148 F091 0000 		lds r31,(savedsp)+1
 214 014c A0E0      		ldi r26,lo8(threadstack1+221)
 215 014e B0E0      		ldi r27,hi8(threadstack1+221)
 216 0150 3196      		adiw r30,1
 217 0152 83E2      		ldi r24,lo8(35)
 218               	.L5:
 219 0154 0190      		ld r0,Z+
 220 0156 0D92      		st X+,r0
 221 0158 8150      		subi r24,lo8(-(-1))
 222 015a 01F4      		brne .L5
 223               	.LM14:
 224 015c 80E0      		ldi r24,lo8(threadstack1+220)
 225 015e 90E0      		ldi r25,hi8(threadstack1+220)
 226 0160 9093 0000 		sts (stackp+2)+1,r25
 227 0164 8093 0000 		sts stackp+2,r24
 228               	.LM15:
 229 0168 E091 0000 		lds r30,savedsp
 230 016c F091 0000 		lds r31,(savedsp)+1
 231 0170 A0E0      		ldi r26,lo8(threadstack2+115)
 232 0172 B0E0      		ldi r27,hi8(threadstack2+115)
 233 0174 3196      		adiw r30,1
 234 0176 83E2      		ldi r24,lo8(35)
 235               	.L6:
 236 0178 0190      		ld r0,Z+
 237 017a 0D92      		st X+,r0
 238 017c 8150      		subi r24,lo8(-(-1))
 239 017e 01F4      		brne .L6
 240               	.LM16:
 241 0180 80E0      		ldi r24,lo8(threadstack2+114)
 242 0182 90E0      		ldi r25,hi8(threadstack2+114)
 243 0184 9093 0000 		sts (stackp+4)+1,r25
 244 0188 8093 0000 		sts stackp+4,r24
 245               	.LM17:
 246               	/* #APP */
 247               	 ;  134 "threads.c" 1
 248 018c F894      		cli 
 249 018e C091 0000 		lds r28, savedsp 
 250 0192 CDBF      		out __SP_L__, r28 
 251 0194 D091 0000 		lds r29, savedsp+1 
 252 0198 DEBF      		out __SP_H__, r29 
 253 019a 0F90      		pop r0 
 254 019c 0FBE      		out __SREG__, r0 
 255 019e FF91      		pop r31 
 256 01a0 EF91      		pop r30 
 257 01a2 DF91      		pop r29 
 258 01a4 CF91      		pop r28 
 259 01a6 BF91      		pop r27 
 260 01a8 AF91      		pop r26 
 261 01aa 9F91      		pop r25 
 262 01ac 8F91      		pop r24 
 263 01ae 7F91      		pop r23 
 264 01b0 6F91      		pop r22 
 265 01b2 5F91      		pop r21 
 266 01b4 4F91      		pop r20 
 267 01b6 3F91      		pop r19 
 268 01b8 2F91      		pop r18 
 269 01ba 1F91      		pop r17 
 270 01bc 0F91      		pop r16 
 271 01be FF90      		pop r15 
 272 01c0 EF90      		pop r14 
 273 01c2 DF90      		pop r13 
 274 01c4 CF90      		pop r12 
 275 01c6 BF90      		pop r11 
 276 01c8 AF90      		pop r10 
 277 01ca 9F90      		pop r9 
 278 01cc 8F90      		pop r8 
 279 01ce 7F90      		pop r7 
 280 01d0 6F90      		pop r6 
 281 01d2 5F90      		pop r5 
 282 01d4 4F90      		pop r4 
 283 01d6 3F90      		pop r3 
 284 01d8 2F90      		pop r2 
 285 01da 1F90      		pop r1 
 286 01dc 0F90      		pop r0 
 287               		
 288               	 ;  0 "" 2
 289               	.LM18:
 290               	 ;  135 "threads.c" 1
 291 01de 0895      		ret
 292               	 ;  0 "" 2
 293               	/* epilogue start */
 294               	.LM19:
 295               	/* #NOAPP */
 296               	.LFE3:
 298               	.global	current_thread
 299               	.global	current_thread
 300               		.section .bss
 303               	current_thread:
 304 0000 00        		.skip 1,0
 305               		.comm savedsp,2,1
 306               		.comm threadstack1,256,1
 307               		.comm threadstack2,150,1
 308               		.comm stackp,6,1
 341               	.Letext0:
DEFINED SYMBOLS
                            *ABS*:00000000 threads.c
E:\DOCUME~1\Michael\LOCALS~1\Temp/ccXq68YL.s:2      *ABS*:0000003f __SREG__
E:\DOCUME~1\Michael\LOCALS~1\Temp/ccXq68YL.s:3      *ABS*:0000003e __SP_H__
E:\DOCUME~1\Michael\LOCALS~1\Temp/ccXq68YL.s:4      *ABS*:0000003d __SP_L__
E:\DOCUME~1\Michael\LOCALS~1\Temp/ccXq68YL.s:5      *ABS*:00000034 __CCP__
E:\DOCUME~1\Michael\LOCALS~1\Temp/ccXq68YL.s:6      *ABS*:00000000 __tmp_reg__
E:\DOCUME~1\Michael\LOCALS~1\Temp/ccXq68YL.s:7      *ABS*:00000001 __zero_reg__
E:\DOCUME~1\Michael\LOCALS~1\Temp/ccXq68YL.s:20     .text:00000000 next_thread
                            *COM*:00000002 savedsp
E:\DOCUME~1\Michael\LOCALS~1\Temp/ccXq68YL.s:303    .bss:00000000 current_thread
                            *COM*:00000006 stackp
E:\DOCUME~1\Michael\LOCALS~1\Temp/ccXq68YL.s:159    .text:000000ee makethreads
                            *COM*:00000100 threadstack1
                            *COM*:00000096 threadstack2

UNDEFINED SYMBOLS
__do_copy_data
__do_clear_bss
