   1               		.file	"main.c"
   2               	__SREG__ = 0x3f
   3               	__SP_H__ = 0x3e
   4               	__SP_L__ = 0x3d
   5               	__CCP__  = 0x34
   6               	__tmp_reg__ = 0
   7               	__zero_reg__ = 1
  15               	.Ltext0:
  16               		.data
  17               	.LC0:
  18 0000 0D0A 4D49 		.string	"\r\nMICKBOOT V1.2 Uart"
  18      434B 424F 
  18      4F54 2056 
  18      312E 3220 
  18      5561 7274 
  19               	.LC1:
  20 0015 3100      		.string	"1"
  21               	.LC2:
  22 0017 3000      		.string	"0"
  23               	.LC3:
  24 0019 0D0A 5365 		.string	"\r\nSend Z\r\n"
  24      6E64 205A 
  24      0D0A 00
  25               	.LC4:
  26 0024 0D0A 5365 		.string	"\r\nSend hex file in ASCII\r\n"
  26      6E64 2068 
  26      6578 2066 
  26      696C 6520 
  26      696E 2041 
  27               	.LC5:
  28 003f 5375 6363 		.string	"Success!\r\n"
  28      6573 7321 
  28      0D0A 00
  29               	.LC6:
  30 004a 5469 6D65 		.string	"Timeout waiting for hex data\r\n"
  30      6F75 7420 
  30      7761 6974 
  30      696E 6720 
  30      666F 7220 
  31               	.LC7:
  32 0069 4865 7820 		.string	"Hex file ERROR!\r\n"
  32      6669 6C65 
  32      2045 5252 
  32      4F52 210D 
  32      0A00 
  33               	.LC8:
  34 007b 5469 6D65 		.string	"Timeout waiting for Z\r\n"
  34      6F75 7420 
  34      7761 6974 
  34      696E 6720 
  34      666F 7220 
  35               	.LC9:
  36 0093 5255 4E4E 		.string	"RUNNING\r\n"
  36      494E 470D 
  36      0A00 
  37               		.text
  38               	.global	main
  40               	main:
  41               	.LFB14:
  42               	.LM1:
  43 0000 EF92      		push r14
  44 0002 FF92      		push r15
  45 0004 1F93      		push r17
  46 0006 CF93      		push r28
  47 0008 DF93      		push r29
  48               	/* prologue: function */
  49               	/* frame size = 0 */
  50               	.LM2:
  51               	/* #APP */
  52               	 ;  32 "main.c" 1
  53 000a F894      		cli
  54               	 ;  0 "" 2
  55               	.LM3:
  56               	/* #NOAPP */
  57 000c 19BE      		out 89-32,__zero_reg__
  58               	.LM4:
  59 000e 17BE      		out 87-32,__zero_reg__
  60               	.LM5:
  61 0010 6F98      		cbi 45-32,7
  62               	.LM6:
  63 0012 8AB1      		in r24,42-32
  64 0014 8F71      		andi r24,lo8(31)
  65 0016 8AB9      		out 42-32,r24
  66               	.LM7:
  67 0018 8091 9A00 		lds r24,154
  68 001c 8F71      		andi r24,lo8(31)
  69 001e 8093 9A00 		sts 154,r24
  70               	.LM8:
  71 0022 8091 7400 		lds r24,116
  72 0026 8E7F      		andi r24,lo8(-2)
  73 0028 8093 7400 		sts 116,r24
  74               	.LM9:
  75 002c 4398      		cbi 40-32,3
  76               	.LM10:
  77 002e 3398      		cbi 38-32,3
  78               	.LM11:
  79 0030 E398      		cbi 60-32,3
  80               	.LM12:
  81 0032 8091 6800 		lds r24,104
  82 0036 8F77      		andi r24,lo8(127)
  83 0038 8093 6800 		sts 104,r24
  84               	.LM13:
  85 003c 0E94 0000 		call uart_init
  86 0040 8823      		tst r24
  87 0042 01F4      		brne .+2
  88 0044 00C0      		rjmp .L2
  89               	.LM14:
  90 0046 81E0      		ldi r24,lo8(1)
  91 0048 85BF      		out 85-32,r24
  92               	.LM15:
  93 004a 82E0      		ldi r24,lo8(2)
  94 004c 85BF      		out 85-32,r24
  95               	.LM16:
  96               	/* #APP */
  97               	 ;  54 "main.c" 1
  98 004e 7894      		sei
  99               	 ;  0 "" 2
 100               	/* #NOAPP */
 101               	.LBB24:
 102               	.LBB25:
 103               	.LBB26:
 104               	.LBB27:
 105               	.LM17:
 106 0050 80E4      		ldi r24,lo8(-25536)
 107 0052 E82E      		mov r14,r24
 108 0054 8CE9      		ldi r24,hi8(-25536)
 109 0056 F82E      		mov r15,r24
 110               	.LVL0:
 111               	.L22:
 112               	.LBE27:
 113               	.LBE26:
 114               	.LBE25:
 115               	.LBE24:
 116               	.LM18:
 117 0058 80E0      		ldi r24,lo8(.LC0)
 118 005a 90E0      		ldi r25,hi8(.LC0)
 119 005c 0E94 0000 		call uart_write_string
 120               	.LVL1:
 121               	.LM19:
 122 0060 8091 9A00 		lds r24,154
 123 0064 84FF      		sbrs r24,4
 124 0066 00C0      		rjmp .L3
 125               	.LM20:
 126 0068 80E0      		ldi r24,lo8(.LC1)
 127 006a 90E0      		ldi r25,hi8(.LC1)
 128 006c 00C0      		rjmp .L30
 129               	.L3:
 130               	.LM21:
 131 006e 80E0      		ldi r24,lo8(.LC2)
 132 0070 90E0      		ldi r25,hi8(.LC2)
 133               	.L30:
 134 0072 0E94 0000 		call uart_write_string
 135               	.LM22:
 136 0076 80E0      		ldi r24,lo8(.LC3)
 137 0078 90E0      		ldi r25,hi8(.LC3)
 138 007a 0E94 0000 		call uart_write_string
 139               	.L31:
 140 007e 28EB      		ldi r18,lo8(3000)
 141 0080 3BE0      		ldi r19,hi8(3000)
 142               	.LVL2:
 143               	.L29:
 144               	.LM23:
 145 0082 8091 0000 		lds r24,uart_fifo_rx+1
 146               	.LVL3:
 147 0086 8823      		tst r24
 148 0088 01F4      		brne .+2
 149 008a 00C0      		rjmp .L5
 150               	.LM24:
 151 008c 0E94 0000 		call fifo_read_char
 152               	.LVL4:
 153 0090 8A35      		cpi r24,lo8(90)
 154 0092 01F4      		brne .L31
 155               	.LM25:
 156 0094 80E0      		ldi r24,lo8(.LC4)
 157 0096 90E0      		ldi r25,hi8(.LC4)
 158 0098 0E94 0000 		call uart_write_string
 159               	.LM26:
 160 009c 0E94 0000 		call ihex_init
 161 00a0 C0E7      		ldi r28,lo8(6000)
 162 00a2 D7E1      		ldi r29,hi8(6000)
 163               	.LVL5:
 164               	.L17:
 165               	.LM27:
 166 00a4 8091 0000 		lds r24,uart_fifo_rx+1
 167 00a8 8823      		tst r24
 168 00aa 01F4      		brne .+2
 169 00ac 00C0      		rjmp .L7
 170               	.LM28:
 171 00ae 0E94 0000 		call fifo_read_char
 172               	.LVL6:
 173 00b2 0E94 0000 		call ihex_char
 174               	.LM29:
 175 00b6 8091 0000 		lds r24,ihex_byte_count
 176 00ba 8823      		tst r24
 177 00bc 01F0      		breq .L8
 178 00be C0E0      		ldi r28,lo8(ihex_data)
 179 00c0 D0E0      		ldi r29,hi8(ihex_data)
 180               	.LVL7:
 181 00c2 00C0      		rjmp .L9
 182               	.L10:
 183               	.LM30:
 184 00c4 6091 0000 		lds r22,ihex_address
 185 00c8 7091 0000 		lds r23,(ihex_address)+1
 186 00cc 8091 0000 		lds r24,(ihex_address)+2
 187 00d0 9091 0000 		lds r25,(ihex_address)+3
 188 00d4 6F5F      		subi r22,lo8(-(1))
 189 00d6 7F4F      		sbci r23,hi8(-(1))
 190 00d8 8F4F      		sbci r24,hlo8(-(1))
 191 00da 9F4F      		sbci r25,hhi8(-(1))
 192 00dc 6093 0000 		sts ihex_address,r22
 193 00e0 7093 0000 		sts (ihex_address)+1,r23
 194 00e4 8093 0000 		sts (ihex_address)+2,r24
 195 00e8 9093 0000 		sts (ihex_address)+3,r25
 196 00ec 6150      		subi r22,lo8(-(-1))
 197 00ee 7040      		sbci r23,hi8(-(-1))
 198 00f0 8040      		sbci r24,hlo8(-(-1))
 199 00f2 9040      		sbci r25,hhi8(-(-1))
 200 00f4 4991      		ld r20,Y+
 201 00f6 0E94 0000 		call flash_byte
 202               	.L9:
 203               	.LM31:
 204 00fa 8091 0000 		lds r24,ihex_byte_count
 205 00fe 8150      		subi r24,lo8(-(-1))
 206 0100 8093 0000 		sts ihex_byte_count,r24
 207 0104 8F5F      		subi r24,lo8(-(1))
 208 0106 01F4      		brne .L10
 209               	.LM32:
 210 0108 1092 0000 		sts ihex_byte_count,__zero_reg__
 211               	.LVL8:
 212               	.L8:
 213               	.LM33:
 214 010c 8091 0000 		lds r24,ihex_status
 215 0110 8130      		cpi r24,lo8(1)
 216 0112 01F0      		breq .+2
 217 0114 00C0      		rjmp .L11
 218               	.LM34:
 219 0116 0E94 0000 		call flash_finish
 220               	.LM35:
 221 011a 8091 0000 		lds r24,writer_failed
 222 011e 8823      		tst r24
 223 0120 01F0      		breq .+2
 224 0122 00C0      		rjmp .L11
 225               	.LM36:
 226 0124 80E0      		ldi r24,lo8(.LC5)
 227 0126 90E0      		ldi r25,hi8(.LC5)
 228 0128 0E94 0000 		call uart_write_string
 229 012c 11E0      		ldi r17,lo8(1)
 230 012e 00C0      		rjmp .L12
 231               	.LVL9:
 232               	.L7:
 233               	.LM37:
 234 0130 2197      		sbiw r28,1
 235               	.LBB31:
 236               	.LBB32:
 237               	.LBB33:
 238               	.LBB34:
 239               	.LM38:
 240 0132 C701      		movw r24,r14
 241               	.LVL10:
 242               	/* #APP */
 243               	 ;  105 "c:/winavr-20100110/lib/gcc/../../avr/include/util/delay_basic.h" 1
 244 0134 0197      		1: sbiw r24,1
 245 0136 01F4      		brne 1b
 246               	 ;  0 "" 2
 247               	/* #NOAPP */
 248               	.LBE34:
 249               	.LBE33:
 250               	.LBE32:
 251               	.LBE31:
 252               	.LM39:
 253 0138 2097      		sbiw r28,0
 254 013a 01F0      		breq .L13
 255 013c 90E0      		ldi r25,lo8(0)
 256 013e 00C0      		rjmp .L32
 257               	.L13:
 258               	.LM40:
 259 0140 80E0      		ldi r24,lo8(.LC6)
 260 0142 90E0      		ldi r25,hi8(.LC6)
 261               	.LVL11:
 262 0144 0E94 0000 		call uart_write_string
 263               	.LVL12:
 264 0148 91E0      		ldi r25,lo8(1)
 265               	.LVL13:
 266               	.L32:
 267 014a 10E0      		ldi r17,lo8(0)
 268               	.L14:
 269               	.LM41:
 270 014c 8091 0000 		lds r24,ihex_status
 271               	.LVL14:
 272 0150 8230      		cpi r24,lo8(2)
 273 0152 01F4      		brne .L15
 274               	.LM42:
 275 0154 80E0      		ldi r24,lo8(.LC7)
 276 0156 90E0      		ldi r25,hi8(.LC7)
 277 0158 0E94 0000 		call uart_write_string
 278               	.LVL15:
 279 015c 00C0      		rjmp .L16
 280               	.LVL16:
 281               	.L15:
 282               	.LM43:
 283 015e 9923      		tst r25
 284 0160 01F0      		breq .+2
 285 0162 00C0      		rjmp .L16
 286 0164 1123      		tst r17
 287 0166 01F4      		brne .+2
 288 0168 00C0      		rjmp .L17
 289 016a 00C0      		rjmp .L18
 290               	.LVL17:
 291               	.L5:
 292               	.LM44:
 293 016c 2150      		subi r18,lo8(-(-1))
 294 016e 3040      		sbci r19,hi8(-(-1))
 295               	.LBB35:
 296               	.LBB30:
 297               	.LBB29:
 298               	.LBB28:
 299               	.LM45:
 300 0170 C701      		movw r24,r14
 301               	.LVL18:
 302               	/* #APP */
 303               	 ;  105 "c:/winavr-20100110/lib/gcc/../../avr/include/util/delay_basic.h" 1
 304 0172 0197      		1: sbiw r24,1
 305 0174 01F4      		brne 1b
 306               	 ;  0 "" 2
 307               	/* #NOAPP */
 308               	.LBE28:
 309               	.LBE29:
 310               	.LBE30:
 311               	.LBE35:
 312               	.LM46:
 313 0176 2115      		cp r18,__zero_reg__
 314 0178 3105      		cpc r19,__zero_reg__
 315 017a 01F0      		breq .+2
 316 017c 00C0      		rjmp .L29
 317               	.LM47:
 318 017e 80E0      		ldi r24,lo8(.LC8)
 319 0180 90E0      		ldi r25,hi8(.LC8)
 320               	.LVL19:
 321 0182 0E94 0000 		call uart_write_string
 322               	.LVL20:
 323               	.L18:
 324               	.LM48:
 325 0186 80E0      		ldi r24,lo8(.LC9)
 326 0188 90E0      		ldi r25,hi8(.LC9)
 327 018a 0E94 0000 		call uart_write_string
 328               	.LVL21:
 329 018e 88E8      		ldi r24,lo8(5000)
 330 0190 93E1      		ldi r25,hi8(5000)
 331               	.LVL22:
 332               	.LBB36:
 333               	.LBB37:
 334               	.LBB38:
 335               	.LBB39:
 336               	.LM49:
 337 0192 20E9      		ldi r18,lo8(400)
 338 0194 31E0      		ldi r19,hi8(400)
 339               	.L20:
 340 0196 F901      		movw r30,r18
 341               	.LVL23:
 342               	/* #APP */
 343               	 ;  105 "c:/winavr-20100110/lib/gcc/../../avr/include/util/delay_basic.h" 1
 344 0198 3197      		1: sbiw r30,1
 345 019a 01F4      		brne 1b
 346               	 ;  0 "" 2
 347               	/* #NOAPP */
 348               	.LBE39:
 349               	.LBE38:
 350               	.LM50:
 351 019c 0197      		sbiw r24,1
 352               	.LM51:
 353 019e 01F4      		brne .L20
 354               	.LBE37:
 355               	.LBE36:
 356               	.LM52:
 357               	/* #APP */
 358               	 ;  144 "main.c" 1
 359 01a0 F894      		cli
 360               	 ;  0 "" 2
 361               	.LM53:
 362               	/* #NOAPP */
 363 01a2 81E0      		ldi r24,lo8(1)
 364               	.LVL24:
 365 01a4 85BF      		out 85-32,r24
 366               	.LM54:
 367 01a6 15BE      		out 85-32,__zero_reg__
 368               	.LM55:
 369 01a8 28E0      		ldi r18,lo8(8)
 370 01aa 88E1      		ldi r24,lo8(24)
 371 01ac 90E0      		ldi r25,hi8(24)
 372               	/* #APP */
 373               	 ;  147 "main.c" 1
 374 01ae 0FB6      		in __tmp_reg__,__SREG__
 375 01b0 F894      		cli
 376 01b2 A895      		wdr
 377 01b4 81BD      		out 33,r24
 378 01b6 0FBE      		out __SREG__,__tmp_reg__
 379 01b8 21BD      		out 33,r18
 380               	 ;  0 "" 2
 381               	/* #NOAPP */
 382               	.L21:
 383 01ba 00C0      		rjmp .L21
 384               	.LVL25:
 385               	.L2:
 386               	.LM56:
 387 01bc E091 0000 		lds r30,mainapp
 388 01c0 F091 0000 		lds r31,(mainapp)+1
 389 01c4 0995      		icall
 390               	.LM57:
 391 01c6 80E0      		ldi r24,lo8(0)
 392 01c8 90E0      		ldi r25,hi8(0)
 393               	/* epilogue start */
 394 01ca DF91      		pop r29
 395 01cc CF91      		pop r28
 396 01ce 1F91      		pop r17
 397 01d0 FF90      		pop r15
 398 01d2 EF90      		pop r14
 399 01d4 0895      		ret
 400               	.LVL26:
 401               	.L11:
 402               	.LM58:
 403 01d6 10E0      		ldi r17,lo8(0)
 404               	.L12:
 405 01d8 90E0      		ldi r25,lo8(0)
 406               	.LVL27:
 407 01da C0E7      		ldi r28,lo8(6000)
 408 01dc D7E1      		ldi r29,hi8(6000)
 409               	.LVL28:
 410 01de 00C0      		rjmp .L14
 411               	.L16:
 412               	.LM59:
 413 01e0 1123      		tst r17
 414 01e2 01F4      		brne .+2
 415 01e4 00C0      		rjmp .L22
 416 01e6 00C0      		rjmp .L18
 417               	.LFE14:
 419               	.global	mainapp
 420               	.global	mainapp
 421               		.section .bss
 424               	mainapp:
 425 0000 0000      		.skip 2,0
 450               	.Letext0:
DEFINED SYMBOLS
                            *ABS*:00000000 main.c
C:\DOCUME~1\Mick\LOCALS~1\Temp/ccyq5sn5.s:2      *ABS*:0000003f __SREG__
C:\DOCUME~1\Mick\LOCALS~1\Temp/ccyq5sn5.s:3      *ABS*:0000003e __SP_H__
C:\DOCUME~1\Mick\LOCALS~1\Temp/ccyq5sn5.s:4      *ABS*:0000003d __SP_L__
C:\DOCUME~1\Mick\LOCALS~1\Temp/ccyq5sn5.s:5      *ABS*:00000034 __CCP__
C:\DOCUME~1\Mick\LOCALS~1\Temp/ccyq5sn5.s:6      *ABS*:00000000 __tmp_reg__
C:\DOCUME~1\Mick\LOCALS~1\Temp/ccyq5sn5.s:7      *ABS*:00000001 __zero_reg__
C:\DOCUME~1\Mick\LOCALS~1\Temp/ccyq5sn5.s:40     .text:00000000 main
C:\DOCUME~1\Mick\LOCALS~1\Temp/ccyq5sn5.s:424    .bss:00000000 mainapp

UNDEFINED SYMBOLS
uart_init
uart_write_string
uart_fifo_rx
fifo_read_char
ihex_init
ihex_char
ihex_byte_count
ihex_data
ihex_address
flash_byte
ihex_status
flash_finish
writer_failed
__do_copy_data
__do_clear_bss
