
AVRASM ver. 2.1.30  C:\Users\ical\Desktop\test-program\abi-stopwatch\List\swrev2.asm Sat Jun 09 00:24:42 2012

C:\Users\ical\Desktop\test-program\abi-stopwatch\List\swrev2.asm(1072): warning: Register r5 already defined by the .DEF directive
C:\Users\ical\Desktop\test-program\abi-stopwatch\List\swrev2.asm(1073): warning: Register r4 already defined by the .DEF directive
C:\Users\ical\Desktop\test-program\abi-stopwatch\List\swrev2.asm(1074): warning: Register r7 already defined by the .DEF directive
C:\Users\ical\Desktop\test-program\abi-stopwatch\List\swrev2.asm(1075): warning: Register r6 already defined by the .DEF directive
C:\Users\ical\Desktop\test-program\abi-stopwatch\List\swrev2.asm(1076): warning: Register r9 already defined by the .DEF directive
C:\Users\ical\Desktop\test-program\abi-stopwatch\List\swrev2.asm(1077): warning: Register r8 already defined by the .DEF directive
C:\Users\ical\Desktop\test-program\abi-stopwatch\List\swrev2.asm(1078): warning: Register r11 already defined by the .DEF directive
C:\Users\ical\Desktop\test-program\abi-stopwatch\List\swrev2.asm(1079): warning: Register r10 already defined by the .DEF directive
                 
                 
                 ;CodeVisionAVR C Compiler V2.05.3 Standard
                 ;(C) Copyright 1998-2011 Pavel Haiduc, HP InfoTech s.r.l.
                 ;http://www.hpinfotech.com
                 
                 ;Chip type                : ATmega16
                 ;Program type             : Application
                 ;Clock frequency          : 12.000000 MHz
                 ;Memory model             : Small
                 ;Optimize for             : Size
                 ;(s)printf features       : int, width
                 ;(s)scanf features        : int, width
                 ;External RAM size        : 0
                 ;Data Stack size          : 256 byte(s)
                 ;Heap size                : 0 byte(s)
                 ;Promote 'char' to 'int'  : Yes
                 ;'char' is unsigned       : Yes
                 ;8 bit enums              : Yes
                 ;Global 'const' stored in FLASH     : No
                 ;Enhanced function parameter passing: Yes
                 ;Enhanced core instructions         : On
                 ;Smart register allocation          : On
                 ;Automatic register allocation      : On
                 
                 	#pragma AVRPART ADMIN PART_NAME ATmega16
                 	#pragma AVRPART MEMORY PROG_FLASH 16384
                 	#pragma AVRPART MEMORY EEPROM 512
                 	#pragma AVRPART MEMORY INT_SRAM SIZE 1119
                 	#pragma AVRPART MEMORY INT_SRAM START_ADDR 0x60
                 
                 	#define CALL_SUPPORTED 1
                 
                 	.LISTMAC
                 	.EQU UDRE=0x5
                 	.EQU RXC=0x7
                 	.EQU USR=0xB
                 	.EQU UDR=0xC
                 	.EQU SPSR=0xE
                 	.EQU SPDR=0xF
                 	.EQU EERE=0x0
                 	.EQU EEWE=0x1
                 	.EQU EEMWE=0x2
                 	.EQU EECR=0x1C
                 	.EQU EEDR=0x1D
                 	.EQU EEARL=0x1E
                 	.EQU EEARH=0x1F
                 	.EQU WDTCR=0x21
                 	.EQU MCUCR=0x35
                 	.EQU GICR=0x3B
                 	.EQU SPL=0x3D
                 	.EQU SPH=0x3E
                 	.EQU SREG=0x3F
                 
                 	.DEF R0X0=R0
                 	.DEF R0X1=R1
                 	.DEF R0X2=R2
                 	.DEF R0X3=R3
                 	.DEF R0X4=R4
                 	.DEF R0X5=R5
                 	.DEF R0X6=R6
                 	.DEF R0X7=R7
                 	.DEF R0X8=R8
                 	.DEF R0X9=R9
                 	.DEF R0XA=R10
                 	.DEF R0XB=R11
                 	.DEF R0XC=R12
                 	.DEF R0XD=R13
                 	.DEF R0XE=R14
                 	.DEF R0XF=R15
                 	.DEF R0X10=R16
                 	.DEF R0X11=R17
                 	.DEF R0X12=R18
                 	.DEF R0X13=R19
                 	.DEF R0X14=R20
                 	.DEF R0X15=R21
                 	.DEF R0X16=R22
                 	.DEF R0X17=R23
                 	.DEF R0X18=R24
                 	.DEF R0X19=R25
                 	.DEF R0X1A=R26
                 	.DEF R0X1B=R27
                 	.DEF R0X1C=R28
                 	.DEF R0X1D=R29
                 	.DEF R0X1E=R30
                 	.DEF R0X1F=R31
                 
                 	.EQU __SRAM_START=0x0060
                 	.EQU __SRAM_END=0x045F
                 	.EQU __DSTACK_SIZE=0x0100
                 	.EQU __HEAP_SIZE=0x0000
                 	.EQU __CLEAR_SRAM_SIZE=__SRAM_END-__SRAM_START+1
                 
                 	.MACRO __CPD1N
                 	CPI  R30,LOW(@0)
                 	LDI  R26,HIGH(@0)
                 	CPC  R31,R26
                 	LDI  R26,BYTE3(@0)
                 	CPC  R22,R26
                 	LDI  R26,BYTE4(@0)
                 	CPC  R23,R26
                 	.ENDM
                 
                 	.MACRO __CPD2N
                 	CPI  R26,LOW(@0)
                 	LDI  R30,HIGH(@0)
                 	CPC  R27,R30
                 	LDI  R30,BYTE3(@0)
                 	CPC  R24,R30
                 	LDI  R30,BYTE4(@0)
                 	CPC  R25,R30
                 	.ENDM
                 
                 	.MACRO __CPWRR
                 	CP   R@0,R@2
                 	CPC  R@1,R@3
                 	.ENDM
                 
                 	.MACRO __CPWRN
                 	CPI  R@0,LOW(@2)
                 	LDI  R30,HIGH(@2)
                 	CPC  R@1,R30
                 	.ENDM
                 
                 	.MACRO __ADDB1MN
                 	SUBI R30,LOW(-@0-(@1))
                 	.ENDM
                 
                 	.MACRO __ADDB2MN
                 	SUBI R26,LOW(-@0-(@1))
                 	.ENDM
                 
                 	.MACRO __ADDW1MN
                 	SUBI R30,LOW(-@0-(@1))
                 	SBCI R31,HIGH(-@0-(@1))
                 	.ENDM
                 
                 	.MACRO __ADDW2MN
                 	SUBI R26,LOW(-@0-(@1))
                 	SBCI R27,HIGH(-@0-(@1))
                 	.ENDM
                 
                 	.MACRO __ADDW1FN
                 	SUBI R30,LOW(-2*@0-(@1))
                 	SBCI R31,HIGH(-2*@0-(@1))
                 	.ENDM
                 
                 	.MACRO __ADDD1FN
                 	SUBI R30,LOW(-2*@0-(@1))
                 	SBCI R31,HIGH(-2*@0-(@1))
                 	SBCI R22,BYTE3(-2*@0-(@1))
                 	.ENDM
                 
                 	.MACRO __ADDD1N
                 	SUBI R30,LOW(-@0)
                 	SBCI R31,HIGH(-@0)
                 	SBCI R22,BYTE3(-@0)
                 	SBCI R23,BYTE4(-@0)
                 	.ENDM
                 
                 	.MACRO __ADDD2N
                 	SUBI R26,LOW(-@0)
                 	SBCI R27,HIGH(-@0)
                 	SBCI R24,BYTE3(-@0)
                 	SBCI R25,BYTE4(-@0)
                 	.ENDM
                 
                 	.MACRO __SUBD1N
                 	SUBI R30,LOW(@0)
                 	SBCI R31,HIGH(@0)
                 	SBCI R22,BYTE3(@0)
                 	SBCI R23,BYTE4(@0)
                 	.ENDM
                 
                 	.MACRO __SUBD2N
                 	SUBI R26,LOW(@0)
                 	SBCI R27,HIGH(@0)
                 	SBCI R24,BYTE3(@0)
                 	SBCI R25,BYTE4(@0)
                 	.ENDM
                 
                 	.MACRO __ANDBMNN
                 	LDS  R30,@0+(@1)
                 	ANDI R30,LOW(@2)
                 	STS  @0+(@1),R30
                 	.ENDM
                 
                 	.MACRO __ANDWMNN
                 	LDS  R30,@0+(@1)
                 	ANDI R30,LOW(@2)
                 	STS  @0+(@1),R30
                 	LDS  R30,@0+(@1)+1
                 	ANDI R30,HIGH(@2)
                 	STS  @0+(@1)+1,R30
                 	.ENDM
                 
                 	.MACRO __ANDD1N
                 	ANDI R30,LOW(@0)
                 	ANDI R31,HIGH(@0)
                 	ANDI R22,BYTE3(@0)
                 	ANDI R23,BYTE4(@0)
                 	.ENDM
                 
                 	.MACRO __ANDD2N
                 	ANDI R26,LOW(@0)
                 	ANDI R27,HIGH(@0)
                 	ANDI R24,BYTE3(@0)
                 	ANDI R25,BYTE4(@0)
                 	.ENDM
                 
                 	.MACRO __ORBMNN
                 	LDS  R30,@0+(@1)
                 	ORI  R30,LOW(@2)
                 	STS  @0+(@1),R30
                 	.ENDM
                 
                 	.MACRO __ORWMNN
                 	LDS  R30,@0+(@1)
                 	ORI  R30,LOW(@2)
                 	STS  @0+(@1),R30
                 	LDS  R30,@0+(@1)+1
                 	ORI  R30,HIGH(@2)
                 	STS  @0+(@1)+1,R30
                 	.ENDM
                 
                 	.MACRO __ORD1N
                 	ORI  R30,LOW(@0)
                 	ORI  R31,HIGH(@0)
                 	ORI  R22,BYTE3(@0)
                 	ORI  R23,BYTE4(@0)
                 	.ENDM
                 
                 	.MACRO __ORD2N
                 	ORI  R26,LOW(@0)
                 	ORI  R27,HIGH(@0)
                 	ORI  R24,BYTE3(@0)
                 	ORI  R25,BYTE4(@0)
                 	.ENDM
                 
                 	.MACRO __DELAY_USB
                 	LDI  R24,LOW(@0)
                 __DELAY_USB_LOOP:
                 	DEC  R24
                 	BRNE __DELAY_USB_LOOP
                 	.ENDM
                 
                 	.MACRO __DELAY_USW
                 	LDI  R24,LOW(@0)
                 	LDI  R25,HIGH(@0)
                 __DELAY_USW_LOOP:
                 	SBIW R24,1
                 	BRNE __DELAY_USW_LOOP
                 	.ENDM
                 
                 	.MACRO __GETD1S
                 	LDD  R30,Y+@0
                 	LDD  R31,Y+@0+1
                 	LDD  R22,Y+@0+2
                 	LDD  R23,Y+@0+3
                 	.ENDM
                 
                 	.MACRO __GETD2S
                 	LDD  R26,Y+@0
                 	LDD  R27,Y+@0+1
                 	LDD  R24,Y+@0+2
                 	LDD  R25,Y+@0+3
                 	.ENDM
                 
                 	.MACRO __PUTD1S
                 	STD  Y+@0,R30
                 	STD  Y+@0+1,R31
                 	STD  Y+@0+2,R22
                 	STD  Y+@0+3,R23
                 	.ENDM
                 
                 	.MACRO __PUTD2S
                 	STD  Y+@0,R26
                 	STD  Y+@0+1,R27
                 	STD  Y+@0+2,R24
                 	STD  Y+@0+3,R25
                 	.ENDM
                 
                 	.MACRO __PUTDZ2
                 	STD  Z+@0,R26
                 	STD  Z+@0+1,R27
                 	STD  Z+@0+2,R24
                 	STD  Z+@0+3,R25
                 	.ENDM
                 
                 	.MACRO __CLRD1S
                 	STD  Y+@0,R30
                 	STD  Y+@0+1,R30
                 	STD  Y+@0+2,R30
                 	STD  Y+@0+3,R30
                 	.ENDM
                 
                 	.MACRO __POINTB1MN
                 	LDI  R30,LOW(@0+(@1))
                 	.ENDM
                 
                 	.MACRO __POINTW1MN
                 	LDI  R30,LOW(@0+(@1))
                 	LDI  R31,HIGH(@0+(@1))
                 	.ENDM
                 
                 	.MACRO __POINTD1M
                 	LDI  R30,LOW(@0)
                 	LDI  R31,HIGH(@0)
                 	LDI  R22,BYTE3(@0)
                 	LDI  R23,BYTE4(@0)
                 	.ENDM
                 
                 	.MACRO __POINTW1FN
                 	LDI  R30,LOW(2*@0+(@1))
                 	LDI  R31,HIGH(2*@0+(@1))
                 	.ENDM
                 
                 	.MACRO __POINTD1FN
                 	LDI  R30,LOW(2*@0+(@1))
                 	LDI  R31,HIGH(2*@0+(@1))
                 	LDI  R22,BYTE3(2*@0+(@1))
                 	LDI  R23,BYTE4(2*@0+(@1))
                 	.ENDM
                 
                 	.MACRO __POINTB2MN
                 	LDI  R26,LOW(@0+(@1))
                 	.ENDM
                 
                 	.MACRO __POINTW2MN
                 	LDI  R26,LOW(@0+(@1))
                 	LDI  R27,HIGH(@0+(@1))
                 	.ENDM
                 
                 	.MACRO __POINTW2FN
                 	LDI  R26,LOW(2*@0+(@1))
                 	LDI  R27,HIGH(2*@0+(@1))
                 	.ENDM
                 
                 	.MACRO __POINTD2FN
                 	LDI  R26,LOW(2*@0+(@1))
                 	LDI  R27,HIGH(2*@0+(@1))
                 	LDI  R24,BYTE3(2*@0+(@1))
                 	LDI  R25,BYTE4(2*@0+(@1))
                 	.ENDM
                 
                 	.MACRO __POINTBRM
                 	LDI  R@0,LOW(@1)
                 	.ENDM
                 
                 	.MACRO __POINTWRM
                 	LDI  R@0,LOW(@2)
                 	LDI  R@1,HIGH(@2)
                 	.ENDM
                 
                 	.MACRO __POINTBRMN
                 	LDI  R@0,LOW(@1+(@2))
                 	.ENDM
                 
                 	.MACRO __POINTWRMN
                 	LDI  R@0,LOW(@2+(@3))
                 	LDI  R@1,HIGH(@2+(@3))
                 	.ENDM
                 
                 	.MACRO __POINTWRFN
                 	LDI  R@0,LOW(@2*2+(@3))
                 	LDI  R@1,HIGH(@2*2+(@3))
                 	.ENDM
                 
                 	.MACRO __GETD1N
                 	LDI  R30,LOW(@0)
                 	LDI  R31,HIGH(@0)
                 	LDI  R22,BYTE3(@0)
                 	LDI  R23,BYTE4(@0)
                 	.ENDM
                 
                 	.MACRO __GETD2N
                 	LDI  R26,LOW(@0)
                 	LDI  R27,HIGH(@0)
                 	LDI  R24,BYTE3(@0)
                 	LDI  R25,BYTE4(@0)
                 	.ENDM
                 
                 	.MACRO __GETB1MN
                 	LDS  R30,@0+(@1)
                 	.ENDM
                 
                 	.MACRO __GETB1HMN
                 	LDS  R31,@0+(@1)
                 	.ENDM
                 
                 	.MACRO __GETW1MN
                 	LDS  R30,@0+(@1)
                 	LDS  R31,@0+(@1)+1
                 	.ENDM
                 
                 	.MACRO __GETD1MN
                 	LDS  R30,@0+(@1)
                 	LDS  R31,@0+(@1)+1
                 	LDS  R22,@0+(@1)+2
                 	LDS  R23,@0+(@1)+3
                 	.ENDM
                 
                 	.MACRO __GETBRMN
                 	LDS  R@0,@1+(@2)
                 	.ENDM
                 
                 	.MACRO __GETWRMN
                 	LDS  R@0,@2+(@3)
                 	LDS  R@1,@2+(@3)+1
                 	.ENDM
                 
                 	.MACRO __GETWRZ
                 	LDD  R@0,Z+@2
                 	LDD  R@1,Z+@2+1
                 	.ENDM
                 
                 	.MACRO __GETD2Z
                 	LDD  R26,Z+@0
                 	LDD  R27,Z+@0+1
                 	LDD  R24,Z+@0+2
                 	LDD  R25,Z+@0+3
                 	.ENDM
                 
                 	.MACRO __GETB2MN
                 	LDS  R26,@0+(@1)
                 	.ENDM
                 
                 	.MACRO __GETW2MN
                 	LDS  R26,@0+(@1)
                 	LDS  R27,@0+(@1)+1
                 	.ENDM
                 
                 	.MACRO __GETD2MN
                 	LDS  R26,@0+(@1)
                 	LDS  R27,@0+(@1)+1
                 	LDS  R24,@0+(@1)+2
                 	LDS  R25,@0+(@1)+3
                 	.ENDM
                 
                 	.MACRO __PUTB1MN
                 	STS  @0+(@1),R30
                 	.ENDM
                 
                 	.MACRO __PUTW1MN
                 	STS  @0+(@1),R30
                 	STS  @0+(@1)+1,R31
                 	.ENDM
                 
                 	.MACRO __PUTD1MN
                 	STS  @0+(@1),R30
                 	STS  @0+(@1)+1,R31
                 	STS  @0+(@1)+2,R22
                 	STS  @0+(@1)+3,R23
                 	.ENDM
                 
                 	.MACRO __PUTB1EN
                 	LDI  R26,LOW(@0+(@1))
                 	LDI  R27,HIGH(@0+(@1))
                 	CALL __EEPROMWRB
                 	.ENDM
                 
                 	.MACRO __PUTW1EN
                 	LDI  R26,LOW(@0+(@1))
                 	LDI  R27,HIGH(@0+(@1))
                 	CALL __EEPROMWRW
                 	.ENDM
                 
                 	.MACRO __PUTD1EN
                 	LDI  R26,LOW(@0+(@1))
                 	LDI  R27,HIGH(@0+(@1))
                 	CALL __EEPROMWRD
                 	.ENDM
                 
                 	.MACRO __PUTBR0MN
                 	STS  @0+(@1),R0
                 	.ENDM
                 
                 	.MACRO __PUTBMRN
                 	STS  @0+(@1),R@2
                 	.ENDM
                 
                 	.MACRO __PUTWMRN
                 	STS  @0+(@1),R@2
                 	STS  @0+(@1)+1,R@3
                 	.ENDM
                 
                 	.MACRO __PUTBZR
                 	STD  Z+@1,R@0
                 	.ENDM
                 
                 	.MACRO __PUTWZR
                 	STD  Z+@2,R@0
                 	STD  Z+@2+1,R@1
                 	.ENDM
                 
                 	.MACRO __GETW1R
                 	MOV  R30,R@0
                 	MOV  R31,R@1
                 	.ENDM
                 
                 	.MACRO __GETW2R
                 	MOV  R26,R@0
                 	MOV  R27,R@1
                 	.ENDM
                 
                 	.MACRO __GETWRN
                 	LDI  R@0,LOW(@2)
                 	LDI  R@1,HIGH(@2)
                 	.ENDM
                 
                 	.MACRO __PUTW1R
                 	MOV  R@0,R30
                 	MOV  R@1,R31
                 	.ENDM
                 
                 	.MACRO __PUTW2R
                 	MOV  R@0,R26
                 	MOV  R@1,R27
                 	.ENDM
                 
                 	.MACRO __ADDWRN
                 	SUBI R@0,LOW(-@2)
                 	SBCI R@1,HIGH(-@2)
                 	.ENDM
                 
                 	.MACRO __ADDWRR
                 	ADD  R@0,R@2
                 	ADC  R@1,R@3
                 	.ENDM
                 
                 	.MACRO __SUBWRN
                 	SUBI R@0,LOW(@2)
                 	SBCI R@1,HIGH(@2)
                 	.ENDM
                 
                 	.MACRO __SUBWRR
                 	SUB  R@0,R@2
                 	SBC  R@1,R@3
                 	.ENDM
                 
                 	.MACRO __ANDWRN
                 	ANDI R@0,LOW(@2)
                 	ANDI R@1,HIGH(@2)
                 	.ENDM
                 
                 	.MACRO __ANDWRR
                 	AND  R@0,R@2
                 	AND  R@1,R@3
                 	.ENDM
                 
                 	.MACRO __ORWRN
                 	ORI  R@0,LOW(@2)
                 	ORI  R@1,HIGH(@2)
                 	.ENDM
                 
                 	.MACRO __ORWRR
                 	OR   R@0,R@2
                 	OR   R@1,R@3
                 	.ENDM
                 
                 	.MACRO __EORWRR
                 	EOR  R@0,R@2
                 	EOR  R@1,R@3
                 	.ENDM
                 
                 	.MACRO __GETWRS
                 	LDD  R@0,Y+@2
                 	LDD  R@1,Y+@2+1
                 	.ENDM
                 
                 	.MACRO __PUTBSR
                 	STD  Y+@1,R@0
                 	.ENDM
                 
                 	.MACRO __PUTWSR
                 	STD  Y+@2,R@0
                 	STD  Y+@2+1,R@1
                 	.ENDM
                 
                 	.MACRO __MOVEWRR
                 	MOV  R@0,R@2
                 	MOV  R@1,R@3
                 	.ENDM
                 
                 	.MACRO __INWR
                 	IN   R@0,@2
                 	IN   R@1,@2+1
                 	.ENDM
                 
                 	.MACRO __OUTWR
                 	OUT  @2+1,R@1
                 	OUT  @2,R@0
                 	.ENDM
                 
                 	.MACRO __CALL1MN
                 	LDS  R30,@0+(@1)
                 	LDS  R31,@0+(@1)+1
                 	ICALL
                 	.ENDM
                 
                 	.MACRO __CALL1FN
                 	LDI  R30,LOW(2*@0+(@1))
                 	LDI  R31,HIGH(2*@0+(@1))
                 	CALL __GETW1PF
                 	ICALL
                 	.ENDM
                 
                 	.MACRO __CALL2EN
                 	LDI  R26,LOW(@0+(@1))
                 	LDI  R27,HIGH(@0+(@1))
                 	CALL __EEPROMRDW
                 	ICALL
                 	.ENDM
                 
                 	.MACRO __GETW1STACK
                 	IN   R26,SPL
                 	IN   R27,SPH
                 	ADIW R26,@0+1
                 	LD   R30,X+
                 	LD   R31,X
                 	.ENDM
                 
                 	.MACRO __GETD1STACK
                 	IN   R26,SPL
                 	IN   R27,SPH
                 	ADIW R26,@0+1
                 	LD   R30,X+
                 	LD   R31,X+
                 	LD   R22,X
                 	.ENDM
                 
                 	.MACRO __NBST
                 	BST  R@0,@1
                 	IN   R30,SREG
                 	LDI  R31,0x40
                 	EOR  R30,R31
                 	OUT  SREG,R30
                 	.ENDM
                 
                 
                 	.MACRO __PUTB1SN
                 	LDD  R26,Y+@0
                 	LDD  R27,Y+@0+1
                 	SUBI R26,LOW(-@1)
                 	SBCI R27,HIGH(-@1)
                 	ST   X,R30
                 	.ENDM
                 
                 	.MACRO __PUTW1SN
                 	LDD  R26,Y+@0
                 	LDD  R27,Y+@0+1
                 	SUBI R26,LOW(-@1)
                 	SBCI R27,HIGH(-@1)
                 	ST   X+,R30
                 	ST   X,R31
                 	.ENDM
                 
                 	.MACRO __PUTD1SN
                 	LDD  R26,Y+@0
                 	LDD  R27,Y+@0+1
                 	SUBI R26,LOW(-@1)
                 	SBCI R27,HIGH(-@1)
                 	CALL __PUTDP1
                 	.ENDM
                 
                 	.MACRO __PUTB1SNS
                 	LDD  R26,Y+@0
                 	LDD  R27,Y+@0+1
                 	ADIW R26,@1
                 	ST   X,R30
                 	.ENDM
                 
                 	.MACRO __PUTW1SNS
                 	LDD  R26,Y+@0
                 	LDD  R27,Y+@0+1
                 	ADIW R26,@1
                 	ST   X+,R30
                 	ST   X,R31
                 	.ENDM
                 
                 	.MACRO __PUTD1SNS
                 	LDD  R26,Y+@0
                 	LDD  R27,Y+@0+1
                 	ADIW R26,@1
                 	CALL __PUTDP1
                 	.ENDM
                 
                 	.MACRO __PUTB1PMN
                 	LDS  R26,@0
                 	LDS  R27,@0+1
                 	SUBI R26,LOW(-@1)
                 	SBCI R27,HIGH(-@1)
                 	ST   X,R30
                 	.ENDM
                 
                 	.MACRO __PUTW1PMN
                 	LDS  R26,@0
                 	LDS  R27,@0+1
                 	SUBI R26,LOW(-@1)
                 	SBCI R27,HIGH(-@1)
                 	ST   X+,R30
                 	ST   X,R31
                 	.ENDM
                 
                 	.MACRO __PUTD1PMN
                 	LDS  R26,@0
                 	LDS  R27,@0+1
                 	SUBI R26,LOW(-@1)
                 	SBCI R27,HIGH(-@1)
                 	CALL __PUTDP1
                 	.ENDM
                 
                 	.MACRO __PUTB1PMNS
                 	LDS  R26,@0
                 	LDS  R27,@0+1
                 	ADIW R26,@1
                 	ST   X,R30
                 	.ENDM
                 
                 	.MACRO __PUTW1PMNS
                 	LDS  R26,@0
                 	LDS  R27,@0+1
                 	ADIW R26,@1
                 	ST   X+,R30
                 	ST   X,R31
                 	.ENDM
                 
                 	.MACRO __PUTD1PMNS
                 	LDS  R26,@0
                 	LDS  R27,@0+1
                 	ADIW R26,@1
                 	CALL __PUTDP1
                 	.ENDM
                 
                 	.MACRO __PUTB1RN
                 	MOVW R26,R@0
                 	SUBI R26,LOW(-@1)
                 	SBCI R27,HIGH(-@1)
                 	ST   X,R30
                 	.ENDM
                 
                 	.MACRO __PUTW1RN
                 	MOVW R26,R@0
                 	SUBI R26,LOW(-@1)
                 	SBCI R27,HIGH(-@1)
                 	ST   X+,R30
                 	ST   X,R31
                 	.ENDM
                 
                 	.MACRO __PUTD1RN
                 	MOVW R26,R@0
                 	SUBI R26,LOW(-@1)
                 	SBCI R27,HIGH(-@1)
                 	CALL __PUTDP1
                 	.ENDM
                 
                 	.MACRO __PUTB1RNS
                 	MOVW R26,R@0
                 	ADIW R26,@1
                 	ST   X,R30
                 	.ENDM
                 
                 	.MACRO __PUTW1RNS
                 	MOVW R26,R@0
                 	ADIW R26,@1
                 	ST   X+,R30
                 	ST   X,R31
                 	.ENDM
                 
                 	.MACRO __PUTD1RNS
                 	MOVW R26,R@0
                 	ADIW R26,@1
                 	CALL __PUTDP1
                 	.ENDM
                 
                 	.MACRO __PUTB1RON
                 	MOV  R26,R@0
                 	MOV  R27,R@1
                 	SUBI R26,LOW(-@2)
                 	SBCI R27,HIGH(-@2)
                 	ST   X,R30
                 	.ENDM
                 
                 	.MACRO __PUTW1RON
                 	MOV  R26,R@0
                 	MOV  R27,R@1
                 	SUBI R26,LOW(-@2)
                 	SBCI R27,HIGH(-@2)
                 	ST   X+,R30
                 	ST   X,R31
                 	.ENDM
                 
                 	.MACRO __PUTD1RON
                 	MOV  R26,R@0
                 	MOV  R27,R@1
                 	SUBI R26,LOW(-@2)
                 	SBCI R27,HIGH(-@2)
                 	CALL __PUTDP1
                 	.ENDM
                 
                 	.MACRO __PUTB1RONS
                 	MOV  R26,R@0
                 	MOV  R27,R@1
                 	ADIW R26,@2
                 	ST   X,R30
                 	.ENDM
                 
                 	.MACRO __PUTW1RONS
                 	MOV  R26,R@0
                 	MOV  R27,R@1
                 	ADIW R26,@2
                 	ST   X+,R30
                 	ST   X,R31
                 	.ENDM
                 
                 	.MACRO __PUTD1RONS
                 	MOV  R26,R@0
                 	MOV  R27,R@1
                 	ADIW R26,@2
                 	CALL __PUTDP1
                 	.ENDM
                 
                 
                 	.MACRO __GETB1SX
                 	MOVW R30,R28
                 	SUBI R30,LOW(-@0)
                 	SBCI R31,HIGH(-@0)
                 	LD   R30,Z
                 	.ENDM
                 
                 	.MACRO __GETB1HSX
                 	MOVW R30,R28
                 	SUBI R30,LOW(-@0)
                 	SBCI R31,HIGH(-@0)
                 	LD   R31,Z
                 	.ENDM
                 
                 	.MACRO __GETW1SX
                 	MOVW R30,R28
                 	SUBI R30,LOW(-@0)
                 	SBCI R31,HIGH(-@0)
                 	LD   R0,Z+
                 	LD   R31,Z
                 	MOV  R30,R0
                 	.ENDM
                 
                 	.MACRO __GETD1SX
                 	MOVW R30,R28
                 	SUBI R30,LOW(-@0)
                 	SBCI R31,HIGH(-@0)
                 	LD   R0,Z+
                 	LD   R1,Z+
                 	LD   R22,Z+
                 	LD   R23,Z
                 	MOVW R30,R0
                 	.ENDM
                 
                 	.MACRO __GETB2SX
                 	MOVW R26,R28
                 	SUBI R26,LOW(-@0)
                 	SBCI R27,HIGH(-@0)
                 	LD   R26,X
                 	.ENDM
                 
                 	.MACRO __GETW2SX
                 	MOVW R26,R28
                 	SUBI R26,LOW(-@0)
                 	SBCI R27,HIGH(-@0)
                 	LD   R0,X+
                 	LD   R27,X
                 	MOV  R26,R0
                 	.ENDM
                 
                 	.MACRO __GETD2SX
                 	MOVW R26,R28
                 	SUBI R26,LOW(-@0)
                 	SBCI R27,HIGH(-@0)
                 	LD   R0,X+
                 	LD   R1,X+
                 	LD   R24,X+
                 	LD   R25,X
                 	MOVW R26,R0
                 	.ENDM
                 
                 	.MACRO __GETBRSX
                 	MOVW R30,R28
                 	SUBI R30,LOW(-@1)
                 	SBCI R31,HIGH(-@1)
                 	LD   R@0,Z
                 	.ENDM
                 
                 	.MACRO __GETWRSX
                 	MOVW R30,R28
                 	SUBI R30,LOW(-@2)
                 	SBCI R31,HIGH(-@2)
                 	LD   R@0,Z+
                 	LD   R@1,Z
                 	.ENDM
                 
                 	.MACRO __GETBRSX2
                 	MOVW R26,R28
                 	SUBI R26,LOW(-@1)
                 	SBCI R27,HIGH(-@1)
                 	LD   R@0,X
                 	.ENDM
                 
                 	.MACRO __GETWRSX2
                 	MOVW R26,R28
                 	SUBI R26,LOW(-@2)
                 	SBCI R27,HIGH(-@2)
                 	LD   R@0,X+
                 	LD   R@1,X
                 	.ENDM
                 
                 	.MACRO __LSLW8SX
                 	MOVW R30,R28
                 	SUBI R30,LOW(-@0)
                 	SBCI R31,HIGH(-@0)
                 	LD   R31,Z
                 	CLR  R30
                 	.ENDM
                 
                 	.MACRO __PUTB1SX
                 	MOVW R26,R28
                 	SUBI R26,LOW(-@0)
                 	SBCI R27,HIGH(-@0)
                 	ST   X,R30
                 	.ENDM
                 
                 	.MACRO __PUTW1SX
                 	MOVW R26,R28
                 	SUBI R26,LOW(-@0)
                 	SBCI R27,HIGH(-@0)
                 	ST   X+,R30
                 	ST   X,R31
                 	.ENDM
                 
                 	.MACRO __PUTD1SX
                 	MOVW R26,R28
                 	SUBI R26,LOW(-@0)
                 	SBCI R27,HIGH(-@0)
                 	ST   X+,R30
                 	ST   X+,R31
                 	ST   X+,R22
                 	ST   X,R23
                 	.ENDM
                 
                 	.MACRO __CLRW1SX
                 	MOVW R26,R28
                 	SUBI R26,LOW(-@0)
                 	SBCI R27,HIGH(-@0)
                 	ST   X+,R30
                 	ST   X,R30
                 	.ENDM
                 
                 	.MACRO __CLRD1SX
                 	MOVW R26,R28
                 	SUBI R26,LOW(-@0)
                 	SBCI R27,HIGH(-@0)
                 	ST   X+,R30
                 	ST   X+,R30
                 	ST   X+,R30
                 	ST   X,R30
                 	.ENDM
                 
                 	.MACRO __PUTB2SX
                 	MOVW R30,R28
                 	SUBI R30,LOW(-@0)
                 	SBCI R31,HIGH(-@0)
                 	ST   Z,R26
                 	.ENDM
                 
                 	.MACRO __PUTW2SX
                 	MOVW R30,R28
                 	SUBI R30,LOW(-@0)
                 	SBCI R31,HIGH(-@0)
                 	ST   Z+,R26
                 	ST   Z,R27
                 	.ENDM
                 
                 	.MACRO __PUTD2SX
                 	MOVW R30,R28
                 	SUBI R30,LOW(-@0)
                 	SBCI R31,HIGH(-@0)
                 	ST   Z+,R26
                 	ST   Z+,R27
                 	ST   Z+,R24
                 	ST   Z,R25
                 	.ENDM
                 
                 	.MACRO __PUTBSRX
                 	MOVW R30,R28
                 	SUBI R30,LOW(-@1)
                 	SBCI R31,HIGH(-@1)
                 	ST   Z,R@0
                 	.ENDM
                 
                 	.MACRO __PUTWSRX
                 	MOVW R30,R28
                 	SUBI R30,LOW(-@2)
                 	SBCI R31,HIGH(-@2)
                 	ST   Z+,R@0
                 	ST   Z,R@1
                 	.ENDM
                 
                 	.MACRO __PUTB1SNX
                 	MOVW R26,R28
                 	SUBI R26,LOW(-@0)
                 	SBCI R27,HIGH(-@0)
                 	LD   R0,X+
                 	LD   R27,X
                 	MOV  R26,R0
                 	SUBI R26,LOW(-@1)
                 	SBCI R27,HIGH(-@1)
                 	ST   X,R30
                 	.ENDM
                 
                 	.MACRO __PUTW1SNX
                 	MOVW R26,R28
                 	SUBI R26,LOW(-@0)
                 	SBCI R27,HIGH(-@0)
                 	LD   R0,X+
                 	LD   R27,X
                 	MOV  R26,R0
                 	SUBI R26,LOW(-@1)
                 	SBCI R27,HIGH(-@1)
                 	ST   X+,R30
                 	ST   X,R31
                 	.ENDM
                 
                 	.MACRO __PUTD1SNX
                 	MOVW R26,R28
                 	SUBI R26,LOW(-@0)
                 	SBCI R27,HIGH(-@0)
                 	LD   R0,X+
                 	LD   R27,X
                 	MOV  R26,R0
                 	SUBI R26,LOW(-@1)
                 	SBCI R27,HIGH(-@1)
                 	ST   X+,R30
                 	ST   X+,R31
                 	ST   X+,R22
                 	ST   X,R23
                 	.ENDM
                 
                 	.MACRO __MULBRR
                 	MULS R@0,R@1
                 	MOVW R30,R0
                 	.ENDM
                 
                 	.MACRO __MULBRRU
                 	MUL  R@0,R@1
                 	MOVW R30,R0
                 	.ENDM
                 
                 	.MACRO __MULBRR0
                 	MULS R@0,R@1
                 	.ENDM
                 
                 	.MACRO __MULBRRU0
                 	MUL  R@0,R@1
                 	.ENDM
                 
                 	.MACRO __MULBNWRU
                 	LDI  R26,@2
                 	MUL  R26,R@0
                 	MOVW R30,R0
                 	MUL  R26,R@1
                 	ADD  R31,R0
                 	.ENDM
                 
                 ;NAME DEFINITIONS FOR GLOBAL VARIABLES ALLOCATED TO REGISTERS
                 	.DEF _count=R5
                 	.DEF _indeks=R4
                 	.DEF _detik=R7
                 	.DEF _menit=R6
                 	.DEF _jam=R9
                 	.DEF __lcd_x=R8
                 	.DEF __lcd_y=R11
                 	.DEF __lcd_maxx=R10
                 
                 	.CSEG
                 	.ORG 0x00
                 
                 ;START OF CODE MARKER
                 __START_OF_CODE:
                 
                 ;INTERRUPT VECTORS
000000 940c 007b 	JMP  __RESET
000002 940c 0000 	JMP  0x00
000004 940c 0000 	JMP  0x00
000006 940c 0000 	JMP  0x00
000008 940c 0000 	JMP  0x00
00000a 940c 0000 	JMP  0x00
00000c 940c 0000 	JMP  0x00
00000e 940c 0000 	JMP  0x00
000010 940c 0000 	JMP  0x00
000012 940c 00ab 	JMP  _timer0_ovf_isr
000014 940c 0000 	JMP  0x00
000016 940c 0000 	JMP  0x00
000018 940c 0000 	JMP  0x00
00001a 940c 0000 	JMP  0x00
00001c 940c 0000 	JMP  0x00
00001e 940c 0000 	JMP  0x00
000020 940c 0000 	JMP  0x00
000022 940c 0000 	JMP  0x00
000024 940c 0000 	JMP  0x00
000026 940c 0000 	JMP  0x00
000028 940c 0000 	JMP  0x00
                 
                 _tbl10_G100:
00002a 2710
00002b 03e8
00002c 0064
00002d 000a      	.DB  0x10,0x27,0xE8,0x3,0x64,0x0,0xA,0x0
00002e 0001      	.DB  0x1,0x0
                 _tbl16_G100:
00002f 1000
000030 0100
000031 0010
000032 0001      	.DB  0x0,0x10,0x0,0x1,0x10,0x0,0x1,0x0
                 
                 _0x18:
000033 0000
000034 0000
000035 0000      	.DB  0x0,0x0,0x0,0x0,0x0,0x0
                 _0x0:
000036 6954
000037 656d
000038 2072
000039 6425      	.DB  0x54,0x69,0x6D,0x65,0x72,0x20,0x25,0x64
00003a 253a
00003b 3a64
00003c 6425
00003d 253a      	.DB  0x3A,0x25,0x64,0x3A,0x25,0x64,0x3A,0x25
00003e 0064
00003f 5453
000040 5241
000041 0054      	.DB  0x64,0x0,0x53,0x54,0x41,0x52,0x54,0x0
000042 5453
000043 504f
000044 5300
000045 4154      	.DB  0x53,0x54,0x4F,0x50,0x0,0x53,0x54,0x41
000046 5452
000047 2020
000048 2020
000049 2020      	.DB  0x52,0x54,0x20,0x20,0x20,0x20,0x20,0x20
00004a 4552
00004b 4553
00004c 0054
00004d 2020      	.DB  0x52,0x45,0x53,0x45,0x54,0x0,0x20,0x20
00004e 2020
00004f 6f4c
000050 6461
000051 6e69      	.DB  0x20,0x20,0x4C,0x6F,0x61,0x64,0x69,0x6E
000052 2167
000053 2020
000054 2e00
000055 2e2e      	.DB  0x67,0x21,0x20,0x20,0x0,0x2E,0x2E,0x2E
000056 002e
000057 2e2e
000058 2e2e
000059 2e2e      	.DB  0x2E,0x0,0x2E,0x2E,0x2E,0x2E,0x2E,0x2E
00005a 2e2e
00005b 2e00
00005c 2e2e
00005d 2e2e      	.DB  0x2E,0x2E,0x0,0x2E,0x2E,0x2E,0x2E,0x2E
00005e 2e2e
00005f 2e2e
000060 2e2e
000061 002e      	.DB  0x2E,0x2E,0x2E,0x2E,0x2E,0x2E,0x2E,0x0
000062 2e2e
000063 2e2e
000064 2e2e
000065 2e2e      	.DB  0x2E,0x2E,0x2E,0x2E,0x2E,0x2E,0x2E,0x2E
000066 2e2e
000067 2e2e
000068 2e2e
000069 002e      	.DB  0x2E,0x2E,0x2E,0x2E,0x2E,0x2E,0x2E,0x0
                 _0x2020060:
C:\Users\ical\Desktop\test-program\abi-stopwatch\List\swrev2.asm(1133): warning: .cseg .db misalignment - padding zero byte
00006a 0001      	.DB  0x1
                 _0x2020000:
00006b 4e2d
00006c 4e41
00006d 4900
00006e 464e      	.DB  0x2D,0x4E,0x41,0x4E,0x0,0x49,0x4E,0x46
C:\Users\ical\Desktop\test-program\abi-stopwatch\List\swrev2.asm(1136): warning: .cseg .db misalignment - padding zero byte
00006f 0000      	.DB  0x0
                 _0x2040003:
000070 c080      	.DB  0x80,0xC0
                 
                 __GLOBAL_INI_TBL:
000071 0006      	.DW  0x06
000072 0004      	.DW  0x04
000073 0066      	.DW  _0x18*2
                 
000074 0001      	.DW  0x01
000075 0170      	.DW  __seed_G101
000076 00d4      	.DW  _0x2020060*2
                 
000077 0002      	.DW  0x02
000078 0174      	.DW  __base_y_G102
000079 00e0      	.DW  _0x2040003*2
                 
                 _0xFFFFFFFF:
00007a 0000      	.DW  0
                 
                 __RESET:
00007b 94f8      	CLI
00007c 27ee      	CLR  R30
00007d bbec      	OUT  EECR,R30
                 
                 ;INTERRUPT VECTORS ARE PLACED
                 ;AT THE START OF FLASH
00007e e0f1      	LDI  R31,1
00007f bffb      	OUT  GICR,R31
000080 bfeb      	OUT  GICR,R30
000081 bfe5      	OUT  MCUCR,R30
                 
                 ;DISABLE WATCHDOG
000082 e1f8      	LDI  R31,0x18
000083 bdf1      	OUT  WDTCR,R31
000084 bde1      	OUT  WDTCR,R30
                 
                 ;CLEAR R2-R14
000085 e08d      	LDI  R24,(14-2)+1
000086 e0a2      	LDI  R26,2
000087 27bb      	CLR  R27
                 __CLEAR_REG:
000088 93ed      	ST   X+,R30
000089 958a      	DEC  R24
00008a f7e9      	BRNE __CLEAR_REG
                 
                 ;CLEAR SRAM
00008b e080      	LDI  R24,LOW(__CLEAR_SRAM_SIZE)
00008c e094      	LDI  R25,HIGH(__CLEAR_SRAM_SIZE)
00008d e6a0      	LDI  R26,__SRAM_START
                 __CLEAR_SRAM:
00008e 93ed      	ST   X+,R30
00008f 9701      	SBIW R24,1
000090 f7e9      	BRNE __CLEAR_SRAM
                 
                 ;GLOBAL VARIABLES INITIALIZATION
000091 eee2      	LDI  R30,LOW(__GLOBAL_INI_TBL*2)
000092 e0f0      	LDI  R31,HIGH(__GLOBAL_INI_TBL*2)
                 __GLOBAL_INI_NEXT:
000093 9185      	LPM  R24,Z+
000094 9195      	LPM  R25,Z+
000095 9700      	SBIW R24,0
000096 f061      	BREQ __GLOBAL_INI_END
000097 91a5      	LPM  R26,Z+
000098 91b5      	LPM  R27,Z+
000099 9005      	LPM  R0,Z+
00009a 9015      	LPM  R1,Z+
00009b 01bf      	MOVW R22,R30
00009c 01f0      	MOVW R30,R0
                 __GLOBAL_INI_LOOP:
00009d 9005      	LPM  R0,Z+
00009e 920d      	ST   X+,R0
00009f 9701      	SBIW R24,1
0000a0 f7e1      	BRNE __GLOBAL_INI_LOOP
0000a1 01fb      	MOVW R30,R22
0000a2 cff0      	RJMP __GLOBAL_INI_NEXT
                 __GLOBAL_INI_END:
                 
                 ;HARDWARE STACK POINTER INITIALIZATION
0000a3 e5ef      	LDI  R30,LOW(__SRAM_END-__HEAP_SIZE)
0000a4 bfed      	OUT  SPL,R30
0000a5 e0e4      	LDI  R30,HIGH(__SRAM_END-__HEAP_SIZE)
0000a6 bfee      	OUT  SPH,R30
                 
                 ;DATA STACK POINTER INITIALIZATION
0000a7 e6c0      	LDI  R28,LOW(__SRAM_START+__DSTACK_SIZE)
0000a8 e0d1      	LDI  R29,HIGH(__SRAM_START+__DSTACK_SIZE)
                 
0000a9 940c 0135 	JMP  _main
                 
                 	.ESEG
                 	.ORG 0
                 
                 	.DSEG
                 	.ORG 0x160
                 
                 	.CSEG
                 ;/*****************************************************
                 ;This program was produced by the
                 ;CodeWizardAVR V2.05.3 Standard
                 ;Automatic Program Generator
                 ;© Copyright 1998-2011 Pavel Haiduc, HP InfoTech s.r.l.
                 ;http://www.hpinfotech.com
                 ;
                 ;Project :
                 ;Version :
                 ;Date    : 6/5/2012
                 ;Author  : PerTic@n
                 ;Company : If You Like This Software,Buy It
                 ;Comments:
                 ;
                 ;
                 ;Chip type               : ATmega16
                 ;Program type            : Application
                 ;AVR Core Clock frequency: 12.000000 MHz
                 ;Memory model            : Small
                 ;External RAM size       : 0
                 ;Data Stack size         : 256
                 ;*****************************************************/
                 ;
                 ;unsigned char count, temp[16], indeks=0;
                 ;unsigned char detik=0, menit=0, jam=0;
                 ;
                 ;#include <mega16.h>
                 	#ifndef __SLEEP_DEFINED__
                 	#define __SLEEP_DEFINED__
                 	.EQU __se_bit=0x40
                 	.EQU __sm_mask=0xB0
                 	.EQU __sm_powerdown=0x20
                 	.EQU __sm_powersave=0x30
                 	.EQU __sm_standby=0xA0
                 	.EQU __sm_ext_standby=0xB0
                 	.EQU __sm_adc_noise_red=0x10
                 	.SET power_ctrl_reg=mcucr
                 	#endif
                 ;#include <delay.h>
                 ;#include <stdio.h>
                 ;#include <stdlib.h>
                 ;
                 ;// Alphanumeric LCD functions
                 ;#asm
                         .equ __lcd_port=0x15 ;PORTC
                 ; 0000 0023 #endasm
                 ;
                 ;#include <alcd.h>
                 ;
                 ;
                 ;// Timer 0 overflow interrupt service routine
                 ;interrupt [TIM0_OVF] void timer0_ovf_isr(void)
                 ; 0000 002A {
                 
                 	.CSEG
                 _timer0_ovf_isr:
0000ab 93ea      	ST   -Y,R30
0000ac b7ef      	IN   R30,SREG
0000ad 93ea      	ST   -Y,R30
                 ; 0000 002B // Reinitialize Timer 0 value
                 ; 0000 002C TCNT0=0x8A;
0000ae e8ea      	LDI  R30,LOW(138)
0000af bfe2      	OUT  0x32,R30
                 ; 0000 002D count++;
0000b0 9453      	INC  R5
                 ; 0000 002E }
0000b1 91e9      	LD   R30,Y+
0000b2 bfef      	OUT  SREG,R30
0000b3 91e9      	LD   R30,Y+
0000b4 9518      	RETI
                 ;//-------------------------------------------------------
                 ;
                 ;//subrutin hitung waktu
                 ;void hitung_waktu()
                 ; 0000 0033 {
                 _hitung_waktu:
                 ; 0000 0034 if (count>=100)
0000b5 e6e4      	LDI  R30,LOW(100)
0000b6 165e      	CP   R5,R30
0000b7 f020      	BRLO _0x3
                 ; 0000 0035     {
                 ; 0000 0036     lcd_clear();
0000b8 940e 0343 	CALL _lcd_clear
                 ; 0000 0037     detik++;
0000ba 9473      	INC  R7
                 ; 0000 0038     count=0;
0000bb 2455      	CLR  R5
                 ; 0000 0039     }
                 ; 0000 003A 
                 ; 0000 003B if (detik>=60)
                 _0x3:
0000bc e3ec      	LDI  R30,LOW(60)
0000bd 167e      	CP   R7,R30
0000be f010      	BRLO _0x4
                 ; 0000 003C     {
                 ; 0000 003D     menit++;
0000bf 9463      	INC  R6
                 ; 0000 003E     detik=0;
0000c0 2477      	CLR  R7
                 ; 0000 003F     }
                 ; 0000 0040 
                 ; 0000 0041 if (menit>=60)
                 _0x4:
0000c1 e3ec      	LDI  R30,LOW(60)
0000c2 166e      	CP   R6,R30
0000c3 f010      	BRLO _0x5
                 ; 0000 0042     {
                 ; 0000 0043     jam++;
0000c4 9493      	INC  R9
                 ; 0000 0044     menit=0;
0000c5 2466      	CLR  R6
                 ; 0000 0045     }
                 ; 0000 0046 }
                 _0x5:
0000c6 9508      	RET
                 ;//-------------------------------------------------------
                 ;
                 ;//subrutin input tombol
                 ;void detek_tombol()
                 ; 0000 004B {
                 _detek_tombol:
                 ; 0000 004C if (PINA.0==0 && (indeks==0 || indeks==2))//run timer
0000c7 e0a0      	LDI  R26,0
0000c8 99c8      	SBIC 0x19,0
0000c9 e0a1      	LDI  R26,1
0000ca 30a0      	CPI  R26,LOW(0x0)
0000cb f439      	BRNE _0x7
0000cc e0e0      	LDI  R30,LOW(0)
0000cd 15e4      	CP   R30,R4
0000ce f019      	BREQ _0x8
0000cf e0e2      	LDI  R30,LOW(2)
0000d0 15e4      	CP   R30,R4
0000d1 f409      	BRNE _0x7
                 _0x8:
0000d2 c001      	RJMP _0xA
                 _0x7:
0000d3 c005      	RJMP _0x6
                 _0xA:
                 ; 0000 004D     {
                 ; 0000 004E     indeks=1;
0000d4 e0e1      	LDI  R30,LOW(1)
0000d5 2e4e      	MOV  R4,R30
                 ; 0000 004F     TIMSK=0x01;
0000d6 bfe9      	OUT  0x39,R30
                 ; 0000 0050     lcd_clear();
0000d7 940e 0343 	CALL _lcd_clear
                 ; 0000 0051     }
                 ; 0000 0052 
                 ; 0000 0053 if (PINA.1==0 && indeks==1)//stop timer
                 _0x6:
0000d9 e0a0      	LDI  R26,0
0000da 99c9      	SBIC 0x19,1
0000db e0a1      	LDI  R26,1
0000dc 30a0      	CPI  R26,LOW(0x0)
0000dd f419      	BRNE _0xC
0000de e0e1      	LDI  R30,LOW(1)
0000df 15e4      	CP   R30,R4
0000e0 f009      	BREQ _0xD
                 _0xC:
0000e1 c006      	RJMP _0xB
                 _0xD:
                 ; 0000 0054     {
                 ; 0000 0055     indeks=2;
0000e2 e0e2      	LDI  R30,LOW(2)
0000e3 2e4e      	MOV  R4,R30
                 ; 0000 0056     TIMSK=0x00;
0000e4 e0e0      	LDI  R30,LOW(0)
0000e5 bfe9      	OUT  0x39,R30
                 ; 0000 0057     lcd_clear();
0000e6 940e 0343 	CALL _lcd_clear
                 ; 0000 0058     }
                 ; 0000 0059 
                 ; 0000 005A if (PINA.2==0 && indeks==2)//reset timer
                 _0xB:
0000e8 e0a0      	LDI  R26,0
0000e9 99ca      	SBIC 0x19,2
0000ea e0a1      	LDI  R26,1
0000eb 30a0      	CPI  R26,LOW(0x0)
0000ec f419      	BRNE _0xF
0000ed e0e2      	LDI  R30,LOW(2)
0000ee 15e4      	CP   R30,R4
0000ef f009      	BREQ _0x10
                 _0xF:
0000f0 c007      	RJMP _0xE
                 _0x10:
                 ; 0000 005B     {
                 ; 0000 005C     indeks=0;
0000f1 2444      	CLR  R4
                 ; 0000 005D     count=0;
0000f2 2455      	CLR  R5
                 ; 0000 005E     detik=0;
0000f3 2477      	CLR  R7
                 ; 0000 005F     menit=0;
0000f4 2466      	CLR  R6
                 ; 0000 0060     jam=0;
0000f5 2499      	CLR  R9
                 ; 0000 0061     lcd_clear();
0000f6 940e 0343 	CALL _lcd_clear
                 ; 0000 0062     }
                 ; 0000 0063 }
                 _0xE:
0000f8 9508      	RET
                 ;//-------------------------------------------------------
                 ;
                 ;//subrutin tampil ke lcd
                 ;void tampil_lcd()
                 ; 0000 0068 {
                 _tampil_lcd:
                 ; 0000 0069 lcd_gotoxy(0,0);
0000f9 e0e0      	LDI  R30,LOW(0)
0000fa 93ea      	ST   -Y,R30
0000fb e0a0      	LDI  R26,LOW(0)
0000fc 940e 0336 	CALL _lcd_gotoxy
                 ; 0000 006A sprintf(temp,"Timer %d:%d:%d:%d",jam,menit,detik,count);
0000fe e6e0      	LDI  R30,LOW(_temp)
0000ff e0f1      	LDI  R31,HIGH(_temp)
000100 93fa      	ST   -Y,R31
000101 93ea      	ST   -Y,R30
                +
000102 e6ec     +LDI R30 , LOW ( 2 * _0x0 + ( 0 ) )
000103 e0f0     +LDI R31 , HIGH ( 2 * _0x0 + ( 0 ) )
                 	__POINTW1FN _0x0,0
000104 93fa      	ST   -Y,R31
000105 93ea      	ST   -Y,R30
000106 2de9      	MOV  R30,R9
000107 940e 03cd 	CALL SUBOPT_0x0
000109 2de6      	MOV  R30,R6
00010a 940e 03cd 	CALL SUBOPT_0x0
00010c 2de7      	MOV  R30,R7
00010d 940e 03cd 	CALL SUBOPT_0x0
00010f 2de5      	MOV  R30,R5
000110 940e 03cd 	CALL SUBOPT_0x0
000112 e180      	LDI  R24,16
000113 940e 02e2 	CALL _sprintf
000115 9664      	ADIW R28,20
                 ; 0000 006B lcd_puts(temp);//tampilkan waktu di LCD baris pertama
000116 e6a0      	LDI  R26,LOW(_temp)
000117 e0b1      	LDI  R27,HIGH(_temp)
000118 940e 0364 	CALL _lcd_puts
                 ; 0000 006C 
                 ; 0000 006D if (indeks==0)
00011a 2044      	TST  R4
00011b f431      	BRNE _0x11
                 ; 0000 006E     {
                 ; 0000 006F     lcd_gotoxy(0,1);
00011c 940e 03d3 	CALL SUBOPT_0x1
                 ; 0000 0070     lcd_putsf("START");
                +
00011e e7ae     +LDI R26 , LOW ( 2 * _0x0 + ( 18 ) )
00011f e0b0     +LDI R27 , HIGH ( 2 * _0x0 + ( 18 ) )
                 	__POINTW2FN _0x0,18
000120 940e 0373 	CALL _lcd_putsf
                 ; 0000 0071     }
                 ; 0000 0072 
                 ; 0000 0073 if (indeks==1)
                 _0x11:
000122 e0e1      	LDI  R30,LOW(1)
000123 15e4      	CP   R30,R4
000124 f431      	BRNE _0x12
                 ; 0000 0074     {
                 ; 0000 0075     lcd_gotoxy(0,1);
000125 940e 03d3 	CALL SUBOPT_0x1
                 ; 0000 0076     lcd_putsf("STOP");
                +
000127 e8a4     +LDI R26 , LOW ( 2 * _0x0 + ( 24 ) )
000128 e0b0     +LDI R27 , HIGH ( 2 * _0x0 + ( 24 ) )
                 	__POINTW2FN _0x0,24
000129 940e 0373 	CALL _lcd_putsf
                 ; 0000 0077     }
                 ; 0000 0078 
                 ; 0000 0079 if (indeks==2)
                 _0x12:
00012b e0e2      	LDI  R30,LOW(2)
00012c 15e4      	CP   R30,R4
00012d f431      	BRNE _0x13
                 ; 0000 007A     {
                 ; 0000 007B     lcd_gotoxy(0,1);
00012e 940e 03d3 	CALL SUBOPT_0x1
                 ; 0000 007C     lcd_putsf("START      RESET");
                +
000130 e8a9     +LDI R26 , LOW ( 2 * _0x0 + ( 29 ) )
000131 e0b0     +LDI R27 , HIGH ( 2 * _0x0 + ( 29 ) )
                 	__POINTW2FN _0x0,29
000132 940e 0373 	CALL _lcd_putsf
                 ; 0000 007D     }
                 ; 0000 007E }
                 _0x13:
000134 9508      	RET
                 ;//-------------------------------------------------------
                 ;
                 ;// Declare your global variables here
                 ;void main(void)
                 ; 0000 0083 {
                 _main:
                 ; 0000 0084 //--------------------------------------------------------
                 ; 0000 0085 // Declare your local variables here
                 ; 0000 0086 PORTA=0x0f;
000135 e0ef      	LDI  R30,LOW(15)
000136 bbeb      	OUT  0x1B,R30
                 ; 0000 0087 DDRA=0x00;
000137 e0e0      	LDI  R30,LOW(0)
000138 bbea      	OUT  0x1A,R30
                 ; 0000 0088 
                 ; 0000 0089 // Timer/Counter 0 initialization
                 ; 0000 008A // Clock source: System Clock
                 ; 0000 008B // Clock value: 11.719 kHz
                 ; 0000 008C // Mode: Normal top=FFh
                 ; 0000 008D // OC0 output: Disconnected
                 ; 0000 008E TCCR0=0x05;
000139 e0e5      	LDI  R30,LOW(5)
00013a bfe3      	OUT  0x33,R30
                 ; 0000 008F TCNT0=0x8A;
00013b e8ea      	LDI  R30,LOW(138)
00013c bfe2      	OUT  0x32,R30
                 ; 0000 0090 OCR0=0x00;
00013d e0e0      	LDI  R30,LOW(0)
00013e bfec      	OUT  0x3C,R30
                 ; 0000 0091 
                 ; 0000 0092 // Timer(s)/Counter(s) Interrupt(s) initialization
                 ; 0000 0093 //TIMSK=0x00;
                 ; 0000 0094 
                 ; 0000 0095 // Analog Comparator initialization
                 ; 0000 0096 // Analog Comparator: Off
                 ; 0000 0097 // Analog Comparator Input Capture by Timer/Counter 1: Off
                 ; 0000 0098 ACSR=0x80;
00013f e8e0      	LDI  R30,LOW(128)
000140 b9e8      	OUT  0x8,R30
                 ; 0000 0099 SFIOR=0x00;
000141 e0e0      	LDI  R30,LOW(0)
000142 bfe0      	OUT  0x30,R30
                 ; 0000 009A //------------------------------------------------------------
                 ; 0000 009B // Alphanumeric LCD initialization
                 ; 0000 009C // Connections are specified in the
                 ; 0000 009D // Project|Configure|C Compiler|Libraries|Alphanumeric LCD menu:
                 ; 0000 009E // RS - PORTC Bit 0
                 ; 0000 009F // RD - PORTC Bit 1
                 ; 0000 00A0 // EN - PORTC Bit 2
                 ; 0000 00A1 // D4 - PORTC Bit 4
                 ; 0000 00A2 // D5 - PORTC Bit 5
                 ; 0000 00A3 // D6 - PORTC Bit 6
                 ; 0000 00A4 // D7 - PORTC Bit 7
                 ; 0000 00A5 // Characters/line: 16
                 ; 0000 00A6 lcd_init(16);
000143 e1a0      	LDI  R26,LOW(16)
000144 940e 0386 	CALL _lcd_init
                 ; 0000 00A7         lcd_clear();
000146 940e 0343 	CALL _lcd_clear
                 ; 0000 00A8         lcd_gotoxy(0,0);
000148 e0e0      	LDI  R30,LOW(0)
000149 93ea      	ST   -Y,R30
00014a e0a0      	LDI  R26,LOW(0)
00014b 940e 0336 	CALL _lcd_gotoxy
                 ; 0000 00A9         lcd_putsf("    Loading!  ");
                +
00014d e9aa     +LDI R26 , LOW ( 2 * _0x0 + ( 46 ) )
00014e e0b0     +LDI R27 , HIGH ( 2 * _0x0 + ( 46 ) )
                 	__POINTW2FN _0x0,46
00014f 940e 0373 	CALL _lcd_putsf
                 ; 0000 00AA         lcd_gotoxy(0,1);
000151 940e 03d3 	CALL SUBOPT_0x1
                 ; 0000 00AB         lcd_putsf("....");
                +
000153 eaa9     +LDI R26 , LOW ( 2 * _0x0 + ( 61 ) )
000154 e0b0     +LDI R27 , HIGH ( 2 * _0x0 + ( 61 ) )
                 	__POINTW2FN _0x0,61
000155 940e 03d8 	CALL SUBOPT_0x2
                 ; 0000 00AC         delay_ms(3000);
                 ; 0000 00AD         lcd_putsf("........");
                +
000157 eaae     +LDI R26 , LOW ( 2 * _0x0 + ( 66 ) )
000158 e0b0     +LDI R27 , HIGH ( 2 * _0x0 + ( 66 ) )
                 	__POINTW2FN _0x0,66
000159 940e 03d8 	CALL SUBOPT_0x2
                 ; 0000 00AE         delay_ms(3000);
                 ; 0000 00AF         lcd_putsf("............");
                +
00015b eba7     +LDI R26 , LOW ( 2 * _0x0 + ( 75 ) )
00015c e0b0     +LDI R27 , HIGH ( 2 * _0x0 + ( 75 ) )
                 	__POINTW2FN _0x0,75
00015d 940e 03d8 	CALL SUBOPT_0x2
                 ; 0000 00B0         delay_ms(3000);
                 ; 0000 00B1         lcd_putsf("...............");
                +
00015f eca4     +LDI R26 , LOW ( 2 * _0x0 + ( 88 ) )
000160 e0b0     +LDI R27 , HIGH ( 2 * _0x0 + ( 88 ) )
                 	__POINTW2FN _0x0,88
000161 940e 03d8 	CALL SUBOPT_0x2
                 ; 0000 00B2         delay_ms(3000);lcd_clear();
000163 940e 0343 	CALL _lcd_clear
                 ; 0000 00B3 
                 ; 0000 00B4 // Global enable interrupts
                 ; 0000 00B5 #asm("sei")
000165 9478      	sei
                 ; 0000 00B6 
                 ; 0000 00B7 
                 ; 0000 00B8 while (1)
                 _0x14:
                 ; 0000 00B9       {
                 ; 0000 00BA       // Place your code here
                 ; 0000 00BB       detek_tombol();
000166 df60      	RCALL _detek_tombol
                 ; 0000 00BC       hitung_waktu();
000167 df4d      	RCALL _hitung_waktu
                 ; 0000 00BD       tampil_lcd();
000168 df90      	RCALL _tampil_lcd
                 ; 0000 00BE       }
000169 cffc      	RJMP _0x14
                 ; 0000 00BF }
                 _0x17:
00016a cfff      	RJMP _0x17
                 	#ifndef __SLEEP_DEFINED__
                 	#endif
                 
                 	.CSEG
                 _put_buff_G100:
00016b 93ba      	ST   -Y,R27
00016c 93aa      	ST   -Y,R26
00016d 931a      	ST   -Y,R17
00016e 930a      	ST   -Y,R16
00016f 81aa      	LDD  R26,Y+2
000170 81bb      	LDD  R27,Y+2+1
000171 9612      	ADIW R26,2
000172 940e 042a 	CALL __GETW1P
000174 9730      	SBIW R30,0
000175 f159      	BREQ _0x2000010
000176 81aa      	LDD  R26,Y+2
000177 81bb      	LDD  R27,Y+2+1
000178 9614      	ADIW R26,4
000179 940e 042a 	CALL __GETW1P
00017b 018f      	MOVW R16,R30
00017c 9730      	SBIW R30,0
00017d f061      	BREQ _0x2000012
                +
00017e 3002     +CPI R16 , LOW ( 2 )
00017f e0e0     +LDI R30 , HIGH ( 2 )
000180 071e     +CPC R17 , R30
                 	__CPWRN 16,17,2
000181 f0f0      	BRLO _0x2000013
000182 01f8      	MOVW R30,R16
000183 9731      	SBIW R30,1
000184 018f      	MOVW R16,R30
                +
000185 81aa     +LDD R26 , Y + 2
000186 81bb     +LDD R27 , Y + 2 + 1
000187 9614     +ADIW R26 , 4
000188 93ed     +ST X + , R30
000189 93fc     +ST X , R31
                 	__PUTW1SNS 2,4
                 _0x2000012:
00018a 81aa      	LDD  R26,Y+2
00018b 81bb      	LDD  R27,Y+2+1
00018c 9612      	ADIW R26,2
00018d 91ed      	LD   R30,X+
00018e 91fd      	LD   R31,X+
00018f 9631      	ADIW R30,1
000190 93fe      	ST   -X,R31
000191 93ee      	ST   -X,R30
000192 9731      	SBIW R30,1
000193 81ac      	LDD  R26,Y+4
000194 83a0      	STD  Z+0,R26
000195 81aa      	LDD  R26,Y+2
000196 81bb      	LDD  R27,Y+2+1
000197 940e 042a 	CALL __GETW1P
000199 23ff      	TST  R31
00019a f02a      	BRMI _0x2000014
00019b 91ed      	LD   R30,X+
00019c 91fd      	LD   R31,X+
00019d 9631      	ADIW R30,1
00019e 93fe      	ST   -X,R31
00019f 93ee      	ST   -X,R30
                 _0x2000014:
                 _0x2000013:
0001a0 c006      	RJMP _0x2000015
                 _0x2000010:
0001a1 81aa      	LDD  R26,Y+2
0001a2 81bb      	LDD  R27,Y+2+1
0001a3 efef      	LDI  R30,LOW(65535)
0001a4 efff      	LDI  R31,HIGH(65535)
0001a5 93ed      	ST   X+,R30
0001a6 93fc      	ST   X,R31
                 _0x2000015:
0001a7 8119      	LDD  R17,Y+1
0001a8 8108      	LDD  R16,Y+0
0001a9 9625      	ADIW R28,5
0001aa 9508      	RET
                 __print_G100:
0001ab 93ba      	ST   -Y,R27
0001ac 93aa      	ST   -Y,R26
0001ad 9726      	SBIW R28,6
0001ae 940e 0437 	CALL __SAVELOCR6
0001b0 e010      	LDI  R17,0
0001b1 85ac      	LDD  R26,Y+12
0001b2 85bd      	LDD  R27,Y+12+1
0001b3 e0e0      	LDI  R30,LOW(0)
0001b4 e0f0      	LDI  R31,HIGH(0)
0001b5 93ed      	ST   X+,R30
0001b6 93fc      	ST   X,R31
                 _0x2000016:
0001b7 89ea      	LDD  R30,Y+18
0001b8 89fb      	LDD  R31,Y+18+1
0001b9 9631      	ADIW R30,1
0001ba 8bea      	STD  Y+18,R30
0001bb 8bfb      	STD  Y+18+1,R31
0001bc 9731      	SBIW R30,1
0001bd 91e4      	LPM  R30,Z
0001be 2f2e      	MOV  R18,R30
0001bf 30e0      	CPI  R30,0
0001c0 f411      	BRNE PC+3
0001c1 940c 02da 	JMP _0x2000018
0001c3 2fe1      	MOV  R30,R17
0001c4 30e0      	CPI  R30,0
0001c5 f439      	BRNE _0x200001C
0001c6 3225      	CPI  R18,37
0001c7 f411      	BRNE _0x200001D
0001c8 e011      	LDI  R17,LOW(1)
0001c9 c002      	RJMP _0x200001E
                 _0x200001D:
0001ca 940e 03de 	CALL SUBOPT_0x3
                 _0x200001E:
0001cc c10c      	RJMP _0x200001B
                 _0x200001C:
0001cd 30e1      	CPI  R30,LOW(0x1)
0001ce f4a9      	BRNE _0x200001F
0001cf 3225      	CPI  R18,37
0001d0 f419      	BRNE _0x2000020
0001d1 940e 03de 	CALL SUBOPT_0x3
0001d3 c104      	RJMP _0x20000C9
                 _0x2000020:
0001d4 e012      	LDI  R17,LOW(2)
0001d5 e040      	LDI  R20,LOW(0)
0001d6 e000      	LDI  R16,LOW(0)
0001d7 322d      	CPI  R18,45
0001d8 f411      	BRNE _0x2000021
0001d9 e001      	LDI  R16,LOW(1)
0001da c0fe      	RJMP _0x200001B
                 _0x2000021:
0001db 322b      	CPI  R18,43
0001dc f411      	BRNE _0x2000022
0001dd e24b      	LDI  R20,LOW(43)
0001de c0fa      	RJMP _0x200001B
                 _0x2000022:
0001df 3220      	CPI  R18,32
0001e0 f411      	BRNE _0x2000023
0001e1 e240      	LDI  R20,LOW(32)
0001e2 c0f6      	RJMP _0x200001B
                 _0x2000023:
0001e3 c002      	RJMP _0x2000024
                 _0x200001F:
0001e4 30e2      	CPI  R30,LOW(0x2)
0001e5 f439      	BRNE _0x2000025
                 _0x2000024:
0001e6 e050      	LDI  R21,LOW(0)
0001e7 e013      	LDI  R17,LOW(3)
0001e8 3320      	CPI  R18,48
0001e9 f411      	BRNE _0x2000026
0001ea 6800      	ORI  R16,LOW(128)
0001eb c0ed      	RJMP _0x200001B
                 _0x2000026:
0001ec c004      	RJMP _0x2000027
                 _0x2000025:
0001ed 30e3      	CPI  R30,LOW(0x3)
0001ee f011      	BREQ PC+3
0001ef 940c 02d9 	JMP _0x200001B
                 _0x2000027:
0001f1 3320      	CPI  R18,48
0001f2 f010      	BRLO _0x200002A
0001f3 332a      	CPI  R18,58
0001f4 f008      	BRLO _0x200002B
                 _0x200002A:
0001f5 c007      	RJMP _0x2000029
                 _0x200002B:
0001f6 e0aa      	LDI  R26,LOW(10)
0001f7 9f5a      	MUL  R21,R26
0001f8 2d50      	MOV  R21,R0
0001f9 2fe2      	MOV  R30,R18
0001fa 53e0      	SUBI R30,LOW(48)
0001fb 0f5e      	ADD  R21,R30
0001fc c0dc      	RJMP _0x200001B
                 _0x2000029:
0001fd 2fe2      	MOV  R30,R18
0001fe 36e3      	CPI  R30,LOW(0x63)
0001ff f449      	BRNE _0x200002F
000200 940e 03e5 	CALL SUBOPT_0x4
000202 89e8      	LDD  R30,Y+16
000203 89f9      	LDD  R31,Y+16+1
000204 81a4      	LDD  R26,Z+4
000205 93aa      	ST   -Y,R26
000206 940e 03eb 	CALL SUBOPT_0x5
000208 c0cf      	RJMP _0x2000030
                 _0x200002F:
000209 37e3      	CPI  R30,LOW(0x73)
00020a f441      	BRNE _0x2000032
00020b 940e 03e5 	CALL SUBOPT_0x4
00020d 940e 03f1 	CALL SUBOPT_0x6
00020f 940e 03b4 	CALL _strlen
000211 2f1e      	MOV  R17,R30
000212 c00a      	RJMP _0x2000033
                 _0x2000032:
000213 37e0      	CPI  R30,LOW(0x70)
000214 f461      	BRNE _0x2000035
000215 940e 03e5 	CALL SUBOPT_0x4
000217 940e 03f1 	CALL SUBOPT_0x6
000219 940e 03c0 	CALL _strlenf
00021b 2f1e      	MOV  R17,R30
00021c 6008      	ORI  R16,LOW(8)
                 _0x2000033:
00021d 6002      	ORI  R16,LOW(2)
00021e 770f      	ANDI R16,LOW(127)
00021f e030      	LDI  R19,LOW(0)
000220 c035      	RJMP _0x2000036
                 _0x2000035:
000221 36e4      	CPI  R30,LOW(0x64)
000222 f011      	BREQ _0x2000039
000223 36e9      	CPI  R30,LOW(0x69)
000224 f411      	BRNE _0x200003A
                 _0x2000039:
000225 6004      	ORI  R16,LOW(4)
000226 c002      	RJMP _0x200003B
                 _0x200003A:
000227 37e5      	CPI  R30,LOW(0x75)
000228 f431      	BRNE _0x200003C
                 _0x200003B:
000229 e5e4      	LDI  R30,LOW(_tbl10_G100*2)
00022a e0f0      	LDI  R31,HIGH(_tbl10_G100*2)
00022b 83ee      	STD  Y+6,R30
00022c 83ff      	STD  Y+6+1,R31
00022d e015      	LDI  R17,LOW(5)
00022e c00d      	RJMP _0x200003D
                 _0x200003C:
00022f 35e8      	CPI  R30,LOW(0x58)
000230 f411      	BRNE _0x200003F
000231 6008      	ORI  R16,LOW(8)
000232 c004      	RJMP _0x2000040
                 _0x200003F:
000233 37e8      	CPI  R30,LOW(0x78)
000234 f011      	BREQ PC+3
000235 940c 02d8 	JMP _0x2000071
                 _0x2000040:
000237 e5ee      	LDI  R30,LOW(_tbl16_G100*2)
000238 e0f0      	LDI  R31,HIGH(_tbl16_G100*2)
000239 83ee      	STD  Y+6,R30
00023a 83ff      	STD  Y+6+1,R31
00023b e014      	LDI  R17,LOW(4)
                 _0x200003D:
00023c ff02      	SBRS R16,2
00023d c014      	RJMP _0x2000042
00023e 940e 03e5 	CALL SUBOPT_0x4
000240 940e 03fb 	CALL SUBOPT_0x7
000242 85ab      	LDD  R26,Y+11
000243 23aa      	TST  R26
000244 f43a      	BRPL _0x2000043
000245 85ea      	LDD  R30,Y+10
000246 85fb      	LDD  R31,Y+10+1
000247 940e 0426 	CALL __ANEGW1
000249 87ea      	STD  Y+10,R30
00024a 87fb      	STD  Y+10+1,R31
00024b e24d      	LDI  R20,LOW(45)
                 _0x2000043:
00024c 3040      	CPI  R20,0
00024d f011      	BREQ _0x2000044
00024e 5f1f      	SUBI R17,-LOW(1)
00024f c001      	RJMP _0x2000045
                 _0x2000044:
000250 7f0b      	ANDI R16,LOW(251)
                 _0x2000045:
000251 c004      	RJMP _0x2000046
                 _0x2000042:
000252 940e 03e5 	CALL SUBOPT_0x4
000254 940e 03fb 	CALL SUBOPT_0x7
                 _0x2000046:
                 _0x2000036:
000256 fd00      	SBRC R16,0
000257 c011      	RJMP _0x2000047
                 _0x2000048:
000258 1715      	CP   R17,R21
000259 f478      	BRSH _0x200004A
00025a ff07      	SBRS R16,7
00025b c008      	RJMP _0x200004B
00025c ff02      	SBRS R16,2
00025d c004      	RJMP _0x200004C
00025e 7f0b      	ANDI R16,LOW(251)
00025f 2f24      	MOV  R18,R20
000260 5011      	SUBI R17,LOW(1)
000261 c001      	RJMP _0x200004D
                 _0x200004C:
000262 e320      	LDI  R18,LOW(48)
                 _0x200004D:
000263 c001      	RJMP _0x200004E
                 _0x200004B:
000264 e220      	LDI  R18,LOW(32)
                 _0x200004E:
000265 940e 03de 	CALL SUBOPT_0x3
000267 5051      	SUBI R21,LOW(1)
000268 cfef      	RJMP _0x2000048
                 _0x200004A:
                 _0x2000047:
000269 2f31      	MOV  R19,R17
00026a ff01      	SBRS R16,1
00026b c017      	RJMP _0x200004F
                 _0x2000050:
00026c 3030      	CPI  R19,0
00026d f0a1      	BREQ _0x2000052
00026e ff03      	SBRS R16,3
00026f c006      	RJMP _0x2000053
000270 81ee      	LDD  R30,Y+6
000271 81ff      	LDD  R31,Y+6+1
000272 9125      	LPM  R18,Z+
000273 83ee      	STD  Y+6,R30
000274 83ff      	STD  Y+6+1,R31
000275 c005      	RJMP _0x2000054
                 _0x2000053:
000276 81ae      	LDD  R26,Y+6
000277 81bf      	LDD  R27,Y+6+1
000278 912d      	LD   R18,X+
000279 83ae      	STD  Y+6,R26
00027a 83bf      	STD  Y+6+1,R27
                 _0x2000054:
00027b 940e 03de 	CALL SUBOPT_0x3
00027d 3050      	CPI  R21,0
00027e f009      	BREQ _0x2000055
00027f 5051      	SUBI R21,LOW(1)
                 _0x2000055:
000280 5031      	SUBI R19,LOW(1)
000281 cfea      	RJMP _0x2000050
                 _0x2000052:
000282 c04b      	RJMP _0x2000056
                 _0x200004F:
                 _0x2000058:
000283 e320      	LDI  R18,LOW(48)
000284 81ee      	LDD  R30,Y+6
000285 81ff      	LDD  R31,Y+6+1
000286 940e 042e 	CALL __GETW1PF
000288 87e8      	STD  Y+8,R30
000289 87f9      	STD  Y+8+1,R31
00028a 81ee      	LDD  R30,Y+6
00028b 81ff      	LDD  R31,Y+6+1
00028c 9632      	ADIW R30,2
00028d 83ee      	STD  Y+6,R30
00028e 83ff      	STD  Y+6+1,R31
                 _0x200005A:
00028f 85e8      	LDD  R30,Y+8
000290 85f9      	LDD  R31,Y+8+1
000291 85aa      	LDD  R26,Y+10
000292 85bb      	LDD  R27,Y+10+1
000293 17ae      	CP   R26,R30
000294 07bf      	CPC  R27,R31
000295 f050      	BRLO _0x200005C
000296 5f2f      	SUBI R18,-LOW(1)
000297 85a8      	LDD  R26,Y+8
000298 85b9      	LDD  R27,Y+8+1
000299 85ea      	LDD  R30,Y+10
00029a 85fb      	LDD  R31,Y+10+1
00029b 1bea      	SUB  R30,R26
00029c 0bfb      	SBC  R31,R27
00029d 87ea      	STD  Y+10,R30
00029e 87fb      	STD  Y+10+1,R31
00029f cfef      	RJMP _0x200005A
                 _0x200005C:
0002a0 332a      	CPI  R18,58
0002a1 f028      	BRLO _0x200005D
0002a2 ff03      	SBRS R16,3
0002a3 c002      	RJMP _0x200005E
0002a4 5f29      	SUBI R18,-LOW(7)
0002a5 c001      	RJMP _0x200005F
                 _0x200005E:
0002a6 5d29      	SUBI R18,-LOW(39)
                 _0x200005F:
                 _0x200005D:
0002a7 fd04      	SBRC R16,4
0002a8 c01a      	RJMP _0x2000061
0002a9 3321      	CPI  R18,49
0002aa f420      	BRSH _0x2000063
0002ab 85a8      	LDD  R26,Y+8
0002ac 85b9      	LDD  R27,Y+8+1
0002ad 9711      	SBIW R26,1
0002ae f409      	BRNE _0x2000062
                 _0x2000063:
0002af c009      	RJMP _0x20000CA
                 _0x2000062:
0002b0 1753      	CP   R21,R19
0002b1 f010      	BRLO _0x2000067
0002b2 ff00      	SBRS R16,0
0002b3 c001      	RJMP _0x2000068
                 _0x2000067:
0002b4 c013      	RJMP _0x2000066
                 _0x2000068:
0002b5 e220      	LDI  R18,LOW(32)
0002b6 ff07      	SBRS R16,7
0002b7 c00b      	RJMP _0x2000069
0002b8 e320      	LDI  R18,LOW(48)
                 _0x20000CA:
0002b9 6100      	ORI  R16,LOW(16)
0002ba ff02      	SBRS R16,2
0002bb c007      	RJMP _0x200006A
0002bc 7f0b      	ANDI R16,LOW(251)
0002bd 934a      	ST   -Y,R20
0002be 940e 03eb 	CALL SUBOPT_0x5
0002c0 3050      	CPI  R21,0
0002c1 f009      	BREQ _0x200006B
0002c2 5051      	SUBI R21,LOW(1)
                 _0x200006B:
                 _0x200006A:
                 _0x2000069:
                 _0x2000061:
0002c3 940e 03de 	CALL SUBOPT_0x3
0002c5 3050      	CPI  R21,0
0002c6 f009      	BREQ _0x200006C
0002c7 5051      	SUBI R21,LOW(1)
                 _0x200006C:
                 _0x2000066:
0002c8 5031      	SUBI R19,LOW(1)
0002c9 85a8      	LDD  R26,Y+8
0002ca 85b9      	LDD  R27,Y+8+1
0002cb 9712      	SBIW R26,2
0002cc f008      	BRLO _0x2000059
0002cd cfb5      	RJMP _0x2000058
                 _0x2000059:
                 _0x2000056:
0002ce ff00      	SBRS R16,0
0002cf c008      	RJMP _0x200006D
                 _0x200006E:
0002d0 3050      	CPI  R21,0
0002d1 f031      	BREQ _0x2000070
0002d2 5051      	SUBI R21,LOW(1)
0002d3 e2e0      	LDI  R30,LOW(32)
0002d4 93ea      	ST   -Y,R30
0002d5 940e 03eb 	CALL SUBOPT_0x5
0002d7 cff8      	RJMP _0x200006E
                 _0x2000070:
                 _0x200006D:
                 _0x2000071:
                 _0x2000030:
                 _0x20000C9:
0002d8 e010      	LDI  R17,LOW(0)
                 _0x200001B:
0002d9 cedd      	RJMP _0x2000016
                 _0x2000018:
0002da 85ac      	LDD  R26,Y+12
0002db 85bd      	LDD  R27,Y+12+1
0002dc 940e 042a 	CALL __GETW1P
0002de 940e 043e 	CALL __LOADLOCR6
0002e0 9664      	ADIW R28,20
0002e1 9508      	RET
                 _sprintf:
0002e2 92ff      	PUSH R15
0002e3 2ef8      	MOV  R15,R24
0002e4 9726      	SBIW R28,6
0002e5 940e 0439 	CALL __SAVELOCR4
0002e7 940e 0403 	CALL SUBOPT_0x8
0002e9 9730      	SBIW R30,0
0002ea f419      	BRNE _0x2000072
0002eb efef      	LDI  R30,LOW(65535)
0002ec efff      	LDI  R31,HIGH(65535)
0002ed c023      	RJMP _0x20C0003
                 _0x2000072:
0002ee 01de      	MOVW R26,R28
0002ef 9616      	ADIW R26,6
0002f0 940e 0422 	CALL __ADDW2R15
0002f2 018d      	MOVW R16,R26
0002f3 940e 0403 	CALL SUBOPT_0x8
0002f5 83ee      	STD  Y+6,R30
0002f6 83ff      	STD  Y+6+1,R31
0002f7 e0e0      	LDI  R30,LOW(0)
0002f8 87e8      	STD  Y+8,R30
0002f9 87e9      	STD  Y+8+1,R30
0002fa 01de      	MOVW R26,R28
0002fb 961a      	ADIW R26,10
0002fc 940e 0422 	CALL __ADDW2R15
0002fe 940e 042a 	CALL __GETW1P
000300 93fa      	ST   -Y,R31
000301 93ea      	ST   -Y,R30
000302 931a      	ST   -Y,R17
000303 930a      	ST   -Y,R16
000304 e6eb      	LDI  R30,LOW(_put_buff_G100)
000305 e0f1      	LDI  R31,HIGH(_put_buff_G100)
000306 93fa      	ST   -Y,R31
000307 93ea      	ST   -Y,R30
000308 01de      	MOVW R26,R28
000309 961a      	ADIW R26,10
00030a dea0      	RCALL __print_G100
00030b 019f      	MOVW R18,R30
00030c 81ae      	LDD  R26,Y+6
00030d 81bf      	LDD  R27,Y+6+1
00030e e0e0      	LDI  R30,LOW(0)
00030f 93ec      	ST   X,R30
000310 01f9      	MOVW R30,R18
                 _0x20C0003:
000311 940e 0440 	CALL __LOADLOCR4
000313 962a      	ADIW R28,10
000314 90ff      	POP  R15
000315 9508      	RET
                 
                 	.CSEG
                 
                 	.DSEG
                 
                 	.CSEG
                 	#ifndef __SLEEP_DEFINED__
                 	#endif
                 
                 	.DSEG
                 
                 	.CSEG
                 __lcd_write_nibble_G102:
000316 93aa      	ST   -Y,R26
000317 b3e5      	IN   R30,0x15
000318 70ef      	ANDI R30,LOW(0xF)
000319 2fae      	MOV  R26,R30
00031a 81e8      	LD   R30,Y
00031b 7fe0      	ANDI R30,LOW(0xF0)
00031c 2bea      	OR   R30,R26
00031d bbe5      	OUT  0x15,R30
                +
00031e e088     +LDI R24 , LOW ( 8 )
                +__DELAY_USB_LOOP :
00031f 958a     +DEC R24
000320 f7f1     +BRNE __DELAY_USB_LOOP
                 	__DELAY_USB 8
000321 9aaa      	SBI  0x15,2
                +
000322 e184     +LDI R24 , LOW ( 20 )
                +__DELAY_USB_LOOP :
000323 958a     +DEC R24
000324 f7f1     +BRNE __DELAY_USB_LOOP
                 	__DELAY_USB 20
000325 98aa      	CBI  0x15,2
                +
000326 e184     +LDI R24 , LOW ( 20 )
                +__DELAY_USB_LOOP :
000327 958a     +DEC R24
000328 f7f1     +BRNE __DELAY_USB_LOOP
                 	__DELAY_USB 20
000329 c088      	RJMP _0x20C0001
                 __lcd_write_data:
00032a 93aa      	ST   -Y,R26
00032b 81a8      	LD   R26,Y
00032c dfe9      	RCALL __lcd_write_nibble_G102
00032d 81e8          ld    r30,y
00032e 95e2          swap  r30
00032f 83e8          st    y,r30
000330 81a8      	LD   R26,Y
000331 dfe4      	RCALL __lcd_write_nibble_G102
                +
000332 ec88     +LDI R24 , LOW ( 200 )
                +__DELAY_USB_LOOP :
000333 958a     +DEC R24
000334 f7f1     +BRNE __DELAY_USB_LOOP
                 	__DELAY_USB 200
000335 c07c      	RJMP _0x20C0001
                 _lcd_gotoxy:
000336 93aa      	ST   -Y,R26
000337 81e8      	LD   R30,Y
000338 e0f0      	LDI  R31,0
000339 58ec      	SUBI R30,LOW(-__base_y_G102)
00033a 4ffe      	SBCI R31,HIGH(-__base_y_G102)
00033b 81e0      	LD   R30,Z
00033c 81a9      	LDD  R26,Y+1
00033d 0fae      	ADD  R26,R30
00033e dfeb      	RCALL __lcd_write_data
00033f 8089      	LDD  R8,Y+1
000340 80b8      	LDD  R11,Y+0
000341 9622      	ADIW R28,2
000342 9508      	RET
                 _lcd_clear:
000343 e0a2      	LDI  R26,LOW(2)
000344 940e 040a 	CALL SUBOPT_0x9
000346 e0ac      	LDI  R26,LOW(12)
000347 dfe2      	RCALL __lcd_write_data
000348 e0a1      	LDI  R26,LOW(1)
000349 940e 040a 	CALL SUBOPT_0x9
00034b e0e0      	LDI  R30,LOW(0)
00034c 2ebe      	MOV  R11,R30
00034d 2e8e      	MOV  R8,R30
00034e 9508      	RET
                 _lcd_putchar:
00034f 93aa      	ST   -Y,R26
000350 81a8      	LD   R26,Y
000351 30aa      	CPI  R26,LOW(0xA)
000352 f011      	BREQ _0x2040005
000353 148a      	CP   R8,R10
000354 f048      	BRLO _0x2040004
                 _0x2040005:
000355 e0e0      	LDI  R30,LOW(0)
000356 93ea      	ST   -Y,R30
000357 94b3      	INC  R11
000358 2dab      	MOV  R26,R11
000359 dfdc      	RCALL _lcd_gotoxy
00035a 81a8      	LD   R26,Y
00035b 30aa      	CPI  R26,LOW(0xA)
00035c f409      	BRNE _0x2040007
00035d c054      	RJMP _0x20C0001
                 _0x2040007:
                 _0x2040004:
00035e 9483      	INC  R8
00035f 9aa8      	SBI  0x15,0
000360 81a8      	LD   R26,Y
000361 dfc8      	RCALL __lcd_write_data
000362 98a8      	CBI  0x15,0
000363 c04e      	RJMP _0x20C0001
                 _lcd_puts:
000364 93ba      	ST   -Y,R27
000365 93aa      	ST   -Y,R26
000366 931a      	ST   -Y,R17
                 _0x2040008:
000367 81a9      	LDD  R26,Y+1
000368 81ba      	LDD  R27,Y+1+1
000369 91ed      	LD   R30,X+
00036a 83a9      	STD  Y+1,R26
00036b 83ba      	STD  Y+1+1,R27
00036c 2f1e      	MOV  R17,R30
00036d 30e0      	CPI  R30,0
00036e f019      	BREQ _0x204000A
00036f 2fa1      	MOV  R26,R17
000370 dfde      	RCALL _lcd_putchar
000371 cff5      	RJMP _0x2040008
                 _0x204000A:
000372 c010      	RJMP _0x20C0002
                 _lcd_putsf:
000373 93ba      	ST   -Y,R27
000374 93aa      	ST   -Y,R26
000375 931a      	ST   -Y,R17
                 _0x204000B:
000376 81e9      	LDD  R30,Y+1
000377 81fa      	LDD  R31,Y+1+1
000378 9631      	ADIW R30,1
000379 83e9      	STD  Y+1,R30
00037a 83fa      	STD  Y+1+1,R31
00037b 9731      	SBIW R30,1
00037c 91e4      	LPM  R30,Z
00037d 2f1e      	MOV  R17,R30
00037e 30e0      	CPI  R30,0
00037f f019      	BREQ _0x204000D
000380 2fa1      	MOV  R26,R17
000381 dfcd      	RCALL _lcd_putchar
000382 cff3      	RJMP _0x204000B
                 _0x204000D:
                 _0x20C0002:
000383 8118      	LDD  R17,Y+0
000384 9623      	ADIW R28,3
000385 9508      	RET
                 _lcd_init:
000386 93aa      	ST   -Y,R26
000387 b3e4      	IN   R30,0x14
000388 6fe0      	ORI  R30,LOW(0xF0)
000389 bbe4      	OUT  0x14,R30
00038a 9aa2      	SBI  0x14,2
00038b 9aa0      	SBI  0x14,0
00038c 9aa1      	SBI  0x14,1
00038d 98aa      	CBI  0x15,2
00038e 98a8      	CBI  0x15,0
00038f 98a9      	CBI  0x15,1
000390 80a8      	LDD  R10,Y+0
000391 81e8      	LD   R30,Y
000392 58e0      	SUBI R30,-LOW(128)
                +
000393 93e0 0176+STS __base_y_G102 + ( 2 ) , R30
                 	__PUTB1MN __base_y_G102,2
000395 81e8      	LD   R30,Y
000396 54e0      	SUBI R30,-LOW(192)
                +
000397 93e0 0177+STS __base_y_G102 + ( 3 ) , R30
                 	__PUTB1MN __base_y_G102,3
000399 e1a4      	LDI  R26,LOW(20)
00039a e0b0      	LDI  R27,0
00039b 940e 0418 	CALL _delay_ms
00039d 940e 0410 	CALL SUBOPT_0xA
00039f 940e 0410 	CALL SUBOPT_0xA
0003a1 940e 0410 	CALL SUBOPT_0xA
0003a3 e2a0      	LDI  R26,LOW(32)
0003a4 df71      	RCALL __lcd_write_nibble_G102
                +
0003a5 e28c     +LDI R24 , LOW ( 300 )
0003a6 e091     +LDI R25 , HIGH ( 300 )
                +__DELAY_USW_LOOP :
0003a7 9701     +SBIW R24 , 1
0003a8 f7f1     +BRNE __DELAY_USW_LOOP
                 	__DELAY_USW 300
0003a9 e2a8      	LDI  R26,LOW(40)
0003aa df7f      	RCALL __lcd_write_data
0003ab e0a4      	LDI  R26,LOW(4)
0003ac df7d      	RCALL __lcd_write_data
0003ad e8a5      	LDI  R26,LOW(133)
0003ae df7b      	RCALL __lcd_write_data
0003af e0a6      	LDI  R26,LOW(6)
0003b0 df79      	RCALL __lcd_write_data
0003b1 df91      	RCALL _lcd_clear
                 _0x20C0001:
0003b2 9621      	ADIW R28,1
0003b3 9508      	RET
                 
                 	.CSEG
                 
                 	.CSEG
                 _strlen:
0003b4 93ba      	ST   -Y,R27
0003b5 93aa      	ST   -Y,R26
0003b6 91a9          ld   r26,y+
0003b7 91b9          ld   r27,y+
0003b8 27ee          clr  r30
0003b9 27ff          clr  r31
                 strlen0:
0003ba 916d          ld   r22,x+
0003bb 2366          tst  r22
0003bc f011          breq strlen1
0003bd 9631          adiw r30,1
0003be cffb          rjmp strlen0
                 strlen1:
0003bf 9508          ret
                 _strlenf:
0003c0 93ba      	ST   -Y,R27
0003c1 93aa      	ST   -Y,R26
0003c2 27aa          clr  r26
0003c3 27bb          clr  r27
0003c4 91e9          ld   r30,y+
0003c5 91f9          ld   r31,y+
                 strlenf0:
0003c6 9005      	lpm  r0,z+
0003c7 2000          tst  r0
0003c8 f011          breq strlenf1
0003c9 9611          adiw r26,1
0003ca cffb          rjmp strlenf0
                 strlenf1:
0003cb 01fd          movw r30,r26
0003cc 9508          ret
                 
                 	.CSEG
                 
                 	.DSEG
                 _temp:
000160           	.BYTE 0x10
                 __seed_G101:
000170           	.BYTE 0x4
                 __base_y_G102:
000174           	.BYTE 0x4
                 
                 	.CSEG
                 ;OPTIMIZER ADDED SUBROUTINE, CALLED 4 TIMES, CODE SIZE REDUCTION:6 WORDS
                 SUBOPT_0x0:
0003cd 27ff      	CLR  R31
0003ce 2766      	CLR  R22
0003cf 2777      	CLR  R23
0003d0 940e 0432 	CALL __PUTPARD1
0003d2 9508      	RET
                 
                 ;OPTIMIZER ADDED SUBROUTINE, CALLED 4 TIMES, CODE SIZE REDUCTION:6 WORDS
                 SUBOPT_0x1:
0003d3 e0e0      	LDI  R30,LOW(0)
0003d4 93ea      	ST   -Y,R30
0003d5 e0a1      	LDI  R26,LOW(1)
0003d6 940c 0336 	JMP  _lcd_gotoxy
                 
                 ;OPTIMIZER ADDED SUBROUTINE, CALLED 4 TIMES, CODE SIZE REDUCTION:9 WORDS
                 SUBOPT_0x2:
0003d8 940e 0373 	CALL _lcd_putsf
0003da eba8      	LDI  R26,LOW(3000)
0003db e0bb      	LDI  R27,HIGH(3000)
0003dc 940c 0418 	JMP  _delay_ms
                 
                 ;OPTIMIZER ADDED SUBROUTINE, CALLED 5 TIMES, CODE SIZE REDUCTION:13 WORDS
                 SUBOPT_0x3:
0003de 932a      	ST   -Y,R18
0003df 85ad      	LDD  R26,Y+13
0003e0 85be      	LDD  R27,Y+13+1
0003e1 85ef      	LDD  R30,Y+15
0003e2 89f8      	LDD  R31,Y+15+1
0003e3 9509      	ICALL
0003e4 9508      	RET
                 
                 ;OPTIMIZER ADDED SUBROUTINE, CALLED 5 TIMES, CODE SIZE REDUCTION:9 WORDS
                 SUBOPT_0x4:
0003e5 89e8      	LDD  R30,Y+16
0003e6 89f9      	LDD  R31,Y+16+1
0003e7 9734      	SBIW R30,4
0003e8 8be8      	STD  Y+16,R30
0003e9 8bf9      	STD  Y+16+1,R31
0003ea 9508      	RET
                 
                 ;OPTIMIZER ADDED SUBROUTINE, CALLED 3 TIMES, CODE SIZE REDUCTION:3 WORDS
                 SUBOPT_0x5:
0003eb 85ad      	LDD  R26,Y+13
0003ec 85be      	LDD  R27,Y+13+1
0003ed 85ef      	LDD  R30,Y+15
0003ee 89f8      	LDD  R31,Y+15+1
0003ef 9509      	ICALL
0003f0 9508      	RET
                 
                 ;OPTIMIZER ADDED SUBROUTINE, CALLED 2 TIMES, CODE SIZE REDUCTION:4 WORDS
                 SUBOPT_0x6:
0003f1 89a8      	LDD  R26,Y+16
0003f2 89b9      	LDD  R27,Y+16+1
0003f3 9614      	ADIW R26,4
0003f4 940e 042a 	CALL __GETW1P
0003f6 83ee      	STD  Y+6,R30
0003f7 83ff      	STD  Y+6+1,R31
0003f8 81ae      	LDD  R26,Y+6
0003f9 81bf      	LDD  R27,Y+6+1
0003fa 9508      	RET
                 
                 ;OPTIMIZER ADDED SUBROUTINE, CALLED 2 TIMES, CODE SIZE REDUCTION:2 WORDS
                 SUBOPT_0x7:
0003fb 89a8      	LDD  R26,Y+16
0003fc 89b9      	LDD  R27,Y+16+1
0003fd 9614      	ADIW R26,4
0003fe 940e 042a 	CALL __GETW1P
000400 87ea      	STD  Y+10,R30
000401 87fb      	STD  Y+10+1,R31
000402 9508      	RET
                 
                 ;OPTIMIZER ADDED SUBROUTINE, CALLED 2 TIMES, CODE SIZE REDUCTION:1 WORDS
                 SUBOPT_0x8:
000403 01de      	MOVW R26,R28
000404 961c      	ADIW R26,12
000405 940e 0422 	CALL __ADDW2R15
000407 940e 042a 	CALL __GETW1P
000409 9508      	RET
                 
                 ;OPTIMIZER ADDED SUBROUTINE, CALLED 2 TIMES, CODE SIZE REDUCTION:3 WORDS
                 SUBOPT_0x9:
00040a 940e 032a 	CALL __lcd_write_data
00040c e0a3      	LDI  R26,LOW(3)
00040d e0b0      	LDI  R27,0
00040e 940c 0418 	JMP  _delay_ms
                 
                 ;OPTIMIZER ADDED SUBROUTINE, CALLED 3 TIMES, CODE SIZE REDUCTION:7 WORDS
                 SUBOPT_0xA:
000410 e3a0      	LDI  R26,LOW(48)
000411 940e 0316 	CALL __lcd_write_nibble_G102
                +
000413 e28c     +LDI R24 , LOW ( 300 )
000414 e091     +LDI R25 , HIGH ( 300 )
                +__DELAY_USW_LOOP :
000415 9701     +SBIW R24 , 1
000416 f7f1     +BRNE __DELAY_USW_LOOP
                 	__DELAY_USW 300
000417 9508      	RET
                 
                 
                 	.CSEG
                 _delay_ms:
000418 9610      	adiw r26,0
000419 f039      	breq __delay_ms1
                 __delay_ms0:
                +
00041a eb88     +LDI R24 , LOW ( 0xBB8 )
00041b e09b     +LDI R25 , HIGH ( 0xBB8 )
                +__DELAY_USW_LOOP :
00041c 9701     +SBIW R24 , 1
00041d f7f1     +BRNE __DELAY_USW_LOOP
                 	__DELAY_USW 0xBB8
00041e 95a8      	wdr
00041f 9711      	sbiw r26,1
000420 f7c9      	brne __delay_ms0
                 __delay_ms1:
000421 9508      	ret
                 
                 __ADDW2R15:
000422 2400      	CLR  R0
000423 0daf      	ADD  R26,R15
000424 1db0      	ADC  R27,R0
000425 9508      	RET
                 
                 __ANEGW1:
000426 95f1      	NEG  R31
000427 95e1      	NEG  R30
000428 40f0      	SBCI R31,0
000429 9508      	RET
                 
                 __GETW1P:
00042a 91ed      	LD   R30,X+
00042b 91fc      	LD   R31,X
00042c 9711      	SBIW R26,1
00042d 9508      	RET
                 
                 __GETW1PF:
00042e 9005      	LPM  R0,Z+
00042f 91f4      	LPM  R31,Z
000430 2de0      	MOV  R30,R0
000431 9508      	RET
                 
                 __PUTPARD1:
000432 937a      	ST   -Y,R23
000433 936a      	ST   -Y,R22
000434 93fa      	ST   -Y,R31
000435 93ea      	ST   -Y,R30
000436 9508      	RET
                 
                 __SAVELOCR6:
000437 935a      	ST   -Y,R21
                 __SAVELOCR5:
000438 934a      	ST   -Y,R20
                 __SAVELOCR4:
000439 933a      	ST   -Y,R19
                 __SAVELOCR3:
00043a 932a      	ST   -Y,R18
                 __SAVELOCR2:
00043b 931a      	ST   -Y,R17
00043c 930a      	ST   -Y,R16
00043d 9508      	RET
                 
                 __LOADLOCR6:
00043e 815d      	LDD  R21,Y+5
                 __LOADLOCR5:
00043f 814c      	LDD  R20,Y+4
                 __LOADLOCR4:
000440 813b      	LDD  R19,Y+3
                 __LOADLOCR3:
000441 812a      	LDD  R18,Y+2
                 __LOADLOCR2:
000442 8119      	LDD  R17,Y+1
000443 8108      	LD   R16,Y
000444 9508      	RET
                 
                 ;END OF CODE MARKER
                 __END_OF_CODE:


RESOURCE USE INFORMATION
------------------------

Notice:
The register and instruction counts are symbol table hit counts,
and hence implicitly used resources are not counted, eg, the
'lpm' instruction without operands implicitly uses r0 and z,
none of which are counted.

x,y,z are separate entities in the symbol table and are
counted separately from r26..r31 here.

.dseg memory usage only counts static data declared with .byte

ATmega16 register use summary:
r0 :  11 r1 :   1 r2 :   0 r3 :   0 r4 :  10 r5 :   5 r6 :   5 r7 :   5 
r8 :   4 r9 :   3 r10:   2 r11:   4 r12:   0 r13:   0 r14:   0 r15:   4 
r16:  34 r17:  27 r18:  29 r19:   8 r20:   9 r21:  17 r22:   6 r23:   2 
r24:  23 r25:   5 r26: 119 r27:  47 r28:  14 r29:   1 r30: 209 r31:  62 
x  :  23 y  : 179 z  :  16 
Registers used: 30 out of 35 (85.7%)

ATmega16 instruction use summary:
.lds  :   0 .lds.l:   0 .sts  :   0 .sts.l:   0 adc   :   1 add   :   3 
adiw  :  25 and   :   0 andi  :   6 asr   :   0 bclr  :   0 bld   :   0 
brbc  :   0 brbs  :   0 brcc  :   0 brcs  :   0 break :   0 breq  :  21 
brge  :   0 brhc  :   0 brhs  :   0 brid  :   0 brie  :   0 brlo  :  11 
brlt  :   0 brmi  :   1 brne  :  37 brpl  :   1 brsh  :   2 brtc  :   0 
brts  :   0 brvc  :   0 brvs  :   0 bset  :   0 bst   :   0 call  :  75 
cbi   :   5 cbr   :   0 clc   :   0 clh   :   0 cli   :   1 cln   :   0 
clr   :  18 cls   :   0 clt   :   0 clv   :   0 clz   :   0 com   :   0 
cp    :  13 cpc   :   2 cpi   :  37 cpse  :   0 dec   :   5 des   :   0 
eor   :   0 fmul  :   0 fmuls :   0 fmulsu:   0 icall :   2 ijmp  :   0 
in    :   3 inc   :   6 jmp   :  28 ld    :  27 ldd   :  79 ldi   : 134 
lds   :   0 lpm   :  16 lsl   :   0 lsr   :   0 mov   :  25 movw  :  14 
mul   :   1 muls  :   0 mulsu :   0 neg   :   2 nop   :   0 or    :   1 
ori   :   7 out   :  21 pop   :   1 push  :   1 rcall :  18 ret   :  28 
reti  :   1 rjmp  :  62 rol   :   0 ror   :   0 sbc   :   1 sbci  :   2 
sbi   :   5 sbic  :   3 sbis  :   0 sbiw  :  20 sbr   :   0 sbrc  :   2 
sbrs  :  10 sec   :   0 seh   :   0 sei   :   1 sen   :   0 ser   :   0 
ses   :   0 set   :   0 sev   :   0 sez   :   0 sleep :   0 spm   :   0 
st    :  66 std   :  33 sts   :   2 sub   :   1 subi  :  16 swap  :   1 
tst   :   5 wdr   :   1 
Instructions used: 55 out of 116 (47.4%)

ATmega16 memory use summary [bytes]:
Segment   Begin    End      Code   Data   Used    Size   Use%
---------------------------------------------------------------
[.cseg] 0x000000 0x00088a   2024    162   2186   16384  13.3%
[.dseg] 0x000060 0x000178      0     24     24    1119   2.1%
[.eseg] 0x000000 0x000000      0      0      0     512   0.0%

Assembly complete, 0 errors, 10 warnings
