GAS LISTING /tmp/ccNHXjsC.s 			page 1


   1               		.file	"sintable.c"
   2               	__SREG__ = 0x3f
   3               	__SP_H__ = 0x3e
   4               	__SP_L__ = 0x3d
   5               	__CCP__  = 0x34
   6               	__tmp_reg__ = 0
   7               	__zero_reg__ = 1
   8               		.global __do_copy_data
   9               		.global __do_clear_bss
  10               		.stabs	"/home/chunkierdonkey/tinyfuz/",100,0,2,.Ltext0
  11               		.stabs	"sintable.c",100,0,2,.Ltext0
  12               		.text
  13               	.Ltext0:
  14               		.stabs	"gcc2_compiled.",60,0,0,0
  15               		.stabs	"int:t(0,1)=r(0,1);-32768;32767;",128,0,1,0
  16               		.stabs	"char:t(0,2)=@s8;r(0,2);0;255;",128,0,1,0
  17               		.stabs	"long int:t(0,3)=@s32;r(0,3);020000000000;017777777777;",128,0,1,0
  18               		.stabs	"unsigned int:t(0,4)=r(0,4);0;0177777;",128,0,1,0
  19               		.stabs	"long unsigned int:t(0,5)=@s32;r(0,5);0;037777777777;",128,0,1,0
  20               		.stabs	"long long int:t(0,6)=@s64;r(0,6);01000000000000000000000;0777777777777777777777;",128,0,1,
  21               		.stabs	"long long unsigned int:t(0,7)=@s64;r(0,7);0;01777777777777777777777;",128,0,1,0
  22               		.stabs	"short int:t(0,8)=r(0,8);-32768;32767;",128,0,1,0
  23               		.stabs	"short unsigned int:t(0,9)=r(0,9);0;0177777;",128,0,1,0
  24               		.stabs	"signed char:t(0,10)=@s8;r(0,10);-128;127;",128,0,1,0
  25               		.stabs	"unsigned char:t(0,11)=@s8;r(0,11);0;255;",128,0,1,0
  26               		.stabs	"float:t(0,12)=r(0,1);4;0;",128,0,1,0
  27               		.stabs	"double:t(0,13)=r(0,1);4;0;",128,0,1,0
  28               		.stabs	"long double:t(0,14)=r(0,1);4;0;",128,0,1,0
  29               		.stabs	"void:t(0,15)=(0,15)",128,0,1,0
  30               		.stabs	"sintable.h",130,0,0,0
  31               		.stabs	"/usr/lib/gcc/avr/4.3.2/../../../avr/include/avr/pgmspace.h",130,0,0,0
  32               		.stabs	"/usr/lib/gcc/avr/4.3.2/../../../avr/include/inttypes.h",130,0,0,0
  33               		.stabs	"/usr/lib/gcc/avr/4.3.2/../../../avr/include/stdint.h",130,0,0,0
  34               		.stabs	"int8_t:t(4,1)=(0,10)",128,0,121,0
  35               		.stabs	"uint8_t:t(4,2)=(0,11)",128,0,122,0
  36               		.stabs	"int16_t:t(4,3)=(0,1)",128,0,123,0
  37               		.stabs	"uint16_t:t(4,4)=(0,4)",128,0,124,0
  38               		.stabs	"int32_t:t(4,5)=(0,3)",128,0,125,0
  39               		.stabs	"uint32_t:t(4,6)=(0,5)",128,0,126,0
  40               		.stabs	"int64_t:t(4,7)=(0,6)",128,0,128,0
  41               		.stabs	"uint64_t:t(4,8)=(0,7)",128,0,129,0
  42               		.stabs	"intptr_t:t(4,9)=(4,3)",128,0,142,0
  43               		.stabs	"uintptr_t:t(4,10)=(4,4)",128,0,147,0
  44               		.stabs	"int_least8_t:t(4,11)=(4,1)",128,0,159,0
  45               		.stabs	"uint_least8_t:t(4,12)=(4,2)",128,0,164,0
  46               		.stabs	"int_least16_t:t(4,13)=(4,3)",128,0,169,0
  47               		.stabs	"uint_least16_t:t(4,14)=(4,4)",128,0,174,0
  48               		.stabs	"int_least32_t:t(4,15)=(4,5)",128,0,179,0
  49               		.stabs	"uint_least32_t:t(4,16)=(4,6)",128,0,184,0
  50               		.stabs	"int_least64_t:t(4,17)=(4,7)",128,0,192,0
  51               		.stabs	"uint_least64_t:t(4,18)=(4,8)",128,0,199,0
  52               		.stabs	"int_fast8_t:t(4,19)=(4,1)",128,0,213,0
  53               		.stabs	"uint_fast8_t:t(4,20)=(4,2)",128,0,218,0
  54               		.stabs	"int_fast16_t:t(4,21)=(4,3)",128,0,223,0
  55               		.stabs	"uint_fast16_t:t(4,22)=(4,4)",128,0,228,0
  56               		.stabs	"int_fast32_t:t(4,23)=(4,5)",128,0,233,0
  57               		.stabs	"uint_fast32_t:t(4,24)=(4,6)",128,0,238,0
GAS LISTING /tmp/ccNHXjsC.s 			page 2


  58               		.stabs	"int_fast64_t:t(4,25)=(4,7)",128,0,246,0
  59               		.stabs	"uint_fast64_t:t(4,26)=(4,8)",128,0,253,0
  60               		.stabs	"intmax_t:t(4,27)=(4,7)",128,0,273,0
  61               		.stabs	"uintmax_t:t(4,28)=(4,8)",128,0,278,0
  62               		.stabn	162,0,0,0
  63               		.stabs	"int_farptr_t:t(3,1)=(4,5)",128,0,77,0
  64               		.stabs	"uint_farptr_t:t(3,2)=(4,6)",128,0,81,0
  65               		.stabn	162,0,0,0
  66               		.stabs	"/usr/lib/gcc/avr/4.3.2/include/stddef.h",130,0,0,0
  67               		.stabs	"size_t:t(5,1)=(0,4)",128,0,214,0
  68               		.stabn	162,0,0,0
  69               		.stabs	"/usr/lib/gcc/avr/4.3.2/../../../avr/include/avr/io.h",130,0,0,0
  70               		.stabs	"/usr/lib/gcc/avr/4.3.2/../../../avr/include/avr/fuse.h",130,0,0,0
  71               		.stabs	"__fuse_t:t(7,1)=(7,2)=s3low:(0,11),0,8;high:(0,11),8,8;extended:(0,11),16,8;;",128,0,219,0
  72               		.stabn	162,0,0,0
  73               		.stabn	162,0,0,0
  74               		.stabs	"prog_void:t(2,1)=(2,2)=(2,2)",128,0,210,0
  75               		.stabs	"prog_char:t(2,3)=(2,4)=@s8;r(2,4);0;255;",128,0,211,0
  76               		.stabs	"prog_uchar:t(2,5)=(2,4)",128,0,212,0
  77               		.stabs	"prog_int8_t:t(2,6)=(2,7)=(0,10)",128,0,214,0
  78               		.stabs	"prog_uint8_t:t(2,8)=(2,4)",128,0,215,0
  79               		.stabs	"prog_int16_t:t(2,9)=(2,10)=(0,1)",128,0,216,0
  80               		.stabs	"prog_uint16_t:t(2,11)=(2,12)=(0,4)",128,0,217,0
  81               		.stabs	"prog_int32_t:t(2,13)=(2,14)=(0,3)",128,0,218,0
  82               		.stabs	"prog_uint32_t:t(2,15)=(2,16)=(0,5)",128,0,219,0
  83               		.stabs	"prog_int64_t:t(2,17)=(2,18)=(0,6)",128,0,221,0
  84               		.stabs	"prog_uint64_t:t(2,19)=(2,20)=(0,7)",128,0,222,0
  85               		.stabn	162,0,0,0
  86               		.stabn	162,0,0,0
  87               	.global	sintable
  88               		.section	.progmem.data,"a",@progbits
  89               		.type	sintable, @object
  90               		.size	sintable, 32
  91               	sintable:
  92 0000 8B        		.byte	-117
  93 0001 A4        		.byte	-92
  94 0002 BB        		.byte	-69
  95 0003 D0        		.byte	-48
  96 0004 E1        		.byte	-31
  97 0005 EF        		.byte	-17
  98 0006 F9        		.byte	-7
  99 0007 FD        		.byte	-3
 100 0008 FD        		.byte	-3
 101 0009 F9        		.byte	-7
 102 000a EF        		.byte	-17
 103 000b E1        		.byte	-31
 104 000c D0        		.byte	-48
 105 000d BB        		.byte	-69
 106 000e A4        		.byte	-92
 107 000f 8B        		.byte	-117
 108 0010 73        		.byte	115
 109 0011 5A        		.byte	90
 110 0012 43        		.byte	67
 111 0013 2E        		.byte	46
 112 0014 1D        		.byte	29
 113 0015 0F        		.byte	15
 114 0016 05        		.byte	5
GAS LISTING /tmp/ccNHXjsC.s 			page 3


 115 0017 01        		.byte	1
 116 0018 01        		.byte	1
 117 0019 05        		.byte	5
 118 001a 0F        		.byte	15
 119 001b 1D        		.byte	29
 120 001c 2E        		.byte	46
 121 001d 43        		.byte	67
 122 001e 5A        		.byte	90
 123 001f 73        		.byte	115
 124               		.stabs	"sintable:G(0,16)=ar(0,17)=r(0,17);0;0177777;;0;31;(0,18)=k(4,2)",32,0,10,0
 125               		.text
 126               		.stabs	"",100,0,0,.Letext0
 127               	.Letext0:
GAS LISTING /tmp/ccNHXjsC.s 			page 4


DEFINED SYMBOLS
                            *ABS*:0000000000000000 sintable.c
     /tmp/ccNHXjsC.s:2      *ABS*:000000000000003f __SREG__
     /tmp/ccNHXjsC.s:3      *ABS*:000000000000003e __SP_H__
     /tmp/ccNHXjsC.s:4      *ABS*:000000000000003d __SP_L__
     /tmp/ccNHXjsC.s:5      *ABS*:0000000000000034 __CCP__
     /tmp/ccNHXjsC.s:6      *ABS*:0000000000000000 __tmp_reg__
     /tmp/ccNHXjsC.s:7      *ABS*:0000000000000001 __zero_reg__
     /tmp/ccNHXjsC.s:91     .progmem.data:0000000000000000 sintable

UNDEFINED SYMBOLS
__do_copy_data
__do_clear_bss
