















































]2;avrasm2.exe -S labels.tmp -I Include/ -fI -W+ie -C V3 -o AttoBASICV231.hex -d AttoBASICV231.obj -e AttoBASICV231.eep -m AttoBAS








































































AVRASM:AVRmacroassembler2.1.42(build1796Sep 15 2009 10:48:36)
Copyr
ight(C)1995-2009 ATMEL Corporation

AttoBASICV231.asm(885):Includingfile'Include/Defs_Constants.inc'
Include/Defs_Constants.inc(1):Including file 'Include/usb1286def.inc'
Include/Defs_Constants.inc(13):Includingfile'Include\Defs_Register.inc'
IncluIde\Defs_Register.inc(50):warning:Registerr30alreadydefinedbythe.DEFdirective
Include/Defs_Constants.inc(13):info:'Include\Defs_Register.inc'includedfromhere
AttoABASICV231.asm(885):info:'Include/Defs_Constants.inc'
included from here
Include/Defs_Constants.inc(14):Includingfile'Include\Defs_Pinout.inc'
Include/Defs_Constants.inc(15):Includingfile'Include\Defs_Timers.inc'
Include/Defs_Constants.inc(134):Systemclockprescalersetto1
Include/Defs_Constants.inc(386):Includingfile'Include\Defs_PWM.inc'
Include/Defs_IConstants.inc(479):Includingfile'Include/Defs_DHT.inc'
Include/Defs_Constants.inc(486):Includingfile'Include/Defs_OWR.inc'
Include/Defs_Constants.inc(499):Includingfile'Include/Defs_NRF.inc'
Include/Defs_Constants.inc(537):Including file 'Include/Defs_RTC.inc'
Include/Defs_Constants.inc(544):Includingfile'Include\Defs_DDS.inc'
AttoBASICV231.asm(886):Includingfile'Include/Defs_ADC.inc'
AttoBASICV231.asm(894):Includingfile'Include/Defs_usb_serial-at90usb1286.inc'
AttoBASICV231.asm(898): Including file'Include/Defs_USART.inc'
AttoBASICV231.asm(901):Includingfile'Include/Defs_TWI.inc'
Include/Defs_TWI.inc(111):Including file 'Include\Macro_TWI.inc'
AttoBASICV231.asm(906):Includingfile'Include/Macro_IO.inc'
AttoBASICV231.asm(907): Including file 'Include/Macro_Misc.inc'
AttoBASICV231.asm(908):Includingfile'Include/Macro_Delays.inc'
AttoBASICV231.asm(909):Includingfile'Include/Macro_AttoBASIC.inc'
AttoBASICV231.asm(916):Includingfile 'Include/Data_RAM.inc'
AttoBASICV231.asm(917):Includingfile'Include/Data_EEP.inc'
AttoBASICV231.asm(926): Including file'Include/Code_Vectors.inc'
AttoBASICV231.Aasm(3078):Includingfile'Include/Code_Editing.inc'
AttoBASICV231.asm(3079):Includingfile'Include/Code_EFS.inc'
AttoBASICV231.asm(3080):Includingfile'include/Code_Math.inc'
AttoBASICV231.asm(3080): Including file 'include/Code_Math.inc'AttoBASICV231.asm(3081):Includingfile'Include/Code_ERRPROC.inc'
AttoBASICV231.asm(3083):Includingfile'Include/Code_TWI.inc'
AttoBASICV231.asm(3086):Includingfile'Include/Code_SPI.inc'
AttoBASICV231.asm(3088): Including file'Include/Code_PORTIO.inc'
AttoBASICV231.asm(3088): Including file 'Include/Code_PORTIO.inc'AttoBASICV231.asm(3090):Includingfile'Include/Code_PWM.inc'
AttoBASICV231.asm(3092):Including file 'Include/Code_Operators.inc'
AttoBASICV231.asm(3093):Includingfile'Include/C
ode_Analog.inc'AttoBASICV231.asm(3094):Includingfile'Include/Code_DataBytes.inc'
AttoBASICV231.asm(3096):Includingfile'Include/Code_ICP.inc'
Include/Code_ICP.inc(2):Includingfile'Include/Defs_ICP.inc'
AttoBASICV231.asm(3099): Includingfile'Include/Code_DS.inc'
AttoBASICV231.asm(3102):AIncludingfile'Include/Code_DataFile.inc'
Include/Code_DataFile.inc(2):Includingfile'Include/Defs_DAT
AFILE.inc'AttoBASICV231.asm(3105):Includingfile'Include/Code_LOPWR.inc'
AttoBASICV231.asm(3105): Including file 'Include/Code_LOPWR.inc'AttoBASICV231.asm(3108):Includingfile'
AttoBASICV231.asm(3108): Including file 'Include/Code_DDS.inc'AttoBASICV231.asm(3110):AIncludingfile'Include/Code_I
nit.inc'AttoBASICV231.asm(3112):Includingfile'Include/Code_RTC.inc'
AttoBASICV231.asm(3115):Includingfile'Include/Code_D
HT.inc'AttoBASICV231.asm(3118):Includingfile'Include/Code_NRF.inc
'
AttoBASICV231.asm(3121):Includingfile'Include/Code_OWR.inc'
AttoBASICV231.asm(3121): Including file 'Include/Code_OWR.inc'AttoBASICV231.asm(3125):Includingfile'Include/Code_Debug.inc
'
AttoBASICV231.asm(3137): Includingfile'Include/Code_BLDR.inc'
AttoBASICV231.asm(3137): Including file 'Include/Code_BLDR.inc'AttoBASICV231.asm(3346):Includingfile'Include/Da
ta_Cmds.inc'AttoBASICV231.asm(3347):Includingfil
e 'Include/Data_Msgs.inc'AttoBASICV231.asm(3379):Notice:USBsupportforAT90USB1286@16MHzenabled
AttoBASICV231.asm(3380):Includingfile'Include/Code_usb_serial_at90usb1286-16M.inc'
AttoBASICV231.asm(3380): Including file 'Include/Code_usb_serial_at90usb1286-16M.inc'AttoBASICV231.asm(3392): Including file'Include/Data_SqrWav.inc'
AttoBASICV231.asm(3398):Includingfile'Include/Code_Bootloader.inc'
Include/Defs_Constants.inc(156):UsingFCLK@16MHz
Include/Defs_Constants.inc(156): Using FCLK @ 16MHzInclude/Defs_DHT.inc(4):EnablingDHTSensorSupport
Include/Defs_DHT.inc(200):Usingdivideby8forDHTtiming.
Include/Defs_OWR.inc(4):Enabling1-WireSupport
Include/Defs_OWR.inc(4): Enabling 1-Wire SupportInclude/Defs_USART.inc(15):Usingbaudrateof19200forFCLK>4MHz
Include/Defs_USART.inc(15): Using baud rate of 19200 for FCLK > 4MHzInclude/Defs_TWI.inc(22):TWI@400Kavailable
Include/Code_Init.inc(164):EnablingPort-PinPullupsforDSinterface.
Include/Code_usb_serial_at90usb1286-16M.inc(153):warning:.cseg.dbmisalignment-paddingzerobyte
Include/Code_usb_serial_at90usb1286-16M.inc(153): warning: .cseg .db misalignment - padding zero byteAttoBASICV231.asm(3380):info:'Include/Code_usb_serial_at90usb1286-16M.inc'includedfromhere

AT90USB1286memoryusesummary[bytes]:

Segment   Begin    End      Code   Data   Used    Size   Use%
---------------------------------------------------------------
[.cseg]0x0000000x01e0001310455621866613107214.2%
[.dseg]0x0001000x0021000819181918192100.0%
[.eseg]0x0000000x000fff0416416409610.2%

Assemblycomplete,0errors.2warnings
>