















































]2;avrasm2.exe -S labels.tmp -I Include/ -fI -W+ie -C V3 -o AttoBASICV231.hex -d AttoBASICV231.obj -e AttoBASICV231.eep -m AttoBAS








































































AVRASM:AVRmacroassembler2.1.42(build1796Sep152009
10:48:36)
Copyright(C)1995-2009ATMELCorporation

AttoBASICV231.asm(885):Includingfile'Include/Defs_Constants.inc'
Include/Defs_Constants.inc(1): Including file 'Include/usb1286def.inc'
Include/Defs_Constants.inc(13):Includingfile'Include\Defs_Register.inc'
Include\Defs_Register.inc(50):warning:Registerr30alreadydefinedby the .DEF directive
Include/Defs_Constants.inc(13): info: 'Include\Defs_Register.inc'includedfr
om here
AttoBASICV231.asm(885):info:'Include/Defs_Constants.inc'includedfromhere
Include/Defs_Constants.inc(14):Includingfile'Include\Defs_Pinout.inc'
Include/Defs_Constants.inc(15):Includingfile'Include\Defs_Timers.inc'
Include/Defs_Constants.inc(134): Systemclockprescalersetto1
Include/Defs_Constants.inc(229):DisablingBootLoaderSupporton TEENSY++ 2.0
Include/Defs_Constants.inc(230):EnablingUSBSerialI/OSupportonTEENSY++2.0
Include/Defs_Constants.inc(386):Includingfile'Include\Defs_PWM.inc'
Include/Defs_Constants.inc(479):Includingfile'Include/Defs_DHT.inc'
Include/Defs_Constants.inc(486):Includingfile'Include/Defs_OWR.inc'
Include/Defs_Constants.inc(499): Including file 'Include/Defs_NRF.inc'
Include/Defs_Constants.inc(537):Includingfile'Include/Defs_RTC.inc'
Include/Defs_Constants.inc(544): Including file 'Include\Defs_DDS.inc'
AttoBASICV231.asm(886):Including file 'Include/Defs_ADC.inc'
AttoBASICV231.asm(892):Includingfile'Include/Defs_usb_serial-TEENSYPP20.inc'
AttoBASICV231.asm(898):Includingfile'Include/Defs_USART.inc'
AttoBASICV231.asm(901):Includingfile'Include/Defs_TWI.inc'
Include/Defs_TWI.inc(111):Includingfile'Include\Macro_TWI.inc'
AttoBASICV231.asm(906): Including file 'Include/Macro_IO.inc'
AttoABASICV231.asm(907):Includingfile'Include/Macro_Misc.inc'
AttoBASICV231.asm(908):Includingfile'Include/Macro_Delays.inc'
AttoBASICV231.asm(909): Includingfile'Include/Macro_AttoBASIC.inc'
AttoBASICV231.asm(916):Includingfile'Include/Data_RAM.inc'
AttoBASICV231.asm(917):Includingfile'Include/Data_EEP.inc'
AttoBASICV231.asm(926):Includingfile'Include/Code_Vectors.inc'
AttoBASICV231.asm(3078):Includingfile'Include/Code_Editing.inc
'
AttoBASICV231.asm(3079):Includingfile 'Include/Code
_EFS.inc'AttoBASICV231.asm(3080):Includingfile'include/Code_Math.inc'
AttoBASICV231.asm(3081):Includingfile'Include/Code_ERRPROC.inc'
AttoBASICV231.asm(3083):Includingfile 'Include/Code_TWI.inc
'
AttoBASICV231.asm(3086):Includingfile'Include/Code_SPI.inc'
AttoBASICV231.asm(3088):Includingfile'Include/Code_PORTIO.inc'
AttoBASICV231.asm(3090):Includingfile'Include/Code_PWM.inc'
AttoBASICV231.asm(3092):Includingfile'Include/Code_Operators.inc
'
AttoBASICV231.asm(3093):Includingfile'Include/Code_Analo
g.inc'
AttoBASICV231.asm(3094):Includingfile'Include/Code_Dat
aBytes.inc'AttoBASICV231.asm(3096):Includingfile'Include
/Code_ICP.inc'Include/Code_ICP.inc(2):Includingfile'Include/Defs_ICP.inc'
AttoBASICV231.asm(3099):Includingfile'Include/Code_DS.inc'
AttoBASICV231.asm(3102):Includingfile'Include/Code_DataFi
le.inc'Include/Code_DataFile.inc(2In):Includingfile'Include/Defs_DATAFI
LE.inc'AttoBASICV231.asm(3105):Includingfile'Include/Code_LOPWR.inc'
AttoBASICV231.asm(3108):Includingfile'Include/Code_DDS.inc'
AttoBASICV231.asm(3110):Includingfile'Include/Code_Init.inc'
AttoBASICV231.asm(3112):Includingfile'Include/Code_RTC.inc'
AttoBASICV231.asm(3112): Including file 'Include/Code_RTC.inc'AttoBASICV231.asm(3115): Including file 'Include/Code_DHT.inc'
AttoBASICV231.asm(3118):Includingfile'I
nclude/Code_NRF.inc'AttoBASICV231.asm(3121):Includingfile'Include/Code_OWR.inc'
AttoBASICV231.asm(3125):Includingfile'Include/Code_Debug.inc'
AttoBASICV231.asm(3137):Includingfile'Include/Code_BLDR.inc'
AttoBASICV231.asm(3137): Including file 'Include/Code_BLDR.inc'AttoBASICV231.asm(3346):Includingfile'Include/Data_Cmds.inc'
AttoBASICV231.asm(3347):Includingfile'Include/Dat
a_Msgs.inc'AttoBASICV231.asm(3376):Notice:USBsupportforTEENSY++2.0enabled
AttoBASICV231.asm(3377):Includingfile'Include/Code_usb_serial_TEENSYPP20.inc'
AttoBASICV231.asm(3392):Includingfile'Include/Data_SqrWav.inc'
AttoBASICV231.asm(3398):Including file'Include/Code_Bootloader.inc'
Include/Defs_Constants.inc(1I56):UsingFCLK@16MHz
Include/Defs_DHT.inc(4):EnablingDHTSensorSupport
Include/Defs_DHT.inc(200):Usingdivideby8forDHTtimi
ng.
Include/Defs_OWR.inc(4):Enabling1-WireSupport
Include/Defs_USART.inc(15):Usingbaudrateof19200forFCLK>4MHz
Include/Defs_TWI.inc(22):TWI@400Kavailab
le
Include/Code_Init.inc(164):EnablingPort-PinPullupsforDSinterface.
Include/Code_usb_serial_TEENSYPP20.inc(153):warning:.cseg.dbmisalignment-paddingzerobyte
AttoBASICV231.asm(3377):info:'Include/Code_usb_serial_TEENSYPP20.inc'includedfromhere

AT90USB1286memoryusesummary[bytes]:
Segment   Begin    End      Code   Data   Used    Size   Use%
---------------------------------------------------------------
[.cseg]0x0000000x01fc001310455621866613107214.2%
[.cseg] 0x000000 0x01fc00  13104   5562  18666  131072  14.2%dseg]0x0001000x0021000819181918192100.0%
[.eseg]0x0000000x000fff0416416409610.2%

Assemblycomplete,0errors.2warnings
Assembly complete, 0 errors. 2 warnings>