;  LST file generated by mikroListExporter - v.2.0 
; Date/Time: 9/11/2011 11:05:21 AM
;----------------------------------------------

;Address Opcode 	ASM
0x0000	0x040B940C  	JMP        1035
0x0004	0x02A7940C  	JMP        679
0x0008	0x0000940C  	JMP        0
0x000C	0x0000940C  	JMP        0
0x0010	0x0000940C  	JMP        0
0x0014	0x0000940C  	JMP        0
0x0018	0x0000940C  	JMP        0
0x001C	0x0000940C  	JMP        0
0x0020	0x0000940C  	JMP        0
0x0024	0x0000940C  	JMP        0
0x0028	0x0000940C  	JMP        0
0x002C	0x0000940C  	JMP        0
0x0030	0x0000940C  	JMP        0
0x0034	0x0000940C  	JMP        0
0x0038	0x0000940C  	JMP        0
0x003C	0x0000940C  	JMP        0
0x0040	0x0000940C  	JMP        0
0x0044	0x0000940C  	JMP        0
0x0048	0x0000940C  	JMP        0
0x004C	0x03F2940C  	JMP        1010
0x0050	0x0000940C  	JMP        0
_main:
0x0816	0xE5BF    	LDI        R27, 95
0x0818	0xBFBD    	OUT        SPL+0, R27
0x081A	0xE0B4    	LDI        R27, 4
0x081C	0xBFBE    	OUT        SPL+1, R27
0x081E	0x04E9940E  	CALL       1257
0x0822	0xB7CD    	IN         R28, SPL+0
0x0824	0xB7DE    	IN         R29, SPL+1
0x0826	0x9721    	SBIW       R28, 1
0x0828	0xBFCD    	OUT        SPL+0, R28
0x082A	0xBFDE    	OUT        SPL+1, R29
0x082C	0x9621    	ADIW       R28, 1
;remote.c,258 :: 		void main()
;remote.c,261 :: 		DDD2_bit = 0;
0x082E	0x922F    	PUSH       R2
0x0830	0x923F    	PUSH       R3
0x0832	0x924F    	PUSH       R4
0x0834	0x925F    	PUSH       R5
0x0836	0xB3B1    	IN         R27, DDD2_bit+0
0x0838	0x7FBB    	CBR        R27, 4
0x083A	0xBBB1    	OUT        DDD2_bit+0, R27
;remote.c,262 :: 		Lcd_Init();                        // Initialize LCD
0x083C	0xDD4A    	RCALL      _Lcd_Init+0
;remote.c,263 :: 		Lcd_Cmd(_LCD_CLEAR);               // Clear display
0x083E	0xE0B1    	LDI        R27, 1
0x0840	0x2E2B    	MOV        R2, R27
0x0842	0xDCE5    	RCALL      _Lcd_Cmd+0
;remote.c,264 :: 		Lcd_Cmd(_LCD_CURSOR_OFF);          // Cursor off
0x0844	0xE0BC    	LDI        R27, 12
0x0846	0x2E2B    	MOV        R2, R27
0x0848	0xDCE2    	RCALL      _Lcd_Cmd+0
;remote.c,266 :: 		Lcd_Out(1, 1, "IR RemoteDecoder");
0x084A	0xE6B0    	LDI        R27, lo_addr(?lstr1_remote+0)
0x084C	0x2E4B    	MOV        R4, R27
0x084E	0xE0B0    	LDI        R27, hi_addr(?lstr1_remote+0)
0x0850	0x2E5B    	MOV        R5, R27
0x0852	0xE0B1    	LDI        R27, 1
0x0854	0x2E3B    	MOV        R3, R27
0x0856	0xE0B1    	LDI        R27, 1
0x0858	0x2E2B    	MOV        R2, R27
0x085A	0xDC92    	RCALL      _Lcd_Out+0
;remote.c,267 :: 		Delay_ms(2000);
0x085C	0xEA23    	LDI        R18, 163
0x085E	0xE517    	LDI        R17, lo_addr(SPMCSR)
0x0860	0xE003    	LDI        R16, lo_addr(R3)
L_main40:
0x0862	0x950A    	DEC        R16
0x0864	0xF7F1    	BRNE       L_main40
0x0866	0x951A    	DEC        R17
0x0868	0xF7E1    	BRNE       L_main40
0x086A	0x952A    	DEC        R18
0x086C	0xF7D1    	BRNE       L_main40
0x086E	0x0000    	NOP
;remote.c,268 :: 		Lcd_Cmd(_LCD_CLEAR);               // Clear display
0x0870	0xE0B1    	LDI        R27, 1
0x0872	0x2E2B    	MOV        R2, R27
0x0874	0xDCCC    	RCALL      _Lcd_Cmd+0
;remote.c,270 :: 		RemoteInit();
0x0876	0xDE44    	RCALL      _RemoteInit+0
;remote.c,272 :: 		while(1)
L_main42:
;remote.c,274 :: 		lcd_data = GetRemoteCmd(1);
0x0878	0xE0B1    	LDI        R27, 1
0x087A	0x2E2B    	MOV        R2, R27
0x087C	0xDC63    	RCALL      _GetRemoteCmd+0
0x087E	0x8308    	STD        Y+0, R16
;remote.c,275 :: 		SREG_I_bit = 0;
0x0880	0xB7BF    	IN         R27, SREG_I_bit+0
0x0882	0x77BF    	CBR        R27, 128
0x0884	0xBFBF    	OUT        SREG_I_bit+0, R27
;remote.c,276 :: 		Lcd_Cmd(_LCD_CLEAR);
0x0886	0xE0B1    	LDI        R27, 1
0x0888	0x2E2B    	MOV        R2, R27
0x088A	0xDCC1    	RCALL      _Lcd_Cmd+0
;remote.c,277 :: 		if(lcd_data == 0x0A)
0x088C	0x8108    	LDD        R16, Y+0
0x088E	0x300A    	CPI        R16, 10
0x0890	0xF451    	BRNE       L_main44
L__main121:
;remote.c,279 :: 		Lcd_Out(1, 1, "You pressed 1!!");
0x0892	0xE8B2    	LDI        R27, lo_addr(?lstr2_remote+0)
0x0894	0x2E4B    	MOV        R4, R27
0x0896	0xE0B0    	LDI        R27, hi_addr(?lstr2_remote+0)
0x0898	0x2E5B    	MOV        R5, R27
0x089A	0xE0B1    	LDI        R27, 1
0x089C	0x2E3B    	MOV        R3, R27
0x089E	0xE0B1    	LDI        R27, 1
0x08A0	0x2E2B    	MOV        R2, R27
0x08A2	0xDC6E    	RCALL      _Lcd_Out+0
;remote.c,280 :: 		}
0x08A4	0xC050    	RJMP       L_main45
L_main44:
;remote.c,281 :: 		else if(lcd_data == 0x1B)
0x08A6	0x8108    	LDD        R16, Y+0
0x08A8	0x310B    	CPI        R16, 27
0x08AA	0xF451    	BRNE       L_main46
L__main122:
;remote.c,283 :: 		Lcd_Out(1, 1, "You pressed 2!!");
0x08AC	0xE7B2    	LDI        R27, lo_addr(?lstr3_remote+0)
0x08AE	0x2E4B    	MOV        R4, R27
0x08B0	0xE0B0    	LDI        R27, hi_addr(?lstr3_remote+0)
0x08B2	0x2E5B    	MOV        R5, R27
0x08B4	0xE0B1    	LDI        R27, 1
0x08B6	0x2E3B    	MOV        R3, R27
0x08B8	0xE0B1    	LDI        R27, 1
0x08BA	0x2E2B    	MOV        R2, R27
0x08BC	0xDC61    	RCALL      _Lcd_Out+0
;remote.c,284 :: 		}
0x08BE	0xC043    	RJMP       L_main47
L_main46:
;remote.c,285 :: 		else if(lcd_data == 0x1F)
0x08C0	0x8108    	LDD        R16, Y+0
0x08C2	0x310F    	CPI        R16, 31
0x08C4	0xF451    	BRNE       L_main48
L__main123:
;remote.c,287 :: 		Lcd_Out(1, 1, "You pressed 3!!");
0x08C6	0xE9B4    	LDI        R27, lo_addr(?lstr4_remote+0)
0x08C8	0x2E4B    	MOV        R4, R27
0x08CA	0xE0B0    	LDI        R27, hi_addr(?lstr4_remote+0)
0x08CC	0x2E5B    	MOV        R5, R27
0x08CE	0xE0B1    	LDI        R27, 1
0x08D0	0x2E3B    	MOV        R3, R27
0x08D2	0xE0B1    	LDI        R27, 1
0x08D4	0x2E2B    	MOV        R2, R27
0x08D6	0xDC54    	RCALL      _Lcd_Out+0
;remote.c,288 :: 		}
0x08D8	0xC036    	RJMP       L_main49
L_main48:
;remote.c,289 :: 		else if(lcd_data == 0x0C)
0x08DA	0x8108    	LDD        R16, Y+0
0x08DC	0x300C    	CPI        R16, 12
0x08DE	0xF451    	BRNE       L_main50
L__main124:
;remote.c,291 :: 		Lcd_Out(1, 1, "You pressed 4!!");
0x08E0	0xECB1    	LDI        R27, lo_addr(?lstr5_remote+0)
0x08E2	0x2E4B    	MOV        R4, R27
0x08E4	0xE0B0    	LDI        R27, hi_addr(?lstr5_remote+0)
0x08E6	0x2E5B    	MOV        R5, R27
0x08E8	0xE0B1    	LDI        R27, 1
0x08EA	0x2E3B    	MOV        R3, R27
0x08EC	0xE0B1    	LDI        R27, 1
0x08EE	0x2E2B    	MOV        R2, R27
0x08F0	0xDC47    	RCALL      _Lcd_Out+0
;remote.c,292 :: 		}
0x08F2	0xC029    	RJMP       L_main51
L_main50:
;remote.c,293 :: 		else if(lcd_data == 0x0D)
0x08F4	0x8108    	LDD        R16, Y+0
0x08F6	0x300D    	CPI        R16, 13
0x08F8	0xF451    	BRNE       L_main52
L__main125:
;remote.c,295 :: 		Lcd_Out(1, 1, "You pressed 5!!");
0x08FA	0xEBB1    	LDI        R27, lo_addr(?lstr6_remote+0)
0x08FC	0x2E4B    	MOV        R4, R27
0x08FE	0xE0B0    	LDI        R27, hi_addr(?lstr6_remote+0)
0x0900	0x2E5B    	MOV        R5, R27
0x0902	0xE0B1    	LDI        R27, 1
0x0904	0x2E3B    	MOV        R3, R27
0x0906	0xE0B1    	LDI        R27, 1
0x0908	0x2E2B    	MOV        R2, R27
0x090A	0xDC3A    	RCALL      _Lcd_Out+0
;remote.c,296 :: 		}
0x090C	0xC01C    	RJMP       L_main53
L_main52:
;remote.c,297 :: 		else if(lcd_data == 0x0E)
0x090E	0x8108    	LDD        R16, Y+0
0x0910	0x300E    	CPI        R16, 14
0x0912	0xF451    	BRNE       L_main54
L__main126:
;remote.c,299 :: 		Lcd_Out(1, 1, "You pressed 6!!");
0x0914	0xEDB1    	LDI        R27, lo_addr(?lstr7_remote+0)
0x0916	0x2E4B    	MOV        R4, R27
0x0918	0xE0B0    	LDI        R27, hi_addr(?lstr7_remote+0)
0x091A	0x2E5B    	MOV        R5, R27
0x091C	0xE0B1    	LDI        R27, 1
0x091E	0x2E3B    	MOV        R3, R27
0x0920	0xE0B1    	LDI        R27, 1
0x0922	0x2E2B    	MOV        R2, R27
0x0924	0xDC2D    	RCALL      _Lcd_Out+0
;remote.c,300 :: 		}
0x0926	0xC00F    	RJMP       L_main55
L_main54:
;remote.c,303 :: 		Lcd_Out(1, 1, "You pressed:");
0x0928	0xEAB4    	LDI        R27, lo_addr(?lstr8_remote+0)
0x092A	0x2E4B    	MOV        R4, R27
0x092C	0xE0B0    	LDI        R27, hi_addr(?lstr8_remote+0)
0x092E	0x2E5B    	MOV        R5, R27
0x0930	0xE0B1    	LDI        R27, 1
0x0932	0x2E3B    	MOV        R3, R27
0x0934	0xE0B1    	LDI        R27, 1
0x0936	0x2E2B    	MOV        R2, R27
0x0938	0xDC23    	RCALL      _Lcd_Out+0
;remote.c,304 :: 		Lcd_Chr(1, 14, lcd_data);
0x093A	0x8048    	LDD        R4, Y+0
0x093C	0xE0BE    	LDI        R27, 14
0x093E	0x2E3B    	MOV        R3, R27
0x0940	0xE0B1    	LDI        R27, 1
0x0942	0x2E2B    	MOV        R2, R27
0x0944	0xDBC8    	RCALL      _Lcd_Chr+0
;remote.c,305 :: 		}
L_main55:
L_main53:
L_main51:
L_main49:
L_main47:
L_main45:
;remote.c,306 :: 		SREG_I_bit = 1;
0x0946	0xB7BF    	IN         R27, SREG_I_bit+0
0x0948	0x68B0    	SBR        R27, 128
0x094A	0xBFBF    	OUT        SREG_I_bit+0, R27
;remote.c,307 :: 		}
0x094C	0xCF95    	RJMP       L_main42
;remote.c,308 :: 		}
L_end_main:
0x094E	0xCFFF    	RJMP       L_end_main
; end of _main
_Lcd_Init:
;__Lib_Lcd.c,84 :: 		
;__Lib_Lcd.c,86 :: 		
0x02D2	0x003B91B0  	LDS        R27, LCD_EN+0
0x02D6	0x7FB7    	CBR        R27, 8
0x02D8	0x003B93B0  	STS        LCD_EN+0, R27
;__Lib_Lcd.c,87 :: 		
0x02DC	0x003B91B0  	LDS        R27, LCD_RS+0
0x02E0	0x7FBB    	CBR        R27, 4
0x02E2	0x003B93B0  	STS        LCD_RS+0, R27
;__Lib_Lcd.c,88 :: 		
0x02E6	0x003B91B0  	LDS        R27, LCD_D7+0
0x02EA	0x77BF    	CBR        R27, 128
0x02EC	0x003B93B0  	STS        LCD_D7+0, R27
;__Lib_Lcd.c,89 :: 		
0x02F0	0x003B91B0  	LDS        R27, LCD_D6+0
0x02F4	0x7BBF    	CBR        R27, 64
0x02F6	0x003B93B0  	STS        LCD_D6+0, R27
;__Lib_Lcd.c,90 :: 		
0x02FA	0x003B91B0  	LDS        R27, LCD_D5+0
0x02FE	0x7DBF    	CBR        R27, 32
0x0300	0x003B93B0  	STS        LCD_D5+0, R27
;__Lib_Lcd.c,91 :: 		
0x0304	0x003B91B0  	LDS        R27, LCD_D4+0
0x0308	0x7EBF    	CBR        R27, 16
0x030A	0x003B93B0  	STS        LCD_D4+0, R27
;__Lib_Lcd.c,93 :: 		
0x030E	0x003A91B0  	LDS        R27, LCD_EN_Direction+0
0x0312	0x60B8    	SBR        R27, 8
0x0314	0x003A93B0  	STS        LCD_EN_Direction+0, R27
;__Lib_Lcd.c,94 :: 		
0x0318	0x003A91B0  	LDS        R27, LCD_RS_Direction+0
0x031C	0x60B4    	SBR        R27, 4
0x031E	0x003A93B0  	STS        LCD_RS_Direction+0, R27
;__Lib_Lcd.c,95 :: 		
0x0322	0x003A91B0  	LDS        R27, LCD_D4_Direction+0
0x0326	0x61B0    	SBR        R27, 16
0x0328	0x003A93B0  	STS        LCD_D4_Direction+0, R27
;__Lib_Lcd.c,96 :: 		
0x032C	0x003A91B0  	LDS        R27, LCD_D5_Direction+0
0x0330	0x62B0    	SBR        R27, 32
0x0332	0x003A93B0  	STS        LCD_D5_Direction+0, R27
;__Lib_Lcd.c,97 :: 		
0x0336	0x003A91B0  	LDS        R27, LCD_D6_Direction+0
0x033A	0x64B0    	SBR        R27, 64
0x033C	0x003A93B0  	STS        LCD_D6_Direction+0, R27
;__Lib_Lcd.c,98 :: 		
0x0340	0x003A91B0  	LDS        R27, LCD_D7_Direction+0
0x0344	0x68B0    	SBR        R27, 128
0x0346	0x003A93B0  	STS        LCD_D7_Direction+0, R27
;__Lib_Lcd.c,100 :: 		
0x034A	0xDEBD    	RCALL      _Delay_5500us+0
;__Lib_Lcd.c,101 :: 		
0x034C	0xDEBC    	RCALL      _Delay_5500us+0
;__Lib_Lcd.c,102 :: 		
0x034E	0xDEBB    	RCALL      _Delay_5500us+0
;__Lib_Lcd.c,105 :: 		
0x0350	0x003B91B0  	LDS        R27, LCD_D5+0
0x0354	0x62B0    	SBR        R27, 32
0x0356	0x003B93B0  	STS        LCD_D5+0, R27
;__Lib_Lcd.c,106 :: 		
0x035A	0x003B91B0  	LDS        R27, LCD_D4+0
0x035E	0x61B0    	SBR        R27, 16
0x0360	0x003B93B0  	STS        LCD_D4+0, R27
;__Lib_Lcd.c,107 :: 		
0x0364	0x003B91B0  	LDS        R27, LCD_EN+0
0x0368	0x60B8    	SBR        R27, 8
0x036A	0x003B93B0  	STS        LCD_EN+0, R27
;__Lib_Lcd.c,108 :: 		
0x036E	0xDEA6    	RCALL      _Delay_1us+0
;__Lib_Lcd.c,109 :: 		
0x0370	0x003B91B0  	LDS        R27, LCD_EN+0
0x0374	0x7FB7    	CBR        R27, 8
0x0376	0x003B93B0  	STS        LCD_EN+0, R27
;__Lib_Lcd.c,110 :: 		
0x037A	0xDEA5    	RCALL      _Delay_5500us+0
;__Lib_Lcd.c,112 :: 		
0x037C	0x003B91B0  	LDS        R27, LCD_EN+0
0x0380	0x60B8    	SBR        R27, 8
0x0382	0x003B93B0  	STS        LCD_EN+0, R27
;__Lib_Lcd.c,113 :: 		
0x0386	0xDE9A    	RCALL      _Delay_1us+0
;__Lib_Lcd.c,114 :: 		
0x0388	0x003B91B0  	LDS        R27, LCD_EN+0
0x038C	0x7FB7    	CBR        R27, 8
0x038E	0x003B93B0  	STS        LCD_EN+0, R27
;__Lib_Lcd.c,115 :: 		
0x0392	0xDE99    	RCALL      _Delay_5500us+0
;__Lib_Lcd.c,117 :: 		
0x0394	0x003B91B0  	LDS        R27, LCD_EN+0
0x0398	0x60B8    	SBR        R27, 8
0x039A	0x003B93B0  	STS        LCD_EN+0, R27
;__Lib_Lcd.c,118 :: 		
0x039E	0xDE8E    	RCALL      _Delay_1us+0
;__Lib_Lcd.c,119 :: 		
0x03A0	0x003B91B0  	LDS        R27, LCD_EN+0
0x03A4	0x7FB7    	CBR        R27, 8
0x03A6	0x003B93B0  	STS        LCD_EN+0, R27
;__Lib_Lcd.c,120 :: 		
0x03AA	0xDE8D    	RCALL      _Delay_5500us+0
;__Lib_Lcd.c,123 :: 		
0x03AC	0x003B91B0  	LDS        R27, LCD_D4+0
0x03B0	0x7EBF    	CBR        R27, 16
0x03B2	0x003B93B0  	STS        LCD_D4+0, R27
;__Lib_Lcd.c,124 :: 		
0x03B6	0x003B91B0  	LDS        R27, LCD_EN+0
0x03BA	0x60B8    	SBR        R27, 8
0x03BC	0x003B93B0  	STS        LCD_EN+0, R27
;__Lib_Lcd.c,125 :: 		
0x03C0	0xDE7D    	RCALL      _Delay_1us+0
;__Lib_Lcd.c,126 :: 		
0x03C2	0x003B91B0  	LDS        R27, LCD_EN+0
0x03C6	0x7FB7    	CBR        R27, 8
0x03C8	0x003B93B0  	STS        LCD_EN+0, R27
;__Lib_Lcd.c,127 :: 		
0x03CC	0xDE7C    	RCALL      _Delay_5500us+0
;__Lib_Lcd.c,130 :: 		
0x03CE	0x003B91B0  	LDS        R27, LCD_EN+0
0x03D2	0x60B8    	SBR        R27, 8
0x03D4	0x003B93B0  	STS        LCD_EN+0, R27
;__Lib_Lcd.c,131 :: 		
0x03D8	0xDE71    	RCALL      _Delay_1us+0
;__Lib_Lcd.c,132 :: 		
0x03DA	0x003B91B0  	LDS        R27, LCD_EN+0
0x03DE	0x7FB7    	CBR        R27, 8
0x03E0	0x003B93B0  	STS        LCD_EN+0, R27
;__Lib_Lcd.c,134 :: 		
0x03E4	0x003B91B0  	LDS        R27, LCD_D5+0
0x03E8	0x7DBF    	CBR        R27, 32
0x03EA	0x003B93B0  	STS        LCD_D5+0, R27
;__Lib_Lcd.c,135 :: 		
0x03EE	0x003B91B0  	LDS        R27, LCD_D7+0
0x03F2	0x68B0    	SBR        R27, 128
0x03F4	0x003B93B0  	STS        LCD_D7+0, R27
;__Lib_Lcd.c,136 :: 		
0x03F8	0x003B91B0  	LDS        R27, LCD_EN+0
0x03FC	0x60B8    	SBR        R27, 8
0x03FE	0x003B93B0  	STS        LCD_EN+0, R27
;__Lib_Lcd.c,137 :: 		
0x0402	0xDE5C    	RCALL      _Delay_1us+0
;__Lib_Lcd.c,138 :: 		
0x0404	0x003B91B0  	LDS        R27, LCD_EN+0
0x0408	0x7FB7    	CBR        R27, 8
0x040A	0x003B93B0  	STS        LCD_EN+0, R27
;__Lib_Lcd.c,139 :: 		
0x040E	0xDE5B    	RCALL      _Delay_5500us+0
;__Lib_Lcd.c,142 :: 		
0x0410	0x003B91B0  	LDS        R27, LCD_D7+0
0x0414	0x77BF    	CBR        R27, 128
0x0416	0x003B93B0  	STS        LCD_D7+0, R27
;__Lib_Lcd.c,143 :: 		
0x041A	0x003B91B0  	LDS        R27, LCD_D4+0
0x041E	0x61B0    	SBR        R27, 16
0x0420	0x003B93B0  	STS        LCD_D4+0, R27
;__Lib_Lcd.c,144 :: 		
0x0424	0x003B91B0  	LDS        R27, LCD_EN+0
0x0428	0x60B8    	SBR        R27, 8
0x042A	0x003B93B0  	STS        LCD_EN+0, R27
;__Lib_Lcd.c,145 :: 		
0x042E	0xDE46    	RCALL      _Delay_1us+0
;__Lib_Lcd.c,146 :: 		
0x0430	0x003B91B0  	LDS        R27, LCD_EN+0
0x0434	0x7FB7    	CBR        R27, 8
0x0436	0x003B93B0  	STS        LCD_EN+0, R27
;__Lib_Lcd.c,148 :: 		
0x043A	0x003B91B0  	LDS        R27, LCD_D4+0
0x043E	0x7EBF    	CBR        R27, 16
0x0440	0x003B93B0  	STS        LCD_D4+0, R27
;__Lib_Lcd.c,149 :: 		
0x0444	0x003B91B0  	LDS        R27, LCD_EN+0
0x0448	0x60B8    	SBR        R27, 8
0x044A	0x003B93B0  	STS        LCD_EN+0, R27
;__Lib_Lcd.c,150 :: 		
0x044E	0xDE36    	RCALL      _Delay_1us+0
;__Lib_Lcd.c,151 :: 		
0x0450	0x003B91B0  	LDS        R27, LCD_EN+0
0x0454	0x7FB7    	CBR        R27, 8
0x0456	0x003B93B0  	STS        LCD_EN+0, R27
;__Lib_Lcd.c,152 :: 		
0x045A	0xDE35    	RCALL      _Delay_5500us+0
;__Lib_Lcd.c,155 :: 		
0x045C	0x003B91B0  	LDS        R27, LCD_EN+0
0x0460	0x60B8    	SBR        R27, 8
0x0462	0x003B93B0  	STS        LCD_EN+0, R27
;__Lib_Lcd.c,156 :: 		
0x0466	0xDE2A    	RCALL      _Delay_1us+0
;__Lib_Lcd.c,157 :: 		
0x0468	0x003B91B0  	LDS        R27, LCD_EN+0
0x046C	0x7FB7    	CBR        R27, 8
0x046E	0x003B93B0  	STS        LCD_EN+0, R27
;__Lib_Lcd.c,159 :: 		
0x0472	0x003B91B0  	LDS        R27, LCD_D4+0
0x0476	0x61B0    	SBR        R27, 16
0x0478	0x003B93B0  	STS        LCD_D4+0, R27
;__Lib_Lcd.c,160 :: 		
0x047C	0x003B91B0  	LDS        R27, LCD_EN+0
0x0480	0x60B8    	SBR        R27, 8
0x0482	0x003B93B0  	STS        LCD_EN+0, R27
;__Lib_Lcd.c,161 :: 		
0x0486	0xDE1A    	RCALL      _Delay_1us+0
;__Lib_Lcd.c,162 :: 		
0x0488	0x003B91B0  	LDS        R27, LCD_EN+0
0x048C	0x7FB7    	CBR        R27, 8
0x048E	0x003B93B0  	STS        LCD_EN+0, R27
;__Lib_Lcd.c,163 :: 		
0x0492	0xDE19    	RCALL      _Delay_5500us+0
;__Lib_Lcd.c,166 :: 		
0x0494	0x003B91B0  	LDS        R27, LCD_D4+0
0x0498	0x7EBF    	CBR        R27, 16
0x049A	0x003B93B0  	STS        LCD_D4+0, R27
;__Lib_Lcd.c,167 :: 		
0x049E	0x003B91B0  	LDS        R27, LCD_EN+0
0x04A2	0x60B8    	SBR        R27, 8
0x04A4	0x003B93B0  	STS        LCD_EN+0, R27
;__Lib_Lcd.c,168 :: 		
0x04A8	0xDE09    	RCALL      _Delay_1us+0
;__Lib_Lcd.c,169 :: 		
0x04AA	0x003B91B0  	LDS        R27, LCD_EN+0
0x04AE	0x7FB7    	CBR        R27, 8
0x04B0	0x003B93B0  	STS        LCD_EN+0, R27
;__Lib_Lcd.c,171 :: 		
0x04B4	0x003B91B0  	LDS        R27, LCD_D7+0
0x04B8	0x68B0    	SBR        R27, 128
0x04BA	0x003B93B0  	STS        LCD_D7+0, R27
;__Lib_Lcd.c,172 :: 		
0x04BE	0x003B91B0  	LDS        R27, LCD_D6+0
0x04C2	0x64B0    	SBR        R27, 64
0x04C4	0x003B93B0  	STS        LCD_D6+0, R27
;__Lib_Lcd.c,173 :: 		
0x04C8	0x003B91B0  	LDS        R27, LCD_D5+0
0x04CC	0x62B0    	SBR        R27, 32
0x04CE	0x003B93B0  	STS        LCD_D5+0, R27
;__Lib_Lcd.c,174 :: 		
0x04D2	0x003B91B0  	LDS        R27, LCD_D4+0
0x04D6	0x61B0    	SBR        R27, 16
0x04D8	0x003B93B0  	STS        LCD_D4+0, R27
;__Lib_Lcd.c,175 :: 		
0x04DC	0x003B91B0  	LDS        R27, LCD_EN+0
0x04E0	0x60B8    	SBR        R27, 8
0x04E2	0x003B93B0  	STS        LCD_EN+0, R27
;__Lib_Lcd.c,176 :: 		
0x04E6	0xDDEA    	RCALL      _Delay_1us+0
;__Lib_Lcd.c,177 :: 		
0x04E8	0x003B91B0  	LDS        R27, LCD_EN+0
0x04EC	0x7FB7    	CBR        R27, 8
0x04EE	0x003B93B0  	STS        LCD_EN+0, R27
;__Lib_Lcd.c,179 :: 		
0x04F2	0xDDE9    	RCALL      _Delay_5500us+0
;__Lib_Lcd.c,181 :: 		
0x04F4	0x00E991B0  	LDS        R27, __Lib_Lcd_cmd_status+0
0x04F8	0x60B1    	SBR        R27, 1
0x04FA	0x00E993B0  	STS        __Lib_Lcd_cmd_status+0, R27
;__Lib_Lcd.c,182 :: 		
L_end_Lcd_Init:
0x04FE	0x9508    	RET
; end of _Lcd_Init
_Delay_5500us:
;__Lib_Delays.c,30 :: 		void Delay_5500us() {
;__Lib_Delays.c,31 :: 		Delay_us(5500);
0x00C6	0xE713    	LDI        R17, 115
0x00C8	0xE408    	LDI        R16, lo_addr(OCR1BL)
L_Delay_5500us12:
0x00CA	0x950A    	DEC        R16
0x00CC	0xF7F1    	BRNE       L_Delay_5500us12
0x00CE	0x951A    	DEC        R17
0x00D0	0xF7E1    	BRNE       L_Delay_5500us12
0x00D2	0x0000    	NOP
;__Lib_Delays.c,32 :: 		}
L_end_Delay_5500us:
0x00D4	0x9508    	RET
; end of _Delay_5500us
_Delay_1us:
;__Lib_Delays.c,6 :: 		void Delay_1us() {
;__Lib_Delays.c,7 :: 		Delay_us(1);
0x00BC	0xE005    	LDI        R16, lo_addr(R5)
L_Delay_1us0:
0x00BE	0x950A    	DEC        R16
0x00C0	0xF7F1    	BRNE       L_Delay_1us0
0x00C2	0x0000    	NOP
;__Lib_Delays.c,8 :: 		}
L_end_Delay_1us:
0x00C4	0x9508    	RET
; end of _Delay_1us
_Lcd_Cmd:
;__Lib_Lcd.c,18 :: 		
;__Lib_Lcd.c,20 :: 		
0x020E	0xFA27    	BST        R2, 7
0x0210	0x003B91B0  	LDS        R27, LCD_D7+0
0x0214	0xF9B7    	BLD        R27, 7
0x0216	0x003B93B0  	STS        LCD_D7+0, R27
;__Lib_Lcd.c,21 :: 		
0x021A	0xFA26    	BST        R2, 6
0x021C	0x003B91B0  	LDS        R27, LCD_D6+0
0x0220	0xF9B6    	BLD        R27, 6
0x0222	0x003B93B0  	STS        LCD_D6+0, R27
;__Lib_Lcd.c,22 :: 		
0x0226	0xFA25    	BST        R2, 5
0x0228	0x003B91B0  	LDS        R27, LCD_D5+0
0x022C	0xF9B5    	BLD        R27, 5
0x022E	0x003B93B0  	STS        LCD_D5+0, R27
;__Lib_Lcd.c,23 :: 		
0x0232	0xFA24    	BST        R2, 4
0x0234	0x003B91B0  	LDS        R27, LCD_D4+0
0x0238	0xF9B4    	BLD        R27, 4
0x023A	0x003B93B0  	STS        LCD_D4+0, R27
;__Lib_Lcd.c,25 :: 		
0x023E	0x00E991B0  	LDS        R27, __Lib_Lcd_cmd_status+0
0x0242	0x003B9000  	LDS        R0, LCD_RS+0
0x0246	0x94E8    	CLT
0x0248	0xFFB0    	SBRS       R27, 0
0x024A	0x9468    	SET
0x024C	0xF802    	BLD        R0, 2
0x024E	0x003B9200  	STS        LCD_RS+0, R0
;__Lib_Lcd.c,28 :: 		
0x0252	0x003B91B0  	LDS        R27, LCD_EN+0
0x0256	0x60B8    	SBR        R27, 8
0x0258	0x003B93B0  	STS        LCD_EN+0, R27
;__Lib_Lcd.c,29 :: 		
0x025C	0xDF2F    	RCALL      _Delay_1us+0
;__Lib_Lcd.c,30 :: 		
0x025E	0x003B91B0  	LDS        R27, LCD_EN+0
0x0262	0x7FB7    	CBR        R27, 8
0x0264	0x003B93B0  	STS        LCD_EN+0, R27
;__Lib_Lcd.c,33 :: 		
0x0268	0xFA23    	BST        R2, 3
0x026A	0x003B91B0  	LDS        R27, LCD_D7+0
0x026E	0xF9B7    	BLD        R27, 7
0x0270	0x003B93B0  	STS        LCD_D7+0, R27
;__Lib_Lcd.c,34 :: 		
0x0274	0xFA22    	BST        R2, 2
0x0276	0x003B91B0  	LDS        R27, LCD_D6+0
0x027A	0xF9B6    	BLD        R27, 6
0x027C	0x003B93B0  	STS        LCD_D6+0, R27
;__Lib_Lcd.c,35 :: 		
0x0280	0xFA21    	BST        R2, 1
0x0282	0x003B91B0  	LDS        R27, LCD_D5+0
0x0286	0xF9B5    	BLD        R27, 5
0x0288	0x003B93B0  	STS        LCD_D5+0, R27
;__Lib_Lcd.c,36 :: 		
0x028C	0xFA20    	BST        R2, 0
0x028E	0x003B91B0  	LDS        R27, LCD_D4+0
0x0292	0xF9B4    	BLD        R27, 4
0x0294	0x003B93B0  	STS        LCD_D4+0, R27
;__Lib_Lcd.c,38 :: 		
0x0298	0x00E991B0  	LDS        R27, __Lib_Lcd_cmd_status+0
0x029C	0x003B9000  	LDS        R0, LCD_RS+0
0x02A0	0x94E8    	CLT
0x02A2	0xFFB0    	SBRS       R27, 0
0x02A4	0x9468    	SET
0x02A6	0xF802    	BLD        R0, 2
0x02A8	0x003B9200  	STS        LCD_RS+0, R0
;__Lib_Lcd.c,40 :: 		
0x02AC	0x003B91B0  	LDS        R27, LCD_EN+0
0x02B0	0x60B8    	SBR        R27, 8
0x02B2	0x003B93B0  	STS        LCD_EN+0, R27
;__Lib_Lcd.c,41 :: 		
0x02B6	0xDF02    	RCALL      _Delay_1us+0
;__Lib_Lcd.c,42 :: 		
0x02B8	0x003B91B0  	LDS        R27, LCD_EN+0
0x02BC	0x7FB7    	CBR        R27, 8
0x02BE	0x003B93B0  	STS        LCD_EN+0, R27
;__Lib_Lcd.c,44 :: 		
0x02C2	0x00E991B0  	LDS        R27, __Lib_Lcd_cmd_status+0
0x02C6	0xFFB0    	SBRS       R27, 0
0x02C8	0xC002    	RJMP       L_Lcd_Cmd0
;__Lib_Lcd.c,45 :: 		
0x02CA	0xDEFD    	RCALL      _Delay_5500us+0
0x02CC	0xC001    	RJMP       L_Lcd_Cmd1
L_Lcd_Cmd0:
;__Lib_Lcd.c,47 :: 		
0x02CE	0xDEC2    	RCALL      _Delay_50us+0
L_Lcd_Cmd1:
;__Lib_Lcd.c,48 :: 		
L_end_Lcd_Cmd:
0x02D0	0x9508    	RET
; end of _Lcd_Cmd
_Delay_50us:
;__Lib_Delays.c,18 :: 		void Delay_50us() {
;__Lib_Delays.c,19 :: 		Delay_us(50);
0x0054	0xE012    	LDI        R17, lo_addr(R2)
0x0056	0xE009    	LDI        R16, lo_addr(R9)
L_Delay_50us6:
0x0058	0x950A    	DEC        R16
0x005A	0xF7F1    	BRNE       L_Delay_50us6
0x005C	0x951A    	DEC        R17
0x005E	0xF7E1    	BRNE       L_Delay_50us6
;__Lib_Delays.c,20 :: 		}
L_end_Delay_50us:
0x0060	0x9508    	RET
; end of _Delay_50us
_Lcd_Out:
;__Lib_Lcd.c,184 :: 		
;__Lib_Lcd.c,187 :: 		
0x0180	0x922F    	PUSH       R2
0x0182	0xC00F    	RJMP       L_Lcd_Out11
;__Lib_Lcd.c,188 :: 		
L_Lcd_Out13:
0x0184	0xE8B0    	LDI        R27, 128
0x0186	0x2E2B    	MOV        R2, R27
0x0188	0xC019    	RJMP       L_Lcd_Out12
;__Lib_Lcd.c,189 :: 		
L_Lcd_Out14:
0x018A	0xECB0    	LDI        R27, 192
0x018C	0x2E2B    	MOV        R2, R27
0x018E	0xC016    	RJMP       L_Lcd_Out12
;__Lib_Lcd.c,190 :: 		
L_Lcd_Out15:
0x0190	0xE9B4    	LDI        R27, 148
0x0192	0x2E2B    	MOV        R2, R27
0x0194	0xC013    	RJMP       L_Lcd_Out12
;__Lib_Lcd.c,191 :: 		
L_Lcd_Out16:
0x0196	0xEDB4    	LDI        R27, 212
0x0198	0x2E2B    	MOV        R2, R27
0x019A	0xC010    	RJMP       L_Lcd_Out12
;__Lib_Lcd.c,192 :: 		
L_Lcd_Out17:
0x019C	0xE8B0    	LDI        R27, 128
0x019E	0x2E2B    	MOV        R2, R27
;__Lib_Lcd.c,193 :: 		
0x01A0	0xC00D    	RJMP       L_Lcd_Out12
L_Lcd_Out11:
0x01A2	0xE0B1    	LDI        R27, 1
0x01A4	0x162B    	CP         R2, R27
0x01A6	0xF371    	BREQ       L_Lcd_Out13
L__Lcd_Out35:
0x01A8	0xE0B2    	LDI        R27, 2
0x01AA	0x162B    	CP         R2, R27
0x01AC	0xF371    	BREQ       L_Lcd_Out14
L__Lcd_Out36:
0x01AE	0xE0B3    	LDI        R27, 3
0x01B0	0x162B    	CP         R2, R27
0x01B2	0xF371    	BREQ       L_Lcd_Out15
L__Lcd_Out37:
0x01B4	0xE0B4    	LDI        R27, 4
0x01B6	0x162B    	CP         R2, R27
0x01B8	0xF371    	BREQ       L_Lcd_Out16
L__Lcd_Out38:
0x01BA	0xCFF0    	RJMP       L_Lcd_Out17
L_Lcd_Out12:
;__Lib_Lcd.c,194 :: 		
0x01BC	0x2D03    	MOV        R16, R3
0x01BE	0x5001    	SUBI       R16, 1
0x01C0	0x0D02    	ADD        R16, R2
0x01C2	0x2E20    	MOV        R2, R16
;__Lib_Lcd.c,196 :: 		
0x01C4	0x2E20    	MOV        R2, R16
0x01C6	0xD023    	RCALL      _Lcd_Cmd+0
;__Lib_Lcd.c,197 :: 		
0x01C8	0x00E991B0  	LDS        R27, __Lib_Lcd_cmd_status+0
0x01CC	0x7FBE    	CBR        R27, 1
0x01CE	0x00E993B0  	STS        __Lib_Lcd_cmd_status+0, R27
;__Lib_Lcd.c,198 :: 		
; i start address is: 17 (R17)
; i start address is: 17 (R17)
0x01D2	0xE010    	LDI        R17, 0
; i end address is: 17 (R17)
; i end address is: 17 (R17)
;__Lib_Lcd.c,199 :: 		
L_Lcd_Out18:
; i start address is: 17 (R17)
0x01D4	0x2FE1    	MOV        R30, R17
0x01D6	0xE0F0    	LDI        R31, 0
0x01D8	0x0DE4    	ADD        R30, R4
0x01DA	0x1DF5    	ADC        R31, R5
0x01DC	0x8100    	LD         R16, Z
0x01DE	0x2300    	TST        R16
0x01E0	0xF079    	BREQ       L_Lcd_Out19
L__Lcd_Out39:
;__Lib_Lcd.c,200 :: 		
0x01E2	0x2FE1    	MOV        R30, R17
0x01E4	0xE0F0    	LDI        R31, 0
0x01E6	0x0DE4    	ADD        R30, R4
0x01E8	0x1DF5    	ADC        R31, R5
0x01EA	0x8100    	LD         R16, Z
0x01EC	0x931F    	PUSH       R17
0x01EE	0x922F    	PUSH       R2
0x01F0	0x2E20    	MOV        R2, R16
0x01F2	0xDF37    	RCALL      _Lcd_Chr_CP+0
0x01F4	0x902F    	POP        R2
0x01F6	0x911F    	POP        R17
0x01F8	0x2F01    	MOV        R16, R17
0x01FA	0x5F0F    	SUBI       R16, 255
0x01FC	0x2F10    	MOV        R17, R16
; i end address is: 17 (R17)
0x01FE	0xCFEA    	RJMP       L_Lcd_Out18
L_Lcd_Out19:
;__Lib_Lcd.c,201 :: 		
0x0200	0x00E991B0  	LDS        R27, __Lib_Lcd_cmd_status+0
0x0204	0x60B1    	SBR        R27, 1
0x0206	0x00E993B0  	STS        __Lib_Lcd_cmd_status+0, R27
;__Lib_Lcd.c,202 :: 		
L_end_Lcd_Out:
0x020A	0x902F    	POP        R2
0x020C	0x9508    	RET
; end of _Lcd_Out
_Lcd_Chr_CP:
;__Lib_Lcd.c,50 :: 		
;__Lib_Lcd.c,52 :: 		
0x0062	0x00E991B0  	LDS        R27, __Lib_Lcd_cmd_status+0
0x0066	0x7FBE    	CBR        R27, 1
0x0068	0x00E993B0  	STS        __Lib_Lcd_cmd_status+0, R27
;__Lib_Lcd.c,53 :: 		
0x006C	0xD0D0    	RCALL      _Lcd_Cmd+0
;__Lib_Lcd.c,54 :: 		
0x006E	0x00E991B0  	LDS        R27, __Lib_Lcd_cmd_status+0
0x0072	0x60B1    	SBR        R27, 1
0x0074	0x00E993B0  	STS        __Lib_Lcd_cmd_status+0, R27
;__Lib_Lcd.c,55 :: 		
L_end_Lcd_Chr_CP:
0x0078	0x9508    	RET
; end of _Lcd_Chr_CP
_RemoteInit:
;remote.c,311 :: 		void RemoteInit()
;remote.c,314 :: 		for(i=0;i<4;i++)
; i start address is: 18 (R18)
; i start address is: 18 (R18)
0x0500	0xE020    	LDI        R18, 0
; i end address is: 18 (R18)
; i end address is: 18 (R18)
L_RemoteInit56:
; i start address is: 18 (R18)
0x0502	0x3024    	CPI        R18, 4
0x0504	0xF460    	BRSH       L_RemoteInit57
L__RemoteInit128:
;remote.c,316 :: 		IrData[i]=0;
0x0506	0xEE02    	LDI        R16, lo_addr(_IrData+0)
0x0508	0xE010    	LDI        R17, hi_addr(_IrData+0)
0x050A	0x2FE2    	MOV        R30, R18
0x050C	0xE0F0    	LDI        R31, 0
0x050E	0x0FE0    	ADD        R30, R16
0x0510	0x1FF1    	ADC        R31, R17
0x0512	0xE0B0    	LDI        R27, 0
0x0514	0x83B0    	ST         Z, R27
;remote.c,314 :: 		for(i=0;i<4;i++)
0x0516	0x2F02    	MOV        R16, R18
0x0518	0x5F0F    	SUBI       R16, 255
0x051A	0x2F20    	MOV        R18, R16
;remote.c,317 :: 		}
; i end address is: 18 (R18)
0x051C	0xCFF2    	RJMP       L_RemoteInit56
L_RemoteInit57:
;remote.c,318 :: 		State=IR_HIGH;
0x051E	0xE0B0    	LDI        R27, 0
0x0520	0x00E693B0  	STS        _State+0, R27
;remote.c,319 :: 		Edge=0;
0x0524	0xE0B0    	LDI        R27, 0
0x0526	0x00E193B0  	STS        _Edge+0, R27
;remote.c,323 :: 		TCCR0|=((1<<CS00)|(1<<WGM01));//Prescaler : Fcpu   Mode : CTC
0x052A	0xB703    	IN         R16, TCCR0+0
0x052C	0x6009    	ORI        R16, 9
0x052E	0xBF03    	OUT        TCCR0+0, R16
;remote.c,324 :: 		TIMSK|=(1<<OCIE0);            //Enable Output Compare Interrupt
0x0530	0xB7B9    	IN         R27, TIMSK+0
0x0532	0x60B2    	SBR        R27, 2
0x0534	0xBFB9    	OUT        TIMSK+0, R27
;remote.c,325 :: 		OCR0=TIMER_COMP_VAL;          //Set Compare Value
0x0536	0xEAB0    	LDI        R27, 160
0x0538	0xBFBC    	OUT        OCR0+0, R27
;remote.c,328 :: 		MCUCR|=(1<<ISC01);           //INT ON Falling Edge
0x053A	0xB705    	IN         R16, MCUCR+0
0x053C	0x6002    	ORI        R16, 2
0x053E	0xBF05    	OUT        MCUCR+0, R16
;remote.c,329 :: 		GICR|=(1<<INT0);             //Enable INT0
0x0540	0xB70B    	IN         R16, GICR+0
0x0542	0x6400    	ORI        R16, 64
0x0544	0xBF0B    	OUT        GICR+0, R16
;remote.c,332 :: 		SREG_I_bit = 1;
0x0546	0xB7BF    	IN         R27, SREG_I_bit+0
0x0548	0x68B0    	SBR        R27, 128
0x054A	0xBFBF    	OUT        SREG_I_bit+0, R27
;remote.c,333 :: 		}
L_end_RemoteInit:
0x054C	0x9508    	RET
; end of _RemoteInit
_GetRemoteCmd:
;remote.c,347 :: 		unsigned char GetRemoteCmd(char wait)
;remote.c,351 :: 		if(wait)
0x0144	0x2022    	TST        R2
0x0146	0xF031    	BREQ       L_GetRemoteCmd62
L__GetRemoteCmd132:
;remote.c,352 :: 		while(Data_receive == 0);
L_GetRemoteCmd63:
0x0148	0x00719100  	LDS        R16, _Data_receive+0
0x014C	0x3000    	CPI        R16, 0
0x014E	0xF409    	BRNE       L_GetRemoteCmd64
L__GetRemoteCmd133:
0x0150	0xCFFB    	RJMP       L_GetRemoteCmd63
L_GetRemoteCmd64:
0x0152	0xC006    	RJMP       L_GetRemoteCmd65
L_GetRemoteCmd62:
;remote.c,355 :: 		if(Data_receive == 0)
0x0154	0x00719100  	LDS        R16, _Data_receive+0
0x0158	0x3000    	CPI        R16, 0
0x015A	0xF411    	BRNE       L_GetRemoteCmd66
L__GetRemoteCmd134:
;remote.c,356 :: 		return (RC_NONE);
0x015C	0xEF0F    	LDI        R16, 255
0x015E	0xC009    	RJMP       L_end_GetRemoteCmd
L_GetRemoteCmd66:
;remote.c,357 :: 		}
L_GetRemoteCmd65:
;remote.c,358 :: 		cmd=IrData[2];
; cmd start address is: 17 (R17)
0x0160	0x00E49110  	LDS        R17, _IrData+2
;remote.c,359 :: 		Data_receive = 0;
0x0164	0xE0B0    	LDI        R27, 0
0x0166	0x007193B0  	STS        _Data_receive+0, R27
;remote.c,360 :: 		ResetIR();
0x016A	0x931F    	PUSH       R17
0x016C	0xDF86    	RCALL      _ResetIR+0
0x016E	0x911F    	POP        R17
;remote.c,361 :: 		return cmd;
0x0170	0x2F01    	MOV        R16, R17
; cmd end address is: 17 (R17)
;remote.c,362 :: 		}
L_end_GetRemoteCmd:
0x0172	0x9508    	RET
; end of _GetRemoteCmd
_ResetIR:
;remote.c,335 :: 		void ResetIR()
;remote.c,338 :: 		for(i=0;i<4;i++) IrData[i]=0;
; i start address is: 18 (R18)
; i start address is: 18 (R18)
0x007A	0xE020    	LDI        R18, 0
; i end address is: 18 (R18)
; i end address is: 18 (R18)
L_ResetIR59:
; i start address is: 18 (R18)
0x007C	0x3024    	CPI        R18, 4
0x007E	0xF460    	BRSH       L_ResetIR60
L__ResetIR130:
0x0080	0xEE02    	LDI        R16, lo_addr(_IrData+0)
0x0082	0xE010    	LDI        R17, hi_addr(_IrData+0)
0x0084	0x2FE2    	MOV        R30, R18
0x0086	0xE0F0    	LDI        R31, 0
0x0088	0x0FE0    	ADD        R30, R16
0x008A	0x1FF1    	ADC        R31, R17
0x008C	0xE0B0    	LDI        R27, 0
0x008E	0x83B0    	ST         Z, R27
0x0090	0x2F02    	MOV        R16, R18
0x0092	0x5F0F    	SUBI       R16, 255
0x0094	0x2F20    	MOV        R18, R16
; i end address is: 18 (R18)
0x0096	0xCFF2    	RJMP       L_ResetIR59
L_ResetIR60:
;remote.c,339 :: 		State=IR_HIGH;
0x0098	0xE0B0    	LDI        R27, 0
0x009A	0x00E693B0  	STS        _State+0, R27
;remote.c,341 :: 		MCUCR&=(~((1<<ISC01)|(1<<ISC00)));
0x009E	0xB705    	IN         R16, MCUCR+0
0x00A0	0x7F0C    	ANDI       R16, 252
0x00A2	0xBF05    	OUT        MCUCR+0, R16
;remote.c,342 :: 		MCUCR|=(1<<ISC01);
0x00A4	0xB7B5    	IN         R27, MCUCR+0
0x00A6	0x60B2    	SBR        R27, 2
0x00A8	0xBFB5    	OUT        MCUCR+0, R27
;remote.c,343 :: 		Edge=0;
0x00AA	0xE0B0    	LDI        R27, 0
0x00AC	0x00E193B0  	STS        _Edge+0, R27
;remote.c,344 :: 		Time=0;
0x00B0	0xE0B0    	LDI        R27, 0
0x00B2	0x009293B0  	STS        _Time+0, R27
0x00B6	0x009393B0  	STS        _Time+1, R27
;remote.c,345 :: 		}
L_end_ResetIR:
0x00BA	0x9508    	RET
; end of _ResetIR
_Lcd_Chr:
;__Lib_Lcd.c,65 :: 		
;__Lib_Lcd.c,66 :: 		
0x00D6	0x922F    	PUSH       R2
0x00D8	0xC00F    	RJMP       L_Lcd_Chr4
;__Lib_Lcd.c,67 :: 		
L_Lcd_Chr6:
0x00DA	0xE8B0    	LDI        R27, 128
0x00DC	0x2E2B    	MOV        R2, R27
0x00DE	0xC019    	RJMP       L_Lcd_Chr5
;__Lib_Lcd.c,68 :: 		
L_Lcd_Chr7:
0x00E0	0xECB0    	LDI        R27, 192
0x00E2	0x2E2B    	MOV        R2, R27
0x00E4	0xC016    	RJMP       L_Lcd_Chr5
;__Lib_Lcd.c,69 :: 		
L_Lcd_Chr8:
0x00E6	0xE9B4    	LDI        R27, 148
0x00E8	0x2E2B    	MOV        R2, R27
0x00EA	0xC013    	RJMP       L_Lcd_Chr5
;__Lib_Lcd.c,70 :: 		
L_Lcd_Chr9:
0x00EC	0xEDB4    	LDI        R27, 212
0x00EE	0x2E2B    	MOV        R2, R27
0x00F0	0xC010    	RJMP       L_Lcd_Chr5
;__Lib_Lcd.c,71 :: 		
L_Lcd_Chr10:
0x00F2	0xE8B0    	LDI        R27, 128
0x00F4	0x2E2B    	MOV        R2, R27
;__Lib_Lcd.c,72 :: 		
0x00F6	0xC00D    	RJMP       L_Lcd_Chr5
L_Lcd_Chr4:
0x00F8	0xE0B1    	LDI        R27, 1
0x00FA	0x162B    	CP         R2, R27
0x00FC	0xF371    	BREQ       L_Lcd_Chr6
L__Lcd_Chr29:
0x00FE	0xE0B2    	LDI        R27, 2
0x0100	0x162B    	CP         R2, R27
0x0102	0xF371    	BREQ       L_Lcd_Chr7
L__Lcd_Chr30:
0x0104	0xE0B3    	LDI        R27, 3
0x0106	0x162B    	CP         R2, R27
0x0108	0xF371    	BREQ       L_Lcd_Chr8
L__Lcd_Chr31:
0x010A	0xE0B4    	LDI        R27, 4
0x010C	0x162B    	CP         R2, R27
0x010E	0xF371    	BREQ       L_Lcd_Chr9
L__Lcd_Chr32:
0x0110	0xCFF0    	RJMP       L_Lcd_Chr10
L_Lcd_Chr5:
;__Lib_Lcd.c,74 :: 		
0x0112	0x2D03    	MOV        R16, R3
0x0114	0x5001    	SUBI       R16, 1
0x0116	0x0D02    	ADD        R16, R2
0x0118	0x2E20    	MOV        R2, R16
;__Lib_Lcd.c,76 :: 		
0x011A	0x00E991B0  	LDS        R27, __Lib_Lcd_cmd_status+0
0x011E	0x60B1    	SBR        R27, 1
0x0120	0x00E993B0  	STS        __Lib_Lcd_cmd_status+0, R27
;__Lib_Lcd.c,77 :: 		
0x0124	0x2E20    	MOV        R2, R16
0x0126	0xD073    	RCALL      _Lcd_Cmd+0
;__Lib_Lcd.c,79 :: 		
0x0128	0x00E991B0  	LDS        R27, __Lib_Lcd_cmd_status+0
0x012C	0x7FBE    	CBR        R27, 1
0x012E	0x00E993B0  	STS        __Lib_Lcd_cmd_status+0, R27
;__Lib_Lcd.c,80 :: 		
0x0132	0x2C24    	MOV        R2, R4
0x0134	0xD06C    	RCALL      _Lcd_Cmd+0
;__Lib_Lcd.c,81 :: 		
0x0136	0x00E991B0  	LDS        R27, __Lib_Lcd_cmd_status+0
0x013A	0x60B1    	SBR        R27, 1
0x013C	0x00E993B0  	STS        __Lib_Lcd_cmd_status+0, R27
;__Lib_Lcd.c,82 :: 		
L_end_Lcd_Chr:
0x0140	0x902F    	POP        R2
0x0142	0x9508    	RET
; end of _Lcd_Chr
___CC2DW:
;__Lib_System.c,25 :: 		
;__Lib_System.c,27 :: 		
L_loopDW:
;__Lib_System.c,28 :: 		
0x0176	0x9005    	LPM        R0, Z+
;__Lib_System.c,29 :: 		
0x0178	0x920D    	ST         X+, R0
;__Lib_System.c,30 :: 		
0x017A	0x9701    	SBIW       R24, 1
;__Lib_System.c,31 :: 		
0x017C	0xF7E1    	BRNE       L_loopDW
;__Lib_System.c,33 :: 		
L_end___CC2DW:
0x017E	0x9508    	RET
; end of ___CC2DW
__Lib_Conversions____ag:
L_end___Lib_Conversions___ag:
0x0174	0x9508    	RET
; end of __Lib_Conversions____ag
0x09D2	0xE6A0    	LDI        R26, 96
0x09D4	0xE0B0    	LDI        R27, 0
0x09D6	0xE5E0    	LDI        R30, 80
0x09D8	0xE0F9    	LDI        R31, 9
0x09DA	0xE881    	LDI        R24, 129
0x09DC	0xE090    	LDI        R25, 0
0x09DE	0x00BB940E  	CALL       ___CC2DW
0x09E2	0x9508    	RET
_Timer0_COMP_Interrupt:
0x07E4	0x930F    	PUSH       R16
0x07E6	0x931F    	PUSH       R17
0x07E8	0x93EF    	PUSH       R30
0x07EA	0x93FF    	PUSH       R31
0x07EC	0x93BF    	PUSH       R27
0x07EE	0xB7BF    	IN         R27, SREG+0
0x07F0	0x93BF    	PUSH       R27
;remote.c,90 :: 		void Timer0_COMP_Interrupt() iv IVT_ADDR_TIMER0_COMP
;remote.c,92 :: 		Time++;
0x07F2	0x00929100  	LDS        R16, _Time+0
0x07F6	0x00939110  	LDS        R17, _Time+1
0x07FA	0x5F0F    	SUBI       R16, 255
0x07FC	0x4F1F    	SBCI       R17, 255
0x07FE	0x00929300  	STS        _Time+0, R16
0x0802	0x00939310  	STS        _Time+1, R17
;remote.c,93 :: 		}
L_end_Timer0_COMP_Interrupt:
0x0806	0x91BF    	POP        R27
0x0808	0xBFBF    	OUT        SREG+0, R27
0x080A	0x91BF    	POP        R27
0x080C	0x91FF    	POP        R31
0x080E	0x91EF    	POP        R30
0x0810	0x911F    	POP        R17
0x0812	0x910F    	POP        R16
0x0814	0x9518    	RETI
; end of _Timer0_COMP_Interrupt
_Ext_Interrupt:
0x054E	0x930F    	PUSH       R16
0x0550	0x931F    	PUSH       R17
0x0552	0x932F    	PUSH       R18
0x0554	0x933F    	PUSH       R19
0x0556	0x93EF    	PUSH       R30
0x0558	0x93FF    	PUSH       R31
0x055A	0x93BF    	PUSH       R27
0x055C	0xB7BF    	IN         R27, SREG+0
0x055E	0x93BF    	PUSH       R27
;remote.c,94 :: 		void Ext_Interrupt() iv IVT_ADDR_INT0
;remote.c,96 :: 		GICR&=(~(1<<INT0));        //Disable INT0
0x0560	0xB7BB    	IN         R27, GICR+0
0x0562	0x7BBF    	CBR        R27, 64
0x0564	0xBFBB    	OUT        GICR+0, R27
;remote.c,97 :: 		SREG_I_bit = 1;
0x0566	0xB7BF    	IN         R27, SREG_I_bit+0
0x0568	0x68B0    	SBR        R27, 128
0x056A	0xBFBF    	OUT        SREG_I_bit+0, R27
;remote.c,99 :: 		TempTime = Time;
0x056C	0x00929100  	LDS        R16, _Time+0
0x0570	0x00939110  	LDS        R17, _Time+1
0x0574	0x00E79300  	STS        _TempTime+0, R16
0x0578	0x00E89310  	STS        _TempTime+1, R17
;remote.c,100 :: 		Time=0;
0x057C	0xE0B0    	LDI        R27, 0
0x057E	0x009293B0  	STS        _Time+0, R27
0x0582	0x009393B0  	STS        _Time+1, R27
;remote.c,101 :: 		TCNT0=0;
0x0586	0xE0B0    	LDI        R27, 0
0x0588	0xBFB2    	OUT        TCNT0+0, R27
;remote.c,102 :: 		switch(State)
0x058A	0xC10C    	RJMP       L_Ext_Interrupt0
;remote.c,104 :: 		case IR_HIGH:
L_Ext_Interrupt2:
;remote.c,106 :: 		if(Edge)
0x058C	0x00E19100  	LDS        R16, _Edge+0
0x0590	0x2300    	TST        R16
0x0592	0xF0F9    	BREQ       L_Ext_Interrupt3
L__Ext_Interrupt87:
;remote.c,109 :: 		if((TempTime>800) && (TempTime<990))
0x0594	0x00E79120  	LDS        R18, _TempTime+0
0x0598	0x00E89130  	LDS        R19, _TempTime+1
0x059C	0xE200    	LDI        R16, 32
0x059E	0xE013    	LDI        R17, 3
0x05A0	0x1702    	CP         R16, R18
0x05A2	0x0713    	CPC        R17, R19
0x05A4	0xF4A8    	BRSH       L__Ext_Interrupt74
L__Ext_Interrupt88:
0x05A6	0x00E79100  	LDS        R16, _TempTime+0
0x05AA	0x00E89110  	LDS        R17, _TempTime+1
0x05AE	0x3013    	CPI        R17, 3
0x05B0	0xF409    	BRNE       L__Ext_Interrupt89
0x05B2	0x3D0E    	CPI        R16, 222
L__Ext_Interrupt89:
0x05B4	0xF468    	BRSH       L__Ext_Interrupt73
L__Ext_Interrupt90:
L__Ext_Interrupt72:
;remote.c,112 :: 		State=IR_LOW;
0x05B6	0xE0B1    	LDI        R27, 1
0x05B8	0x00E693B0  	STS        _State+0, R27
;remote.c,114 :: 		MCUCR&=(~((1<<ISC01)|(1<<ISC00)));
0x05BC	0xB705    	IN         R16, MCUCR+0
0x05BE	0x7F0C    	ANDI       R16, 252
0x05C0	0xBF05    	OUT        MCUCR+0, R16
;remote.c,115 :: 		MCUCR|=(1<<ISC01);
0x05C2	0xB705    	IN         R16, MCUCR+0
0x05C4	0x6002    	ORI        R16, 2
0x05C6	0xBF05    	OUT        MCUCR+0, R16
;remote.c,116 :: 		Edge=0;
0x05C8	0xE0B0    	LDI        R27, 0
0x05CA	0x00E193B0  	STS        _Edge+0, R27
;remote.c,117 :: 		}
0x05CE	0xC000    	RJMP       L_Ext_Interrupt7
;remote.c,109 :: 		if((TempTime>800) && (TempTime<990))
L__Ext_Interrupt74:
L__Ext_Interrupt73:
;remote.c,125 :: 		}
L_Ext_Interrupt7:
;remote.c,126 :: 		}
0x05D0	0xC006    	RJMP       L_Ext_Interrupt8
L_Ext_Interrupt3:
;remote.c,130 :: 		MCUCR|=((1<<ISC01)|(1<<ISC00));        //Set INT on Rising Edge
0x05D2	0xB705    	IN         R16, MCUCR+0
0x05D4	0x6003    	ORI        R16, 3
0x05D6	0xBF05    	OUT        MCUCR+0, R16
;remote.c,131 :: 		Edge=1;
0x05D8	0xE0B1    	LDI        R27, 1
0x05DA	0x00E193B0  	STS        _Edge+0, R27
;remote.c,132 :: 		}
L_Ext_Interrupt8:
;remote.c,133 :: 		break;
0x05DE	0xC0F5    	RJMP       L_Ext_Interrupt1
;remote.c,135 :: 		case IR_LOW:
L_Ext_Interrupt9:
;remote.c,137 :: 		if((TempTime>400) && (TempTime<500))
0x05E0	0x00E79120  	LDS        R18, _TempTime+0
0x05E4	0x00E89130  	LDS        R19, _TempTime+1
0x05E8	0xE900    	LDI        R16, 144
0x05EA	0xE011    	LDI        R17, 1
0x05EC	0x1702    	CP         R16, R18
0x05EE	0x0713    	CPC        R17, R19
0x05F0	0xF4C0    	BRSH       L__Ext_Interrupt76
L__Ext_Interrupt91:
0x05F2	0x00E79100  	LDS        R16, _TempTime+0
0x05F6	0x00E89110  	LDS        R17, _TempTime+1
0x05FA	0x3011    	CPI        R17, 1
0x05FC	0xF409    	BRNE       L__Ext_Interrupt92
0x05FE	0x3F04    	CPI        R16, 244
L__Ext_Interrupt92:
0x0600	0xF480    	BRSH       L__Ext_Interrupt75
L__Ext_Interrupt93:
L__Ext_Interrupt71:
;remote.c,140 :: 		State=IR_RECEIVE_BITS;
0x0602	0xE0B3    	LDI        R27, 3
0x0604	0x00E693B0  	STS        _State+0, R27
;remote.c,141 :: 		BitNo=0;
0x0608	0xE0B0    	LDI        R27, 0
0x060A	0x00EB93B0  	STS        _BitNo+0, R27
;remote.c,142 :: 		ByteNo=0;
0x060E	0xE0B0    	LDI        R27, 0
0x0610	0x00EA93B0  	STS        _ByteNo+0, R27
;remote.c,143 :: 		MCUCR|=((1<<ISC01)|(1<<ISC00));        //Set INT on Rising Edge
0x0614	0xB705    	IN         R16, MCUCR+0
0x0616	0x6003    	ORI        R16, 3
0x0618	0xBF05    	OUT        MCUCR+0, R16
;remote.c,144 :: 		Edge=1;
0x061A	0xE0B1    	LDI        R27, 1
0x061C	0x00E193B0  	STS        _Edge+0, R27
;remote.c,146 :: 		}
0x0620	0xC012    	RJMP       L_Ext_Interrupt13
;remote.c,137 :: 		if((TempTime>400) && (TempTime<500))
L__Ext_Interrupt76:
L__Ext_Interrupt75:
;remote.c,147 :: 		else if((TempTime>200) && (TempTime<245))
0x0622	0x00E79120  	LDS        R18, _TempTime+0
0x0626	0x00E89130  	LDS        R19, _TempTime+1
0x062A	0xEC08    	LDI        R16, 200
0x062C	0xE010    	LDI        R17, 0
0x062E	0x1702    	CP         R16, R18
0x0630	0x0713    	CPC        R17, R19
0x0632	0xF448    	BRSH       L__Ext_Interrupt78
L__Ext_Interrupt94:
0x0634	0x00E79100  	LDS        R16, _TempTime+0
0x0638	0x00E89110  	LDS        R17, _TempTime+1
0x063C	0x3010    	CPI        R17, 0
0x063E	0xF409    	BRNE       L__Ext_Interrupt95
0x0640	0x3F05    	CPI        R16, 245
L__Ext_Interrupt95:
0x0642	0xF408    	BRSH       L__Ext_Interrupt77
L__Ext_Interrupt96:
L__Ext_Interrupt70:
;remote.c,150 :: 		}
0x0644	0xC000    	RJMP       L_Ext_Interrupt17
;remote.c,147 :: 		else if((TempTime>200) && (TempTime<245))
L__Ext_Interrupt78:
L__Ext_Interrupt77:
;remote.c,158 :: 		}
L_Ext_Interrupt17:
L_Ext_Interrupt13:
;remote.c,159 :: 		break;
0x0646	0xC0C1    	RJMP       L_Ext_Interrupt1
;remote.c,161 :: 		case IR_RECEIVE_BITS:
L_Ext_Interrupt18:
;remote.c,163 :: 		if(Edge)
0x0648	0x00E19100  	LDS        R16, _Edge+0
0x064C	0x2300    	TST        R16
0x064E	0xF0D9    	BREQ       L_Ext_Interrupt19
L__Ext_Interrupt97:
;remote.c,166 :: 		if((TempTime>=45) && (TempTime<69))
0x0650	0x00E79100  	LDS        R16, _TempTime+0
0x0654	0x00E89110  	LDS        R17, _TempTime+1
0x0658	0x3010    	CPI        R17, 0
0x065A	0xF409    	BRNE       L__Ext_Interrupt98
0x065C	0x320D    	CPI        R16, 45
L__Ext_Interrupt98:
0x065E	0xF090    	BRLO       L__Ext_Interrupt80
L__Ext_Interrupt99:
0x0660	0x00E79100  	LDS        R16, _TempTime+0
0x0664	0x00E89110  	LDS        R17, _TempTime+1
0x0668	0x3010    	CPI        R17, 0
0x066A	0xF409    	BRNE       L__Ext_Interrupt100
0x066C	0x3405    	CPI        R16, 69
L__Ext_Interrupt100:
0x066E	0xF450    	BRSH       L__Ext_Interrupt79
L__Ext_Interrupt101:
L__Ext_Interrupt69:
;remote.c,170 :: 		MCUCR&=(~((1<<ISC01)|(1<<ISC00)));
0x0670	0xB705    	IN         R16, MCUCR+0
0x0672	0x7F0C    	ANDI       R16, 252
0x0674	0xBF05    	OUT        MCUCR+0, R16
;remote.c,171 :: 		MCUCR|=(1<<ISC01);
0x0676	0xB705    	IN         R16, MCUCR+0
0x0678	0x6002    	ORI        R16, 2
0x067A	0xBF05    	OUT        MCUCR+0, R16
;remote.c,172 :: 		Edge=0;
0x067C	0xE0B0    	LDI        R27, 0
0x067E	0x00E193B0  	STS        _Edge+0, R27
;remote.c,173 :: 		}
0x0682	0xC000    	RJMP       L_Ext_Interrupt23
;remote.c,166 :: 		if((TempTime>=45) && (TempTime<69))
L__Ext_Interrupt80:
L__Ext_Interrupt79:
;remote.c,181 :: 		}
L_Ext_Interrupt23:
;remote.c,182 :: 		}
0x0684	0xC078    	RJMP       L_Ext_Interrupt24
L_Ext_Interrupt19:
;remote.c,186 :: 		if((TempTime>=44) && (TempTime<=66))
0x0686	0x00E79100  	LDS        R16, _TempTime+0
0x068A	0x00E89110  	LDS        R17, _TempTime+1
0x068E	0x3010    	CPI        R17, 0
0x0690	0xF409    	BRNE       L__Ext_Interrupt102
0x0692	0x320C    	CPI        R16, 44
L__Ext_Interrupt102:
0x0694	0xF140    	BRLO       L__Ext_Interrupt82
L__Ext_Interrupt103:
0x0696	0x00E79120  	LDS        R18, _TempTime+0
0x069A	0x00E89130  	LDS        R19, _TempTime+1
0x069E	0xE402    	LDI        R16, 66
0x06A0	0xE010    	LDI        R17, 0
0x06A2	0x1702    	CP         R16, R18
0x06A4	0x0713    	CPC        R17, R19
0x06A6	0xF0F8    	BRLO       L__Ext_Interrupt81
L__Ext_Interrupt104:
L__Ext_Interrupt68:
;remote.c,189 :: 		BitNo++;
0x06A8	0x00EB9100  	LDS        R16, _BitNo+0
0x06AC	0x5F0F    	SUBI       R16, 255
0x06AE	0x00EB9300  	STS        _BitNo+0, R16
;remote.c,190 :: 		if(BitNo==8)
0x06B2	0x00EB9100  	LDS        R16, _BitNo+0
0x06B6	0x3008    	CPI        R16, 8
0x06B8	0xF479    	BRNE       L_Ext_Interrupt28
L__Ext_Interrupt105:
;remote.c,192 :: 		BitNo=0;
0x06BA	0xE0B0    	LDI        R27, 0
0x06BC	0x00EB93B0  	STS        _BitNo+0, R27
;remote.c,193 :: 		ByteNo++;
0x06C0	0x00EA9100  	LDS        R16, _ByteNo+0
0x06C4	0x5F0F    	SUBI       R16, 255
0x06C6	0x00EA9300  	STS        _ByteNo+0, R16
;remote.c,194 :: 		if(ByteNo==4)
0x06CA	0x00EA9100  	LDS        R16, _ByteNo+0
0x06CE	0x3004    	CPI        R16, 4
0x06D0	0xF419    	BRNE       L_Ext_Interrupt29
L__Ext_Interrupt106:
;remote.c,196 :: 		State=IR_WAIT_STOP_BIT;
0x06D2	0xE0B4    	LDI        R27, 4
0x06D4	0x00E693B0  	STS        _State+0, R27
;remote.c,197 :: 		}
L_Ext_Interrupt29:
;remote.c,198 :: 		}
L_Ext_Interrupt28:
;remote.c,199 :: 		MCUCR|=((1<<ISC01)|(1<<ISC00));        //Set INT on Rising Edge
0x06D8	0xB705    	IN         R16, MCUCR+0
0x06DA	0x6003    	ORI        R16, 3
0x06DC	0xBF05    	OUT        MCUCR+0, R16
;remote.c,200 :: 		Edge=1;
0x06DE	0xE0B1    	LDI        R27, 1
0x06E0	0x00E193B0  	STS        _Edge+0, R27
;remote.c,201 :: 		}
0x06E4	0xC048    	RJMP       L_Ext_Interrupt30
;remote.c,186 :: 		if((TempTime>=44) && (TempTime<=66))
L__Ext_Interrupt82:
L__Ext_Interrupt81:
;remote.c,202 :: 		else if((TempTime>152) && (TempTime<186))
0x06E6	0x00E79120  	LDS        R18, _TempTime+0
0x06EA	0x00E89130  	LDS        R19, _TempTime+1
0x06EE	0xE908    	LDI        R16, 152
0x06F0	0xE010    	LDI        R17, 0
0x06F2	0x1702    	CP         R16, R18
0x06F4	0x0713    	CPC        R17, R19
0x06F6	0xF008    	BRLO       L__Ext_Interrupt107
0x06F8	0xC03E    	RJMP       L__Ext_Interrupt84
L__Ext_Interrupt107:
0x06FA	0x00E79100  	LDS        R16, _TempTime+0
0x06FE	0x00E89110  	LDS        R17, _TempTime+1
0x0702	0x3010    	CPI        R17, 0
0x0704	0xF409    	BRNE       L__Ext_Interrupt108
0x0706	0x3B0A    	CPI        R16, 186
L__Ext_Interrupt108:
0x0708	0xF5B0    	BRSH       L__Ext_Interrupt83
L__Ext_Interrupt109:
L__Ext_Interrupt67:
;remote.c,205 :: 		IrData[ByteNo]|=(1<<BitNo);
0x070A	0xEE12    	LDI        R17, lo_addr(_IrData+0)
0x070C	0xE020    	LDI        R18, hi_addr(_IrData+0)
0x070E	0x00EA9100  	LDS        R16, _ByteNo+0
0x0712	0x2F30    	MOV        R19, R16
0x0714	0xE040    	LDI        R20, 0
0x0716	0x0F31    	ADD        R19, R17
0x0718	0x1F42    	ADC        R20, R18
0x071A	0x00EB91B0  	LDS        R27, _BitNo+0
0x071E	0xE011    	LDI        R17, 1
0x0720	0x23BB    	TST        R27
0x0722	0xF019    	BREQ       L__Ext_Interrupt111
L__Ext_Interrupt110:
0x0724	0x0F11    	LSL        R17
0x0726	0x95BA    	DEC        R27
0x0728	0xF7E9    	BRNE       L__Ext_Interrupt110
L__Ext_Interrupt111:
0x072A	0x2FE3    	MOV        R30, R19
0x072C	0x2FF4    	MOV        R31, R20
0x072E	0x8100    	LD         R16, Z
0x0730	0x2B01    	OR         R16, R17
0x0732	0x2FE3    	MOV        R30, R19
0x0734	0x2FF4    	MOV        R31, R20
0x0736	0x8300    	ST         Z, R16
;remote.c,206 :: 		BitNo++;
0x0738	0x00EB9100  	LDS        R16, _BitNo+0
0x073C	0x5F0F    	SUBI       R16, 255
0x073E	0x00EB9300  	STS        _BitNo+0, R16
;remote.c,207 :: 		if(BitNo==8)
0x0742	0x00EB9100  	LDS        R16, _BitNo+0
0x0746	0x3008    	CPI        R16, 8
0x0748	0xF479    	BRNE       L_Ext_Interrupt34
L__Ext_Interrupt112:
;remote.c,209 :: 		BitNo=0;
0x074A	0xE0B0    	LDI        R27, 0
0x074C	0x00EB93B0  	STS        _BitNo+0, R27
;remote.c,210 :: 		ByteNo++;
0x0750	0x00EA9100  	LDS        R16, _ByteNo+0
0x0754	0x5F0F    	SUBI       R16, 255
0x0756	0x00EA9300  	STS        _ByteNo+0, R16
;remote.c,211 :: 		if(ByteNo==4)
0x075A	0x00EA9100  	LDS        R16, _ByteNo+0
0x075E	0x3004    	CPI        R16, 4
0x0760	0xF419    	BRNE       L_Ext_Interrupt35
L__Ext_Interrupt113:
;remote.c,213 :: 		State=IR_WAIT_STOP_BIT;
0x0762	0xE0B4    	LDI        R27, 4
0x0764	0x00E693B0  	STS        _State+0, R27
;remote.c,214 :: 		}
L_Ext_Interrupt35:
;remote.c,215 :: 		}
L_Ext_Interrupt34:
;remote.c,216 :: 		MCUCR|=((1<<ISC01)|(1<<ISC00));        //Set INT on Rising Edge
0x0768	0xB705    	IN         R16, MCUCR+0
0x076A	0x6003    	ORI        R16, 3
0x076C	0xBF05    	OUT        MCUCR+0, R16
;remote.c,217 :: 		Edge=1;
0x076E	0xE0B1    	LDI        R27, 1
0x0770	0x00E193B0  	STS        _Edge+0, R27
;remote.c,219 :: 		}
0x0774	0xC000    	RJMP       L_Ext_Interrupt36
;remote.c,202 :: 		else if((TempTime>152) && (TempTime<186))
L__Ext_Interrupt84:
L__Ext_Interrupt83:
;remote.c,228 :: 		}
L_Ext_Interrupt36:
L_Ext_Interrupt30:
;remote.c,229 :: 		}
L_Ext_Interrupt24:
;remote.c,230 :: 		break;
0x0776	0xC029    	RJMP       L_Ext_Interrupt1
;remote.c,232 :: 		case IR_WAIT_STOP_BIT:
L_Ext_Interrupt37:
;remote.c,234 :: 		if(Edge)
0x0778	0x00E19100  	LDS        R16, _Edge+0
0x077C	0x2300    	TST        R16
0x077E	0xF089    	BREQ       L_Ext_Interrupt38
L__Ext_Interrupt114:
;remote.c,237 :: 		if(IrData[2]==((unsigned char)~IrData[3]))
0x0780	0x00E59100  	LDS        R16, _IrData+3
0x0784	0x2F10    	MOV        R17, R16
0x0786	0x9510    	COM        R17
0x0788	0x00E49100  	LDS        R16, _IrData+2
0x078C	0x1701    	CP         R16, R17
0x078E	0xF449    	BRNE       L_Ext_Interrupt39
L__Ext_Interrupt115:
;remote.c,240 :: 		Data_receive = 1;
0x0790	0xE0B1    	LDI        R27, 1
0x0792	0x007193B0  	STS        _Data_receive+0, R27
;remote.c,242 :: 		MCUCR&=(~((1<<ISC01)|(1<<ISC00)));
0x0796	0xB705    	IN         R16, MCUCR+0
0x0798	0x7F0C    	ANDI       R16, 252
0x079A	0xBF05    	OUT        MCUCR+0, R16
;remote.c,243 :: 		MCUCR|=(1<<ISC01);
0x079C	0xB705    	IN         R16, MCUCR+0
0x079E	0x6002    	ORI        R16, 2
0x07A0	0xBF05    	OUT        MCUCR+0, R16
;remote.c,246 :: 		}
L_Ext_Interrupt39:
;remote.c,247 :: 		}
L_Ext_Interrupt38:
;remote.c,248 :: 		break;
0x07A2	0xC013    	RJMP       L_Ext_Interrupt1
;remote.c,251 :: 		}
L_Ext_Interrupt0:
0x07A4	0x00E69100  	LDS        R16, _State+0
0x07A8	0x3000    	CPI        R16, 0
0x07AA	0xF409    	BRNE       L__Ext_Interrupt116
0x07AC	0xCEEF    	RJMP       L_Ext_Interrupt2
L__Ext_Interrupt116:
0x07AE	0x00E69100  	LDS        R16, _State+0
0x07B2	0x3001    	CPI        R16, 1
0x07B4	0xF409    	BRNE       L__Ext_Interrupt117
0x07B6	0xCF14    	RJMP       L_Ext_Interrupt9
L__Ext_Interrupt117:
0x07B8	0x00E69100  	LDS        R16, _State+0
0x07BC	0x3003    	CPI        R16, 3
0x07BE	0xF409    	BRNE       L__Ext_Interrupt118
0x07C0	0xCF43    	RJMP       L_Ext_Interrupt18
L__Ext_Interrupt118:
0x07C2	0x00E69100  	LDS        R16, _State+0
0x07C6	0x3004    	CPI        R16, 4
0x07C8	0xF2B9    	BREQ       L_Ext_Interrupt37
L__Ext_Interrupt119:
L_Ext_Interrupt1:
;remote.c,252 :: 		GICR|=(1<<INT0);        //Enable INT1
0x07CA	0xB70B    	IN         R16, GICR+0
0x07CC	0x6400    	ORI        R16, 64
0x07CE	0xBF0B    	OUT        GICR+0, R16
;remote.c,253 :: 		}
L_end_Ext_Interrupt:
0x07D0	0x91BF    	POP        R27
0x07D2	0xBFBF    	OUT        SREG+0, R27
0x07D4	0x91BF    	POP        R27
0x07D6	0x91FF    	POP        R31
0x07D8	0x91EF    	POP        R30
0x07DA	0x913F    	POP        R19
0x07DC	0x912F    	POP        R18
0x07DE	0x911F    	POP        R17
0x07E0	0x910F    	POP        R16
0x07E2	0x9518    	RETI
; end of _Ext_Interrupt
;remote.c,0 :: ?ICS?lstr1_remote
0x0950	0x5249 ;?ICS?lstr1_remote+0
0x0952	0x5220 ;?ICS?lstr1_remote+2
0x0954	0x6D65 ;?ICS?lstr1_remote+4
0x0956	0x746F ;?ICS?lstr1_remote+6
0x0958	0x4465 ;?ICS?lstr1_remote+8
0x095A	0x6365 ;?ICS?lstr1_remote+10
0x095C	0x646F ;?ICS?lstr1_remote+12
0x095E	0x7265 ;?ICS?lstr1_remote+14
0x0960	0x00 ;?ICS?lstr1_remote+16
; end of ?ICS?lstr1_remote
;remote.c,0 :: ?ICS_Data_receive
0x0961	0x00 ;?ICS_Data_receive+0
; end of ?ICS_Data_receive
;remote.c,0 :: ?ICS?lstr3_remote
0x0962	0x6F59 ;?ICS?lstr3_remote+0
0x0964	0x2075 ;?ICS?lstr3_remote+2
0x0966	0x7270 ;?ICS?lstr3_remote+4
0x0968	0x7365 ;?ICS?lstr3_remote+6
0x096A	0x6573 ;?ICS?lstr3_remote+8
0x096C	0x2064 ;?ICS?lstr3_remote+10
0x096E	0x2132 ;?ICS?lstr3_remote+12
0x0970	0x0021 ;?ICS?lstr3_remote+14
; end of ?ICS?lstr3_remote
;remote.c,0 :: ?ICS?lstr2_remote
0x0972	0x6F59 ;?ICS?lstr2_remote+0
0x0974	0x2075 ;?ICS?lstr2_remote+2
0x0976	0x7270 ;?ICS?lstr2_remote+4
0x0978	0x7365 ;?ICS?lstr2_remote+6
0x097A	0x6573 ;?ICS?lstr2_remote+8
0x097C	0x2064 ;?ICS?lstr2_remote+10
0x097E	0x2131 ;?ICS?lstr2_remote+12
0x0980	0x0021 ;?ICS?lstr2_remote+14
; end of ?ICS?lstr2_remote
;remote.c,0 :: ?ICS_Time
0x0982	0x0000 ;?ICS_Time+0
; end of ?ICS_Time
;remote.c,0 :: ?ICS?lstr4_remote
0x0984	0x6F59 ;?ICS?lstr4_remote+0
0x0986	0x2075 ;?ICS?lstr4_remote+2
0x0988	0x7270 ;?ICS?lstr4_remote+4
0x098A	0x7365 ;?ICS?lstr4_remote+6
0x098C	0x6573 ;?ICS?lstr4_remote+8
0x098E	0x2064 ;?ICS?lstr4_remote+10
0x0990	0x2133 ;?ICS?lstr4_remote+12
0x0992	0x0021 ;?ICS?lstr4_remote+14
; end of ?ICS?lstr4_remote
;remote.c,0 :: ?ICS?lstr8_remote
0x0994	0x6F59 ;?ICS?lstr8_remote+0
0x0996	0x2075 ;?ICS?lstr8_remote+2
0x0998	0x7270 ;?ICS?lstr8_remote+4
0x099A	0x7365 ;?ICS?lstr8_remote+6
0x099C	0x6573 ;?ICS?lstr8_remote+8
0x099E	0x3A64 ;?ICS?lstr8_remote+10
0x09A0	0x00 ;?ICS?lstr8_remote+12
; end of ?ICS?lstr8_remote
;remote.c,0 :: ?ICS?lstr6_remote
0x09A1	0x6F59 ;?ICS?lstr6_remote+0
0x09A3	0x2075 ;?ICS?lstr6_remote+2
0x09A5	0x7270 ;?ICS?lstr6_remote+4
0x09A7	0x7365 ;?ICS?lstr6_remote+6
0x09A9	0x6573 ;?ICS?lstr6_remote+8
0x09AB	0x2064 ;?ICS?lstr6_remote+10
0x09AD	0x2135 ;?ICS?lstr6_remote+12
0x09AF	0x0021 ;?ICS?lstr6_remote+14
; end of ?ICS?lstr6_remote
;remote.c,0 :: ?ICS?lstr5_remote
0x09B1	0x6F59 ;?ICS?lstr5_remote+0
0x09B3	0x2075 ;?ICS?lstr5_remote+2
0x09B5	0x7270 ;?ICS?lstr5_remote+4
0x09B7	0x7365 ;?ICS?lstr5_remote+6
0x09B9	0x6573 ;?ICS?lstr5_remote+8
0x09BB	0x2064 ;?ICS?lstr5_remote+10
0x09BD	0x2134 ;?ICS?lstr5_remote+12
0x09BF	0x0021 ;?ICS?lstr5_remote+14
; end of ?ICS?lstr5_remote
;remote.c,0 :: ?ICS?lstr7_remote
0x09C1	0x6F59 ;?ICS?lstr7_remote+0
0x09C3	0x2075 ;?ICS?lstr7_remote+2
0x09C5	0x7270 ;?ICS?lstr7_remote+4
0x09C7	0x7365 ;?ICS?lstr7_remote+6
0x09C9	0x6573 ;?ICS?lstr7_remote+8
0x09CB	0x2064 ;?ICS?lstr7_remote+10
0x09CD	0x2136 ;?ICS?lstr7_remote+12
0x09CF	0x0021 ;?ICS?lstr7_remote+14
; end of ?ICS?lstr7_remote
Symbol List:
//** Routines locations **
//ADDRESS    SIZE    PROCEDURE
//----------------------------------------------
0x002A       [7]    _Delay_50us
0x0031      [12]    _Lcd_Chr_CP
0x003D      [33]    _ResetIR
0x005E       [5]    _Delay_1us
0x0063       [8]    _Delay_5500us
0x006B      [55]    _Lcd_Chr
0x00A2      [24]    _GetRemoteCmd
0x00BA       [1]    __Lib_Conversions____ag
0x00BB       [5]    ___CC2DW
0x00C0      [71]    _Lcd_Out
0x0107      [98]    _Lcd_Cmd
0x0169     [279]    _Lcd_Init
0x0280      [39]    _RemoteInit
0x02A7     [331]    _Ext_Interrupt
0x03F2      [25]    _Timer0_COMP_Interrupt
0x040B     [157]    _main
//** Variables locations ** 
//ADDRESS    SIZE    VARIABLE
//----------------------------------------------
0x0000       [1]    Delay_Cyc_loc_L0
0x0000       [1]    R0
0x0001       [1]    R1
0x0002       [2]    FARG_strspn_str1
0x0002       [1]    FARG_ShortToStr_input
0x0002       [1]    FARG_ByteToHex_input
0x0002       [1]    FARG_Lcd_Out_row
0x0002       [2]    FARG_memcpy_d1
0x0002       [2]    FARG_WordToStrWithZeros_input
0x0002       [2]    FARG_strrchr_ptr
0x0002       [1]    FARG_Lcd_Chr_CP_out_char
0x0002       [1]    FARG_ByteToStr_input
0x0002       [2]    FARG_WordToHex_input
0x0002       [2]    FARG_Ltrim_string
0x0002       [2]    FARG_IntToStr_input
0x0002       [1]    FARG_GetRemoteCmd_wait
0x0002       [2]    FARG_strpbrk_s1
0x0002       [2]    FARG_memmove_to
0x0002       [2]    FARG_strncpy_to
0x0002       [1]    FARG_ShortToHex_input
0x0002       [1]    FARG_Lcd_Cmd_out_char
0x0002       [1]    FARG_Delay_Cyc_cycles_div_by_10
0x0002       [2]    FARG_memcmp_s1
0x0002       [2]    FARG_WordToStr_input
0x0002       [2]    FARG_strlen_s
0x0002       [2]    FARG_VDelay_ms_Time_ms
0x0002       [2]    FARG_strstr_s1
0x0002       [2]    FARG_Lcd_Out_CP_text
0x0002       [2]    FARG_strncat_to
0x0002       [2]    FARG_memchr_p
0x0002       [2]    FARG_IntToStrWithZeros_input
0x0002       [2]    FARG_strcat_to
0x0002       [4]    FARG_FloatToStr_fnum
0x0002       [2]    FARG_strtok_s1
0x0002       [2]    FARG_strchr_ptr
0x0002       [2]    FARG_VDelay_Advanced_ms_Time_ms
0x0002       [2]    FARG_strcpy_to
0x0002       [1]    FARG_Dec2Bcd_decnum
0x0002       [2]    FARG_memset_p1
0x0002       [1]    R2
0x0002       [2]    FARG_IntToHex_input
0x0002       [2]    FARG_strncmp_s1
0x0002       [2]    FARG_strcmp_s1
0x0002       [1]    FARG_Lcd_Chr_row
0x0002       [4]    FARG_LongWordToHex_input
0x0002       [2]    FARG_Dec2Bcd16_decnum
0x0002       [1]    FARG_Bcd2Dec_bcdnum
0x0002       [2]    FARG_Bcd2Dec16_bcdnum
0x0002       [2]    FARG_strcspn_s1
0x0002       [4]    FARG_LongIntToHex_input
0x0002       [4]    FARG_LongToStr_input
0x0002       [4]    FARG_LongWordToStrWithZeros_input
0x0002       [2]    FARG_Rtrim_string
0x0002       [4]    FARG_LongIntToStrWithZeros_input
0x0002       [4]    FARG_LongWordToStr_input
0x0003       [1]    R3
0x0003       [2]    FARG_ShortToStr_output
0x0003       [1]    FARG_Lcd_Chr_column
0x0003       [1]    FARG_Lcd_Out_column
0x0003       [2]    FARG_ShortToHex_output
0x0003       [2]    FARG_ByteToStr_output
0x0003       [2]    FARG_ByteToHex_output
0x0004       [2]    FARG_strtok_s2
0x0004       [1]    FARG_memchr_n
0x0004       [2]    FARG_strcspn_s2
0x0004       [2]    FARG_IntToStrWithZeros_output
0x0004       [2]    FARG_WordToStr_output
0x0004       [2]    FARG_strcmp_s2
0x0004       [2]    FARG_Lcd_Out_text
0x0004       [2]    FARG_memcmp_s2
0x0004       [2]    FARG_strcat_from
0x0004       [2]    FARG_strspn_str2
0x0004       [2]    FARG_strstr_s2
0x0004       [2]    FARG_IntToHex_output
0x0004       [2]    FARG_strpbrk_s2
0x0004       [2]    FARG_strncpy_from
0x0004       [1]    R4
0x0004       [2]    FARG_memcpy_s1
0x0004       [2]    FARG_memmove_from
0x0004       [1]    FARG_strchr_chr
0x0004       [1]    FARG_Lcd_Chr_out_char
0x0004       [2]    FARG_WordToHex_output
0x0004       [2]    FARG_IntToStr_output
0x0004       [1]    FARG_strrchr_chr
0x0004       [2]    FARG_strncmp_s2
0x0004       [2]    FARG_VDelay_Advanced_ms_Current_Fosc_kHz
0x0004       [2]    FARG_strcpy_from
0x0004       [1]    FARG_memset_character
0x0004       [2]    FARG_WordToStrWithZeros_output
0x0004       [2]    FARG_strncat_from
0x0005       [2]    FARG_memset_n
0x0005       [2]    FARG_memchr_v
0x0005       [1]    R5
0x0006       [2]    FARG_memmove_n
0x0006       [1]    R6
0x0006       [1]    FARG_strncmp_len
0x0006       [2]    FARG_LongWordToStr_output
0x0006       [2]    FARG_LongWordToStrWithZeros_output
0x0006       [2]    FARG_LongToStr_output
0x0006       [2]    FARG_memcmp_n
0x0006       [2]    FARG_strncat_size
0x0006       [2]    FARG_LongWordToHex_output
0x0006       [2]    FARG_FloatToStr_str
0x0006       [2]    FARG_memcpy_n
0x0006       [2]    FARG_LongIntToStrWithZeros_output
0x0006       [2]    FARG_LongIntToHex_output
0x0006       [2]    FARG_strncpy_size
0x0007       [1]    R7
0x0008       [1]    R8
0x0009       [1]    R9
0x000A       [1]    R10
0x000B       [1]    R11
0x000C       [1]    R12
0x000D       [1]    R13
0x000E       [1]    R14
0x000F       [1]    R15
0x0010       [1]    R16
0x0011       [1]    R17
0x0012       [1]    R18
0x0013       [1]    R19
0x0014       [1]    R20
0x0015       [1]    R21
0x0016       [1]    R22
0x0017       [1]    R23
0x0018       [1]    R24
0x0019       [1]    R25
0x001A       [1]    XL
0x001A       [1]    R26
0x001A       [2]    X
0x001B       [1]    R27
0x001B       [1]    XH
0x001C       [1]    YL
0x001C       [1]    R28
0x001C       [2]    Y
0x001D       [1]    R29
0x001D       [1]    YH
0x001E       [1]    R30
0x001E       [1]    ZL
0x001E       [2]    Z
0x001F       [1]    R31
0x001F       [1]    ZH
0x0020       [0]    TWBR3_bit
0x0020       [0]    TWBR2_bit
0x0020       [0]    TWBR1_bit
0x0020       [0]    TWBR0_bit
0x0020       [0]    TWBR4_bit
0x0020       [0]    TWBR5_bit
0x0020       [0]    TWBR6_bit
0x0020       [0]    TWBR7_bit
0x0020       [1]    TWBR
0x0021       [0]    TWS6_bit
0x0021       [0]    TWS7_bit
0x0021       [0]    TWS5_bit
0x0021       [0]    TWPS0_bit
0x0021       [1]    TWSR
0x0021       [0]    TWPS1_bit
0x0021       [0]    TWS4_bit
0x0021       [0]    TWS3_bit
0x0022       [0]    TWA1_bit
0x0022       [0]    TWA2_bit
0x0022       [0]    TWGCE_bit
0x0022       [0]    TWA0_bit
0x0022       [0]    TWA3_bit
0x0022       [0]    TWA6_bit
0x0022       [1]    TWAR
0x0022       [0]    TWA4_bit
0x0022       [0]    TWA5_bit
0x0023       [0]    TWD3_bit
0x0023       [0]    TWD4_bit
0x0023       [0]    TWD1_bit
0x0023       [0]    TWD2_bit
0x0023       [0]    TWD7_bit
0x0023       [1]    TWDR
0x0023       [0]    TWD5_bit
0x0023       [0]    TWD6_bit
0x0023       [0]    TWD0_bit
0x0024       [0]    ADCL1_bit
0x0024       [0]    ADCL2_bit
0x0024       [1]    ADCL
0x0024       [0]    ADCL0_bit
0x0024       [0]    ADCL3_bit
0x0024       [0]    ADCL6_bit
0x0024       [0]    ADCL7_bit
0x0024       [0]    ADCL4_bit
0x0024       [0]    ADCL5_bit
0x0025       [0]    ADCH3_bit
0x0025       [0]    ADCH4_bit
0x0025       [0]    ADCH2_bit
0x0025       [0]    ADCH0_bit
0x0025       [0]    ADCH1_bit
0x0025       [0]    ADCH7_bit
0x0025       [1]    ADCH
0x0025       [0]    ADCH5_bit
0x0025       [0]    ADCH6_bit
0x0026       [0]    ADPS2_bit
0x0026       [0]    ADIE_bit
0x0026       [0]    ADPS0_bit
0x0026       [0]    ADPS1_bit
0x0026       [0]    ADIF_bit
0x0026       [0]    ADEN_bit
0x0026       [1]    ADCSRA
0x0026       [0]    ADATE_bit
0x0026       [0]    ADSC_bit
0x0027       [0]    ADLAR_bit
0x0027       [0]    MUX1_bit
0x0027       [0]    REFS0_bit
0x0027       [1]    ADMUX
0x0027       [0]    MUX3_bit
0x0027       [0]    MUX2_bit
0x0027       [0]    MUX4_bit
0x0027       [0]    REFS1_bit
0x0027       [0]    MUX0_bit
0x0028       [0]    ACI_bit
0x0028       [0]    ACIS0_bit
0x0028       [0]    ACO_bit
0x0028       [0]    ACD_bit
0x0028       [0]    ACIS1_bit
0x0028       [0]    ACIC_bit
0x0028       [0]    ACBG_bit
0x0028       [1]    ACSR
0x0028       [0]    ACIE_bit
0x0029       [0]    UBRR1_bit
0x0029       [0]    UBRR0_bit
0x0029       [0]    UBRR6_bit
0x0029       [0]    UBRR5_bit
0x0029       [1]    UBRRL
0x0029       [0]    UBRR7_bit
0x0029       [0]    UBRR2_bit
0x0029       [0]    UBRR3_bit
0x0029       [0]    UBRR4_bit
0x002A       [0]    RXCIE_bit
0x002A       [0]    TXEN_bit
0x002A       [0]    RXEN_bit
0x002A       [0]    TXCIE_bit
0x002A       [0]    UDRIE_bit
0x002A       [1]    UCSR0B
0x002A       [0]    RXB8_bit
0x002A       [0]    TXB8_bit
0x002A       [0]    UCSZ2_bit
0x002A       [1]    UCSRB
0x002B       [1]    UCSRA
0x002B       [0]    UDRE0_bit
0x002B       [0]    FE_bit
0x002B       [0]    TXC0_bit
0x002B       [0]    UDRE_bit
0x002B       [0]    U2X_bit
0x002B       [0]    MPCM_bit
0x002B       [0]    DOR_bit
0x002B       [0]    UPE_bit
0x002B       [0]    RXC_bit
0x002B       [0]    RXC0_bit
0x002B       [0]    TXC_bit
0x002C       [0]    UDR1_bit
0x002C       [1]    UDR
0x002C       [0]    UDR5_bit
0x002C       [0]    UDR6_bit
0x002C       [0]    UDR7_bit
0x002C       [0]    UDR3_bit
0x002C       [0]    UDR4_bit
0x002C       [0]    UDR0__bit
0x002C       [0]    UDR2_bit
0x002C       [1]    UDR0
0x002D       [0]    SPIE_bit
0x002D       [0]    CPHA_bit
0x002D       [0]    SPR1_bit
0x002D       [0]    SPR0_bit
0x002D       [0]    CPOL_bit
0x002D       [0]    SPE_bit
0x002D       [0]    DORD_bit
0x002D       [0]    MSTR_bit
0x002D       [1]    SPCR
0x002E       [1]    SPSR
0x002E       [0]    SPIF_bit
0x002E       [0]    SPI2X_bit
0x002E       [0]    WCOL_bit
0x002F       [0]    SPDR6_bit
0x002F       [1]    SPDR
0x002F       [0]    SPDR7_bit
0x002F       [0]    SPDR2_bit
0x002F       [0]    SPDR3_bit
0x002F       [0]    SPDR0_bit
0x002F       [0]    SPDR4_bit
0x002F       [0]    SPDR5_bit
0x002F       [0]    SPDR1_bit
0x0030       [0]    PIND3_bit
0x0030       [0]    PIND0_bit
0x0030       [1]    PIND
0x0030       [0]    PIND1_bit
0x0030       [0]    PIND2_bit
0x0030       [0]    PIND7_bit
0x0030       [0]    PIND4_bit
0x0030       [0]    PIND5_bit
0x0030       [0]    PIND6_bit
0x0031       [0]    DDD3_bit
0x0031       [0]    DDD4_bit
0x0031       [0]    DDD5_bit
0x0031       [0]    DDD0_bit
0x0031       [0]    DDD1_bit
0x0031       [0]    DDD2_bit
0x0031       [0]    DDD6_bit
0x0031       [0]    DDD7_bit
0x0031       [1]    DDRD
0x0032       [0]    PORTD5_bit
0x0032       [0]    PORTD7_bit
0x0032       [0]    PORTD6_bit
0x0032       [0]    PORTD1_bit
0x0032       [0]    PORTD0_bit
0x0032       [1]    PORTD
0x0032       [0]    PORTD4_bit
0x0032       [0]    PORTD3_bit
0x0032       [0]    PORTD2_bit
0x0033       [0]    PINC3_bit
0x0033       [0]    PINC0_bit
0x0033       [0]    PINC2_bit
0x0033       [0]    PINC1_bit
0x0033       [1]    PINC
0x0033       [0]    PINC6_bit
0x0033       [0]    PINC7_bit
0x0033       [0]    PINC4_bit
0x0033       [0]    PINC5_bit
0x0034       [0]    DDC3_bit
0x0034       [0]    DDC4_bit
0x0034       [0]    DDC1_bit
0x0034       [0]    DDC2_bit
0x0034       [0]    DDC7_bit
0x0034       [1]    DDRC
0x0034       [0]    DDC5_bit
0x0034       [0]    DDC6_bit
0x0034       [0]    DDC0_bit
0x0035       [0]    PORTC1_bit
0x0035       [0]    PORTC2_bit
0x0035       [0]    PORTC0_bit
0x0035       [1]    PORTC
0x0035       [0]    PORTC3_bit
0x0035       [0]    PORTC6_bit
0x0035       [0]    PORTC7_bit
0x0035       [0]    PORTC4_bit
0x0035       [0]    PORTC5_bit
0x0036       [0]    PINB2_bit
0x0036       [0]    PINB3_bit
0x0036       [0]    PINB0_bit
0x0036       [0]    PINB1_bit
0x0036       [0]    PINB4_bit
0x0036       [0]    PINB6_bit
0x0036       [0]    PINB7_bit
0x0036       [0]    PINB5_bit
0x0036       [1]    PINB
0x0037       [0]    DDB6_bit
0x0037       [1]    DDRB
0x0037       [0]    DDB7_bit
0x0037       [0]    DDB2_bit
0x0037       [0]    DDB1_bit
0x0037       [0]    DDB0_bit
0x0037       [0]    DDB4_bit
0x0037       [0]    DDB5_bit
0x0037       [0]    DDB3_bit
0x0038       [0]    PORTB6_bit
0x0038       [0]    PORTB5_bit
0x0038       [0]    PORTB4_bit
0x0038       [0]    PORTB7_bit
0x0038       [0]    PORTB2_bit
0x0038       [0]    PORTB3_bit
0x0038       [0]    PORTB1_bit
0x0038       [0]    PORTB0_bit
0x0038       [1]    PORTB
0x0039       [0]    PINA3_bit
0x0039       [0]    PINA5_bit
0x0039       [0]    PINA2_bit
0x0039       [0]    PINA7_bit
0x0039       [0]    PINA0_bit
0x0039       [0]    PINA6_bit
0x0039       [0]    PINA1_bit
0x0039       [0]    PINA4_bit
0x0039       [1]    PINA
0x003A       [0]    LCD_EN_Direction
0x003A       [0]    LCD_RS_Direction
0x003A       [0]    LCD_D4_Direction
0x003A       [0]    LCD_D7_Direction
0x003A       [0]    DDA3_bit
0x003A       [0]    DDA5_bit
0x003A       [0]    DDA6_bit
0x003A       [0]    DDA7_bit
0x003A       [0]    DDA2_bit
0x003A       [0]    LCD_D5_Direction
0x003A       [0]    DDA4_bit
0x003A       [0]    DDA0_bit
0x003A       [0]    DDA1_bit
0x003A       [0]    LCD_D6_Direction
0x003A       [1]    DDRA
0x003B       [0]    PORTA6_bit
0x003B       [0]    PORTA4_bit
0x003B       [0]    LCD_D6
0x003B       [0]    LCD_D5
0x003B       [0]    LCD_D4
0x003B       [0]    LCD_EN
0x003B       [0]    LCD_RS
0x003B       [0]    PORTA0_bit
0x003B       [0]    PORTA5_bit
0x003B       [0]    PORTA7_bit
0x003B       [0]    PORTA2_bit
0x003B       [0]    LCD_D7
0x003B       [0]    PORTA1_bit
0x003B       [0]    PORTA3_bit
0x003B       [1]    PORTA
0x003C       [0]    EEMWE_bit
0x003C       [0]    EERE_bit
0x003C       [0]    EEWE_bit
0x003C       [0]    EERIE_bit
0x003C       [1]    EECR
0x003D       [0]    EEDR4_bit
0x003D       [0]    EEDR6_bit
0x003D       [1]    EEDR
0x003D       [0]    EEDR5_bit
0x003D       [0]    EEDR1_bit
0x003D       [0]    EEDR2_bit
0x003D       [0]    EEDR0_bit
0x003D       [0]    EEDR7_bit
0x003D       [0]    EEDR3_bit
0x003E       [0]    EEAR3_bit
0x003E       [0]    EEAR4_bit
0x003E       [0]    EEAR1_bit
0x003E       [0]    EEAR2_bit
0x003E       [0]    EEAR0_bit
0x003E       [0]    EEAR5_bit
0x003E       [1]    EEARL
0x003E       [0]    EEAR7_bit
0x003E       [0]    EEAR6_bit
0x003F       [0]    EEAR8_bit
0x003F       [1]    EEARH
0x0040       [0]    USBS_bit
0x0040       [0]    UPM0_bit
0x0040       [0]    URSEL_bit
0x0040       [0]    UMSEL_bit
0x0040       [0]    UPM1_bit
0x0040       [0]    UBRR8_bit
0x0040       [0]    UBRR11_bit
0x0040       [1]    UCSR0C
0x0040       [1]    UCSRC
0x0040       [1]    UBRRH
0x0040       [0]    UCPOL_bit
0x0040       [0]    UCSZ1_bit
0x0040       [0]    UBRR9_bit
0x0040       [0]    UBRR10_bit
0x0040       [0]    UCSZ0_bit
0x0041       [0]    WDP2_bit
0x0041       [0]    WDP1_bit
0x0041       [0]    WDP0_bit
0x0041       [1]    WDTCR
0x0041       [0]    WDTOE_bit
0x0041       [0]    WDE_bit
0x0042       [0]    TCR2UB_bit
0x0042       [1]    ASSR
0x0042       [0]    OCR2UB_bit
0x0042       [0]    AS2_bit
0x0042       [0]    TCN2UB_bit
0x0043       [0]    OCR2_1_bit
0x0043       [0]    OCR2_6_bit
0x0043       [0]    OCR2_7_bit
0x0043       [1]    OCR2
0x0043       [0]    OCR2_0_bit
0x0043       [0]    OCR2_5_bit
0x0043       [0]    OCR2_2_bit
0x0043       [0]    OCR2_3_bit
0x0043       [0]    OCR2_4_bit
0x0044       [0]    TCNT2_5_bit
0x0044       [0]    TCNT2_7_bit
0x0044       [0]    TCNT2_6_bit
0x0044       [0]    TCNT2_0_bit
0x0044       [1]    TCNT2
0x0044       [0]    TCNT2_2_bit
0x0044       [0]    TCNT2_3_bit
0x0044       [0]    TCNT2_1_bit
0x0044       [0]    TCNT2_4_bit
0x0045       [0]    CS22_bit
0x0045       [1]    TCCR2
0x0045       [0]    CS20_bit
0x0045       [0]    CS21_bit
0x0045       [0]    COM20_bit
0x0045       [0]    COM21_bit
0x0045       [0]    WGM20_bit
0x0045       [0]    WGM21_bit
0x0045       [0]    FOC2_bit
0x0046       [0]    ICR1L4_bit
0x0046       [0]    ICR1L6_bit
0x0046       [0]    ICR1L5_bit
0x0046       [0]    ICR1L3_bit
0x0046       [0]    ICR1L2_bit
0x0046       [0]    ICR1L1_bit
0x0046       [0]    ICR1L0_bit
0x0046       [1]    ICR1L
0x0046       [0]    ICR1L7_bit
0x0047       [0]    ICR1H5_bit
0x0047       [0]    ICR1H6_bit
0x0047       [0]    ICR1H7_bit
0x0047       [0]    ICR1H0_bit
0x0047       [0]    ICR1H3_bit
0x0047       [0]    ICR1H1_bit
0x0047       [0]    ICR1H2_bit
0x0047       [1]    ICR1H
0x0047       [0]    ICR1H4_bit
0x0048       [0]    OCR1BL2_bit
0x0048       [0]    OCR1BL0_bit
0x0048       [0]    OCR1BL3_bit
0x0048       [0]    OCR1BL4_bit
0x0048       [0]    OCR1BL7_bit
0x0048       [0]    OCR1BL6_bit
0x0048       [0]    OCR1BL5_bit
0x0048       [0]    OCR1BL1_bit
0x0048       [1]    OCR1BL
0x0049       [0]    OCR1BH5_bit
0x0049       [0]    OCR1BH1_bit
0x0049       [0]    OCR1BH2_bit
0x0049       [0]    OCR1BH3_bit
0x0049       [0]    OCR1BH7_bit
0x0049       [0]    OCR1BH4_bit
0x0049       [1]    OCR1BH
0x0049       [0]    OCR1BH0_bit
0x0049       [0]    OCR1BH6_bit
0x004A       [0]    OCR1AL2_bit
0x004A       [0]    OCR1AL7_bit
0x004A       [0]    OCR1AL6_bit
0x004A       [0]    OCR1AL5_bit
0x004A       [0]    OCR1AL3_bit
0x004A       [0]    OCR1AL4_bit
0x004A       [0]    OCR1AL1_bit
0x004A       [0]    OCR1AL0_bit
0x004A       [1]    OCR1AL
0x004B       [0]    OCR1AH4_bit
0x004B       [0]    OCR1AH6_bit
0x004B       [0]    OCR1AH5_bit
0x004B       [0]    OCR1AH1_bit
0x004B       [0]    OCR1AH0_bit
0x004B       [1]    OCR1AH
0x004B       [0]    OCR1AH3_bit
0x004B       [0]    OCR1AH2_bit
0x004B       [0]    OCR1AH7_bit
0x004C       [0]    TCNT1L4_bit
0x004C       [0]    TCNT1L5_bit
0x004C       [0]    TCNT1L2_bit
0x004C       [1]    TCNT1L
0x004C       [0]    TCNT1L3_bit
0x004C       [0]    TCNT1L7_bit
0x004C       [0]    TCNT1L0_bit
0x004C       [0]    TCNT1L6_bit
0x004C       [0]    TCNT1L1_bit
0x004D       [1]    TCNT1H
0x004D       [0]    TCNT1H4_bit
0x004D       [0]    TCNT1H3_bit
0x004D       [0]    TCNT1H2_bit
0x004D       [0]    TCNT1H6_bit
0x004D       [0]    TCNT1H7_bit
0x004D       [0]    TCNT1H5_bit
0x004D       [0]    TCNT1H1_bit
0x004D       [0]    TCNT1H0_bit
0x004E       [1]    TCCR1B
0x004E       [0]    WGM13_bit
0x004E       [0]    ICNC1_bit
0x004E       [0]    CS11_bit
0x004E       [0]    WGM12_bit
0x004E       [0]    CS12_bit
0x004E       [0]    ICES1_bit
0x004E       [0]    CS10_bit
0x004F       [1]    TCCR1A
0x004F       [0]    COM1A1_bit
0x004F       [0]    COM1A0_bit
0x004F       [0]    COM1B1_bit
0x004F       [0]    FOC1B_bit
0x004F       [0]    WGM11_bit
0x004F       [0]    WGM10_bit
0x004F       [0]    COM1B0_bit
0x004F       [0]    FOC1A_bit
0x0050       [0]    ADTS0_bit
0x0050       [0]    ACME_bit
0x0050       [0]    ADTS2_bit
0x0050       [0]    ADTS1_bit
0x0050       [0]    PSR10_bit
0x0050       [1]    SFIOR
0x0050       [0]    PUD_bit
0x0050       [0]    PSR2_bit
0x0051       [0]    CAL2_bit
0x0051       [0]    CAL3_bit
0x0051       [0]    CAL7_bit
0x0051       [0]    CAL6_bit
0x0051       [0]    CAL0_bit
0x0051       [0]    CAL4_bit
0x0051       [0]    CAL5_bit
0x0051       [0]    CAL1_bit
0x0051       [0]    OCDR5_bit
0x0051       [0]    OCDR4_bit
0x0051       [0]    OCDR6_bit
0x0051       [0]    OCDR7_bit
0x0051       [1]    OCDR
0x0051       [1]    OSCCAL
0x0051       [0]    OCDR0_bit
0x0051       [0]    OCDR1_bit
0x0051       [0]    OCDR3_bit
0x0051       [0]    OCDR2_bit
0x0052       [0]    TCNT0_2_bit
0x0052       [0]    TCNT0_3_bit
0x0052       [0]    TCNT0_0_bit
0x0052       [0]    TCNT0_1_bit
0x0052       [0]    TCNT0_4_bit
0x0052       [0]    TCNT0_7_bit
0x0052       [1]    TCNT0
0x0052       [0]    TCNT0_5_bit
0x0052       [0]    TCNT0_6_bit
0x0053       [0]    CS01_bit
0x0053       [0]    CS02_bit
0x0053       [1]    TCCR0
0x0053       [0]    CS00_bit
0x0053       [0]    WGM01_bit
0x0053       [0]    WGM00_bit
0x0053       [0]    FOC0_bit
0x0053       [0]    COM00_bit
0x0053       [0]    COM01_bit
0x0054       [0]    PORF_bit
0x0054       [0]    EXTRF_bit
0x0054       [1]    MCUCSR
0x0054       [0]    ISC2_bit
0x0054       [0]    JTRF_bit
0x0054       [0]    JTD_bit
0x0054       [0]    BORF_bit
0x0054       [0]    WDRF_bit
0x0055       [0]    ISC01_bit
0x0055       [0]    ISC10_bit
0x0055       [1]    MCUCR
0x0055       [0]    ISC00_bit
0x0055       [0]    SE_bit
0x0055       [0]    SM2_bit
0x0055       [0]    SM1_bit
0x0055       [0]    ISC11_bit
0x0055       [0]    SM0_bit
0x0056       [1]    TWCR
0x0056       [0]    TWWC_bit
0x0056       [0]    TWEN_bit
0x0056       [0]    TWIE_bit
0x0056       [0]    TWSTO_bit
0x0056       [0]    TWINT_bit
0x0056       [0]    TWEA_bit
0x0056       [0]    TWSTA_bit
0x0057       [0]    SPMIE_bit
0x0057       [0]    PGWRT_bit
0x0057       [0]    BLBSET_bit
0x0057       [1]    SPMCSR
0x0057       [0]    PGERS_bit
0x0057       [0]    RWWSB_bit
0x0057       [0]    RWWSRE_bit
0x0057       [0]    SPMEN_bit
0x0058       [0]    OCF1A_bit
0x0058       [0]    OCF1B_bit
0x0058       [0]    TOV1_bit
0x0058       [0]    OCF2_bit
0x0058       [0]    TOV2_bit
0x0058       [0]    ICF1_bit
0x0058       [1]    TIFR
0x0058       [0]    TOV0_bit
0x0058       [0]    OCF0_bit
0x0059       [0]    OCIE0_bit
0x0059       [0]    TOIE1_bit
0x0059       [0]    OCIE1A_bit
0x0059       [0]    OCIE1B_bit
0x0059       [1]    TIMSK
0x0059       [0]    OCIE2_bit
0x0059       [0]    TOIE0_bit
0x0059       [0]    TOIE2_bit
0x0059       [0]    TICIE1_bit
0x005A       [0]    INTF0_bit
0x005A       [1]    GIFR
0x005A       [0]    INTF2_bit
0x005A       [0]    INTF1_bit
0x005B       [0]    IVSEL_bit
0x005B       [0]    IVCE_bit
0x005B       [0]    INT0_bit
0x005B       [0]    INT1_bit
0x005B       [1]    GICR
0x005B       [0]    INT2_bit
0x005C       [0]    OCR0_6_bit
0x005C       [1]    OCR0
0x005C       [0]    OCR0_3_bit
0x005C       [0]    OCR0_5_bit
0x005C       [0]    OCR0_4_bit
0x005C       [0]    OCR0_2_bit
0x005C       [0]    OCR0_0_bit
0x005C       [0]    OCR0_7_bit
0x005C       [0]    OCR0_1_bit
0x005D       [0]    SP1_bit
0x005D       [0]    SP0_bit
0x005D       [0]    SP6_bit
0x005D       [0]    SP5_bit
0x005D       [1]    SPL
0x005D       [0]    SP7_bit
0x005D       [0]    SP3_bit
0x005D       [0]    SP2_bit
0x005D       [0]    SP4_bit
0x005E       [0]    SP8_bit
0x005E       [0]    SP11_bit
0x005E       [0]    SP10_bit
0x005E       [0]    SP9_bit
0x005E       [0]    SP14_bit
0x005E       [0]    SP15_bit
0x005E       [0]    SP13_bit
0x005E       [1]    SPH
0x005E       [0]    SP12_bit
0x005F       [0]    SREG_Z_bit
0x005F       [0]    SREG_N_bit
0x005F       [0]    SREG_C_bit
0x005F       [1]    SREG
0x005F       [0]    SREG_V_bit
0x005F       [0]    SREG_S_bit
0x005F       [0]    SREG_H_bit
0x005F       [0]    SREG_I_bit
0x005F       [0]    SREG_T_bit
0x0060      [17]    ?lstr1_remote
0x0071       [1]    _Data_receive
0x0072      [16]    ?lstr3_remote
0x0082      [16]    ?lstr2_remote
0x0092       [2]    _Time
0x0094      [16]    ?lstr4_remote
0x00A4      [13]    ?lstr8_remote
0x00B1      [16]    ?lstr6_remote
0x00C1      [16]    ?lstr5_remote
0x00D1      [16]    ?lstr7_remote
0x00E1       [1]    _Edge
0x00E2       [4]    _IrData
0x00E6       [1]    _State
0x00E7       [2]    _TempTime
0x00E9       [0]    __Lib_Lcd_cmd_status
0x00EA       [1]    _ByteNo
0x00EB       [1]    _BitNo
//** Constants locations ** 
//ADDRESS    SIZE    CONSTANT
//----------------------------------------------
0x0950      [17]    ?ICS?lstr1_remote
0x0961       [1]    ?ICS_Data_receive
0x0962      [16]    ?ICS?lstr3_remote
0x0972      [16]    ?ICS?lstr2_remote
0x0982       [2]    ?ICS_Time
0x0984      [16]    ?ICS?lstr4_remote
0x0994      [13]    ?ICS?lstr8_remote
0x09A1      [16]    ?ICS?lstr6_remote
0x09B1      [16]    ?ICS?lstr5_remote
0x09C1      [16]    ?ICS?lstr7_remote
//** Label List: ** 
//----------------------------------------------
  L_Ext_Interrupt0
  L_Ext_Interrupt1
  L_Ext_Interrupt2
  L_Ext_Interrupt3
  L_Ext_Interrupt4
  L_Ext_Interrupt5
  L_Ext_Interrupt6
  L_Ext_Interrupt7
  L_Ext_Interrupt8
  L_Ext_Interrupt9
  L_Ext_Interrupt10
  L_Ext_Interrupt11
  L_Ext_Interrupt12
  L_Ext_Interrupt13
  L_Ext_Interrupt14
  L_Ext_Interrupt15
  L_Ext_Interrupt16
  L_Ext_Interrupt17
  L_Ext_Interrupt18
  L_Ext_Interrupt19
  L_Ext_Interrupt20
  L_Ext_Interrupt21
  L_Ext_Interrupt22
  L_Ext_Interrupt23
  L_Ext_Interrupt24
  L_Ext_Interrupt25
  L_Ext_Interrupt26
  L_Ext_Interrupt27
  L_Ext_Interrupt28
  L_Ext_Interrupt29
  L_Ext_Interrupt30
  L_Ext_Interrupt31
  L_Ext_Interrupt32
  L_Ext_Interrupt33
  L_Ext_Interrupt34
  L_Ext_Interrupt35
  L_Ext_Interrupt36
  L_Ext_Interrupt37
  L_Ext_Interrupt38
  L_Ext_Interrupt39
  L_main40
  L_main42
  L_main43
  L_main44
  L_main45
  L_main46
  L_main47
  L_main48
  L_main49
  L_main50
  L_main51
  L_main52
  L_main53
  L_main54
  L_main55
  L_RemoteInit56
  L_RemoteInit57
  L_RemoteInit58
  L_ResetIR59
  L_ResetIR60
  L_ResetIR61
  L_GetRemoteCmd62
  L_GetRemoteCmd63
  L_GetRemoteCmd64
  L_GetRemoteCmd65
  L_GetRemoteCmd66
  L__Ext_Interrupt67
  L__Ext_Interrupt68
  L__Ext_Interrupt69
  L__Ext_Interrupt70
  L__Ext_Interrupt71
  L__Ext_Interrupt72
  L__Ext_Interrupt73
  L__Ext_Interrupt74
  L__Ext_Interrupt75
  L__Ext_Interrupt76
  L__Ext_Interrupt77
  L__Ext_Interrupt78
  L__Ext_Interrupt79
  L__Ext_Interrupt80
  L__Ext_Interrupt81
  L__Ext_Interrupt82
  L__Ext_Interrupt83
  L__Ext_Interrupt84
  L_end_Timer0_COMP_Interrupt
  _Timer0_COMP_Interrupt
  L_end_Ext_Interrupt
  _Ext_Interrupt
  L__Ext_Interrupt87
  L__Ext_Interrupt88
  L__Ext_Interrupt89
  L__Ext_Interrupt90
  L__Ext_Interrupt91
  L__Ext_Interrupt92
  L__Ext_Interrupt93
  L__Ext_Interrupt94
  L__Ext_Interrupt95
  L__Ext_Interrupt96
  L__Ext_Interrupt97
  L__Ext_Interrupt98
  L__Ext_Interrupt99
  L__Ext_Interrupt100
  L__Ext_Interrupt101
  L__Ext_Interrupt102
  L__Ext_Interrupt103
  L__Ext_Interrupt104
  L__Ext_Interrupt105
  L__Ext_Interrupt106
  L__Ext_Interrupt107
  L__Ext_Interrupt108
  L__Ext_Interrupt109
  L__Ext_Interrupt110
  L__Ext_Interrupt111
  L__Ext_Interrupt112
  L__Ext_Interrupt113
  L__Ext_Interrupt114
  L__Ext_Interrupt115
  L__Ext_Interrupt116
  L__Ext_Interrupt117
  L__Ext_Interrupt118
  L__Ext_Interrupt119
  L_end_main
  _main
  L__main121
  L__main122
  L__main123
  L__main124
  L__main125
  L__main126
  L_end_RemoteInit
  _RemoteInit
  L__RemoteInit128
  L_end_ResetIR
  _ResetIR
  L__ResetIR130
  L_end_GetRemoteCmd
  _GetRemoteCmd
  L__GetRemoteCmd132
  L__GetRemoteCmd133
  L__GetRemoteCmd134
  L_ByteToStr0
  L_ByteToStr1
  L_ByteToStr2
  L_ByteToStr3
  L_ByteToStr4
  L_ByteToStr5
  L_WordToStr6
  L_WordToStr7
  L_WordToStr8
  L_WordToStr9
  L_WordToStr10
  L_WordToStr11
  L_WordToStrWithZeros12
  L_WordToStrWithZeros13
  L_WordToStrWithZeros14
  L_WordToStrWithZeros15
  L_WordToStrWithZeros16
  L_ShortToStr17
  L_ShortToStr18
  L_ShortToStr19
  L_ShortToStr20
  L_ShortToStr21
  L_ShortToStr22
  L_IntToStr23
  L_IntToStr24
  L_IntToStr25
  L_IntToStr26
  L_IntToStr27
  L_IntToStr28
  L_IntToStrWithZeros29
  L_IntToStrWithZeros30
  L_IntToStrWithZeros31
  L_IntToStrWithZeros32
  L_IntToStrWithZeros33
  L_IntToStrWithZeros34
  L_IntToStrWithZeros35
  L_IntToStrWithZeros36
  L_LongWordToStr37
  L_LongWordToStr38
  L_LongWordToStr39
  L_LongWordToStr40
  L_LongWordToStr41
  L_LongWordToStr42
  L_LongWordToStrWithZeros43
  L_LongWordToStrWithZeros44
  L_LongWordToStrWithZeros45
  L_LongWordToStrWithZeros46
  L_LongWordToStrWithZeros47
  L_LongToStr48
  L_LongToStr49
  L_LongToStr50
  L_LongToStr51
  L_LongToStr52
  L_LongToStr53
  L_LongIntToStrWithZeros54
  L_LongIntToStrWithZeros55
  L_LongIntToStrWithZeros56
  L_LongIntToStrWithZeros57
  L_LongIntToStrWithZeros58
  L_LongIntToStrWithZeros59
  L_LongIntToStrWithZeros60
  L_LongIntToStrWithZeros61
  L_Dec2Bcd62
  L_Dec2Bcd63
  L_Rtrim64
  L_Rtrim65
  L_Ltrim66
  L_Ltrim67
  L_Ltrim68
  L_Ltrim69
  L_Ltrim70
  L_Ltrim71
  L_FloatToStr72
  L_FloatToStr73
  L_FloatToStr74
  L_FloatToStr75
  L_FloatToStr76
  L_FloatToStr77
  L_FloatToStr78
  L_FloatToStr79
  L_FloatToStr80
  L_FloatToStr81
  L_FloatToStr82
  L_FloatToStr83
  L_FloatToStr84
  L_FloatToStr85
  L_FloatToStr86
  L_FloatToStr87
  L_FloatToStr88
  L_FloatToStr89
  L_FloatToStr90
  L_FloatToStr91
  L_FloatToStr92
  L_FloatToStr93
  L__ShortToStr94
  L__LongToStr95
  L__Ltrim96
  L__Ltrim97
  L__Ltrim98
  L__Ltrim99
  L__FloatToStr100
  L__FloatToStr101
  L__FloatToStr102
  L__FloatToStr103
  L__FloatToStr104
  L__FloatToStr105
  L_end_ByteToHex
  _ByteToHex
  L_end_ShortToHex
  _ShortToHex
  L_end_WordToHex
  _WordToHex
  L_end_IntToHex
  _IntToHex
  L_end_LongWordToHex
  _LongWordToHex
  L_end_LongIntToHex
  _LongIntToHex
  L_end_ByteToStr
  _ByteToStr
  L__ByteToStr113
  L__ByteToStr114
  L_end_WordToStr
  _WordToStr
  L__WordToStr116
  L__WordToStr117
  L__WordToStr118
  L_end_WordToStrWithZeros
  _WordToStrWithZeros
  L__WordToStrWithZeros120
  L__WordToStrWithZeros121
  L__WordToStrWithZeros122
  L_end_ShortToStr
  _ShortToStr
  L__ShortToStr124
  L__ShortToStr125
  L__ShortToStr126
  L__ShortToStr127
  L_end_IntToStr
  _IntToStr
  L__IntToStr129
  L__IntToStr130
  L__IntToStr131
  L__IntToStr132
  L_end_IntToStrWithZeros
  _IntToStrWithZeros
  L__IntToStrWithZeros134
  L__IntToStrWithZeros135
  L__IntToStrWithZeros136
  L__IntToStrWithZeros137
  L__IntToStrWithZeros138
  L__IntToStrWithZeros139
  L__IntToStrWithZeros140
  L_end_LongWordToStr
  _LongWordToStr
  L__LongWordToStr142
  L__LongWordToStr143
  L__LongWordToStr144
  L__LongWordToStr145
  L_end_LongWordToStrWithZeros
  _LongWordToStrWithZeros
  L__LongWordToStrWithZeros147
  L__LongWordToStrWithZeros148
  L__LongWordToStrWithZeros149
  L_end_LongToStr
  _LongToStr
  L__LongToStr151
  L__LongToStr152
  L__LongToStr153
  L__LongToStr154
  L_end_LongIntToStrWithZeros
  _LongIntToStrWithZeros
  L__LongIntToStrWithZeros156
  L__LongIntToStrWithZeros157
  L__LongIntToStrWithZeros158
  L__LongIntToStrWithZeros159
  L__LongIntToStrWithZeros160
  L__LongIntToStrWithZeros161
  L__LongIntToStrWithZeros162
  L_end_Dec2Bcd
  _Dec2Bcd
  L__Dec2Bcd164
  L_end_Bcd2Dec
  _Bcd2Dec
  L_end_Bcd2Dec16
  _Bcd2Dec16
  L__Bcd2Dec16167
  L__Bcd2Dec16168
  L_end_Dec2Bcd16
  _Dec2Bcd16
  L__Dec2Bcd16170
  L__Dec2Bcd16171
  L_end_Rtrim
  _Rtrim
  L__Rtrim173
  L_end_Ltrim
  _Ltrim
  L__Ltrim175
  L__Ltrim176
  L__Ltrim177
  L_end_FloatToStr
  _FloatToStr
  L__FloatToStr179
  L__FloatToStr180
  L__FloatToStr181
  L__FloatToStr182
  L__FloatToStr183
  L__FloatToStr184
  L__FloatToStr185
  L__FloatToStr186
  L__FloatToStr187
  L__FloatToStr188
  L__FloatToStr189
  L__FloatToStr190
  L__FloatToStr191
  L__FloatToStr192
  L__FloatToStr193
  L__FloatToStr194
  L__FloatToStr195
  L__FloatToStr196
  L__FloatToStr197
  L__FloatToStr198
  L__FloatToStr199
  L__FloatToStr200
  L_end___Lib_Conversions___ag
  __Lib_Conversions____ag
  L_Delay_1us0
  L_Delay_10us2
  L_Delay_22us4
  L_Delay_50us6
  L_Delay_80us8
  L_Delay_500us10
  L_Delay_5500us12
  L_Delay_1ms14
  L_Delay_5ms16
  L_Delay_8ms18
  L_Delay_100ms20
  L_Delay_10ms22
  L_Delay_1sec24
  L_Delay_Cyc26
  L_Delay_Cyc27
  L_VDelay_ms28
  L_VDelay_ms29
  L_VDelay_Advanced_ms30
  L_VDelay_Advanced_ms31
  L_end_Get_Fosc_kHz
  _Get_Fosc_kHz
  L_end_Delay_1us
  _Delay_1us
  L_end_Delay_10us
  _Delay_10us
  L_end_Delay_22us
  _Delay_22us
  L_end_Delay_50us
  _Delay_50us
  L_end_Delay_80us
  _Delay_80us
  L_end_Delay_500us
  _Delay_500us
  L_end_Delay_5500us
  _Delay_5500us
  L_end_Delay_1ms
  _Delay_1ms
  L_end_Delay_5ms
  _Delay_5ms
  L_end_Delay_8ms
  _Delay_8ms
  L_end_Delay_100ms
  _Delay_100ms
  L_end_Delay_10ms
  _Delay_10ms
  L_end_Delay_1sec
  _Delay_1sec
  L_end_Delay_Cyc
  _Delay_Cyc
  L__Delay_Cyc47
  L_end_VDelay_ms
  _VDelay_ms
  L__VDelay_ms49
  L__VDelay_ms50
  L__VDelay_ms51
  L_end_VDelay_Advanced_ms
  _VDelay_Advanced_ms
  L__VDelay_Advanced_ms53
  L__VDelay_Advanced_ms54
  L__VDelay_Advanced_ms55
  L_Lcd_Cmd0
  L_Lcd_Cmd1
  L_Lcd_Out_CP2
  L_Lcd_Out_CP3
  L_Lcd_Chr4
  L_Lcd_Chr5
  L_Lcd_Chr6
  L_Lcd_Chr7
  L_Lcd_Chr8
  L_Lcd_Chr9
  L_Lcd_Chr10
  L_Lcd_Out11
  L_Lcd_Out12
  L_Lcd_Out13
  L_Lcd_Out14
  L_Lcd_Out15
  L_Lcd_Out16
  L_Lcd_Out17
  L_Lcd_Out18
  L_Lcd_Out19
  L_end_Lcd_Cmd
  _Lcd_Cmd
  L__Lcd_Cmd21
  L__Lcd_Cmd22
  L__Lcd_Cmd23
  L__Lcd_Cmd24
  L_end_Lcd_Chr_CP
  _Lcd_Chr_CP
  L_end_Lcd_Out_CP
  _Lcd_Out_CP
  L__Lcd_Out_CP27
  L_end_Lcd_Chr
  _Lcd_Chr
  L__Lcd_Chr29
  L__Lcd_Chr30
  L__Lcd_Chr31
  L__Lcd_Chr32
  L_end_Lcd_Init
  _Lcd_Init
  L_end_Lcd_Out
  _Lcd_Out
  L__Lcd_Out35
  L__Lcd_Out36
  L__Lcd_Out37
  L__Lcd_Out38
  L__Lcd_Out39
  L_loopDW
  L_end___CC2DW
  ___CC2DW
  L_Ext_Interrupt0
  L_Ext_Interrupt1
  L_Ext_Interrupt2
  L_Ext_Interrupt3
  L_Ext_Interrupt4
  L_Ext_Interrupt5
  L_Ext_Interrupt6
  L_Ext_Interrupt7
  L_Ext_Interrupt8
  L_Ext_Interrupt9
  L_Ext_Interrupt10
  L_Ext_Interrupt11
  L_Ext_Interrupt12
  L_Ext_Interrupt13
  L_Ext_Interrupt14
  L_Ext_Interrupt15
  L_Ext_Interrupt16
  L_Ext_Interrupt17
  L_Ext_Interrupt18
  L_Ext_Interrupt19
  L_Ext_Interrupt20
  L_Ext_Interrupt21
  L_Ext_Interrupt22
  L_Ext_Interrupt23
  L_Ext_Interrupt24
  L_Ext_Interrupt25
  L_Ext_Interrupt26
  L_Ext_Interrupt27
  L_Ext_Interrupt28
  L_Ext_Interrupt29
  L_Ext_Interrupt30
  L_Ext_Interrupt31
  L_Ext_Interrupt32
  L_Ext_Interrupt33
  L_Ext_Interrupt34
  L_Ext_Interrupt35
  L_Ext_Interrupt36
  L_Ext_Interrupt37
  L_Ext_Interrupt38
  L_Ext_Interrupt39
  L_main40
  L_main42
  L_main43
  L_main44
  L_main45
  L_main46
  L_main47
  L_main48
  L_main49
  L_main50
  L_main51
  L_main52
  L_main53
  L_main54
  L_main55
  L_RemoteInit56
  L_RemoteInit57
  L_RemoteInit58
  L_ResetIR59
  L_ResetIR60
  L_ResetIR61
  L_GetRemoteCmd62
  L_GetRemoteCmd63
  L_GetRemoteCmd64
  L_GetRemoteCmd65
  L_GetRemoteCmd66
  L__Ext_Interrupt67
  L__Ext_Interrupt68
  L__Ext_Interrupt69
  L__Ext_Interrupt70
  L__Ext_Interrupt71
  L__Ext_Interrupt72
  L__Ext_Interrupt73
  L__Ext_Interrupt74
  L__Ext_Interrupt75
  L__Ext_Interrupt76
  L__Ext_Interrupt77
  L__Ext_Interrupt78
  L__Ext_Interrupt79
  L__Ext_Interrupt80
  L__Ext_Interrupt81
  L__Ext_Interrupt82
  L__Ext_Interrupt83
  L__Ext_Interrupt84
  L_end_Timer0_COMP_Interrupt
  _Timer0_COMP_Interrupt
  L_end_Ext_Interrupt
  _Ext_Interrupt
  L__Ext_Interrupt87
  L__Ext_Interrupt88
  L__Ext_Interrupt89
  L__Ext_Interrupt90
  L__Ext_Interrupt91
  L__Ext_Interrupt92
  L__Ext_Interrupt93
  L__Ext_Interrupt94
  L__Ext_Interrupt95
  L__Ext_Interrupt96
  L__Ext_Interrupt97
  L__Ext_Interrupt98
  L__Ext_Interrupt99
  L__Ext_Interrupt100
  L__Ext_Interrupt101
  L__Ext_Interrupt102
  L__Ext_Interrupt103
  L__Ext_Interrupt104
  L__Ext_Interrupt105
  L__Ext_Interrupt106
  L__Ext_Interrupt107
  L__Ext_Interrupt108
  L__Ext_Interrupt109
  L__Ext_Interrupt110
  L__Ext_Interrupt111
  L__Ext_Interrupt112
  L__Ext_Interrupt113
  L__Ext_Interrupt114
  L__Ext_Interrupt115
  L__Ext_Interrupt116
  L__Ext_Interrupt117
  L__Ext_Interrupt118
  L__Ext_Interrupt119
  L_end_main
  _main
  L__main121
  L__main122
  L__main123
  L__main124
  L__main125
  L__main126
  L_end_RemoteInit
  _RemoteInit
  L__RemoteInit128
  L_end_ResetIR
  _ResetIR
  L__ResetIR130
  L_end_GetRemoteCmd
  _GetRemoteCmd
  L__GetRemoteCmd132
  L__GetRemoteCmd133
  L__GetRemoteCmd134
  L_Ext_Interrupt0
  L_Ext_Interrupt1
  L_Ext_Interrupt2
  L_Ext_Interrupt3
  L_Ext_Interrupt4
  L_Ext_Interrupt5
  L_Ext_Interrupt6
  L_Ext_Interrupt7
  L_Ext_Interrupt8
  L_Ext_Interrupt9
  L_Ext_Interrupt10
  L_Ext_Interrupt11
  L_Ext_Interrupt12
  L_Ext_Interrupt13
  L_Ext_Interrupt14
  L_Ext_Interrupt15
  L_Ext_Interrupt16
  L_Ext_Interrupt17
  L_Ext_Interrupt18
  L_Ext_Interrupt19
  L_Ext_Interrupt20
  L_Ext_Interrupt21
  L_Ext_Interrupt22
  L_Ext_Interrupt23
  L_Ext_Interrupt24
  L_Ext_Interrupt25
  L_Ext_Interrupt26
  L_Ext_Interrupt27
  L_Ext_Interrupt28
  L_Ext_Interrupt29
  L_Ext_Interrupt30
  L_Ext_Interrupt31
  L_Ext_Interrupt32
  L_Ext_Interrupt33
  L_Ext_Interrupt34
  L_Ext_Interrupt35
  L_Ext_Interrupt36
  L_Ext_Interrupt37
  L_Ext_Interrupt38
  L_Ext_Interrupt39
  L_main40
  L_main42
  L_main43
  L_main44
  L_main45
  L_main46
  L_main47
  L_main48
  L_main49
  L_main50
  L_main51
  L_main52
  L_main53
  L_main54
  L_main55
  L_RemoteInit56
  L_RemoteInit57
  L_RemoteInit58
  L_ResetIR59
  L_ResetIR60
  L_ResetIR61
  L_GetRemoteCmd62
  L_GetRemoteCmd63
  L_GetRemoteCmd64
  L_GetRemoteCmd65
  L_GetRemoteCmd66
  L__Ext_Interrupt67
  L__Ext_Interrupt68
  L__Ext_Interrupt69
  L__Ext_Interrupt70
  L__Ext_Interrupt71
  L__Ext_Interrupt72
  L__Ext_Interrupt73
  L__Ext_Interrupt74
  L__Ext_Interrupt75
  L__Ext_Interrupt76
  L__Ext_Interrupt77
  L__Ext_Interrupt78
  L__Ext_Interrupt79
  L__Ext_Interrupt80
  L__Ext_Interrupt81
  L__Ext_Interrupt82
  L__Ext_Interrupt83
  L__Ext_Interrupt84
  L_end_Timer0_COMP_Interrupt
  _Timer0_COMP_Interrupt
  L_end_Ext_Interrupt
  _Ext_Interrupt
  L__Ext_Interrupt87
  L__Ext_Interrupt88
  L__Ext_Interrupt89
  L__Ext_Interrupt90
  L__Ext_Interrupt91
  L__Ext_Interrupt92
  L__Ext_Interrupt93
  L__Ext_Interrupt94
  L__Ext_Interrupt95
  L__Ext_Interrupt96
  L__Ext_Interrupt97
  L__Ext_Interrupt98
  L__Ext_Interrupt99
  L__Ext_Interrupt100
  L__Ext_Interrupt101
  L__Ext_Interrupt102
  L__Ext_Interrupt103
  L__Ext_Interrupt104
  L__Ext_Interrupt105
  L__Ext_Interrupt106
  L__Ext_Interrupt107
  L__Ext_Interrupt108
  L__Ext_Interrupt109
  L__Ext_Interrupt110
  L__Ext_Interrupt111
  L__Ext_Interrupt112
  L__Ext_Interrupt113
  L__Ext_Interrupt114
  L__Ext_Interrupt115
  L__Ext_Interrupt116
  L__Ext_Interrupt117
  L__Ext_Interrupt118
  L__Ext_Interrupt119
  L_end_main
  _main
  L__main121
  L__main122
  L__main123
  L__main124
  L__main125
  L__main126
  L_end_RemoteInit
  _RemoteInit
  L__RemoteInit128
  L_end_ResetIR
  _ResetIR
  L__ResetIR130
  L_end_GetRemoteCmd
  _GetRemoteCmd
  L__GetRemoteCmd132
  L__GetRemoteCmd133
  L__GetRemoteCmd134
