Removed Pin From Net: NetName=NetJ2_3 Pin=J2-R2
Removed Pin From Net: NetName=NetQ5_1 Pin=U2-9
Removed Pin From Net: NetName=NetQ4_1 Pin=U2-10
Removed Pin From Net: NetName=NetQ3_1 Pin=U2-11
Removed Pin From Net: NetName=NetQ2_1 Pin=U2-12
Removed Pin From Net: NetName=NetQ1_1 Pin=U2-13
Removed Pin From Net: NetName=NetQ7_1 Pin=U2-14
Removed Pin From Net: NetName=NetQ6_1 Pin=U2-15
Added Component: Designator=R13(CR2012-0805)
Added Component: Designator=R14(CR2012-0805)
Added Component: Designator=R15(CR2012-0805)
Added Component: Designator=R16(CR2012-0805)
Added Component: Designator=R17(CR2012-0805)
Added Component: Designator=R18(CR2012-0805)
Added Component: Designator=R19(CR2012-0805)
Added Pin To Net: NetName=NetQ1_1 Pin=R13-2
Added Pin To Net: NetName=NetQ2_1 Pin=R14-2
Added Pin To Net: NetName=NetQ3_1 Pin=R15-2
Added Pin To Net: NetName=NetQ4_1 Pin=R16-2
Added Pin To Net: NetName=NetQ5_1 Pin=R17-2
Added Pin To Net: NetName=NetQ6_1 Pin=R18-2
Added Pin To Net: NetName=NetQ7_1 Pin=R19-2
Added Pin To Net: NetName=NetR13_1 Pin=R13-1
Added Pin To Net: NetName=NetR13_1 Pin=U2-13
Added Net: Name=NetR13_1
Added Pin To Net: NetName=NetR14_1 Pin=R14-1
Added Pin To Net: NetName=NetR14_1 Pin=U2-12
Added Net: Name=NetR14_1
Added Pin To Net: NetName=NetR15_1 Pin=R15-1
Added Pin To Net: NetName=NetR15_1 Pin=U2-11
Added Net: Name=NetR15_1
Added Pin To Net: NetName=NetR16_1 Pin=R16-1
Added Pin To Net: NetName=NetR16_1 Pin=U2-10
Added Net: Name=NetR16_1
Added Pin To Net: NetName=NetR17_1 Pin=R17-1
Added Pin To Net: NetName=NetR17_1 Pin=U2-9
Added Net: Name=NetR17_1
Added Pin To Net: NetName=NetR18_1 Pin=R18-1
Added Pin To Net: NetName=NetR18_1 Pin=U2-15
Added Net: Name=NetR18_1
Added Pin To Net: NetName=NetR19_1 Pin=R19-1
Added Pin To Net: NetName=NetR19_1 Pin=U2-14
Added Net: Name=NetR19_1
Added Member To Class: ClassName=Main Member=Component R13 Res1
Added Member To Class: ClassName=Main Member=Component R14 Res1
Added Member To Class: ClassName=Main Member=Component R15 Res1
Added Member To Class: ClassName=Main Member=Component R16 Res1
Added Member To Class: ClassName=Main Member=Component R17 Res1
Added Member To Class: ClassName=Main Member=Component R18 Res1
Added Member To Class: ClassName=Main Member=Component R19 Res1
