Added Component: Designator=BT1(BAT-2)
Added Component: Designator=C1(RAD-0.1)
Added Component: Designator=C2(RAD-0.1)
Added Component: Designator=C3(RAD-0.1)
Added Component: Designator=C4(CAPPR2-5X6.8)
Added Component: Designator=D1(DSO-C2/X2.3)
Added Component: Designator=D2(DSO-C2/X2.3)
Added Component: Designator=J1(KLD-0202)
Added Component: Designator=J2(Stereo b-jack)
Added Component: Designator=JP1(HDR1X7)
Added Component: Designator=JP2(HDR1X5)
Added Component: Designator=JP3(HDR1X6)
Added Component: Designator=JP4(HDR1X4)
Added Component: Designator=LS1(PIN2)
Added Component: Designator=Q1(SOT23)
Added Component: Designator=Q2(SOT23)
Added Component: Designator=Q3(SOT23)
Added Component: Designator=Q4(SOT23)
Added Component: Designator=Q5(SOT23)
Added Component: Designator=Q6(SOT23)
Added Component: Designator=Q7(SOT23)
Added Component: Designator=Q8(SOT23)
Added Component: Designator=Q9(SOT23)
Added Component: Designator=Q10(SOT23)
Added Component: Designator=Q11(SOT23)
Added Component: Designator=Q12(SOT23)
Added Component: Designator=Q13(SOT23)
Added Component: Designator=Q14(SOT23)
Added Component: Designator=R1(AXIAL-0.3)
Added Component: Designator=R2(AXIAL-0.3)
Added Component: Designator=R3(AXIAL-0.3)
Added Component: Designator=R4(AXIAL-0.3)
Added Component: Designator=R5(CR2012-0805)
Added Component: Designator=R6(CR2012-0805)
Added Component: Designator=R7(CR2012-0805)
Added Component: Designator=R8(CR2012-0805)
Added Component: Designator=S1(SPST-2)
Added Component: Designator=U1(28P3)
Added Component: Designator=U2(N016)
Added Component: Designator=U3(TO220VW)
Added Component: Designator=Y1(RAD-0.2)
Added Pin To Net: NetName=GND Pin=BT1-2
Added Pin To Net: NetName=GND Pin=C1-1
Added Pin To Net: NetName=GND Pin=C2-1
Added Pin To Net: NetName=GND Pin=C3-1
Added Pin To Net: NetName=GND Pin=C4-2
Added Pin To Net: NetName=GND Pin=J1-1
Added Pin To Net: NetName=GND Pin=J1-1A
Added Pin To Net: NetName=GND Pin=J1-1B
Added Pin To Net: NetName=GND Pin=JP2-5
Added Pin To Net: NetName=GND Pin=Q8-2
Added Pin To Net: NetName=GND Pin=Q9-2
Added Pin To Net: NetName=GND Pin=Q10-2
Added Pin To Net: NetName=GND Pin=R1-1
Added Pin To Net: NetName=GND Pin=R2-1
Added Pin To Net: NetName=GND Pin=R3-1
Added Pin To Net: NetName=GND Pin=R4-1
Added Pin To Net: NetName=GND Pin=U1-8
Added Pin To Net: NetName=GND Pin=U1-22
Added Pin To Net: NetName=GND Pin=U2-8
Added Pin To Net: NetName=GND Pin=U3-3
Added Net: Name=GND
Added Pin To Net: NetName=NetBT1_1 Pin=BT1-1
Added Pin To Net: NetName=NetBT1_1 Pin=J1-3
Added Pin To Net: NetName=NetBT1_1 Pin=J1-3A
Added Pin To Net: NetName=NetBT1_1 Pin=J1-3B
Added Net: Name=NetBT1_1
Added Pin To Net: NetName=NetC1_2 Pin=C1-2
Added Pin To Net: NetName=NetC1_2 Pin=U1-9
Added Pin To Net: NetName=NetC1_2 Pin=Y1-1
Added Net: Name=NetC1_2
Added Pin To Net: NetName=NetC2_2 Pin=C2-2
Added Pin To Net: NetName=NetC2_2 Pin=U1-10
Added Pin To Net: NetName=NetC2_2 Pin=Y1-2
Added Net: Name=NetC2_2
Added Pin To Net: NetName=NetD1_1 Pin=D1-1
Added Pin To Net: NetName=NetD1_1 Pin=R5-1
Added Pin To Net: NetName=NetD1_1 Pin=U1-12
Added Net: Name=NetD1_1
Added Pin To Net: NetName=NetD1_2 Pin=D1-2
Added Pin To Net: NetName=NetD1_2 Pin=D2-2
Added Pin To Net: NetName=NetD1_2 Pin=R7-1
Added Net: Name=NetD1_2
Added Pin To Net: NetName=NetD2_1 Pin=D2-1
Added Pin To Net: NetName=NetD2_1 Pin=R6-1
Added Pin To Net: NetName=NetD2_1 Pin=U1-13
Added Net: Name=NetD2_1
Added Pin To Net: NetName=NetJ1_2 Pin=J1-2
Added Pin To Net: NetName=NetJ1_2 Pin=J1-2A
Added Pin To Net: NetName=NetJ1_2 Pin=J1-2B
Added Pin To Net: NetName=NetJ1_2 Pin=S1-1
Added Net: Name=NetJ1_2
Added Pin To Net: NetName=NetJ2_1 Pin=J2-G0
Added Pin To Net: NetName=NetJ2_1 Pin=LS1-2
Added Pin To Net: NetName=NetJ2_1 Pin=Q10-3
Added Net: Name=NetJ2_1
Added Pin To Net: NetName=NetJ2_3 Pin=J2-L1
Added Pin To Net: NetName=NetJ2_3 Pin=J2-L1
Added Pin To Net: NetName=NetJ2_3 Pin=LS1-1
Added Net: Name=NetJ2_3
Added Pin To Net: NetName=NetJP1_1 Pin=JP1-1
Added Pin To Net: NetName=NetJP1_1 Pin=Q1-3
Added Net: Name=NetJP1_1
Added Pin To Net: NetName=NetJP1_2 Pin=JP1-2
Added Pin To Net: NetName=NetJP1_2 Pin=Q2-3
Added Net: Name=NetJP1_2
Added Pin To Net: NetName=NetJP1_3 Pin=JP1-3
Added Pin To Net: NetName=NetJP1_3 Pin=Q3-3
Added Net: Name=NetJP1_3
Added Pin To Net: NetName=NetJP1_4 Pin=JP1-4
Added Pin To Net: NetName=NetJP1_4 Pin=Q4-3
Added Net: Name=NetJP1_4
Added Pin To Net: NetName=NetJP1_5 Pin=JP1-5
Added Pin To Net: NetName=NetJP1_5 Pin=Q5-3
Added Net: Name=NetJP1_5
Added Pin To Net: NetName=NetJP1_6 Pin=JP1-6
Added Pin To Net: NetName=NetJP1_6 Pin=Q6-3
Added Net: Name=NetJP1_6
Added Pin To Net: NetName=NetJP1_7 Pin=JP1-7
Added Pin To Net: NetName=NetJP1_7 Pin=Q7-3
Added Net: Name=NetJP1_7
Added Pin To Net: NetName=NetJP2_1 Pin=JP2-1
Added Pin To Net: NetName=NetJP2_1 Pin=Q11-3
Added Net: Name=NetJP2_1
Added Pin To Net: NetName=NetJP2_2 Pin=JP2-2
Added Pin To Net: NetName=NetJP2_2 Pin=Q12-3
Added Net: Name=NetJP2_2
Added Pin To Net: NetName=NetJP2_3 Pin=JP2-3
Added Pin To Net: NetName=NetJP2_3 Pin=Q13-3
Added Net: Name=NetJP2_3
Added Pin To Net: NetName=NetJP2_4 Pin=JP2-4
Added Pin To Net: NetName=NetJP2_4 Pin=Q14-3
Added Net: Name=NetJP2_4
Added Pin To Net: NetName=NetJP3_1 Pin=JP3-1
Added Pin To Net: NetName=NetJP3_1 Pin=U1-2
Added Net: Name=NetJP3_1
Added Pin To Net: NetName=NetJP3_2 Pin=JP3-2
Added Pin To Net: NetName=NetJP3_2 Pin=U1-3
Added Net: Name=NetJP3_2
Added Pin To Net: NetName=NetJP3_3 Pin=JP3-3
Added Pin To Net: NetName=NetJP3_3 Pin=U1-4
Added Net: Name=NetJP3_3
Added Pin To Net: NetName=NetJP3_4 Pin=JP3-4
Added Pin To Net: NetName=NetJP3_4 Pin=U1-5
Added Net: Name=NetJP3_4
Added Pin To Net: NetName=NetJP3_5 Pin=JP3-5
Added Pin To Net: NetName=NetJP3_5 Pin=U1-6
Added Net: Name=NetJP3_5
Added Pin To Net: NetName=NetJP3_6 Pin=JP3-6
Added Pin To Net: NetName=NetJP3_6 Pin=U1-11
Added Net: Name=NetJP3_6
Added Pin To Net: NetName=NetJP4_1 Pin=JP4-1
Added Pin To Net: NetName=NetJP4_1 Pin=JP4-2
Added Pin To Net: NetName=NetJP4_1 Pin=R8-1
Added Net: Name=NetJP4_1
Added Pin To Net: NetName=NetJP4_3 Pin=JP4-3
Added Pin To Net: NetName=NetJP4_3 Pin=Q8-3
Added Net: Name=NetJP4_3
Added Pin To Net: NetName=NetJP4_4 Pin=JP4-4
Added Pin To Net: NetName=NetJP4_4 Pin=Q9-3
Added Net: Name=NetJP4_4
Added Pin To Net: NetName=NetQ1_1 Pin=Q1-1
Added Pin To Net: NetName=NetQ1_1 Pin=U2-13
Added Net: Name=NetQ1_1
Added Pin To Net: NetName=NetQ2_1 Pin=Q2-1
Added Pin To Net: NetName=NetQ2_1 Pin=U2-12
Added Net: Name=NetQ2_1
Added Pin To Net: NetName=NetQ3_1 Pin=Q3-1
Added Pin To Net: NetName=NetQ3_1 Pin=U2-11
Added Net: Name=NetQ3_1
Added Pin To Net: NetName=NetQ4_1 Pin=Q4-1
Added Pin To Net: NetName=NetQ4_1 Pin=U2-10
Added Net: Name=NetQ4_1
Added Pin To Net: NetName=NetQ5_1 Pin=Q5-1
Added Pin To Net: NetName=NetQ5_1 Pin=U2-9
Added Net: Name=NetQ5_1
Added Pin To Net: NetName=NetQ6_1 Pin=Q6-1
Added Pin To Net: NetName=NetQ6_1 Pin=U2-15
Added Net: Name=NetQ6_1
Added Pin To Net: NetName=NetQ7_1 Pin=Q7-1
Added Pin To Net: NetName=NetQ7_1 Pin=U2-14
Added Net: Name=NetQ7_1
Added Pin To Net: NetName=NetQ8_1 Pin=Q8-1
Added Pin To Net: NetName=NetQ8_1 Pin=R5-2
Added Net: Name=NetQ8_1
Added Pin To Net: NetName=NetQ9_1 Pin=Q9-1
Added Pin To Net: NetName=NetQ9_1 Pin=R6-2
Added Net: Name=NetQ9_1
Added Pin To Net: NetName=NetQ10_1 Pin=Q10-1
Added Pin To Net: NetName=NetQ10_1 Pin=R7-2
Added Net: Name=NetQ10_1
Added Pin To Net: NetName=NetQ11_1 Pin=Q11-1
Added Pin To Net: NetName=NetQ11_1 Pin=U1-14
Added Net: Name=NetQ11_1
Added Pin To Net: NetName=NetQ11_2 Pin=Q11-2
Added Pin To Net: NetName=NetQ11_2 Pin=R4-2
Added Net: Name=NetQ11_2
Added Pin To Net: NetName=NetQ12_1 Pin=Q12-1
Added Pin To Net: NetName=NetQ12_1 Pin=U1-15
Added Net: Name=NetQ12_1
Added Pin To Net: NetName=NetQ12_2 Pin=Q12-2
Added Pin To Net: NetName=NetQ12_2 Pin=R3-2
Added Net: Name=NetQ12_2
Added Pin To Net: NetName=NetQ13_1 Pin=Q13-1
Added Pin To Net: NetName=NetQ13_1 Pin=U1-16
Added Net: Name=NetQ13_1
Added Pin To Net: NetName=NetQ13_2 Pin=Q13-2
Added Pin To Net: NetName=NetQ13_2 Pin=R2-2
Added Net: Name=NetQ13_2
Added Pin To Net: NetName=NetQ14_1 Pin=Q14-1
Added Pin To Net: NetName=NetQ14_1 Pin=U1-17
Added Net: Name=NetQ14_1
Added Pin To Net: NetName=NetQ14_2 Pin=Q14-2
Added Pin To Net: NetName=NetQ14_2 Pin=R1-2
Added Net: Name=NetQ14_2
Added Pin To Net: NetName=NetS1_2 Pin=S1-2
Added Pin To Net: NetName=NetS1_2 Pin=U3-1
Added Net: Name=NetS1_2
Added Pin To Net: NetName=NetU1_23 Pin=U1-23
Added Pin To Net: NetName=NetU1_23 Pin=U2-7
Added Net: Name=NetU1_23
Added Pin To Net: NetName=NetU1_24 Pin=U1-24
Added Pin To Net: NetName=NetU1_24 Pin=U2-1
Added Net: Name=NetU1_24
Added Pin To Net: NetName=NetU1_25 Pin=U1-25
Added Pin To Net: NetName=NetU1_25 Pin=U2-2
Added Net: Name=NetU1_25
Added Pin To Net: NetName=NetU1_26 Pin=U1-26
Added Pin To Net: NetName=NetU1_26 Pin=U2-6
Added Net: Name=NetU1_26
Added Pin To Net: NetName=NetU1_27 Pin=U1-27
Added Pin To Net: NetName=NetU1_27 Pin=U2-3
Added Pin To Net: NetName=NetU1_27 Pin=U2-4
Added Pin To Net: NetName=NetU1_27 Pin=U2-5
Added Net: Name=NetU1_27
Added Pin To Net: NetName=VCC Pin=C3-2
Added Pin To Net: NetName=VCC Pin=C4-1
Added Pin To Net: NetName=VCC Pin=J2-R0
Added Pin To Net: NetName=VCC Pin=Q1-2
Added Pin To Net: NetName=VCC Pin=Q2-2
Added Pin To Net: NetName=VCC Pin=Q3-2
Added Pin To Net: NetName=VCC Pin=Q4-2
Added Pin To Net: NetName=VCC Pin=Q5-2
Added Pin To Net: NetName=VCC Pin=Q6-2
Added Pin To Net: NetName=VCC Pin=Q7-2
Added Pin To Net: NetName=VCC Pin=R8-2
Added Pin To Net: NetName=VCC Pin=U1-7
Added Pin To Net: NetName=VCC Pin=U1-20
Added Pin To Net: NetName=VCC Pin=U1-21
Added Pin To Net: NetName=VCC Pin=U2-16
Added Pin To Net: NetName=VCC Pin=U3-2
Added Net: Name=VCC
Added Member To Class: ClassName=Main Member=Component BT1 9V
Added Member To Class: ClassName=Main Member=Component C1 Cap
Added Member To Class: ClassName=Main Member=Component C2 Cap
Added Member To Class: ClassName=Main Member=Component C3 Cap
Added Member To Class: ClassName=Main Member=Component C4 Cap Pol1
Added Member To Class: ClassName=Main Member=Component D1 Diode
Added Member To Class: ClassName=Main Member=Component D2 Diode
Added Member To Class: ClassName=Main Member=Component J1 MIN 7V
Added Member To Class: ClassName=Main Member=Component J2 Phonejack Stereo SW
Added Member To Class: ClassName=Main Member=Component JP1 Header 7
Added Member To Class: ClassName=Main Member=Component JP2 Header 5
Added Member To Class: ClassName=Main Member=Component JP3 Header 6
Added Member To Class: ClassName=Main Member=Component JP4 Header 4
Added Member To Class: ClassName=Main Member=Component LS1 Speaker
Added Member To Class: ClassName=Main Member=Component Q1 BC807
Added Member To Class: ClassName=Main Member=Component Q2 BC807
Added Member To Class: ClassName=Main Member=Component Q3 BC807
Added Member To Class: ClassName=Main Member=Component Q4 BC807
Added Member To Class: ClassName=Main Member=Component Q5 BC807
Added Member To Class: ClassName=Main Member=Component Q6 BC807
Added Member To Class: ClassName=Main Member=Component Q7 BC807
Added Member To Class: ClassName=Main Member=Component Q8 BC817
Added Member To Class: ClassName=Main Member=Component Q9 BC817
Added Member To Class: ClassName=Main Member=Component Q10 BC817
Added Member To Class: ClassName=Main Member=Component Q11 BC817
Added Member To Class: ClassName=Main Member=Component Q12 BC817
Added Member To Class: ClassName=Main Member=Component Q13 BC817
Added Member To Class: ClassName=Main Member=Component Q14 BC817
Added Member To Class: ClassName=Main Member=Component R1 Res1
Added Member To Class: ClassName=Main Member=Component R2 Res1
Added Member To Class: ClassName=Main Member=Component R3 Res1
Added Member To Class: ClassName=Main Member=Component R4 Res1
Added Member To Class: ClassName=Main Member=Component R5 Res1
Added Member To Class: ClassName=Main Member=Component R6 Res1
Added Member To Class: ClassName=Main Member=Component R7 Res1
Added Member To Class: ClassName=Main Member=Component R8 Res1
Added Member To Class: ClassName=Main Member=Component S1 wl¹cznik
Added Member To Class: ClassName=Main Member=Component U1 ATmega8-16PI
Added Member To Class: ClassName=Main Member=Component U2 SN74LS47N
Added Member To Class: ClassName=Main Member=Component U3 L78S05CV
Added Member To Class: ClassName=Main Member=Component Y1 8MHz
