Removed Pin From Net: NetName=NetQ11_1 Pin=U1-14
Removed Pin From Net: NetName=NetQ12_1 Pin=U1-15
Removed Pin From Net: NetName=NetQ13_1 Pin=U1-16
Removed Pin From Net: NetName=NetQ14_1 Pin=U1-17
Added Component: Designator=R9(CR2012-0805)
Added Component: Designator=R10(CR2012-0805)
Added Component: Designator=R11(CR2012-0805)
Added Component: Designator=R12(CR2012-0805)
Added Pin To Net: NetName=NetQ11_1 Pin=R9-1
Added Pin To Net: NetName=NetQ12_1 Pin=R10-1
Added Pin To Net: NetName=NetQ13_1 Pin=R11-1
Added Pin To Net: NetName=NetQ14_1 Pin=R12-1
Added Pin To Net: NetName=NetR9_2 Pin=R9-2
Added Pin To Net: NetName=NetR9_2 Pin=U1-14
Added Net: Name=NetR9_2
Added Pin To Net: NetName=NetR10_2 Pin=R10-2
Added Pin To Net: NetName=NetR10_2 Pin=U1-15
Added Net: Name=NetR10_2
Added Pin To Net: NetName=NetR11_2 Pin=R11-2
Added Pin To Net: NetName=NetR11_2 Pin=U1-16
Added Net: Name=NetR11_2
Added Pin To Net: NetName=NetR12_2 Pin=R12-2
Added Pin To Net: NetName=NetR12_2 Pin=U1-17
Added Net: Name=NetR12_2
Added Member To Class: ClassName=Main Member=Component R9 Res1
Added Member To Class: ClassName=Main Member=Component R10 Res1
Added Member To Class: ClassName=Main Member=Component R11 Res1
Added Member To Class: ClassName=Main Member=Component R12 Res1
