C51 COMPILER V8.02   MAIN                                                                  01/10/2008 12:01:24 PAGE 1   


C51 COMPILER V8.02, COMPILATION OF MODULE MAIN
OBJECT MODULE PLACED IN main.OBJ
COMPILER INVOKED BY: C:\Keil\C51\BIN\C51.EXE main.c BROWSE DEBUG OBJECTEXTEND

line level    source

   1          #include <reg51.h>
   2          #include <stdio.h>
   3          #include <lcd.h>
   4          
   5          main()
   6                  {
   7   1              char x;
   8   1              SCON  = 0x50; /*        SCON: mode 1, 8-bit UART, enable rcvr                   */
   9   1          TMOD |= 0x20; /*    TMOD: timer 1, mode 2, 8-bit reload                     */
  10   1          TH1   = 0xfd; /*    TH1:  reload value for 9600 baud @ 11.0592MHz   */
  11   1          TR1   = 1;    /*    TR1:  timer 1 run                                       */
  12   1          TI    = 1;    /*    TI:   set TI to send first char of UART                 */
  13   1              ES=1;
  14   1              EA=1;
  15   1      
  16   1              LCD_init();
  17   1      
  18   1              while(1)
  19   1                      {
  20   2                      LCD_putc(getchar());
  21   2                      }
  22   1              }
*** WARNING C280 IN LINE 7 OF MAIN.C: 'x': unreferenced local variable


MODULE INFORMATION:   STATIC OVERLAYABLE
   CODE SIZE        =    189    ----
   CONSTANT SIZE    =   ----    ----
   XDATA SIZE       =   ----    ----
   PDATA SIZE       =   ----    ----
   DATA SIZE        =   ----       4
   IDATA SIZE       =   ----    ----
   BIT SIZE         =   ----    ----
END OF MODULE INFORMATION.


C51 COMPILATION COMPLETE.  1 WARNING(S),  0 ERROR(S)
