   1               		.file	"USART1.c"
   2               		.arch atmega8
   3               	__SREG__ = 0x3f
   4               	__SP_H__ = 0x3e
   5               	__SP_L__ = 0x3d
   6               	__tmp_reg__ = 0
   7               	__zero_reg__ = 1
   8               		.global __do_copy_data
   9               		.global __do_clear_bss
  17               	.Ltext0:
  18               		.data
  19               	.LC0:
  20 0000 466C 7969 		.string	"Flying Electron USART Library Ready!"
  20      6E67 2045 
  20      6C65 6374 
  20      726F 6E20 
  20      5553 4152 
  21               		.text
  22               	.global	main
  24               	main:
  25               	.LFB3:
  26               	.LM1:
  27               	/* prologue: frame size=0 */
  28 0000 C0E0      		ldi r28,lo8(__stack - 0)
  29 0002 D0E0      		ldi r29,hi8(__stack - 0)
  30 0004 DEBF      		out __SP_H__,r29
  31 0006 CDBF      		out __SP_L__,r28
  32               	/* prologue end (size=4) */
  33               	.LM2:
  34 0008 20E0      		ldi r18,lo8(0x41000000)
  35 000a 30E0      		ldi r19,hi8(0x41000000)
  36 000c 40E0      		ldi r20,hlo8(0x41000000)
  37 000e 51E4      		ldi r21,hhi8(0x41000000)
  38 0010 60E0      		ldi r22,lo8(115200)
  39 0012 72EC      		ldi r23,hi8(115200)
  40 0014 81E0      		ldi r24,hlo8(115200)
  41 0016 90E0      		ldi r25,hhi8(115200)
  42 0018 00D0      		rcall USART_Init
  43               	.LM3:
  44 001a 80E0      		ldi r24,lo8(.LC0)
  45 001c 90E0      		ldi r25,hi8(.LC0)
  46 001e 00D0      		rcall puts
  47               	.L10:
  48               	.LM4:
  49 0020 00D0      		rcall USART_DataReady
  50 0022 8823      		tst r24
  51 0024 E9F3      		breq .L10
  52               	.LM5:
  53 0026 8091 0000 		lds r24,__iob
  54 002a 9091 0000 		lds r25,(__iob)+1
  55 002e 00D0      		rcall fgetc
  56               	.LM6:
  57 0030 6091 0000 		lds r22,__iob+2
  58 0034 7091 0000 		lds r23,(__iob+2)+1
  59 0038 9927      		clr r25
  60 003a 00D0      		rcall fputc
  61 003c F1CF      		rjmp .L10
  62               	/* epilogue: frame size=0 */
  63               	/* epilogue: noreturn */
  64               	/* epilogue end (size=0) */
  65               	/* function main size 31 (27) */
  66               	.LFE3:
  68               	.Letext0:
DEFINED SYMBOLS
                            *ABS*:00000000 USART1.c
C:\DOCUME~1\ADMINI~1\LOCALS~1\Temp/ccgrbaaa.s:3      *ABS*:0000003f __SREG__
C:\DOCUME~1\ADMINI~1\LOCALS~1\Temp/ccgrbaaa.s:4      *ABS*:0000003e __SP_H__
C:\DOCUME~1\ADMINI~1\LOCALS~1\Temp/ccgrbaaa.s:5      *ABS*:0000003d __SP_L__
C:\DOCUME~1\ADMINI~1\LOCALS~1\Temp/ccgrbaaa.s:6      *ABS*:00000000 __tmp_reg__
C:\DOCUME~1\ADMINI~1\LOCALS~1\Temp/ccgrbaaa.s:7      *ABS*:00000001 __zero_reg__
C:\DOCUME~1\ADMINI~1\LOCALS~1\Temp/ccgrbaaa.s:24     .text:00000000 main

UNDEFINED SYMBOLS
__do_copy_data
__do_clear_bss
__stack
USART_Init
puts
USART_DataReady
__iob
fgetc
fputc
